# JRE version: OpenJDK Runtime Environment Temurin-17.0.3+7 (17.0.3+7) (build 17.0.3+7)
# Java VM: OpenJDK 64-Bit Server VM Temurin-17.0.3+7 (17.0.3+7, mixed mode, emulated-client, tiered, compressed oops, compressed class ptrs, g1 gc, windows-amd64)
GC Precious Log:
 CPUs: 2 total, 2 available
 Memory: 3463M
 Large Page Support: Disabled
 NUMA Support: Disabled
 Compressed Oops: Enabled (32-bit)
 Heap Region Size: 1M
 Heap Min Capacity: 8M
 Heap Initial Capacity: 56M
 Heap Max Capacity: 866M
 Pre-touch: Disabled
 Parallel Workers: 2
 Concurrent Workers: 1
 Concurrent Refinement Workers: 2
 Periodic GC: Disabled
Heap:
 garbage-first heap   total 277504K, used 232960K [0x00000000c9e00000, 0x0000000100000000)
  region size 1024K, 5 young (5120K), 2 survivors (2048K)
 Metaspace       used 35014K, committed 35328K, reserved 1081344K
  class space    used 4530K, committed 4672K, reserved 1048576K
GC Heap History (20 events):
Event: 76.723 GC heap before
{Heap before GC invocations=76 (full 0):
 garbage-first heap   total 277504K, used 240898K [0x00000000c9e00000, 0x0000000100000000)
  region size 1024K, 47 young (48128K), 5 survivors (5120K)
 Metaspace       used 34911K, committed 35200K, reserved 1081344K
  class space    used 4521K, committed 4672K, reserved 1048576K
}
Event: 76.740 GC heap after
{Heap after GC invocations=77 (full 0):
 garbage-first heap   total 277504K, used 200670K [0x00000000c9e00000, 0x0000000100000000)
  region size 1024K, 5 young (5120K), 5 survivors (5120K)
 Metaspace       used 34911K, committed 35200K, reserved 1081344K
  class space    used 4521K, committed 4672K, reserved 1048576K
}
Event: 77.007 GC heap before
{Heap before GC invocations=77 (full 0):
 garbage-first heap   total 277504K, used 241630K [0x00000000c9e00000, 0x0000000100000000)
  region size 1024K, 46 young (47104K), 5 survivors (5120K)
 Metaspace       used 34911K, committed 35200K, reserved 1081344K
  class space    used 4521K, committed 4672K, reserved 1048576K
}
Event: 77.015 GC heap after
{Heap after GC invocations=78 (full 0):
 garbage-first heap   total 277504K, used 202421K [0x00000000c9e00000, 0x0000000100000000)
  region size 1024K, 4 young (4096K), 4 survivors (4096K)
 Metaspace       used 34911K, committed 35200K, reserved 1081344K
  class space    used 4521K, committed 4672K, reserved 1048576K
}
Event: 77.836 GC heap before
{Heap before GC invocations=78 (full 0):
 garbage-first heap   total 277504K, used 242357K [0x00000000c9e00000, 0x0000000100000000)
  region size 1024K, 44 young (45056K), 4 survivors (4096K)
 Metaspace       used 34911K, committed 35200K, reserved 1081344K
  class space    used 4521K, committed 4672K, reserved 1048576K
}
Event: 77.845 GC heap after
{Heap after GC invocations=79 (full 0):
 garbage-first heap   total 277504K, used 204381K [0x00000000c9e00000, 0x0000000100000000)
  region size 1024K, 4 young (4096K), 4 survivors (4096K)
 Metaspace       used 34911K, committed 35200K, reserved 1081344K
  class space    used 4521K, committed 4672K, reserved 1048576K
}
Event: 78.092 GC heap before
{Heap before GC invocations=79 (full 0):
 garbage-first heap   total 277504K, used 244317K [0x00000000c9e00000, 0x0000000100000000)
  region size 1024K, 42 young (43008K), 4 survivors (4096K)
 Metaspace       used 34911K, committed 35200K, reserved 1081344K
  class space    used 4521K, committed 4672K, reserved 1048576K
}
Event: 78.102 GC heap after
{Heap after GC invocations=80 (full 0):
 garbage-first heap   total 277504K, used 209400K [0x00000000c9e00000, 0x0000000100000000)
  region size 1024K, 5 young (5120K), 5 survivors (5120K)
 Metaspace       used 34911K, committed 35200K, reserved 1081344K
  class space    used 4521K, committed 4672K, reserved 1048576K
}
Event: 79.334 GC heap before
{Heap before GC invocations=80 (full 0):
 garbage-first heap   total 277504K, used 242168K [0x00000000c9e00000, 0x0000000100000000)
  region size 1024K, 38 young (38912K), 5 survivors (5120K)
 Metaspace       used 34911K, committed 35200K, reserved 1081344K
  class space    used 4521K, committed 4672K, reserved 1048576K
}
Event: 79.351 GC heap after
{Heap after GC invocations=81 (full 0):
 garbage-first heap   total 277504K, used 210479K [0x00000000c9e00000, 0x0000000100000000)
  region size 1024K, 4 young (4096K), 4 survivors (4096K)
 Metaspace       used 34911K, committed 35200K, reserved 1081344K
  class space    used 4521K, committed 4672K, reserved 1048576K
}
Event: 79.910 GC heap before
{Heap before GC invocations=81 (full 0):
 garbage-first heap   total 277504K, used 242223K [0x00000000c9e00000, 0x0000000100000000)
  region size 1024K, 36 young (36864K), 4 survivors (4096K)
 Metaspace       used 34911K, committed 35200K, reserved 1081344K
  class space    used 4521K, committed 4672K, reserved 1048576K
}
Event: 79.918 GC heap after
{Heap after GC invocations=82 (full 0):
 garbage-first heap   total 277504K, used 212553K [0x00000000c9e00000, 0x0000000100000000)
  region size 1024K, 4 young (4096K), 4 survivors (4096K)
 Metaspace       used 34911K, committed 35200K, reserved 1081344K
  class space    used 4521K, committed 4672K, reserved 1048576K
}
Event: 80.172 GC heap before
{Heap before GC invocations=82 (full 0):
 garbage-first heap   total 277504K, used 242249K [0x00000000c9e00000, 0x0000000100000000)
  region size 1024K, 34 young (34816K), 4 survivors (4096K)
 Metaspace       used 34911K, committed 35200K, reserved 1081344K
  class space    used 4521K, committed 4672K, reserved 1048576K
}
Event: 80.179 GC heap after
{Heap after GC invocations=83 (full 0):
 garbage-first heap   total 277504K, used 214252K [0x00000000c9e00000, 0x0000000100000000)
  region size 1024K, 4 young (4096K), 4 survivors (4096K)
 Metaspace       used 34911K, committed 35200K, reserved 1081344K
  class space    used 4521K, committed 4672K, reserved 1048576K
}
Event: 80.834 GC heap before
{Heap before GC invocations=83 (full 0):
 garbage-first heap   total 277504K, used 242924K [0x00000000c9e00000, 0x0000000100000000)
  region size 1024K, 33 young (33792K), 4 survivors (4096K)
 Metaspace       used 34911K, committed 35200K, reserved 1081344K
  class space    used 4521K, committed 4672K, reserved 1048576K
}
Event: 80.840 GC heap after
{Heap after GC invocations=84 (full 0):
 garbage-first heap   total 277504K, used 215638K [0x00000000c9e00000, 0x0000000100000000)
  region size 1024K, 3 young (3072K), 3 survivors (3072K)
 Metaspace       used 34911K, committed 35200K, reserved 1081344K
  class space    used 4521K, committed 4672K, reserved 1048576K
}
Event: 82.239 GC heap before
{Heap before GC invocations=84 (full 0):
 garbage-first heap   total 277504K, used 243286K [0x00000000c9e00000, 0x0000000100000000)
  region size 1024K, 31 young (31744K), 3 survivors (3072K)
 Metaspace       used 35003K, committed 35328K, reserved 1081344K
  class space    used 4531K, committed 4672K, reserved 1048576K
}
Event: 82.265 GC heap after
{Heap after GC invocations=85 (full 0):
 garbage-first heap   total 277504K, used 226474K [0x00000000c9e00000, 0x0000000100000000)
  region size 1024K, 4 young (4096K), 4 survivors (4096K)
 Metaspace       used 35003K, committed 35328K, reserved 1081344K
  class space    used 4531K, committed 4672K, reserved 1048576K
}
Event: 84.129 GC heap before
{Heap before GC invocations=85 (full 0):
 garbage-first heap   total 277504K, used 235690K [0x00000000c9e00000, 0x0000000100000000)
  region size 1024K, 13 young (13312K), 4 survivors (4096K)
 Metaspace       used 35003K, committed 35328K, reserved 1081344K
  class space    used 4531K, committed 4672K, reserved 1048576K
}
Event: 84.184 GC heap after
{Heap after GC invocations=86 (full 0):
 garbage-first heap   total 277504K, used 235008K [0x00000000c9e00000, 0x0000000100000000)
  region size 1024K, 2 young (2048K), 2 survivors (2048K)
 Metaspace       used 35003K, committed 35328K, reserved 1081344K
  class space    used 4531K, committed 4672K, reserved 1048576K
}

