# JRE version: OpenJDK Runtime Environment Temurin-17.0.3+7 (17.0.3+7) (build 17.0.3+7)
# Java VM: OpenJDK 64-Bit Server VM Temurin-17.0.3+7 (17.0.3+7, mixed mode, emulated-client, tiered, compressed oops, compressed class ptrs, g1 gc, windows-amd64)
GC Precious Log:
 CPUs: 2 total, 2 available
 Memory: 3463M
 Large Page Support: Disabled
 NUMA Support: Disabled
 Compressed Oops: Enabled (32-bit)
 Heap Region Size: 1M
 Heap Min Capacity: 8M
 Heap Initial Capacity: 56M
 Heap Max Capacity: 866M
 Pre-touch: Disabled
 Parallel Workers: 2
 Concurrent Workers: 1
 Concurrent Refinement Workers: 2
 Periodic GC: Disabled
Heap:
 garbage-first heap   total 194560K, used 79801K [0x00000000c9e00000, 0x0000000100000000)
  region size 1024K, 7 young (7168K), 7 survivors (7168K)
 Metaspace       used 34824K, committed 35072K, reserved 1081344K
  class space    used 4519K, committed 4672K, reserved 1048576K
GC Heap History (20 events):
Event: 16.262 GC heap after
{Heap after GC invocations=25 (full 0):
 garbage-first heap   total 83968K, used 57503K [0x00000000c9e00000, 0x0000000100000000)
  region size 1024K, 1 young (1024K), 1 survivors (1024K)
 Metaspace       used 34658K, committed 34944K, reserved 1081344K
  class space    used 4495K, committed 4672K, reserved 1048576K
}
Event: 16.451 GC heap before
{Heap before GC invocations=26 (full 0):
 garbage-first heap   total 97280K, used 63647K [0x00000000c9e00000, 0x0000000100000000)
  region size 1024K, 8 young (8192K), 1 survivors (1024K)
 Metaspace       used 34720K, committed 35008K, reserved 1081344K
  class space    used 4504K, committed 4672K, reserved 1048576K
}
Event: 16.465 GC heap after
{Heap after GC invocations=27 (full 0):
 garbage-first heap   total 97280K, used 61612K [0x00000000c9e00000, 0x0000000100000000)
  region size 1024K, 1 young (1024K), 1 survivors (1024K)
 Metaspace       used 34720K, committed 35008K, reserved 1081344K
  class space    used 4504K, committed 4672K, reserved 1048576K
}
Event: 16.495 GC heap before
{Heap before GC invocations=27 (full 0):
 garbage-first heap   total 97280K, used 63660K [0x00000000c9e00000, 0x0000000100000000)
  region size 1024K, 4 young (4096K), 1 survivors (1024K)
 Metaspace       used 34720K, committed 35008K, reserved 1081344K
  class space    used 4504K, committed 4672K, reserved 1048576K
}
Event: 16.498 GC heap after
{Heap after GC invocations=28 (full 0):
 garbage-first heap   total 97280K, used 61353K [0x00000000c9e00000, 0x0000000100000000)
  region size 1024K, 1 young (1024K), 1 survivors (1024K)
 Metaspace       used 34720K, committed 35008K, reserved 1081344K
  class space    used 4504K, committed 4672K, reserved 1048576K
}
Event: 16.566 GC heap before
{Heap before GC invocations=28 (full 0):
 garbage-first heap   total 97280K, used 70569K [0x00000000c9e00000, 0x0000000100000000)
  region size 1024K, 11 young (11264K), 1 survivors (1024K)
 Metaspace       used 34722K, committed 35008K, reserved 1081344K
  class space    used 4505K, committed 4672K, reserved 1048576K
}
Event: 16.570 GC heap after
{Heap after GC invocations=29 (full 0):
 garbage-first heap   total 194560K, used 61603K [0x00000000c9e00000, 0x0000000100000000)
  region size 1024K, 1 young (1024K), 1 survivors (1024K)
 Metaspace       used 34722K, committed 35008K, reserved 1081344K
  class space    used 4505K, committed 4672K, reserved 1048576K
}
Event: 17.507 GC heap before
{Heap before GC invocations=30 (full 0):
 garbage-first heap   total 194560K, used 114851K [0x00000000c9e00000, 0x0000000100000000)
  region size 1024K, 55 young (56320K), 1 survivors (1024K)
 Metaspace       used 34823K, committed 35072K, reserved 1081344K
  class space    used 4518K, committed 4672K, reserved 1048576K
}
Event: 17.515 GC heap after
{Heap after GC invocations=31 (full 0):
 garbage-first heap   total 194560K, used 63796K [0x00000000c9e00000, 0x0000000100000000)
  region size 1024K, 3 young (3072K), 3 survivors (3072K)
 Metaspace       used 34823K, committed 35072K, reserved 1081344K
  class space    used 4518K, committed 4672K, reserved 1048576K
}
Event: 17.553 GC heap before
{Heap before GC invocations=31 (full 0):
 garbage-first heap   total 194560K, used 68916K [0x00000000c9e00000, 0x0000000100000000)
  region size 1024K, 9 young (9216K), 3 survivors (3072K)
 Metaspace       used 34823K, committed 35072K, reserved 1081344K
  class space    used 4518K, committed 4672K, reserved 1048576K
}
Event: 17.557 GC heap after
{Heap after GC invocations=32 (full 0):
 garbage-first heap   total 194560K, used 63367K [0x00000000c9e00000, 0x0000000100000000)
  region size 1024K, 1 young (1024K), 1 survivors (1024K)
 Metaspace       used 34823K, committed 35072K, reserved 1081344K
  class space    used 4518K, committed 4672K, reserved 1048576K
}
Event: 18.013 GC heap before
{Heap before GC invocations=32 (full 0):
 garbage-first heap   total 194560K, used 141191K [0x00000000c9e00000, 0x0000000100000000)
  region size 1024K, 79 young (80896K), 1 survivors (1024K)
 Metaspace       used 34823K, committed 35072K, reserved 1081344K
  class space    used 4518K, committed 4672K, reserved 1048576K
}
Event: 18.022 GC heap after
{Heap after GC invocations=33 (full 0):
 garbage-first heap   total 194560K, used 66301K [0x00000000c9e00000, 0x0000000100000000)
  region size 1024K, 4 young (4096K), 4 survivors (4096K)
 Metaspace       used 34823K, committed 35072K, reserved 1081344K
  class space    used 4518K, committed 4672K, reserved 1048576K
}
Event: 18.225 GC heap before
{Heap before GC invocations=33 (full 0):
 garbage-first heap   total 194560K, used 146173K [0x00000000c9e00000, 0x0000000100000000)
  region size 1024K, 83 young (84992K), 4 survivors (4096K)
 Metaspace       used 34823K, committed 35072K, reserved 1081344K
  class space    used 4518K, committed 4672K, reserved 1048576K
}
Event: 18.236 GC heap after
{Heap after GC invocations=34 (full 0):
 garbage-first heap   total 194560K, used 69354K [0x00000000c9e00000, 0x0000000100000000)
  region size 1024K, 7 young (7168K), 7 survivors (7168K)
 Metaspace       used 34823K, committed 35072K, reserved 1081344K
  class space    used 4518K, committed 4672K, reserved 1048576K
}
Event: 18.340 GC heap before
{Heap before GC invocations=34 (full 0):
 garbage-first heap   total 194560K, used 150250K [0x00000000c9e00000, 0x0000000100000000)
  region size 1024K, 87 young (89088K), 7 survivors (7168K)
 Metaspace       used 34823K, committed 35072K, reserved 1081344K
  class space    used 4518K, committed 4672K, reserved 1048576K
}
Event: 18.349 GC heap after
{Heap after GC invocations=35 (full 0):
 garbage-first heap   total 194560K, used 72367K [0x00000000c9e00000, 0x0000000100000000)
  region size 1024K, 6 young (6144K), 6 survivors (6144K)
 Metaspace       used 34823K, committed 35072K, reserved 1081344K
  class space    used 4518K, committed 4672K, reserved 1048576K
}
Event: 18.435 GC heap before
{Heap before GC invocations=35 (full 0):
 garbage-first heap   total 194560K, used 154287K [0x00000000c9e00000, 0x0000000100000000)
  region size 1024K, 87 young (89088K), 6 survivors (6144K)
 Metaspace       used 34823K, committed 35072K, reserved 1081344K
  class space    used 4518K, committed 4672K, reserved 1048576K
}
Event: 18.444 GC heap after
{Heap after GC invocations=36 (full 0):
 garbage-first heap   total 194560K, used 76664K [0x00000000c9e00000, 0x0000000100000000)
  region size 1024K, 7 young (7168K), 7 survivors (7168K)
 Metaspace       used 34823K, committed 35072K, reserved 1081344K
  class space    used 4518K, committed 4672K, reserved 1048576K
}
Event: 18.514 GC heap before
{Heap before GC invocations=36 (full 0):
 garbage-first heap   total 194560K, used 156536K [0x00000000c9e00000, 0x0000000100000000)
  region size 1024K, 86 young (88064K), 7 survivors (7168K)
 Metaspace       used 34824K, committed 35072K, reserved 1081344K
  class space    used 4519K, committed 4672K, reserved 1048576K
}

