# JRE version: OpenJDK Runtime Environment Temurin-17.0.3+7 (17.0.3+7) (build 17.0.3+7)
# Java VM: OpenJDK 64-Bit Server VM Temurin-17.0.3+7 (17.0.3+7, mixed mode, emulated-client, tiered, compressed oops, compressed class ptrs, g1 gc, windows-amd64)
GC Precious Log:
 CPUs: 2 total, 2 available
 Memory: 3463M
 Large Page Support: Disabled
 NUMA Support: Disabled
 Compressed Oops: Enabled (32-bit)
 Heap Region Size: 1M
 Heap Min Capacity: 8M
 Heap Initial Capacity: 56M
 Heap Max Capacity: 866M
 Pre-touch: Disabled
 Parallel Workers: 2
 Concurrent Workers: 1
 Concurrent Refinement Workers: 2
 Periodic GC: Disabled
Heap:
 garbage-first heap   total 252928K, used 105051K [0x00000000c9e00000, 0x0000000100000000)
  region size 1024K, 5 young (5120K), 5 survivors (5120K)
 Metaspace       used 34820K, committed 35136K, reserved 1081344K
  class space    used 4516K, committed 4672K, reserved 1048576K
GC Heap History (20 events):
Event: 19.477 GC heap after
{Heap after GC invocations=33 (full 0):
 garbage-first heap   total 252928K, used 67061K [0x00000000c9e00000, 0x0000000100000000)
  region size 1024K, 3 young (3072K), 3 survivors (3072K)
 Metaspace       used 34819K, committed 35136K, reserved 1081344K
  class space    used 4515K, committed 4672K, reserved 1048576K
}
Event: 21.895 GC heap before
{Heap before GC invocations=33 (full 0):
 garbage-first heap   total 252928K, used 187893K [0x00000000c9e00000, 0x0000000100000000)
  region size 1024K, 122 young (124928K), 3 survivors (3072K)
 Metaspace       used 34819K, committed 35136K, reserved 1081344K
  class space    used 4515K, committed 4672K, reserved 1048576K
}
Event: 21.904 GC heap after
{Heap after GC invocations=34 (full 0):
 garbage-first heap   total 252928K, used 71531K [0x00000000c9e00000, 0x0000000100000000)
  region size 1024K, 7 young (7168K), 7 survivors (7168K)
 Metaspace       used 34819K, committed 35136K, reserved 1081344K
  class space    used 4515K, committed 4672K, reserved 1048576K
}
Event: 23.211 GC heap before
{Heap before GC invocations=34 (full 0):
 garbage-first heap   total 252928K, used 200555K [0x00000000c9e00000, 0x0000000100000000)
  region size 1024K, 134 young (137216K), 7 survivors (7168K)
 Metaspace       used 34820K, committed 35136K, reserved 1081344K
  class space    used 4516K, committed 4672K, reserved 1048576K
}
Event: 23.318 GC heap after
{Heap after GC invocations=35 (full 0):
 garbage-first heap   total 252928K, used 77665K [0x00000000c9e00000, 0x0000000100000000)
  region size 1024K, 13 young (13312K), 13 survivors (13312K)
 Metaspace       used 34820K, committed 35136K, reserved 1081344K
  class space    used 4516K, committed 4672K, reserved 1048576K
}
Event: 25.541 GC heap before
{Heap before GC invocations=36 (full 0):
 garbage-first heap   total 252928K, used 202593K [0x00000000c9e00000, 0x0000000100000000)
  region size 1024K, 137 young (140288K), 13 survivors (13312K)
 Metaspace       used 34820K, committed 35136K, reserved 1081344K
  class space    used 4516K, committed 4672K, reserved 1048576K
}
Event: 25.590 GC heap after
{Heap after GC invocations=37 (full 0):
 garbage-first heap   total 252928K, used 82598K [0x00000000c9e00000, 0x0000000100000000)
  region size 1024K, 11 young (11264K), 11 survivors (11264K)
 Metaspace       used 34820K, committed 35136K, reserved 1081344K
  class space    used 4516K, committed 4672K, reserved 1048576K
}
Event: 25.596 GC heap before
{Heap before GC invocations=37 (full 0):
 garbage-first heap   total 252928K, used 83622K [0x00000000c9e00000, 0x0000000100000000)
  region size 1024K, 12 young (12288K), 11 survivors (11264K)
 Metaspace       used 34820K, committed 35136K, reserved 1081344K
  class space    used 4516K, committed 4672K, reserved 1048576K
}
Event: 25.644 GC heap after
{Heap after GC invocations=38 (full 0):
 garbage-first heap   total 252928K, used 82251K [0x00000000c9e00000, 0x0000000100000000)
  region size 1024K, 1 young (1024K), 1 survivors (1024K)
 Metaspace       used 34820K, committed 35136K, reserved 1081344K
  class space    used 4516K, committed 4672K, reserved 1048576K
}
Event: 26.033 GC heap before
{Heap before GC invocations=38 (full 0):
 garbage-first heap   total 252928K, used 206155K [0x00000000c9e00000, 0x0000000100000000)
  region size 1024K, 123 young (125952K), 1 survivors (1024K)
 Metaspace       used 34820K, committed 35136K, reserved 1081344K
  class space    used 4516K, committed 4672K, reserved 1048576K
}
Event: 26.053 GC heap after
{Heap after GC invocations=39 (full 0):
 garbage-first heap   total 252928K, used 86607K [0x00000000c9e00000, 0x0000000100000000)
  region size 1024K, 6 young (6144K), 6 survivors (6144K)
 Metaspace       used 34820K, committed 35136K, reserved 1081344K
  class space    used 4516K, committed 4672K, reserved 1048576K
}
Event: 26.527 GC heap before
{Heap before GC invocations=39 (full 0):
 garbage-first heap   total 252928K, used 208463K [0x00000000c9e00000, 0x0000000100000000)
  region size 1024K, 126 young (129024K), 6 survivors (6144K)
 Metaspace       used 34820K, committed 35136K, reserved 1081344K
  class space    used 4516K, committed 4672K, reserved 1048576K
}
Event: 26.540 GC heap after
{Heap after GC invocations=40 (full 0):
 garbage-first heap   total 252928K, used 91915K [0x00000000c9e00000, 0x0000000100000000)
  region size 1024K, 11 young (11264K), 11 survivors (11264K)
 Metaspace       used 34820K, committed 35136K, reserved 1081344K
  class space    used 4516K, committed 4672K, reserved 1048576K
}
Event: 26.900 GC heap before
{Heap before GC invocations=40 (full 0):
 garbage-first heap   total 252928K, used 209675K [0x00000000c9e00000, 0x0000000100000000)
  region size 1024K, 127 young (130048K), 11 survivors (11264K)
 Metaspace       used 34820K, committed 35136K, reserved 1081344K
  class space    used 4516K, committed 4672K, reserved 1048576K
}
Event: 26.930 GC heap after
{Heap after GC invocations=41 (full 0):
 garbage-first heap   total 252928K, used 95619K [0x00000000c9e00000, 0x0000000100000000)
  region size 1024K, 9 young (9216K), 9 survivors (9216K)
 Metaspace       used 34820K, committed 35136K, reserved 1081344K
  class space    used 4516K, committed 4672K, reserved 1048576K
}
Event: 27.986 GC heap before
{Heap before GC invocations=42 (full 0):
 garbage-first heap   total 252928K, used 211331K [0x00000000c9e00000, 0x0000000100000000)
  region size 1024K, 123 young (125952K), 9 survivors (9216K)
 Metaspace       used 34820K, committed 35136K, reserved 1081344K
  class space    used 4516K, committed 4672K, reserved 1048576K
}
Event: 28.021 GC heap after
{Heap after GC invocations=43 (full 0):
 garbage-first heap   total 252928K, used 100623K [0x00000000c9e00000, 0x0000000100000000)
  region size 1024K, 9 young (9216K), 9 survivors (9216K)
 Metaspace       used 34820K, committed 35136K, reserved 1081344K
  class space    used 4516K, committed 4672K, reserved 1048576K
}
Event: 28.135 GC heap before
{Heap before GC invocations=43 (full 0):
 garbage-first heap   total 252928K, used 102671K [0x00000000c9e00000, 0x0000000100000000)
  region size 1024K, 12 young (12288K), 9 survivors (9216K)
 Metaspace       used 34820K, committed 35136K, reserved 1081344K
  class space    used 4516K, committed 4672K, reserved 1048576K
}
Event: 28.197 GC heap after
{Heap after GC invocations=44 (full 0):
 garbage-first heap   total 252928K, used 101317K [0x00000000c9e00000, 0x0000000100000000)
  region size 1024K, 1 young (1024K), 1 survivors (1024K)
 Metaspace       used 34820K, committed 35136K, reserved 1081344K
  class space    used 4516K, committed 4672K, reserved 1048576K
}
Event: 28.794 GC heap before
{Heap before GC invocations=44 (full 0):
 garbage-first heap   total 252928K, used 212933K [0x00000000c9e00000, 0x0000000100000000)
  region size 1024K, 111 young (113664K), 1 survivors (1024K)
 Metaspace       used 34820K, committed 35136K, reserved 1081344K
  class space    used 4516K, committed 4672K, reserved 1048576K
}

