# JRE version: OpenJDK Runtime Environment Temurin-17.0.3+7 (17.0.3+7) (build 17.0.3+7)
# Java VM: OpenJDK 64-Bit Server VM Temurin-17.0.3+7 (17.0.3+7, mixed mode, tiered, compressed oops, compressed class ptrs, parallel gc, windows-amd64)
GC Precious Log:
 CPUs: 2 total, 2 available
 Memory: 3463M
 Large Page Support: Disabled
 NUMA Support: Disabled
 Compressed Oops: Enabled (32-bit)
 Alignments: Space 512K, Generation 512K, Heap 2M
 Heap Min Capacity: 100M
 Heap Initial Capacity: 100M
 Heap Max Capacity: 1G
 Pre-touch: Disabled
 Parallel Workers: 2
Heap:
 PSYoungGen      total 22528K, used 4694K [0x00000000eab00000, 0x00000000ec300000, 0x0000000100000000)
  eden space 22016K, 20% used [0x00000000eab00000,0x00000000eaf55b48,0x00000000ec080000)
  from space 512K, 50% used [0x00000000ec100000,0x00000000ec140000,0x00000000ec180000)
  to   space 1024K, 0% used [0x00000000ec200000,0x00000000ec200000,0x00000000ec300000)
 ParOldGen       total 68608K, used 22203K [0x00000000c0000000, 0x00000000c4300000, 0x00000000eab00000)
  object space 68608K, 32% used [0x00000000c0000000,0x00000000c15aef98,0x00000000c4300000)
 Metaspace       used 51598K, committed 52416K, reserved 1097728K
  class space    used 5482K, committed 5824K, reserved 1048576K
GC Heap History (20 events):
Event: 39.070 GC heap before
{Heap before GC invocations=10 (full 1):
 PSYoungGen      total 25088K, used 12837K [0x00000000eab00000, 0x00000000ec900000, 0x0000000100000000)
  eden space 23552K, 48% used [0x00000000eab00000,0x00000000eb60c978,0x00000000ec200000)
  from space 1536K, 99% used [0x00000000ec700000,0x00000000ec87ccb8,0x00000000ec880000)
  to   space 3584K, 0% used [0x00000000ec200000,0x00000000ec200000,0x00000000ec580000)
 ParOldGen       total 68608K, used 12524K [0x00000000c0000000, 0x00000000c4300000, 0x00000000eab00000)
  object space 68608K, 18% used [0x00000000c0000000,0x00000000c0c3b220,0x00000000c4300000)
 Metaspace       used 35263K, committed 35840K, reserved 1081344K
  class space    used 3603K, committed 3904K, reserved 1048576K
}
Event: 39.074 GC heap after
{Heap after GC invocations=10 (full 1):
 PSYoungGen      total 27136K, used 763K [0x00000000eab00000, 0x00000000ec780000, 0x0000000100000000)
  eden space 23552K, 0% used [0x00000000eab00000,0x00000000eab00000,0x00000000ec200000)
  from space 3584K, 21% used [0x00000000ec200000,0x00000000ec2bef38,0x00000000ec580000)
  to   space 2048K, 0% used [0x00000000ec580000,0x00000000ec580000,0x00000000ec780000)
 ParOldGen       total 68608K, used 13761K [0x00000000c0000000, 0x00000000c4300000, 0x00000000eab00000)
  object space 68608K, 20% used [0x00000000c0000000,0x00000000c0d705a0,0x00000000c4300000)
 Metaspace       used 35263K, committed 35840K, reserved 1081344K
  class space    used 3603K, committed 3904K, reserved 1048576K
}
Event: 39.074 GC heap before
{Heap before GC invocations=11 (full 2):
 PSYoungGen      total 27136K, used 763K [0x00000000eab00000, 0x00000000ec780000, 0x0000000100000000)
  eden space 23552K, 0% used [0x00000000eab00000,0x00000000eab00000,0x00000000ec200000)
  from space 3584K, 21% used [0x00000000ec200000,0x00000000ec2bef38,0x00000000ec580000)
  to   space 2048K, 0% used [0x00000000ec580000,0x00000000ec580000,0x00000000ec780000)
 ParOldGen       total 68608K, used 13761K [0x00000000c0000000, 0x00000000c4300000, 0x00000000eab00000)
  object space 68608K, 20% used [0x00000000c0000000,0x00000000c0d705a0,0x00000000c4300000)
 Metaspace       used 35263K, committed 35840K, reserved 1081344K
  class space    used 3603K, committed 3904K, reserved 1048576K
}
Event: 39.109 GC heap after
{Heap after GC invocations=11 (full 2):
 PSYoungGen      total 27136K, used 0K [0x00000000eab00000, 0x00000000ec780000, 0x0000000100000000)
  eden space 23552K, 0% used [0x00000000eab00000,0x00000000eab00000,0x00000000ec200000)
  from space 3584K, 0% used [0x00000000ec200000,0x00000000ec200000,0x00000000ec580000)
  to   space 2048K, 0% used [0x00000000ec580000,0x00000000ec580000,0x00000000ec780000)
 ParOldGen       total 68608K, used 12883K [0x00000000c0000000, 0x00000000c4300000, 0x00000000eab00000)
  object space 68608K, 18% used [0x00000000c0000000,0x00000000c0c94e20,0x00000000c4300000)
 Metaspace       used 35263K, committed 35840K, reserved 1081344K
  class space    used 3603K, committed 3904K, reserved 1048576K
}
Event: 40.796 GC heap before
{Heap before GC invocations=12 (full 2):
 PSYoungGen      total 27136K, used 23552K [0x00000000eab00000, 0x00000000ec780000, 0x0000000100000000)
  eden space 23552K, 100% used [0x00000000eab00000,0x00000000ec200000,0x00000000ec200000)
  from space 3584K, 0% used [0x00000000ec200000,0x00000000ec200000,0x00000000ec580000)
  to   space 2048K, 0% used [0x00000000ec580000,0x00000000ec580000,0x00000000ec780000)
 ParOldGen       total 68608K, used 12883K [0x00000000c0000000, 0x00000000c4300000, 0x00000000eab00000)
  object space 68608K, 18% used [0x00000000c0000000,0x00000000c0c94e20,0x00000000c4300000)
 Metaspace       used 38344K, committed 39040K, reserved 1089536K
  class space    used 4024K, committed 4352K, reserved 1048576K
}
Event: 40.799 GC heap after
{Heap after GC invocations=12 (full 2):
 PSYoungGen      total 24576K, used 1280K [0x00000000eab00000, 0x00000000ec700000, 0x0000000100000000)
  eden space 23040K, 0% used [0x00000000eab00000,0x00000000eab00000,0x00000000ec180000)
  from space 1536K, 83% used [0x00000000ec580000,0x00000000ec6c0000,0x00000000ec700000)
  to   space 1536K, 0% used [0x00000000ec400000,0x00000000ec400000,0x00000000ec580000)
 ParOldGen       total 68608K, used 12891K [0x00000000c0000000, 0x00000000c4300000, 0x00000000eab00000)
  object space 68608K, 18% used [0x00000000c0000000,0x00000000c0c96e20,0x00000000c4300000)
 Metaspace       used 38344K, committed 39040K, reserved 1089536K
  class space    used 4024K, committed 4352K, reserved 1048576K
}
Event: 42.210 GC heap before
{Heap before GC invocations=13 (full 2):
 PSYoungGen      total 24576K, used 24320K [0x00000000eab00000, 0x00000000ec700000, 0x0000000100000000)
  eden space 23040K, 100% used [0x00000000eab00000,0x00000000ec180000,0x00000000ec180000)
  from space 1536K, 83% used [0x00000000ec580000,0x00000000ec6c0000,0x00000000ec700000)
  to   space 1536K, 0% used [0x00000000ec400000,0x00000000ec400000,0x00000000ec580000)
 ParOldGen       total 68608K, used 12891K [0x00000000c0000000, 0x00000000c4300000, 0x00000000eab00000)
  object space 68608K, 18% used [0x00000000c0000000,0x00000000c0c96e20,0x00000000c4300000)
 Metaspace       used 41676K, committed 42368K, reserved 1089536K
  class space    used 4417K, committed 4736K, reserved 1048576K
}
Event: 42.215 GC heap after
{Heap after GC invocations=13 (full 2):
 PSYoungGen      total 24064K, used 1237K [0x00000000eab00000, 0x00000000ec600000, 0x0000000100000000)
  eden space 22528K, 0% used [0x00000000eab00000,0x00000000eab00000,0x00000000ec100000)
  from space 1536K, 80% used [0x00000000ec400000,0x00000000ec535738,0x00000000ec580000)
  to   space 512K, 0% used [0x00000000ec580000,0x00000000ec580000,0x00000000ec600000)
 ParOldGen       total 68608K, used 14135K [0x00000000c0000000, 0x00000000c4300000, 0x00000000eab00000)
  object space 68608K, 20% used [0x00000000c0000000,0x00000000c0dcdcf0,0x00000000c4300000)
 Metaspace       used 41676K, committed 42368K, reserved 1089536K
  class space    used 4417K, committed 4736K, reserved 1048576K
}
Event: 44.205 GC heap before
{Heap before GC invocations=14 (full 2):
 PSYoungGen      total 24064K, used 23765K [0x00000000eab00000, 0x00000000ec600000, 0x0000000100000000)
  eden space 22528K, 100% used [0x00000000eab00000,0x00000000ec100000,0x00000000ec100000)
  from space 1536K, 80% used [0x00000000ec400000,0x00000000ec535738,0x00000000ec580000)
  to   space 512K, 0% used [0x00000000ec580000,0x00000000ec580000,0x00000000ec600000)
 ParOldGen       total 68608K, used 14135K [0x00000000c0000000, 0x00000000c4300000, 0x00000000eab00000)
  object space 68608K, 20% used [0x00000000c0000000,0x00000000c0dcdcf0,0x00000000c4300000)
 Metaspace       used 44357K, committed 45184K, reserved 1097728K
  class space    used 4758K, committed 5120K, reserved 1048576K
}
Event: 44.213 GC heap after
{Heap after GC invocations=14 (full 2):
 PSYoungGen      total 22528K, used 490K [0x00000000eab00000, 0x00000000ec780000, 0x0000000100000000)
  eden space 22016K, 0% used [0x00000000eab00000,0x00000000eab00000,0x00000000ec080000)
  from space 512K, 95% used [0x00000000ec580000,0x00000000ec5fabf0,0x00000000ec600000)
  to   space 3584K, 0% used [0x00000000ec080000,0x00000000ec080000,0x00000000ec400000)
 ParOldGen       total 68608K, used 16690K [0x00000000c0000000, 0x00000000c4300000, 0x00000000eab00000)
  object space 68608K, 24% used [0x00000000c0000000,0x00000000c104ca10,0x00000000c4300000)
 Metaspace       used 44357K, committed 45184K, reserved 1097728K
  class space    used 4758K, committed 5120K, reserved 1048576K
}
Event: 45.023 GC heap before
{Heap before GC invocations=15 (full 2):
 PSYoungGen      total 22528K, used 22506K [0x00000000eab00000, 0x00000000ec780000, 0x0000000100000000)
  eden space 22016K, 100% used [0x00000000eab00000,0x00000000ec080000,0x00000000ec080000)
  from space 512K, 95% used [0x00000000ec580000,0x00000000ec5fabf0,0x00000000ec600000)
  to   space 3584K, 0% used [0x00000000ec080000,0x00000000ec080000,0x00000000ec400000)
 ParOldGen       total 68608K, used 16690K [0x00000000c0000000, 0x00000000c4300000, 0x00000000eab00000)
  object space 68608K, 24% used [0x00000000c0000000,0x00000000c104ca10,0x00000000c4300000)
 Metaspace       used 44892K, committed 45696K, reserved 1097728K
  class space    used 4806K, committed 5120K, reserved 1048576K
}
Event: 45.031 GC heap after
{Heap after GC invocations=15 (full 2):
 PSYoungGen      total 25088K, used 2811K [0x00000000eab00000, 0x00000000ec680000, 0x0000000100000000)
  eden space 22016K, 0% used [0x00000000eab00000,0x00000000eab00000,0x00000000ec080000)
  from space 3072K, 91% used [0x00000000ec080000,0x00000000ec33ef18,0x00000000ec380000)
  to   space 3072K, 0% used [0x00000000ec380000,0x00000000ec380000,0x00000000ec680000)
 ParOldGen       total 68608K, used 17189K [0x00000000c0000000, 0x00000000c4300000, 0x00000000eab00000)
  object space 68608K, 25% used [0x00000000c0000000,0x00000000c10c95b0,0x00000000c4300000)
 Metaspace       used 44892K, committed 45696K, reserved 1097728K
  class space    used 4806K, committed 5120K, reserved 1048576K
}
Event: 46.038 GC heap before
{Heap before GC invocations=16 (full 2):
 PSYoungGen      total 25088K, used 24827K [0x00000000eab00000, 0x00000000ec680000, 0x0000000100000000)
  eden space 22016K, 100% used [0x00000000eab00000,0x00000000ec080000,0x00000000ec080000)
  from space 3072K, 91% used [0x00000000ec080000,0x00000000ec33ef18,0x00000000ec380000)
  to   space 3072K, 0% used [0x00000000ec380000,0x00000000ec380000,0x00000000ec680000)
 ParOldGen       total 68608K, used 17189K [0x00000000c0000000, 0x00000000c4300000, 0x00000000eab00000)
  object space 68608K, 25% used [0x00000000c0000000,0x00000000c10c95b0,0x00000000c4300000)
 Metaspace       used 47272K, committed 48064K, reserved 1097728K
  class space    used 5063K, committed 5440K, reserved 1048576K
}
Event: 46.045 GC heap after
{Heap after GC invocations=16 (full 2):
 PSYoungGen      total 25088K, used 2582K [0x00000000eab00000, 0x00000000ec680000, 0x0000000100000000)
  eden space 22016K, 0% used [0x00000000eab00000,0x00000000eab00000,0x00000000ec080000)
  from space 3072K, 84% used [0x00000000ec380000,0x00000000ec605ba8,0x00000000ec680000)
  to   space 3072K, 0% used [0x00000000ec080000,0x00000000ec080000,0x00000000ec380000)
 ParOldGen       total 68608K, used 19317K [0x00000000c0000000, 0x00000000c4300000, 0x00000000eab00000)
  object space 68608K, 28% used [0x00000000c0000000,0x00000000c12dd730,0x00000000c4300000)
 Metaspace       used 47272K, committed 48064K, reserved 1097728K
  class space    used 5063K, committed 5440K, reserved 1048576K
}
Event: 47.743 GC heap before
{Heap before GC invocations=17 (full 2):
 PSYoungGen      total 25088K, used 24598K [0x00000000eab00000, 0x00000000ec680000, 0x0000000100000000)
  eden space 22016K, 100% used [0x00000000eab00000,0x00000000ec080000,0x00000000ec080000)
  from space 3072K, 84% used [0x00000000ec380000,0x00000000ec605ba8,0x00000000ec680000)
  to   space 3072K, 0% used [0x00000000ec080000,0x00000000ec080000,0x00000000ec380000)
 ParOldGen       total 68608K, used 19317K [0x00000000c0000000, 0x00000000c4300000, 0x00000000eab00000)
  object space 68608K, 28% used [0x00000000c0000000,0x00000000c12dd730,0x00000000c4300000)
 Metaspace       used 48470K, committed 49344K, reserved 1097728K
  class space    used 5204K, committed 5568K, reserved 1048576K
}
Event: 47.747 GC heap after
{Heap after GC invocations=17 (full 2):
 PSYoungGen      total 22528K, used 288K [0x00000000eab00000, 0x00000000ec400000, 0x0000000100000000)
  eden space 22016K, 0% used [0x00000000eab00000,0x00000000eab00000,0x00000000ec080000)
  from space 512K, 56% used [0x00000000ec080000,0x00000000ec0c8000,0x00000000ec100000)
  to   space 1536K, 0% used [0x00000000ec280000,0x00000000ec280000,0x00000000ec400000)
 ParOldGen       total 68608K, used 21859K [0x00000000c0000000, 0x00000000c4300000, 0x00000000eab00000)
  object space 68608K, 31% used [0x00000000c0000000,0x00000000c1558f98,0x00000000c4300000)
 Metaspace       used 48470K, committed 49344K, reserved 1097728K
  class space    used 5204K, committed 5568K, reserved 1048576K
}
Event: 48.133 GC heap before
{Heap before GC invocations=18 (full 2):
 PSYoungGen      total 22528K, used 22304K [0x00000000eab00000, 0x00000000ec400000, 0x0000000100000000)
  eden space 22016K, 100% used [0x00000000eab00000,0x00000000ec080000,0x00000000ec080000)
  from space 512K, 56% used [0x00000000ec080000,0x00000000ec0c8000,0x00000000ec100000)
  to   space 1536K, 0% used [0x00000000ec280000,0x00000000ec280000,0x00000000ec400000)
 ParOldGen       total 68608K, used 21859K [0x00000000c0000000, 0x00000000c4300000, 0x00000000eab00000)
  object space 68608K, 31% used [0x00000000c0000000,0x00000000c1558f98,0x00000000c4300000)
 Metaspace       used 49092K, committed 49920K, reserved 1097728K
  class space    used 5248K, committed 5632K, reserved 1048576K
}
Event: 48.136 GC heap after
{Heap after GC invocations=18 (full 2):
 PSYoungGen      total 23552K, used 1066K [0x00000000eab00000, 0x00000000ec400000, 0x0000000100000000)
  eden space 22016K, 0% used [0x00000000eab00000,0x00000000eab00000,0x00000000ec080000)
  from space 1536K, 69% used [0x00000000ec280000,0x00000000ec38aac8,0x00000000ec400000)
  to   space 1536K, 0% used [0x00000000ec100000,0x00000000ec100000,0x00000000ec280000)
 ParOldGen       total 68608K, used 22099K [0x00000000c0000000, 0x00000000c4300000, 0x00000000eab00000)
  object space 68608K, 32% used [0x00000000c0000000,0x00000000c1594f98,0x00000000c4300000)
 Metaspace       used 49092K, committed 49920K, reserved 1097728K
  class space    used 5248K, committed 5632K, reserved 1048576K
}
Event: 49.219 GC heap before
{Heap before GC invocations=19 (full 2):
 PSYoungGen      total 23552K, used 23082K [0x00000000eab00000, 0x00000000ec400000, 0x0000000100000000)
  eden space 22016K, 100% used [0x00000000eab00000,0x00000000ec080000,0x00000000ec080000)
  from space 1536K, 69% used [0x00000000ec280000,0x00000000ec38aac8,0x00000000ec400000)
  to   space 1536K, 0% used [0x00000000ec100000,0x00000000ec100000,0x00000000ec280000)
 ParOldGen       total 68608K, used 22099K [0x00000000c0000000, 0x00000000c4300000, 0x00000000eab00000)
  object space 68608K, 32% used [0x00000000c0000000,0x00000000c1594f98,0x00000000c4300000)
 Metaspace       used 50952K, committed 51776K, reserved 1097728K
  class space    used 5385K, committed 5760K, reserved 1048576K
}
Event: 49.221 GC heap after
{Heap after GC invocations=19 (full 2):
 PSYoungGen      total 22528K, used 256K [0x00000000eab00000, 0x00000000ec300000, 0x0000000100000000)
  eden space 22016K, 0% used [0x00000000eab00000,0x00000000eab00000,0x00000000ec080000)
  from space 512K, 50% used [0x00000000ec100000,0x00000000ec140000,0x00000000ec180000)
  to   space 1024K, 0% used [0x00000000ec200000,0x00000000ec200000,0x00000000ec300000)
 ParOldGen       total 68608K, used 22203K [0x00000000c0000000, 0x00000000c4300000, 0x00000000eab00000)
  object space 68608K, 32% used [0x00000000c0000000,0x00000000c15aef98,0x00000000c4300000)
 Metaspace       used 50952K, committed 51776K, reserved 1097728K
  class space    used 5385K, committed 5760K, reserved 1048576K
}

