# JRE version: OpenJDK Runtime Environment Temurin-17.0.3+7 (17.0.3+7) (build 17.0.3+7)
# Java VM: OpenJDK 64-Bit Server VM Temurin-17.0.3+7 (17.0.3+7, mixed mode, emulated-client, tiered, compressed oops, compressed class ptrs, g1 gc, windows-amd64)
GC Precious Log:
 CPUs: 2 total, 2 available
 Memory: 3463M
 Large Page Support: Disabled
 NUMA Support: Disabled
 Compressed Oops: Enabled (32-bit)
 Heap Region Size: 1M
 Heap Min Capacity: 8M
 Heap Initial Capacity: 56M
 Heap Max Capacity: 866M
 Pre-touch: Disabled
 Parallel Workers: 2
 Concurrent Workers: 1
 Concurrent Refinement Workers: 2
 Periodic GC: Disabled
Heap:
 garbage-first heap   total 163840K, used 75605K [0x00000000c9e00000, 0x0000000100000000)
  region size 1024K, 7 young (7168K), 7 survivors (7168K)
 Metaspace       used 35198K, committed 35520K, reserved 1081344K
  class space    used 4576K, committed 4736K, reserved 1048576K
GC Heap History (20 events):
Event: 8.733 GC heap after
{Heap after GC invocations=16 (full 0):
 garbage-first heap   total 63488K, used 32055K [0x00000000c9e00000, 0x0000000100000000)
  region size 1024K, 2 young (2048K), 2 survivors (2048K)
 Metaspace       used 35041K, committed 35392K, reserved 1081344K
  class space    used 4553K, committed 4736K, reserved 1048576K
}
Event: 8.792 GC heap before
{Heap before GC invocations=16 (full 0):
 garbage-first heap   total 63488K, used 47415K [0x00000000c9e00000, 0x0000000100000000)
  region size 1024K, 17 young (17408K), 2 survivors (2048K)
 Metaspace       used 35041K, committed 35392K, reserved 1081344K
  class space    used 4553K, committed 4736K, reserved 1048576K
}
Event: 8.798 GC heap after
{Heap after GC invocations=17 (full 0):
 garbage-first heap   total 63488K, used 35040K [0x00000000c9e00000, 0x0000000100000000)
  region size 1024K, 3 young (3072K), 3 survivors (3072K)
 Metaspace       used 35041K, committed 35392K, reserved 1081344K
  class space    used 4553K, committed 4736K, reserved 1048576K
}
Event: 8.998 GC heap before
{Heap before GC invocations=18 (full 0):
 garbage-first heap   total 63488K, used 48352K [0x00000000c9e00000, 0x0000000100000000)
  region size 1024K, 16 young (16384K), 3 survivors (3072K)
 Metaspace       used 35041K, committed 35392K, reserved 1081344K
  class space    used 4553K, committed 4736K, reserved 1048576K
}
Event: 9.004 GC heap after
{Heap after GC invocations=19 (full 0):
 garbage-first heap   total 63488K, used 37244K [0x00000000c9e00000, 0x0000000100000000)
  region size 1024K, 2 young (2048K), 2 survivors (2048K)
 Metaspace       used 35041K, committed 35392K, reserved 1081344K
  class space    used 4553K, committed 4736K, reserved 1048576K
}
Event: 9.009 GC heap before
{Heap before GC invocations=19 (full 0):
 garbage-first heap   total 63488K, used 38268K [0x00000000c9e00000, 0x0000000100000000)
  region size 1024K, 3 young (3072K), 2 survivors (2048K)
 Metaspace       used 35041K, committed 35392K, reserved 1081344K
  class space    used 4553K, committed 4736K, reserved 1048576K
}
Event: 9.014 GC heap after
{Heap after GC invocations=20 (full 0):
 garbage-first heap   total 163840K, used 37236K [0x00000000c9e00000, 0x0000000100000000)
  region size 1024K, 1 young (1024K), 1 survivors (1024K)
 Metaspace       used 35041K, committed 35392K, reserved 1081344K
  class space    used 4553K, committed 4736K, reserved 1048576K
}
Event: 11.114 GC heap before
{Heap before GC invocations=20 (full 0):
 garbage-first heap   total 163840K, used 114036K [0x00000000c9e00000, 0x0000000100000000)
  region size 1024K, 74 young (75776K), 1 survivors (1024K)
 Metaspace       used 35096K, committed 35456K, reserved 1081344K
  class space    used 4564K, committed 4736K, reserved 1048576K
}
Event: 11.186 GC heap after
{Heap after GC invocations=21 (full 0):
 garbage-first heap   total 163840K, used 62418K [0x00000000c9e00000, 0x0000000100000000)
  region size 1024K, 10 young (10240K), 10 survivors (10240K)
 Metaspace       used 35096K, committed 35456K, reserved 1081344K
  class space    used 4564K, committed 4736K, reserved 1048576K
}
Event: 11.349 GC heap before
{Heap before GC invocations=21 (full 0):
 garbage-first heap   total 163840K, used 104402K [0x00000000c9e00000, 0x0000000100000000)
  region size 1024K, 52 young (53248K), 10 survivors (10240K)
 Metaspace       used 35198K, committed 35520K, reserved 1081344K
  class space    used 4576K, committed 4736K, reserved 1048576K
}
Event: 11.396 GC heap after
{Heap after GC invocations=22 (full 0):
 garbage-first heap   total 163840K, used 65530K [0x00000000c9e00000, 0x0000000100000000)
  region size 1024K, 3 young (3072K), 3 survivors (3072K)
 Metaspace       used 35198K, committed 35520K, reserved 1081344K
  class space    used 4576K, committed 4736K, reserved 1048576K
}
Event: 11.954 GC heap before
{Heap before GC invocations=22 (full 0):
 garbage-first heap   total 163840K, used 111610K [0x00000000c9e00000, 0x0000000100000000)
  region size 1024K, 49 young (50176K), 3 survivors (3072K)
 Metaspace       used 35198K, committed 35520K, reserved 1081344K
  class space    used 4576K, committed 4736K, reserved 1048576K
}
Event: 11.957 GC heap after
{Heap after GC invocations=23 (full 0):
 garbage-first heap   total 163840K, used 67010K [0x00000000c9e00000, 0x0000000100000000)
  region size 1024K, 4 young (4096K), 4 survivors (4096K)
 Metaspace       used 35198K, committed 35520K, reserved 1081344K
  class space    used 4576K, committed 4736K, reserved 1048576K
}
Event: 12.345 GC heap before
{Heap before GC invocations=23 (full 0):
 garbage-first heap   total 163840K, used 118210K [0x00000000c9e00000, 0x0000000100000000)
  region size 1024K, 55 young (56320K), 4 survivors (4096K)
 Metaspace       used 35198K, committed 35520K, reserved 1081344K
  class space    used 4576K, committed 4736K, reserved 1048576K
}
Event: 12.349 GC heap after
{Heap after GC invocations=24 (full 0):
 garbage-first heap   total 163840K, used 68787K [0x00000000c9e00000, 0x0000000100000000)
  region size 1024K, 6 young (6144K), 6 survivors (6144K)
 Metaspace       used 35198K, committed 35520K, reserved 1081344K
  class space    used 4576K, committed 4736K, reserved 1048576K
}
Event: 12.766 GC heap before
{Heap before GC invocations=24 (full 0):
 garbage-first heap   total 163840K, used 122035K [0x00000000c9e00000, 0x0000000100000000)
  region size 1024K, 59 young (60416K), 6 survivors (6144K)
 Metaspace       used 35198K, committed 35520K, reserved 1081344K
  class space    used 4576K, committed 4736K, reserved 1048576K
}
Event: 12.773 GC heap after
{Heap after GC invocations=25 (full 0):
 garbage-first heap   total 163840K, used 70885K [0x00000000c9e00000, 0x0000000100000000)
  region size 1024K, 6 young (6144K), 6 survivors (6144K)
 Metaspace       used 35198K, committed 35520K, reserved 1081344K
  class space    used 4576K, committed 4736K, reserved 1048576K
}
Event: 12.892 GC heap before
{Heap before GC invocations=25 (full 0):
 garbage-first heap   total 163840K, used 125157K [0x00000000c9e00000, 0x0000000100000000)
  region size 1024K, 60 young (61440K), 6 survivors (6144K)
 Metaspace       used 35198K, committed 35520K, reserved 1081344K
  class space    used 4576K, committed 4736K, reserved 1048576K
}
Event: 12.898 GC heap after
{Heap after GC invocations=26 (full 0):
 garbage-first heap   total 163840K, used 72987K [0x00000000c9e00000, 0x0000000100000000)
  region size 1024K, 6 young (6144K), 6 survivors (6144K)
 Metaspace       used 35198K, committed 35520K, reserved 1081344K
  class space    used 4576K, committed 4736K, reserved 1048576K
}
Event: 13.039 GC heap before
{Heap before GC invocations=26 (full 0):
 garbage-first heap   total 163840K, used 128283K [0x00000000c9e00000, 0x0000000100000000)
  region size 1024K, 61 young (62464K), 6 survivors (6144K)
 Metaspace       used 35198K, committed 35520K, reserved 1081344K
  class space    used 4576K, committed 4736K, reserved 1048576K
}

