# JRE version: OpenJDK Runtime Environment Temurin-17.0.3+7 (17.0.3+7) (build 17.0.3+7)
# Java VM: OpenJDK 64-Bit Server VM Temurin-17.0.3+7 (17.0.3+7, mixed mode, emulated-client, tiered, compressed oops, compressed class ptrs, g1 gc, windows-amd64)
GC Precious Log:
 CPUs: 2 total, 2 available
 Memory: 3463M
 Large Page Support: Disabled
 NUMA Support: Disabled
 Compressed Oops: Enabled (32-bit)
 Heap Region Size: 1M
 Heap Min Capacity: 8M
 Heap Initial Capacity: 56M
 Heap Max Capacity: 866M
 Pre-touch: Disabled
 Parallel Workers: 2
 Concurrent Workers: 1
 Concurrent Refinement Workers: 2
 Periodic GC: Disabled
Heap:
 garbage-first heap   total 196608K, used 71869K [0x00000000c9e00000, 0x0000000100000000)
  region size 1024K, 6 young (6144K), 6 survivors (6144K)
 Metaspace       used 35191K, committed 35520K, reserved 1081344K
  class space    used 4581K, committed 4736K, reserved 1048576K
GC Heap History (20 events):
Event: 11.299 GC heap after
{Heap after GC invocations=20 (full 0):
 garbage-first heap   total 54272K, used 35418K [0x00000000c9e00000, 0x0000000100000000)
  region size 1024K, 2 young (2048K), 2 survivors (2048K)
 Metaspace       used 34620K, committed 34944K, reserved 1081344K
  class space    used 4482K, committed 4608K, reserved 1048576K
}
Event: 11.383 GC heap before
{Heap before GC invocations=21 (full 0):
 garbage-first heap   total 65536K, used 42586K [0x00000000c9e00000, 0x0000000100000000)
  region size 1024K, 9 young (9216K), 2 survivors (2048K)
 Metaspace       used 34638K, committed 34944K, reserved 1081344K
  class space    used 4487K, committed 4608K, reserved 1048576K
}
Event: 11.392 GC heap after
{Heap after GC invocations=22 (full 0):
 garbage-first heap   total 65536K, used 36481K [0x00000000c9e00000, 0x0000000100000000)
  region size 1024K, 2 young (2048K), 2 survivors (2048K)
 Metaspace       used 34638K, committed 34944K, reserved 1081344K
  class space    used 4487K, committed 4608K, reserved 1048576K
}
Event: 11.398 GC heap before
{Heap before GC invocations=22 (full 0):
 garbage-first heap   total 65536K, used 37505K [0x00000000c9e00000, 0x0000000100000000)
  region size 1024K, 3 young (3072K), 2 survivors (2048K)
 Metaspace       used 34638K, committed 34944K, reserved 1081344K
  class space    used 4487K, committed 4608K, reserved 1048576K
}
Event: 11.405 GC heap after
{Heap after GC invocations=23 (full 0):
 garbage-first heap   total 65536K, used 36406K [0x00000000c9e00000, 0x0000000100000000)
  region size 1024K, 1 young (1024K), 1 survivors (1024K)
 Metaspace       used 34638K, committed 34944K, reserved 1081344K
  class space    used 4487K, committed 4608K, reserved 1048576K
}
Event: 11.590 GC heap before
{Heap before GC invocations=23 (full 0):
 garbage-first heap   total 65536K, used 48694K [0x00000000c9e00000, 0x0000000100000000)
  region size 1024K, 14 young (14336K), 1 survivors (1024K)
 Metaspace       used 34638K, committed 34944K, reserved 1081344K
  class space    used 4487K, committed 4608K, reserved 1048576K
}
Event: 11.598 GC heap after
{Heap after GC invocations=24 (full 0):
 garbage-first heap   total 192512K, used 39392K [0x00000000c9e00000, 0x0000000100000000)
  region size 1024K, 2 young (2048K), 2 survivors (2048K)
 Metaspace       used 34638K, committed 34944K, reserved 1081344K
  class space    used 4487K, committed 4608K, reserved 1048576K
}
Event: 13.706 GC heap before
{Heap before GC invocations=25 (full 0):
 garbage-first heap   total 143360K, used 121312K [0x00000000c9e00000, 0x0000000100000000)
  region size 1024K, 82 young (83968K), 2 survivors (2048K)
 Metaspace       used 35101K, committed 35392K, reserved 1081344K
  class space    used 4574K, committed 4736K, reserved 1048576K
}
Event: 13.764 GC heap after
{Heap after GC invocations=26 (full 0):
 garbage-first heap   total 147456K, used 62743K [0x00000000c9e00000, 0x0000000100000000)
  region size 1024K, 11 young (11264K), 11 survivors (11264K)
 Metaspace       used 35101K, committed 35392K, reserved 1081344K
  class space    used 4574K, committed 4736K, reserved 1048576K
}
Event: 13.773 GC heap before
{Heap before GC invocations=26 (full 0):
 garbage-first heap   total 147456K, used 62743K [0x00000000c9e00000, 0x0000000100000000)
  region size 1024K, 12 young (12288K), 11 survivors (11264K)
 Metaspace       used 35102K, committed 35392K, reserved 1081344K
  class space    used 4574K, committed 4736K, reserved 1048576K
}
Event: 13.792 GC heap after
{Heap after GC invocations=27 (full 0):
 garbage-first heap   total 147456K, used 63910K [0x00000000c9e00000, 0x0000000100000000)
  region size 1024K, 1 young (1024K), 1 survivors (1024K)
 Metaspace       used 35102K, committed 35392K, reserved 1081344K
  class space    used 4574K, committed 4736K, reserved 1048576K
}
Event: 13.881 GC heap before
{Heap before GC invocations=27 (full 0):
 garbage-first heap   total 147456K, used 101798K [0x00000000c9e00000, 0x0000000100000000)
  region size 1024K, 39 young (39936K), 1 survivors (1024K)
 Metaspace       used 35190K, committed 35520K, reserved 1081344K
  class space    used 4581K, committed 4736K, reserved 1048576K
}
Event: 13.883 GC heap after
{Heap after GC invocations=28 (full 0):
 garbage-first heap   total 147456K, used 64793K [0x00000000c9e00000, 0x0000000100000000)
  region size 1024K, 2 young (2048K), 2 survivors (2048K)
 Metaspace       used 35190K, committed 35520K, reserved 1081344K
  class space    used 4581K, committed 4736K, reserved 1048576K
}
Event: 13.978 GC heap before
{Heap before GC invocations=28 (full 0):
 garbage-first heap   total 147456K, used 104729K [0x00000000c9e00000, 0x0000000100000000)
  region size 1024K, 41 young (41984K), 2 survivors (2048K)
 Metaspace       used 35190K, committed 35520K, reserved 1081344K
  class space    used 4581K, committed 4736K, reserved 1048576K
}
Event: 13.980 GC heap after
{Heap after GC invocations=29 (full 0):
 garbage-first heap   total 147456K, used 66317K [0x00000000c9e00000, 0x0000000100000000)
  region size 1024K, 4 young (4096K), 4 survivors (4096K)
 Metaspace       used 35190K, committed 35520K, reserved 1081344K
  class space    used 4581K, committed 4736K, reserved 1048576K
}
Event: 14.047 GC heap before
{Heap before GC invocations=29 (full 0):
 garbage-first heap   total 147456K, used 108301K [0x00000000c9e00000, 0x0000000100000000)
  region size 1024K, 46 young (47104K), 4 survivors (4096K)
 Metaspace       used 35190K, committed 35520K, reserved 1081344K
  class space    used 4581K, committed 4736K, reserved 1048576K
}
Event: 14.051 GC heap after
{Heap after GC invocations=30 (full 0):
 garbage-first heap   total 147456K, used 68268K [0x00000000c9e00000, 0x0000000100000000)
  region size 1024K, 4 young (4096K), 4 survivors (4096K)
 Metaspace       used 35190K, committed 35520K, reserved 1081344K
  class space    used 4581K, committed 4736K, reserved 1048576K
}
Event: 14.124 GC heap before
{Heap before GC invocations=30 (full 0):
 garbage-first heap   total 147456K, used 112300K [0x00000000c9e00000, 0x0000000100000000)
  region size 1024K, 48 young (49152K), 4 survivors (4096K)
 Metaspace       used 35190K, committed 35520K, reserved 1081344K
  class space    used 4581K, committed 4736K, reserved 1048576K
}
Event: 14.128 GC heap after
{Heap after GC invocations=31 (full 0):
 garbage-first heap   total 147456K, used 70117K [0x00000000c9e00000, 0x0000000100000000)
  region size 1024K, 4 young (4096K), 4 survivors (4096K)
 Metaspace       used 35190K, committed 35520K, reserved 1081344K
  class space    used 4581K, committed 4736K, reserved 1048576K
}
Event: 14.201 GC heap before
{Heap before GC invocations=31 (full 0):
 garbage-first heap   total 147456K, used 115173K [0x00000000c9e00000, 0x0000000100000000)
  region size 1024K, 49 young (50176K), 4 survivors (4096K)
 Metaspace       used 35191K, committed 35520K, reserved 1081344K
  class space    used 4581K, committed 4736K, reserved 1048576K
}

