# JRE version: OpenJDK Runtime Environment Temurin-17.0.3+7 (17.0.3+7) (build 17.0.3+7)
# Java VM: OpenJDK 64-Bit Server VM Temurin-17.0.3+7 (17.0.3+7, mixed mode, emulated-client, tiered, compressed oops, compressed class ptrs, g1 gc, windows-amd64)
GC Precious Log:
 CPUs: 2 total, 2 available
 Memory: 3463M
 Large Page Support: Disabled
 NUMA Support: Disabled
 Compressed Oops: Enabled (32-bit)
 Heap Region Size: 1M
 Heap Min Capacity: 8M
 Heap Initial Capacity: 56M
 Heap Max Capacity: 866M
 Pre-touch: Disabled
 Parallel Workers: 2
 Concurrent Workers: 1
 Concurrent Refinement Workers: 2
 Periodic GC: Disabled
Heap:
 garbage-first heap   total 221184K, used 91907K [0x00000000c9e00000, 0x0000000100000000)
  region size 1024K, 8 young (8192K), 8 survivors (8192K)
 Metaspace       used 35200K, committed 35520K, reserved 1081344K
  class space    used 4579K, committed 4736K, reserved 1048576K
GC Heap History (20 events):
Event: 7.548 GC heap after
{Heap after GC invocations=21 (full 0):
 garbage-first heap   total 103424K, used 57519K [0x00000000c9e00000, 0x0000000100000000)
  region size 1024K, 2 young (2048K), 2 survivors (2048K)
 Metaspace       used 35041K, committed 35328K, reserved 1081344K
  class space    used 4556K, committed 4672K, reserved 1048576K
}
Event: 7.853 GC heap before
{Heap before GC invocations=22 (full 0):
 garbage-first heap   total 103424K, used 71855K [0x00000000c9e00000, 0x0000000100000000)
  region size 1024K, 17 young (17408K), 2 survivors (2048K)
 Metaspace       used 35098K, committed 35456K, reserved 1081344K
  class space    used 4566K, committed 4736K, reserved 1048576K
}
Event: 7.878 GC heap after
{Heap after GC invocations=23 (full 0):
 garbage-first heap   total 103424K, used 61928K [0x00000000c9e00000, 0x0000000100000000)
  region size 1024K, 3 young (3072K), 3 survivors (3072K)
 Metaspace       used 35098K, committed 35456K, reserved 1081344K
  class space    used 4566K, committed 4736K, reserved 1048576K
}
Event: 7.901 GC heap before
{Heap before GC invocations=23 (full 0):
 garbage-first heap   total 103424K, used 63976K [0x00000000c9e00000, 0x0000000100000000)
  region size 1024K, 5 young (5120K), 3 survivors (3072K)
 Metaspace       used 35098K, committed 35456K, reserved 1081344K
  class space    used 4566K, committed 4736K, reserved 1048576K
}
Event: 7.912 GC heap after
{Heap after GC invocations=24 (full 0):
 garbage-first heap   total 221184K, used 62206K [0x00000000c9e00000, 0x0000000100000000)
  region size 1024K, 1 young (1024K), 1 survivors (1024K)
 Metaspace       used 35098K, committed 35456K, reserved 1081344K
  class space    used 4566K, committed 4736K, reserved 1048576K
}
Event: 8.121 GC heap before
{Heap before GC invocations=24 (full 0):
 garbage-first heap   total 221184K, used 122622K [0x00000000c9e00000, 0x0000000100000000)
  region size 1024K, 61 young (62464K), 1 survivors (1024K)
 Metaspace       used 35199K, committed 35520K, reserved 1081344K
  class space    used 4579K, committed 4736K, reserved 1048576K
}
Event: 8.127 GC heap after
{Heap after GC invocations=25 (full 0):
 garbage-first heap   total 221184K, used 64314K [0x00000000c9e00000, 0x0000000100000000)
  region size 1024K, 3 young (3072K), 3 survivors (3072K)
 Metaspace       used 35199K, committed 35520K, reserved 1081344K
  class space    used 4579K, committed 4736K, reserved 1048576K
}
Event: 8.326 GC heap before
{Heap before GC invocations=25 (full 0):
 garbage-first heap   total 221184K, used 152378K [0x00000000c9e00000, 0x0000000100000000)
  region size 1024K, 90 young (92160K), 3 survivors (3072K)
 Metaspace       used 35199K, committed 35520K, reserved 1081344K
  class space    used 4579K, committed 4736K, reserved 1048576K
}
Event: 8.363 GC heap after
{Heap after GC invocations=26 (full 0):
 garbage-first heap   total 221184K, used 67859K [0x00000000c9e00000, 0x0000000100000000)
  region size 1024K, 6 young (6144K), 6 survivors (6144K)
 Metaspace       used 35199K, committed 35520K, reserved 1081344K
  class space    used 4579K, committed 4736K, reserved 1048576K
}
Event: 8.501 GC heap before
{Heap before GC invocations=26 (full 0):
 garbage-first heap   total 221184K, used 160019K [0x00000000c9e00000, 0x0000000100000000)
  region size 1024K, 97 young (99328K), 6 survivors (6144K)
 Metaspace       used 35199K, committed 35520K, reserved 1081344K
  class space    used 4579K, committed 4736K, reserved 1048576K
}
Event: 8.518 GC heap after
{Heap after GC invocations=27 (full 0):
 garbage-first heap   total 221184K, used 71928K [0x00000000c9e00000, 0x0000000100000000)
  region size 1024K, 10 young (10240K), 10 survivors (10240K)
 Metaspace       used 35199K, committed 35520K, reserved 1081344K
  class space    used 4579K, committed 4736K, reserved 1048576K
}
Event: 9.081 GC heap before
{Heap before GC invocations=27 (full 0):
 garbage-first heap   total 221184K, used 165112K [0x00000000c9e00000, 0x0000000100000000)
  region size 1024K, 102 young (104448K), 10 survivors (10240K)
 Metaspace       used 35199K, committed 35520K, reserved 1081344K
  class space    used 4579K, committed 4736K, reserved 1048576K
}
Event: 9.103 GC heap after
{Heap after GC invocations=28 (full 0):
 garbage-first heap   total 221184K, used 75358K [0x00000000c9e00000, 0x0000000100000000)
  region size 1024K, 8 young (8192K), 8 survivors (8192K)
 Metaspace       used 35199K, committed 35520K, reserved 1081344K
  class space    used 4579K, committed 4736K, reserved 1048576K
}
Event: 9.572 GC heap before
{Heap before GC invocations=28 (full 0):
 garbage-first heap   total 221184K, used 170590K [0x00000000c9e00000, 0x0000000100000000)
  region size 1024K, 103 young (105472K), 8 survivors (8192K)
 Metaspace       used 35200K, committed 35520K, reserved 1081344K
  class space    used 4579K, committed 4736K, reserved 1048576K
}
Event: 9.582 GC heap after
{Heap after GC invocations=29 (full 0):
 garbage-first heap   total 221184K, used 79489K [0x00000000c9e00000, 0x0000000100000000)
  region size 1024K, 8 young (8192K), 8 survivors (8192K)
 Metaspace       used 35200K, committed 35520K, reserved 1081344K
  class space    used 4579K, committed 4736K, reserved 1048576K
}
Event: 9.982 GC heap before
{Heap before GC invocations=29 (full 0):
 garbage-first heap   total 221184K, used 174721K [0x00000000c9e00000, 0x0000000100000000)
  region size 1024K, 102 young (104448K), 8 survivors (8192K)
 Metaspace       used 35200K, committed 35520K, reserved 1081344K
  class space    used 4579K, committed 4736K, reserved 1048576K
}
Event: 9.992 GC heap after
{Heap after GC invocations=30 (full 0):
 garbage-first heap   total 221184K, used 83596K [0x00000000c9e00000, 0x0000000100000000)
  region size 1024K, 8 young (8192K), 8 survivors (8192K)
 Metaspace       used 35200K, committed 35520K, reserved 1081344K
  class space    used 4579K, committed 4736K, reserved 1048576K
}
Event: 10.315 GC heap before
{Heap before GC invocations=30 (full 0):
 garbage-first heap   total 221184K, used 177804K [0x00000000c9e00000, 0x0000000100000000)
  region size 1024K, 102 young (104448K), 8 survivors (8192K)
 Metaspace       used 35200K, committed 35520K, reserved 1081344K
  class space    used 4579K, committed 4736K, reserved 1048576K
}
Event: 10.330 GC heap after
{Heap after GC invocations=31 (full 0):
 garbage-first heap   total 221184K, used 87766K [0x00000000c9e00000, 0x0000000100000000)
  region size 1024K, 8 young (8192K), 8 survivors (8192K)
 Metaspace       used 35200K, committed 35520K, reserved 1081344K
  class space    used 4579K, committed 4736K, reserved 1048576K
}
Event: 10.795 GC heap before
{Heap before GC invocations=31 (full 0):
 garbage-first heap   total 221184K, used 180950K [0x00000000c9e00000, 0x0000000100000000)
  region size 1024K, 100 young (102400K), 8 survivors (8192K)
 Metaspace       used 35200K, committed 35520K, reserved 1081344K
  class space    used 4579K, committed 4736K, reserved 1048576K
}

