# JRE version: OpenJDK Runtime Environment Temurin-17.0.3+7 (17.0.3+7) (build 17.0.3+7)
# Java VM: OpenJDK 64-Bit Server VM Temurin-17.0.3+7 (17.0.3+7, mixed mode, emulated-client, tiered, compressed oops, compressed class ptrs, g1 gc, windows-amd64)
GC Precious Log:
 CPUs: 2 total, 2 available
 Memory: 3463M
 Large Page Support: Disabled
 NUMA Support: Disabled
 Compressed Oops: Enabled (32-bit)
 Heap Region Size: 1M
 Heap Min Capacity: 8M
 Heap Initial Capacity: 56M
 Heap Max Capacity: 866M
 Pre-touch: Disabled
 Parallel Workers: 2
 Concurrent Workers: 1
 Concurrent Refinement Workers: 2
 Periodic GC: Disabled
Heap:
 garbage-first heap   total 276480K, used 78047K [0x00000000c9e00000, 0x0000000100000000)
  region size 1024K, 10 young (10240K), 10 survivors (10240K)
 Metaspace       used 35201K, committed 35520K, reserved 1081344K
  class space    used 4579K, committed 4736K, reserved 1048576K
GC Heap History (20 events):
Event: 8.138 GC heap after
{Heap after GC invocations=20 (full 0):
 garbage-first heap   total 92160K, used 41114K [0x00000000c9e00000, 0x0000000100000000)
  region size 1024K, 5 young (5120K), 5 survivors (5120K)
 Metaspace       used 35040K, committed 35328K, reserved 1081344K
  class space    used 4553K, committed 4672K, reserved 1048576K
}
Event: 8.144 GC heap before
{Heap before GC invocations=20 (full 0):
 garbage-first heap   total 92160K, used 42138K [0x00000000c9e00000, 0x0000000100000000)
  region size 1024K, 6 young (6144K), 5 survivors (5120K)
 Metaspace       used 35040K, committed 35328K, reserved 1081344K
  class space    used 4553K, committed 4672K, reserved 1048576K
}
Event: 8.152 GC heap after
{Heap after GC invocations=21 (full 0):
 garbage-first heap   total 92160K, used 41842K [0x00000000c9e00000, 0x0000000100000000)
  region size 1024K, 1 young (1024K), 1 survivors (1024K)
 Metaspace       used 35040K, committed 35328K, reserved 1081344K
  class space    used 4553K, committed 4672K, reserved 1048576K
}
Event: 8.865 GC heap before
{Heap before GC invocations=21 (full 0):
 garbage-first heap   total 92160K, used 61298K [0x00000000c9e00000, 0x0000000100000000)
  region size 1024K, 21 young (21504K), 1 survivors (1024K)
 Metaspace       used 35042K, committed 35328K, reserved 1081344K
  class space    used 4554K, committed 4672K, reserved 1048576K
}
Event: 8.877 GC heap after
{Heap after GC invocations=22 (full 0):
 garbage-first heap   total 92160K, used 48376K [0x00000000c9e00000, 0x0000000100000000)
  region size 1024K, 4 young (4096K), 4 survivors (4096K)
 Metaspace       used 35042K, committed 35328K, reserved 1081344K
  class space    used 4554K, committed 4672K, reserved 1048576K
}
Event: 9.077 GC heap before
{Heap before GC invocations=23 (full 0):
 garbage-first heap   total 92160K, used 69880K [0x00000000c9e00000, 0x0000000100000000)
  region size 1024K, 23 young (23552K), 4 survivors (4096K)
 Metaspace       used 35044K, committed 35328K, reserved 1081344K
  class space    used 4557K, committed 4672K, reserved 1048576K
}
Event: 9.102 GC heap after
{Heap after GC invocations=24 (full 0):
 garbage-first heap   total 92160K, used 60854K [0x00000000c9e00000, 0x0000000100000000)
  region size 1024K, 3 young (3072K), 3 survivors (3072K)
 Metaspace       used 35044K, committed 35328K, reserved 1081344K
  class space    used 4557K, committed 4672K, reserved 1048576K
}
Event: 9.113 GC heap before
{Heap before GC invocations=24 (full 0):
 garbage-first heap   total 92160K, used 61878K [0x00000000c9e00000, 0x0000000100000000)
  region size 1024K, 4 young (4096K), 3 survivors (3072K)
 Metaspace       used 35044K, committed 35328K, reserved 1081344K
  class space    used 4557K, committed 4672K, reserved 1048576K
}
Event: 9.120 GC heap after
{Heap after GC invocations=25 (full 0):
 garbage-first heap   total 92160K, used 61952K [0x00000000c9e00000, 0x0000000100000000)
  region size 1024K, 1 young (1024K), 1 survivors (1024K)
 Metaspace       used 35044K, committed 35328K, reserved 1081344K
  class space    used 4557K, committed 4672K, reserved 1048576K
}
Event: 9.248 GC heap before
{Heap before GC invocations=25 (full 0):
 garbage-first heap   total 92160K, used 70144K [0x00000000c9e00000, 0x0000000100000000)
  region size 1024K, 10 young (10240K), 1 survivors (1024K)
 Metaspace       used 35102K, committed 35392K, reserved 1081344K
  class space    used 4565K, committed 4736K, reserved 1048576K
}
Event: 9.255 GC heap after
{Heap after GC invocations=26 (full 0):
 garbage-first heap   total 276480K, used 62570K [0x00000000c9e00000, 0x0000000100000000)
  region size 1024K, 2 young (2048K), 2 survivors (2048K)
 Metaspace       used 35102K, committed 35392K, reserved 1081344K
  class space    used 4565K, committed 4736K, reserved 1048576K
}
Event: 9.762 GC heap before
{Heap before GC invocations=27 (full 0):
 garbage-first heap   total 245760K, used 157802K [0x00000000c9e00000, 0x0000000100000000)
  region size 1024K, 98 young (100352K), 2 survivors (2048K)
 Metaspace       used 35200K, committed 35520K, reserved 1081344K
  class space    used 4578K, committed 4736K, reserved 1048576K
}
Event: 9.779 GC heap after
{Heap after GC invocations=28 (full 0):
 garbage-first heap   total 245760K, used 64281K [0x00000000c9e00000, 0x0000000100000000)
  region size 1024K, 6 young (6144K), 6 survivors (6144K)
 Metaspace       used 35200K, committed 35520K, reserved 1081344K
  class space    used 4578K, committed 4736K, reserved 1048576K
}
Event: 9.809 GC heap before
{Heap before GC invocations=28 (full 0):
 garbage-first heap   total 245760K, used 69401K [0x00000000c9e00000, 0x0000000100000000)
  region size 1024K, 12 young (12288K), 6 survivors (6144K)
 Metaspace       used 35200K, committed 35520K, reserved 1081344K
  class space    used 4578K, committed 4736K, reserved 1048576K
}
Event: 9.818 GC heap after
{Heap after GC invocations=29 (full 0):
 garbage-first heap   total 245760K, used 64354K [0x00000000c9e00000, 0x0000000100000000)
  region size 1024K, 1 young (1024K), 1 survivors (1024K)
 Metaspace       used 35200K, committed 35520K, reserved 1081344K
  class space    used 4578K, committed 4736K, reserved 1048576K
}
Event: 10.065 GC heap before
{Heap before GC invocations=29 (full 0):
 garbage-first heap   total 245760K, used 183138K [0x00000000c9e00000, 0x0000000100000000)
  region size 1024K, 118 young (120832K), 1 survivors (1024K)
 Metaspace       used 35200K, committed 35520K, reserved 1081344K
  class space    used 4578K, committed 4736K, reserved 1048576K
}
Event: 10.098 GC heap after
{Heap after GC invocations=30 (full 0):
 garbage-first heap   total 245760K, used 68360K [0x00000000c9e00000, 0x0000000100000000)
  region size 1024K, 5 young (5120K), 5 survivors (5120K)
 Metaspace       used 35200K, committed 35520K, reserved 1081344K
  class space    used 4578K, committed 4736K, reserved 1048576K
}
Event: 10.270 GC heap before
{Heap before GC invocations=30 (full 0):
 garbage-first heap   total 245760K, used 188168K [0x00000000c9e00000, 0x0000000100000000)
  region size 1024K, 123 young (125952K), 5 survivors (5120K)
 Metaspace       used 35200K, committed 35520K, reserved 1081344K
  class space    used 4578K, committed 4736K, reserved 1048576K
}
Event: 10.288 GC heap after
{Heap after GC invocations=31 (full 0):
 garbage-first heap   total 245760K, used 73493K [0x00000000c9e00000, 0x0000000100000000)
  region size 1024K, 10 young (10240K), 10 survivors (10240K)
 Metaspace       used 35200K, committed 35520K, reserved 1081344K
  class space    used 4578K, committed 4736K, reserved 1048576K
}
Event: 11.018 GC heap before
{Heap before GC invocations=31 (full 0):
 garbage-first heap   total 245760K, used 193301K [0x00000000c9e00000, 0x0000000100000000)
  region size 1024K, 129 young (132096K), 10 survivors (10240K)
 Metaspace       used 35201K, committed 35520K, reserved 1081344K
  class space    used 4579K, committed 4736K, reserved 1048576K
}

