# JRE version: OpenJDK Runtime Environment Temurin-17.0.3+7 (17.0.3+7) (build 17.0.3+7)
# Java VM: OpenJDK 64-Bit Server VM Temurin-17.0.3+7 (17.0.3+7, mixed mode, emulated-client, tiered, compressed oops, compressed class ptrs, g1 gc, windows-amd64)
GC Precious Log:
 CPUs: 2 total, 2 available
 Memory: 3463M
 Large Page Support: Disabled
 NUMA Support: Disabled
 Compressed Oops: Enabled (32-bit)
 Heap Region Size: 1M
 Heap Min Capacity: 8M
 Heap Initial Capacity: 56M
 Heap Max Capacity: 866M
 Pre-touch: Disabled
 Parallel Workers: 2
 Concurrent Workers: 1
 Concurrent Refinement Workers: 2
 Periodic GC: Disabled
Heap:
 garbage-first heap   total 57344K, used 32768K [0x00000000c9e00000, 0x0000000100000000)
  region size 1024K, 2 young (2048K), 2 survivors (2048K)
 Metaspace       used 34585K, committed 34816K, reserved 1081344K
  class space    used 4488K, committed 4608K, reserved 1048576K
GC Heap History (20 events):
Event: 38.020 GC heap after
{Heap after GC invocations=10 (full 0):
 garbage-first heap   total 45056K, used 16284K [0x00000000c9e00000, 0x0000000100000000)
  region size 1024K, 2 young (2048K), 2 survivors (2048K)
 Metaspace       used 31477K, committed 31744K, reserved 1081344K
  class space    used 3968K, committed 4096K, reserved 1048576K
}
Event: 40.935 GC heap before
{Heap before GC invocations=10 (full 0):
 garbage-first heap   total 45056K, used 31644K [0x00000000c9e00000, 0x0000000100000000)
  region size 1024K, 17 young (17408K), 2 survivors (2048K)
 Metaspace       used 33559K, committed 33792K, reserved 1081344K
  class space    used 4270K, committed 4352K, reserved 1048576K
}
Event: 40.942 GC heap after
{Heap after GC invocations=11 (full 0):
 garbage-first heap   total 45056K, used 18525K [0x00000000c9e00000, 0x0000000100000000)
  region size 1024K, 3 young (3072K), 3 survivors (3072K)
 Metaspace       used 33559K, committed 33792K, reserved 1081344K
  class space    used 4270K, committed 4352K, reserved 1048576K
}
Event: 41.331 GC heap before
{Heap before GC invocations=11 (full 0):
 garbage-first heap   total 45056K, used 31837K [0x00000000c9e00000, 0x0000000100000000)
  region size 1024K, 17 young (17408K), 3 survivors (3072K)
 Metaspace       used 33559K, committed 33792K, reserved 1081344K
  class space    used 4270K, committed 4352K, reserved 1048576K
}
Event: 41.349 GC heap after
{Heap after GC invocations=12 (full 0):
 garbage-first heap   total 45056K, used 21792K [0x00000000c9e00000, 0x0000000100000000)
  region size 1024K, 3 young (3072K), 3 survivors (3072K)
 Metaspace       used 33559K, committed 33792K, reserved 1081344K
  class space    used 4270K, committed 4352K, reserved 1048576K
}
Event: 42.187 GC heap before
{Heap before GC invocations=12 (full 0):
 garbage-first heap   total 45056K, used 33056K [0x00000000c9e00000, 0x0000000100000000)
  region size 1024K, 14 young (14336K), 3 survivors (3072K)
 Metaspace       used 34081K, committed 34432K, reserved 1081344K
  class space    used 4366K, committed 4544K, reserved 1048576K
}
Event: 42.194 GC heap after
{Heap after GC invocations=13 (full 0):
 garbage-first heap   total 45056K, used 24023K [0x00000000c9e00000, 0x0000000100000000)
  region size 1024K, 2 young (2048K), 2 survivors (2048K)
 Metaspace       used 34081K, committed 34432K, reserved 1081344K
  class space    used 4366K, committed 4544K, reserved 1048576K
}
Event: 42.862 GC heap before
{Heap before GC invocations=13 (full 0):
 garbage-first heap   total 45056K, used 33239K [0x00000000c9e00000, 0x0000000100000000)
  region size 1024K, 11 young (11264K), 2 survivors (2048K)
 Metaspace       used 34298K, committed 34624K, reserved 1081344K
  class space    used 4424K, committed 4608K, reserved 1048576K
}
Event: 42.869 GC heap after
{Heap after GC invocations=14 (full 0):
 garbage-first heap   total 45056K, used 26140K [0x00000000c9e00000, 0x0000000100000000)
  region size 1024K, 2 young (2048K), 2 survivors (2048K)
 Metaspace       used 34298K, committed 34624K, reserved 1081344K
  class space    used 4424K, committed 4608K, reserved 1048576K
}
Event: 43.070 GC heap before
{Heap before GC invocations=15 (full 0):
 garbage-first heap   total 48128K, used 34332K [0x00000000c9e00000, 0x0000000100000000)
  region size 1024K, 10 young (10240K), 2 survivors (2048K)
 Metaspace       used 34571K, committed 34816K, reserved 1081344K
  class space    used 4485K, committed 4608K, reserved 1048576K
}
Event: 43.075 GC heap after
{Heap after GC invocations=16 (full 0):
 garbage-first heap   total 48128K, used 27720K [0x00000000c9e00000, 0x0000000100000000)
  region size 1024K, 2 young (2048K), 2 survivors (2048K)
 Metaspace       used 34571K, committed 34816K, reserved 1081344K
  class space    used 4485K, committed 4608K, reserved 1048576K
}
Event: 43.078 GC heap before
{Heap before GC invocations=16 (full 0):
 garbage-first heap   total 48128K, used 28744K [0x00000000c9e00000, 0x0000000100000000)
  region size 1024K, 3 young (3072K), 2 survivors (2048K)
 Metaspace       used 34572K, committed 34816K, reserved 1081344K
  class space    used 4485K, committed 4608K, reserved 1048576K
}
Event: 43.082 GC heap after
{Heap after GC invocations=17 (full 0):
 garbage-first heap   total 48128K, used 27811K [0x00000000c9e00000, 0x0000000100000000)
  region size 1024K, 1 young (1024K), 1 survivors (1024K)
 Metaspace       used 34572K, committed 34816K, reserved 1081344K
  class space    used 4485K, committed 4608K, reserved 1048576K
}
Event: 43.108 GC heap before
{Heap before GC invocations=17 (full 0):
 garbage-first heap   total 48128K, used 37027K [0x00000000c9e00000, 0x0000000100000000)
  region size 1024K, 10 young (10240K), 1 survivors (1024K)
 Metaspace       used 34585K, committed 34816K, reserved 1081344K
  class space    used 4488K, committed 4608K, reserved 1048576K
}
Event: 43.111 GC heap after
{Heap after GC invocations=18 (full 0):
 garbage-first heap   total 48128K, used 29211K [0x00000000c9e00000, 0x0000000100000000)
  region size 1024K, 2 young (2048K), 2 survivors (2048K)
 Metaspace       used 34585K, committed 34816K, reserved 1081344K
  class space    used 4488K, committed 4608K, reserved 1048576K
}
Event: 43.225 GC heap before
{Heap before GC invocations=19 (full 0):
 garbage-first heap   total 53248K, used 37403K [0x00000000c9e00000, 0x0000000100000000)
  region size 1024K, 10 young (10240K), 2 survivors (2048K)
 Metaspace       used 34585K, committed 34816K, reserved 1081344K
  class space    used 4488K, committed 4608K, reserved 1048576K
}
Event: 43.233 GC heap after
{Heap after GC invocations=20 (full 0):
 garbage-first heap   total 53248K, used 30547K [0x00000000c9e00000, 0x0000000100000000)
  region size 1024K, 2 young (2048K), 2 survivors (2048K)
 Metaspace       used 34585K, committed 34816K, reserved 1081344K
  class space    used 4488K, committed 4608K, reserved 1048576K
}
Event: 43.236 GC heap before
{Heap before GC invocations=20 (full 0):
 garbage-first heap   total 53248K, used 31571K [0x00000000c9e00000, 0x0000000100000000)
  region size 1024K, 3 young (3072K), 2 survivors (2048K)
 Metaspace       used 34585K, committed 34816K, reserved 1081344K
  class space    used 4488K, committed 4608K, reserved 1048576K
}
Event: 43.242 GC heap after
{Heap after GC invocations=21 (full 0):
 garbage-first heap   total 53248K, used 30429K [0x00000000c9e00000, 0x0000000100000000)
  region size 1024K, 1 young (1024K), 1 survivors (1024K)
 Metaspace       used 34585K, committed 34816K, reserved 1081344K
  class space    used 4488K, committed 4608K, reserved 1048576K
}
Event: 43.445 GC heap before
{Heap before GC invocations=21 (full 0):
 garbage-first heap   total 53248K, used 40669K [0x00000000c9e00000, 0x0000000100000000)
  region size 1024K, 11 young (11264K), 1 survivors (1024K)
 Metaspace       used 34585K, committed 34816K, reserved 1081344K
  class space    used 4488K, committed 4608K, reserved 1048576K
}

