# JRE version: OpenJDK Runtime Environment Temurin-17.0.3+7 (17.0.3+7) (build 17.0.3+7)
# Java VM: OpenJDK 64-Bit Server VM Temurin-17.0.3+7 (17.0.3+7, mixed mode, tiered, compressed oops, compressed class ptrs, parallel gc, windows-amd64)
GC Precious Log:
 CPUs: 2 total, 2 available
 Memory: 3463M
 Large Page Support: Disabled
 NUMA Support: Disabled
 Compressed Oops: Enabled (32-bit)
 Alignments: Space 512K, Generation 512K, Heap 2M
 Heap Min Capacity: 100M
 Heap Initial Capacity: 100M
 Heap Max Capacity: 1G
 Pre-touch: Disabled
 Parallel Workers: 2
Heap:
 PSYoungGen      total 25088K, used 4950K [0x00000000eab00000, 0x00000000ec680000, 0x0000000100000000)
  eden space 22016K, 8% used [0x00000000eab00000,0x00000000eace6938,0x00000000ec080000)
  from space 3072K, 97% used [0x00000000ec080000,0x00000000ec36ef18,0x00000000ec380000)
  to   space 3072K, 0% used [0x00000000ec380000,0x00000000ec380000,0x00000000ec680000)
 ParOldGen       total 68608K, used 17293K [0x00000000c0000000, 0x00000000c4300000, 0x00000000eab00000)
  object space 68608K, 25% used [0x00000000c0000000,0x00000000c10e3438,0x00000000c4300000)
 Metaspace       used 44923K, committed 45696K, reserved 1089536K
  class space    used 4808K, committed 5184K, reserved 1048576K
GC Heap History (20 events):
Event: 12.999 GC heap before
{Heap before GC invocations=6 (full 1):
 PSYoungGen      total 29696K, used 25600K [0x00000000eab00000, 0x00000000ecc00000, 0x0000000100000000)
  eden space 25600K, 100% used [0x00000000eab00000,0x00000000ec400000,0x00000000ec400000)
  from space 4096K, 0% used [0x00000000ec800000,0x00000000ec800000,0x00000000ecc00000)
  to   space 4096K, 0% used [0x00000000ec400000,0x00000000ec400000,0x00000000ec800000)
 ParOldGen       total 68608K, used 10486K [0x00000000c0000000, 0x00000000c4300000, 0x00000000eab00000)
  object space 68608K, 15% used [0x00000000c0000000,0x00000000c0a3dbf0,0x00000000c4300000)
 Metaspace       used 24533K, committed 25024K, reserved 1073152K
  class space    used 2486K, committed 2688K, reserved 1048576K
}
Event: 13.002 GC heap after
{Heap after GC invocations=6 (full 1):
 PSYoungGen      total 28160K, used 2784K [0x00000000eab00000, 0x00000000ecb80000, 0x0000000100000000)
  eden space 25088K, 0% used [0x00000000eab00000,0x00000000eab00000,0x00000000ec380000)
  from space 3072K, 90% used [0x00000000ec400000,0x00000000ec6b8218,0x00000000ec700000)
  to   space 4096K, 0% used [0x00000000ec780000,0x00000000ec780000,0x00000000ecb80000)
 ParOldGen       total 68608K, used 10494K [0x00000000c0000000, 0x00000000c4300000, 0x00000000eab00000)
  object space 68608K, 15% used [0x00000000c0000000,0x00000000c0a3fbf0,0x00000000c4300000)
 Metaspace       used 24533K, committed 25024K, reserved 1073152K
  class space    used 2486K, committed 2688K, reserved 1048576K
}
Event: 15.110 GC heap before
{Heap before GC invocations=7 (full 1):
 PSYoungGen      total 28160K, used 27872K [0x00000000eab00000, 0x00000000ecb80000, 0x0000000100000000)
  eden space 25088K, 100% used [0x00000000eab00000,0x00000000ec380000,0x00000000ec380000)
  from space 3072K, 90% used [0x00000000ec400000,0x00000000ec6b8218,0x00000000ec700000)
  to   space 4096K, 0% used [0x00000000ec780000,0x00000000ec780000,0x00000000ecb80000)
 ParOldGen       total 68608K, used 10494K [0x00000000c0000000, 0x00000000c4300000, 0x00000000eab00000)
  object space 68608K, 15% used [0x00000000c0000000,0x00000000c0a3fbf0,0x00000000c4300000)
 Metaspace       used 28039K, committed 28672K, reserved 1081344K
  class space    used 2778K, committed 3072K, reserved 1048576K
}
Event: 15.114 GC heap after
{Heap after GC invocations=7 (full 1):
 PSYoungGen      total 26624K, used 1919K [0x00000000eab00000, 0x00000000ec980000, 0x0000000100000000)
  eden space 24576K, 0% used [0x00000000eab00000,0x00000000eab00000,0x00000000ec300000)
  from space 2048K, 93% used [0x00000000ec780000,0x00000000ec95fca8,0x00000000ec980000)
  to   space 2560K, 0% used [0x00000000ec480000,0x00000000ec480000,0x00000000ec700000)
 ParOldGen       total 68608K, used 10502K [0x00000000c0000000, 0x00000000c4300000, 0x00000000eab00000)
  object space 68608K, 15% used [0x00000000c0000000,0x00000000c0a41bf0,0x00000000c4300000)
 Metaspace       used 28039K, committed 28672K, reserved 1081344K
  class space    used 2778K, committed 3072K, reserved 1048576K
}
Event: 15.566 GC heap before
{Heap before GC invocations=8 (full 1):
 PSYoungGen      total 26624K, used 26495K [0x00000000eab00000, 0x00000000ec980000, 0x0000000100000000)
  eden space 24576K, 100% used [0x00000000eab00000,0x00000000ec300000,0x00000000ec300000)
  from space 2048K, 93% used [0x00000000ec780000,0x00000000ec95fca8,0x00000000ec980000)
  to   space 2560K, 0% used [0x00000000ec480000,0x00000000ec480000,0x00000000ec700000)
 ParOldGen       total 68608K, used 10502K [0x00000000c0000000, 0x00000000c4300000, 0x00000000eab00000)
  object space 68608K, 15% used [0x00000000c0000000,0x00000000c0a41bf0,0x00000000c4300000)
 Metaspace       used 30600K, committed 31168K, reserved 1081344K
  class space    used 3042K, committed 3328K, reserved 1048576K
}
Event: 15.568 GC heap after
{Heap after GC invocations=8 (full 1):
 PSYoungGen      total 26624K, used 2449K [0x00000000eab00000, 0x00000000ec800000, 0x0000000100000000)
  eden space 24064K, 0% used [0x00000000eab00000,0x00000000eab00000,0x00000000ec280000)
  from space 2560K, 95% used [0x00000000ec480000,0x00000000ec6e4508,0x00000000ec700000)
  to   space 1024K, 0% used [0x00000000ec700000,0x00000000ec700000,0x00000000ec800000)
 ParOldGen       total 68608K, used 10510K [0x00000000c0000000, 0x00000000c4300000, 0x00000000eab00000)
  object space 68608K, 15% used [0x00000000c0000000,0x00000000c0a43bf0,0x00000000c4300000)
 Metaspace       used 30600K, committed 31168K, reserved 1081344K
  class space    used 3042K, committed 3328K, reserved 1048576K
}
Event: 28.522 GC heap before
{Heap before GC invocations=9 (full 1):
 PSYoungGen      total 26624K, used 26469K [0x00000000eab00000, 0x00000000ec800000, 0x0000000100000000)
  eden space 24064K, 99% used [0x00000000eab00000,0x00000000ec275038,0x00000000ec280000)
  from space 2560K, 95% used [0x00000000ec480000,0x00000000ec6e4508,0x00000000ec700000)
  to   space 1024K, 0% used [0x00000000ec700000,0x00000000ec700000,0x00000000ec800000)
 ParOldGen       total 68608K, used 10510K [0x00000000c0000000, 0x00000000c4300000, 0x00000000eab00000)
  object space 68608K, 15% used [0x00000000c0000000,0x00000000c0a43bf0,0x00000000c4300000)
 Metaspace       used 33420K, committed 33984K, reserved 1081344K
  class space    used 3389K, committed 3648K, reserved 1048576K
}
Event: 28.556 GC heap after
{Heap after GC invocations=9 (full 1):
 PSYoungGen      total 24576K, used 1016K [0x00000000eab00000, 0x00000000eca00000, 0x0000000100000000)
  eden space 23552K, 0% used [0x00000000eab00000,0x00000000eab00000,0x00000000ec200000)
  from space 1024K, 99% used [0x00000000ec700000,0x00000000ec7fe2e8,0x00000000ec800000)
  to   space 4096K, 0% used [0x00000000ec200000,0x00000000ec200000,0x00000000ec600000)
 ParOldGen       total 68608K, used 13124K [0x00000000c0000000, 0x00000000c4300000, 0x00000000eab00000)
  object space 68608K, 19% used [0x00000000c0000000,0x00000000c0cd1058,0x00000000c4300000)
 Metaspace       used 33420K, committed 33984K, reserved 1081344K
  class space    used 3389K, committed 3648K, reserved 1048576K
}
Event: 32.104 GC heap before
{Heap before GC invocations=10 (full 1):
 PSYoungGen      total 24576K, used 16085K [0x00000000eab00000, 0x00000000eca00000, 0x0000000100000000)
  eden space 23552K, 63% used [0x00000000eab00000,0x00000000eb9b7500,0x00000000ec200000)
  from space 1024K, 99% used [0x00000000ec700000,0x00000000ec7fe2e8,0x00000000ec800000)
  to   space 4096K, 0% used [0x00000000ec200000,0x00000000ec200000,0x00000000ec600000)
 ParOldGen       total 68608K, used 13124K [0x00000000c0000000, 0x00000000c4300000, 0x00000000eab00000)
  object space 68608K, 19% used [0x00000000c0000000,0x00000000c0cd1058,0x00000000c4300000)
 Metaspace       used 35233K, committed 35840K, reserved 1081344K
  class space    used 3615K, committed 3904K, reserved 1048576K
}
Event: 32.106 GC heap after
{Heap after GC invocations=10 (full 1):
 PSYoungGen      total 24576K, used 542K [0x00000000eab00000, 0x00000000ec780000, 0x0000000100000000)
  eden space 23552K, 0% used [0x00000000eab00000,0x00000000eab00000,0x00000000ec200000)
  from space 1024K, 52% used [0x00000000ec200000,0x00000000ec287aa0,0x00000000ec300000)
  to   space 2048K, 0% used [0x00000000ec580000,0x00000000ec580000,0x00000000ec780000)
 ParOldGen       total 68608K, used 14084K [0x00000000c0000000, 0x00000000c4300000, 0x00000000eab00000)
  object space 68608K, 20% used [0x00000000c0000000,0x00000000c0dc12e0,0x00000000c4300000)
 Metaspace       used 35233K, committed 35840K, reserved 1081344K
  class space    used 3615K, committed 3904K, reserved 1048576K
}
Event: 32.106 GC heap before
{Heap before GC invocations=11 (full 2):
 PSYoungGen      total 24576K, used 542K [0x00000000eab00000, 0x00000000ec780000, 0x0000000100000000)
  eden space 23552K, 0% used [0x00000000eab00000,0x00000000eab00000,0x00000000ec200000)
  from space 1024K, 52% used [0x00000000ec200000,0x00000000ec287aa0,0x00000000ec300000)
  to   space 2048K, 0% used [0x00000000ec580000,0x00000000ec580000,0x00000000ec780000)
 ParOldGen       total 68608K, used 14084K [0x00000000c0000000, 0x00000000c4300000, 0x00000000eab00000)
  object space 68608K, 20% used [0x00000000c0000000,0x00000000c0dc12e0,0x00000000c4300000)
 Metaspace       used 35233K, committed 35840K, reserved 1081344K
  class space    used 3615K, committed 3904K, reserved 1048576K
}
Event: 32.165 GC heap after
{Heap after GC invocations=11 (full 2):
 PSYoungGen      total 24576K, used 0K [0x00000000eab00000, 0x00000000ec780000, 0x0000000100000000)
  eden space 23552K, 0% used [0x00000000eab00000,0x00000000eab00000,0x00000000ec200000)
  from space 1024K, 0% used [0x00000000ec200000,0x00000000ec200000,0x00000000ec300000)
  to   space 2048K, 0% used [0x00000000ec580000,0x00000000ec580000,0x00000000ec780000)
 ParOldGen       total 68608K, used 12856K [0x00000000c0000000, 0x00000000c4300000, 0x00000000eab00000)
  object space 68608K, 18% used [0x00000000c0000000,0x00000000c0c8e370,0x00000000c4300000)
 Metaspace       used 35233K, committed 35840K, reserved 1081344K
  class space    used 3615K, committed 3904K, reserved 1048576K
}
Event: 35.050 GC heap before
{Heap before GC invocations=12 (full 2):
 PSYoungGen      total 24576K, used 23552K [0x00000000eab00000, 0x00000000ec780000, 0x0000000100000000)
  eden space 23552K, 100% used [0x00000000eab00000,0x00000000ec200000,0x00000000ec200000)
  from space 1024K, 0% used [0x00000000ec200000,0x00000000ec200000,0x00000000ec300000)
  to   space 2048K, 0% used [0x00000000ec580000,0x00000000ec580000,0x00000000ec780000)
 ParOldGen       total 68608K, used 12856K [0x00000000c0000000, 0x00000000c4300000, 0x00000000eab00000)
  object space 68608K, 18% used [0x00000000c0000000,0x00000000c0c8e370,0x00000000c4300000)
 Metaspace       used 38520K, committed 39168K, reserved 1089536K
  class space    used 4044K, committed 4352K, reserved 1048576K
}
Event: 35.053 GC heap after
{Heap after GC invocations=12 (full 2):
 PSYoungGen      total 24576K, used 1408K [0x00000000eab00000, 0x00000000ec700000, 0x0000000100000000)
  eden space 23040K, 0% used [0x00000000eab00000,0x00000000eab00000,0x00000000ec180000)
  from space 1536K, 91% used [0x00000000ec580000,0x00000000ec6e0000,0x00000000ec700000)
  to   space 2048K, 0% used [0x00000000ec300000,0x00000000ec300000,0x00000000ec500000)
 ParOldGen       total 68608K, used 12864K [0x00000000c0000000, 0x00000000c4300000, 0x00000000eab00000)
  object space 68608K, 18% used [0x00000000c0000000,0x00000000c0c90370,0x00000000c4300000)
 Metaspace       used 38520K, committed 39168K, reserved 1089536K
  class space    used 4044K, committed 4352K, reserved 1048576K
}
Event: 38.588 GC heap before
{Heap before GC invocations=13 (full 2):
 PSYoungGen      total 24576K, used 24448K [0x00000000eab00000, 0x00000000ec700000, 0x0000000100000000)
  eden space 23040K, 100% used [0x00000000eab00000,0x00000000ec180000,0x00000000ec180000)
  from space 1536K, 91% used [0x00000000ec580000,0x00000000ec6e0000,0x00000000ec700000)
  to   space 2048K, 0% used [0x00000000ec300000,0x00000000ec300000,0x00000000ec500000)
 ParOldGen       total 68608K, used 12864K [0x00000000c0000000, 0x00000000c4300000, 0x00000000eab00000)
  object space 68608K, 18% used [0x00000000c0000000,0x00000000c0c90370,0x00000000c4300000)
 Metaspace       used 41957K, committed 42688K, reserved 1089536K
  class space    used 4457K, committed 4800K, reserved 1048576K
}
Event: 38.602 GC heap after
{Heap after GC invocations=13 (full 2):
 PSYoungGen      total 24064K, used 1161K [0x00000000eab00000, 0x00000000ec600000, 0x0000000100000000)
  eden space 22528K, 0% used [0x00000000eab00000,0x00000000eab00000,0x00000000ec100000)
  from space 1536K, 75% used [0x00000000ec300000,0x00000000ec4225c8,0x00000000ec480000)
  to   space 1536K, 0% used [0x00000000ec480000,0x00000000ec480000,0x00000000ec600000)
 ParOldGen       total 68608K, used 14255K [0x00000000c0000000, 0x00000000c4300000, 0x00000000eab00000)
  object space 68608K, 20% used [0x00000000c0000000,0x00000000c0debc50,0x00000000c4300000)
 Metaspace       used 41957K, committed 42688K, reserved 1089536K
  class space    used 4457K, committed 4800K, reserved 1048576K
}
Event: 42.811 GC heap before
{Heap before GC invocations=14 (full 2):
 PSYoungGen      total 24064K, used 23689K [0x00000000eab00000, 0x00000000ec600000, 0x0000000100000000)
  eden space 22528K, 100% used [0x00000000eab00000,0x00000000ec100000,0x00000000ec100000)
  from space 1536K, 75% used [0x00000000ec300000,0x00000000ec4225c8,0x00000000ec480000)
  to   space 1536K, 0% used [0x00000000ec480000,0x00000000ec480000,0x00000000ec600000)
 ParOldGen       total 68608K, used 14255K [0x00000000c0000000, 0x00000000c4300000, 0x00000000eab00000)
  object space 68608K, 20% used [0x00000000c0000000,0x00000000c0debc50,0x00000000c4300000)
 Metaspace       used 44649K, committed 45504K, reserved 1089536K
  class space    used 4784K, committed 5184K, reserved 1048576K
}
Event: 42.817 GC heap after
{Heap after GC invocations=14 (full 2):
 PSYoungGen      total 23552K, used 1526K [0x00000000eab00000, 0x00000000ec780000, 0x0000000100000000)
  eden space 22016K, 0% used [0x00000000eab00000,0x00000000eab00000,0x00000000ec080000)
  from space 1536K, 99% used [0x00000000ec480000,0x00000000ec5fd9e8,0x00000000ec600000)
  to   space 3584K, 0% used [0x00000000ec080000,0x00000000ec080000,0x00000000ec400000)
 ParOldGen       total 68608K, used 15837K [0x00000000c0000000, 0x00000000c4300000, 0x00000000eab00000)
  object space 68608K, 23% used [0x00000000c0000000,0x00000000c0f775e0,0x00000000c4300000)
 Metaspace       used 44649K, committed 45504K, reserved 1089536K
  class space    used 4784K, committed 5184K, reserved 1048576K
}
Event: 43.651 GC heap before
{Heap before GC invocations=15 (full 2):
 PSYoungGen      total 23552K, used 23542K [0x00000000eab00000, 0x00000000ec780000, 0x0000000100000000)
  eden space 22016K, 100% used [0x00000000eab00000,0x00000000ec080000,0x00000000ec080000)
  from space 1536K, 99% used [0x00000000ec480000,0x00000000ec5fd9e8,0x00000000ec600000)
  to   space 3584K, 0% used [0x00000000ec080000,0x00000000ec080000,0x00000000ec400000)
 ParOldGen       total 68608K, used 15837K [0x00000000c0000000, 0x00000000c4300000, 0x00000000eab00000)
  object space 68608K, 23% used [0x00000000c0000000,0x00000000c0f775e0,0x00000000c4300000)
 Metaspace       used 44922K, committed 45696K, reserved 1089536K
  class space    used 4808K, committed 5184K, reserved 1048576K
}
Event: 43.679 GC heap after
{Heap after GC invocations=15 (full 2):
 PSYoungGen      total 25088K, used 3003K [0x00000000eab00000, 0x00000000ec680000, 0x0000000100000000)
  eden space 22016K, 0% used [0x00000000eab00000,0x00000000eab00000,0x00000000ec080000)
  from space 3072K, 97% used [0x00000000ec080000,0x00000000ec36ef18,0x00000000ec380000)
  to   space 3072K, 0% used [0x00000000ec380000,0x00000000ec380000,0x00000000ec680000)
 ParOldGen       total 68608K, used 17293K [0x00000000c0000000, 0x00000000c4300000, 0x00000000eab00000)
  object space 68608K, 25% used [0x00000000c0000000,0x00000000c10e3438,0x00000000c4300000)
 Metaspace       used 44922K, committed 45696K, reserved 1089536K
  class space    used 4808K, committed 5184K, reserved 1048576K
}

