# JRE version: OpenJDK Runtime Environment Temurin-17.0.3+7 (17.0.3+7) (build 17.0.3+7)
# Java VM: OpenJDK 64-Bit Server VM Temurin-17.0.3+7 (17.0.3+7, mixed mode, emulated-client, tiered, compressed oops, compressed class ptrs, g1 gc, windows-amd64)
GC Precious Log:
 CPUs: 2 total, 2 available
 Memory: 3463M
 Large Page Support: Disabled
 NUMA Support: Disabled
 Compressed Oops: Enabled (32-bit)
 Heap Region Size: 1M
 Heap Min Capacity: 8M
 Heap Initial Capacity: 56M
 Heap Max Capacity: 866M
 Pre-touch: Disabled
 Parallel Workers: 2
 Concurrent Workers: 1
 Concurrent Refinement Workers: 2
 Periodic GC: Disabled
Heap:
 garbage-first heap   total 215040K, used 99051K [0x00000000c9e00000, 0x0000000100000000)
  region size 1024K, 7 young (7168K), 7 survivors (7168K)
 Metaspace       used 35088K, committed 35456K, reserved 1081344K
  class space    used 4558K, committed 4736K, reserved 1048576K
GC Heap History (20 events):
Event: 60.787 GC heap after
{Heap after GC invocations=28 (full 0):
 garbage-first heap   total 215040K, used 63035K [0x00000000c9e00000, 0x0000000100000000)
  region size 1024K, 1 young (1024K), 1 survivors (1024K)
 Metaspace       used 34007K, committed 34304K, reserved 1081344K
  class space    used 4340K, committed 4480K, reserved 1048576K
}
Event: 61.329 GC heap before
{Heap before GC invocations=28 (full 0):
 garbage-first heap   total 215040K, used 123451K [0x00000000c9e00000, 0x0000000100000000)
  region size 1024K, 61 young (62464K), 1 survivors (1024K)
 Metaspace       used 34819K, committed 35200K, reserved 1081344K
  class space    used 4507K, committed 4672K, reserved 1048576K
}
Event: 61.342 GC heap after
{Heap after GC invocations=29 (full 0):
 garbage-first heap   total 215040K, used 65058K [0x00000000c9e00000, 0x0000000100000000)
  region size 1024K, 3 young (3072K), 3 survivors (3072K)
 Metaspace       used 34819K, committed 35200K, reserved 1081344K
  class space    used 4507K, committed 4672K, reserved 1048576K
}
Event: 63.031 GC heap before
{Heap before GC invocations=29 (full 0):
 garbage-first heap   total 215040K, used 150050K [0x00000000c9e00000, 0x0000000100000000)
  region size 1024K, 87 young (89088K), 3 survivors (3072K)
 Metaspace       used 35064K, committed 35456K, reserved 1081344K
  class space    used 4553K, committed 4736K, reserved 1048576K
}
Event: 63.044 GC heap after
{Heap after GC invocations=30 (full 0):
 garbage-first heap   total 215040K, used 68545K [0x00000000c9e00000, 0x0000000100000000)
  region size 1024K, 6 young (6144K), 6 survivors (6144K)
 Metaspace       used 35064K, committed 35456K, reserved 1081344K
  class space    used 4553K, committed 4736K, reserved 1048576K
}
Event: 63.875 GC heap before
{Heap before GC invocations=30 (full 0):
 garbage-first heap   total 215040K, used 157633K [0x00000000c9e00000, 0x0000000100000000)
  region size 1024K, 94 young (96256K), 6 survivors (6144K)
 Metaspace       used 35087K, committed 35456K, reserved 1081344K
  class space    used 4558K, committed 4736K, reserved 1048576K
}
Event: 63.887 GC heap after
{Heap after GC invocations=31 (full 0):
 garbage-first heap   total 215040K, used 72605K [0x00000000c9e00000, 0x0000000100000000)
  region size 1024K, 10 young (10240K), 10 survivors (10240K)
 Metaspace       used 35087K, committed 35456K, reserved 1081344K
  class space    used 4558K, committed 4736K, reserved 1048576K
}
Event: 65.476 GC heap before
{Heap before GC invocations=31 (full 0):
 garbage-first heap   total 215040K, used 163741K [0x00000000c9e00000, 0x0000000100000000)
  region size 1024K, 100 young (102400K), 10 survivors (10240K)
 Metaspace       used 35087K, committed 35456K, reserved 1081344K
  class space    used 4558K, committed 4736K, reserved 1048576K
}
Event: 65.500 GC heap after
{Heap after GC invocations=32 (full 0):
 garbage-first heap   total 215040K, used 75460K [0x00000000c9e00000, 0x0000000100000000)
  region size 1024K, 7 young (7168K), 7 survivors (7168K)
 Metaspace       used 35087K, committed 35456K, reserved 1081344K
  class space    used 4558K, committed 4736K, reserved 1048576K
}
Event: 67.264 GC heap before
{Heap before GC invocations=32 (full 0):
 garbage-first heap   total 215040K, used 169668K [0x00000000c9e00000, 0x0000000100000000)
  region size 1024K, 99 young (101376K), 7 survivors (7168K)
 Metaspace       used 35087K, committed 35456K, reserved 1081344K
  class space    used 4558K, committed 4736K, reserved 1048576K
}
Event: 67.276 GC heap after
{Heap after GC invocations=33 (full 0):
 garbage-first heap   total 215040K, used 79692K [0x00000000c9e00000, 0x0000000100000000)
  region size 1024K, 8 young (8192K), 8 survivors (8192K)
 Metaspace       used 35087K, committed 35456K, reserved 1081344K
  class space    used 4558K, committed 4736K, reserved 1048576K
}
Event: 67.585 GC heap before
{Heap before GC invocations=33 (full 0):
 garbage-first heap   total 215040K, used 170828K [0x00000000c9e00000, 0x0000000100000000)
  region size 1024K, 98 young (100352K), 8 survivors (8192K)
 Metaspace       used 35088K, committed 35456K, reserved 1081344K
  class space    used 4558K, committed 4736K, reserved 1048576K
}
Event: 67.596 GC heap after
{Heap after GC invocations=34 (full 0):
 garbage-first heap   total 215040K, used 83951K [0x00000000c9e00000, 0x0000000100000000)
  region size 1024K, 8 young (8192K), 8 survivors (8192K)
 Metaspace       used 35088K, committed 35456K, reserved 1081344K
  class space    used 4558K, committed 4736K, reserved 1048576K
}
Event: 67.933 GC heap before
{Heap before GC invocations=34 (full 0):
 garbage-first heap   total 215040K, used 175087K [0x00000000c9e00000, 0x0000000100000000)
  region size 1024K, 98 young (100352K), 8 survivors (8192K)
 Metaspace       used 35088K, committed 35456K, reserved 1081344K
  class space    used 4558K, committed 4736K, reserved 1048576K
}
Event: 67.946 GC heap after
{Heap after GC invocations=35 (full 0):
 garbage-first heap   total 215040K, used 87530K [0x00000000c9e00000, 0x0000000100000000)
  region size 1024K, 8 young (8192K), 8 survivors (8192K)
 Metaspace       used 35088K, committed 35456K, reserved 1081344K
  class space    used 4558K, committed 4736K, reserved 1048576K
}
Event: 68.270 GC heap before
{Heap before GC invocations=35 (full 0):
 garbage-first heap   total 215040K, used 176618K [0x00000000c9e00000, 0x0000000100000000)
  region size 1024K, 96 young (98304K), 8 survivors (8192K)
 Metaspace       used 35088K, committed 35456K, reserved 1081344K
  class space    used 4558K, committed 4736K, reserved 1048576K
}
Event: 68.289 GC heap after
{Heap after GC invocations=36 (full 0):
 garbage-first heap   total 215040K, used 91394K [0x00000000c9e00000, 0x0000000100000000)
  region size 1024K, 8 young (8192K), 8 survivors (8192K)
 Metaspace       used 35088K, committed 35456K, reserved 1081344K
  class space    used 4558K, committed 4736K, reserved 1048576K
}
Event: 68.606 GC heap before
{Heap before GC invocations=36 (full 0):
 garbage-first heap   total 215040K, used 178434K [0x00000000c9e00000, 0x0000000100000000)
  region size 1024K, 94 young (96256K), 8 survivors (8192K)
 Metaspace       used 35088K, committed 35456K, reserved 1081344K
  class space    used 4558K, committed 4736K, reserved 1048576K
}
Event: 68.626 GC heap after
{Heap after GC invocations=37 (full 0):
 garbage-first heap   total 215040K, used 95414K [0x00000000c9e00000, 0x0000000100000000)
  region size 1024K, 8 young (8192K), 8 survivors (8192K)
 Metaspace       used 35088K, committed 35456K, reserved 1081344K
  class space    used 4558K, committed 4736K, reserved 1048576K
}
Event: 68.908 GC heap before
{Heap before GC invocations=37 (full 0):
 garbage-first heap   total 215040K, used 178358K [0x00000000c9e00000, 0x0000000100000000)
  region size 1024K, 90 young (92160K), 8 survivors (8192K)
 Metaspace       used 35088K, committed 35456K, reserved 1081344K
  class space    used 4558K, committed 4736K, reserved 1048576K
}

