# JRE version: OpenJDK Runtime Environment Temurin-17.0.3+7 (17.0.3+7) (build 17.0.3+7)
# Java VM: OpenJDK 64-Bit Server VM Temurin-17.0.3+7 (17.0.3+7, mixed mode, emulated-client, tiered, compressed oops, compressed class ptrs, g1 gc, windows-amd64)
GC Precious Log:
 CPUs: 2 total, 2 available
 Memory: 3463M
 Large Page Support: Disabled
 NUMA Support: Disabled
 Compressed Oops: Enabled (32-bit)
 Heap Region Size: 1M
 Heap Min Capacity: 8M
 Heap Initial Capacity: 56M
 Heap Max Capacity: 866M
 Pre-touch: Disabled
 Parallel Workers: 2
 Concurrent Workers: 1
 Concurrent Refinement Workers: 2
 Periodic GC: Disabled
Heap:
 garbage-first heap   total 194560K, used 78511K [0x00000000c9e00000, 0x0000000100000000)
  region size 1024K, 7 young (7168K), 7 survivors (7168K)
 Metaspace       used 35027K, committed 35392K, reserved 1081344K
  class space    used 4555K, committed 4736K, reserved 1048576K
GC Heap History (20 events):
Event: 15.352 GC heap after
{Heap after GC invocations=21 (full 0):
 garbage-first heap   total 80896K, used 48650K [0x00000000c9e00000, 0x0000000100000000)
  region size 1024K, 2 young (2048K), 2 survivors (2048K)
 Metaspace       used 34828K, committed 35136K, reserved 1081344K
  class space    used 4530K, committed 4672K, reserved 1048576K
}
Event: 15.887 GC heap before
{Heap before GC invocations=22 (full 0):
 garbage-first heap   total 87040K, used 61962K [0x00000000c9e00000, 0x0000000100000000)
  region size 1024K, 15 young (15360K), 2 survivors (2048K)
 Metaspace       used 34829K, committed 35136K, reserved 1081344K
  class space    used 4531K, committed 4672K, reserved 1048576K
}
Event: 15.903 GC heap after
{Heap after GC invocations=23 (full 0):
 garbage-first heap   total 87040K, used 56376K [0x00000000c9e00000, 0x0000000100000000)
  region size 1024K, 2 young (2048K), 2 survivors (2048K)
 Metaspace       used 34829K, committed 35136K, reserved 1081344K
  class space    used 4531K, committed 4672K, reserved 1048576K
}
Event: 15.918 GC heap before
{Heap before GC invocations=23 (full 0):
 garbage-first heap   total 87040K, used 58424K [0x00000000c9e00000, 0x0000000100000000)
  region size 1024K, 5 young (5120K), 2 survivors (2048K)
 Metaspace       used 34829K, committed 35136K, reserved 1081344K
  class space    used 4531K, committed 4672K, reserved 1048576K
}
Event: 15.932 GC heap after
{Heap after GC invocations=24 (full 0):
 garbage-first heap   total 87040K, used 58012K [0x00000000c9e00000, 0x0000000100000000)
  region size 1024K, 2 young (2048K), 2 survivors (2048K)
 Metaspace       used 34829K, committed 35136K, reserved 1081344K
  class space    used 4531K, committed 4672K, reserved 1048576K
}
Event: 16.135 GC heap before
{Heap before GC invocations=25 (full 0):
 garbage-first heap   total 97280K, used 64156K [0x00000000c9e00000, 0x0000000100000000)
  region size 1024K, 10 young (10240K), 2 survivors (2048K)
 Metaspace       used 34914K, committed 35264K, reserved 1081344K
  class space    used 4540K, committed 4672K, reserved 1048576K
}
Event: 16.155 GC heap after
{Heap after GC invocations=26 (full 0):
 garbage-first heap   total 97280K, used 61098K [0x00000000c9e00000, 0x0000000100000000)
  region size 1024K, 2 young (2048K), 2 survivors (2048K)
 Metaspace       used 34914K, committed 35264K, reserved 1081344K
  class space    used 4540K, committed 4672K, reserved 1048576K
}
Event: 16.175 GC heap before
{Heap before GC invocations=26 (full 0):
 garbage-first heap   total 97280K, used 62122K [0x00000000c9e00000, 0x0000000100000000)
  region size 1024K, 4 young (4096K), 2 survivors (2048K)
 Metaspace       used 34914K, committed 35264K, reserved 1081344K
  class space    used 4540K, committed 4672K, reserved 1048576K
}
Event: 16.182 GC heap after
{Heap after GC invocations=27 (full 0):
 garbage-first heap   total 194560K, used 61087K [0x00000000c9e00000, 0x0000000100000000)
  region size 1024K, 1 young (1024K), 1 survivors (1024K)
 Metaspace       used 34914K, committed 35264K, reserved 1081344K
  class space    used 4540K, committed 4672K, reserved 1048576K
}
Event: 16.591 GC heap before
{Heap before GC invocations=27 (full 0):
 garbage-first heap   total 194560K, used 109215K [0x00000000c9e00000, 0x0000000100000000)
  region size 1024K, 49 young (50176K), 1 survivors (1024K)
 Metaspace       used 35026K, committed 35392K, reserved 1081344K
  class space    used 4555K, committed 4736K, reserved 1048576K
}
Event: 16.600 GC heap after
{Heap after GC invocations=28 (full 0):
 garbage-first heap   total 194560K, used 62818K [0x00000000c9e00000, 0x0000000100000000)
  region size 1024K, 3 young (3072K), 3 survivors (3072K)
 Metaspace       used 35026K, committed 35392K, reserved 1081344K
  class space    used 4555K, committed 4736K, reserved 1048576K
}
Event: 17.508 GC heap before
{Heap before GC invocations=28 (full 0):
 garbage-first heap   total 194560K, used 137570K [0x00000000c9e00000, 0x0000000100000000)
  region size 1024K, 77 young (78848K), 3 survivors (3072K)
 Metaspace       used 35026K, committed 35392K, reserved 1081344K
  class space    used 4555K, committed 4736K, reserved 1048576K
}
Event: 17.517 GC heap after
{Heap after GC invocations=29 (full 0):
 garbage-first heap   total 194560K, used 65792K [0x00000000c9e00000, 0x0000000100000000)
  region size 1024K, 5 young (5120K), 5 survivors (5120K)
 Metaspace       used 35026K, committed 35392K, reserved 1081344K
  class space    used 4555K, committed 4736K, reserved 1048576K
}
Event: 17.729 GC heap before
{Heap before GC invocations=29 (full 0):
 garbage-first heap   total 194560K, used 143616K [0x00000000c9e00000, 0x0000000100000000)
  region size 1024K, 83 young (84992K), 5 survivors (5120K)
 Metaspace       used 35027K, committed 35392K, reserved 1081344K
  class space    used 4555K, committed 4736K, reserved 1048576K
}
Event: 17.750 GC heap after
{Heap after GC invocations=30 (full 0):
 garbage-first heap   total 194560K, used 68909K [0x00000000c9e00000, 0x0000000100000000)
  region size 1024K, 8 young (8192K), 8 survivors (8192K)
 Metaspace       used 35027K, committed 35392K, reserved 1081344K
  class space    used 4555K, committed 4736K, reserved 1048576K
}
Event: 17.940 GC heap before
{Heap before GC invocations=30 (full 0):
 garbage-first heap   total 194560K, used 147757K [0x00000000c9e00000, 0x0000000100000000)
  region size 1024K, 86 young (88064K), 8 survivors (8192K)
 Metaspace       used 35027K, committed 35392K, reserved 1081344K
  class space    used 4555K, committed 4736K, reserved 1048576K
}
Event: 17.962 GC heap after
{Heap after GC invocations=31 (full 0):
 garbage-first heap   total 194560K, used 71875K [0x00000000c9e00000, 0x0000000100000000)
  region size 1024K, 6 young (6144K), 6 survivors (6144K)
 Metaspace       used 35027K, committed 35392K, reserved 1081344K
  class space    used 4555K, committed 4736K, reserved 1048576K
}
Event: 18.260 GC heap before
{Heap before GC invocations=31 (full 0):
 garbage-first heap   total 194560K, used 152771K [0x00000000c9e00000, 0x0000000100000000)
  region size 1024K, 86 young (88064K), 6 survivors (6144K)
 Metaspace       used 35027K, committed 35392K, reserved 1081344K
  class space    used 4555K, committed 4736K, reserved 1048576K
}
Event: 18.271 GC heap after
{Heap after GC invocations=32 (full 0):
 garbage-first heap   total 194560K, used 75459K [0x00000000c9e00000, 0x0000000100000000)
  region size 1024K, 10 young (10240K), 10 survivors (10240K)
 Metaspace       used 35027K, committed 35392K, reserved 1081344K
  class space    used 4555K, committed 4736K, reserved 1048576K
}
Event: 18.665 GC heap before
{Heap before GC invocations=32 (full 0):
 garbage-first heap   total 194560K, used 155331K [0x00000000c9e00000, 0x0000000100000000)
  region size 1024K, 90 young (92160K), 10 survivors (10240K)
 Metaspace       used 35027K, committed 35392K, reserved 1081344K
  class space    used 4555K, committed 4736K, reserved 1048576K
}

