# JRE version: OpenJDK Runtime Environment Temurin-17.0.3+7 (17.0.3+7) (build 17.0.3+7)
# Java VM: OpenJDK 64-Bit Server VM Temurin-17.0.3+7 (17.0.3+7, mixed mode, emulated-client, tiered, compressed oops, compressed class ptrs, g1 gc, windows-amd64)
GC Precious Log:
 CPUs: 2 total, 2 available
 Memory: 3463M
 Large Page Support: Disabled
 NUMA Support: Disabled
 Compressed Oops: Enabled (32-bit)
 Heap Region Size: 1M
 Heap Min Capacity: 8M
 Heap Initial Capacity: 56M
 Heap Max Capacity: 866M
 Pre-touch: Disabled
 Parallel Workers: 2
 Concurrent Workers: 1
 Concurrent Refinement Workers: 2
 Periodic GC: Disabled
Heap:
 garbage-first heap   total 147456K, used 69344K [0x00000000c9e00000, 0x0000000100000000)
  region size 1024K, 5 young (5120K), 5 survivors (5120K)
 Metaspace       used 35081K, committed 35392K, reserved 1081344K
  class space    used 4568K, committed 4736K, reserved 1048576K
GC Heap History (20 events):
Event: 9.756 GC heap after
{Heap after GC invocations=18 (full 0):
 garbage-first heap   total 58368K, used 31425K [0x00000000c9e00000, 0x0000000100000000)
  region size 1024K, 2 young (2048K), 2 survivors (2048K)
 Metaspace       used 34800K, committed 35136K, reserved 1081344K
  class space    used 4529K, committed 4672K, reserved 1048576K
}
Event: 9.808 GC heap before
{Heap before GC invocations=18 (full 0):
 garbage-first heap   total 58368K, used 44736K [0x00000000c9e00000, 0x0000000100000000)
  region size 1024K, 15 young (15360K), 2 survivors (2048K)
 Metaspace       used 34806K, committed 35136K, reserved 1081344K
  class space    used 4530K, committed 4672K, reserved 1048576K
}
Event: 9.814 GC heap after
{Heap after GC invocations=19 (full 0):
 garbage-first heap   total 58368K, used 33813K [0x00000000c9e00000, 0x0000000100000000)
  region size 1024K, 2 young (2048K), 2 survivors (2048K)
 Metaspace       used 34806K, committed 35136K, reserved 1081344K
  class space    used 4530K, committed 4672K, reserved 1048576K
}
Event: 9.860 GC heap before
{Heap before GC invocations=19 (full 0):
 garbage-first heap   total 73728K, used 45077K [0x00000000c9e00000, 0x0000000100000000)
  region size 1024K, 13 young (13312K), 2 survivors (2048K)
 Metaspace       used 34816K, committed 35136K, reserved 1081344K
  class space    used 4532K, committed 4672K, reserved 1048576K
}
Event: 9.867 GC heap after
{Heap after GC invocations=20 (full 0):
 garbage-first heap   total 73728K, used 36249K [0x00000000c9e00000, 0x0000000100000000)
  region size 1024K, 2 young (2048K), 2 survivors (2048K)
 Metaspace       used 34816K, committed 35136K, reserved 1081344K
  class space    used 4532K, committed 4672K, reserved 1048576K
}
Event: 9.939 GC heap before
{Heap before GC invocations=21 (full 0):
 garbage-first heap   total 73728K, used 55705K [0x00000000c9e00000, 0x0000000100000000)
  region size 1024K, 21 young (21504K), 2 survivors (2048K)
 Metaspace       used 34816K, committed 35136K, reserved 1081344K
  class space    used 4532K, committed 4672K, reserved 1048576K
}
Event: 9.949 GC heap after
{Heap after GC invocations=22 (full 0):
 garbage-first heap   total 73728K, used 40347K [0x00000000c9e00000, 0x0000000100000000)
  region size 1024K, 3 young (3072K), 3 survivors (3072K)
 Metaspace       used 34816K, committed 35136K, reserved 1081344K
  class space    used 4532K, committed 4672K, reserved 1048576K
}
Event: 10.379 GC heap before
{Heap before GC invocations=22 (full 0):
 garbage-first heap   total 73728K, used 56731K [0x00000000c9e00000, 0x0000000100000000)
  region size 1024K, 19 young (19456K), 3 survivors (3072K)
 Metaspace       used 34820K, committed 35136K, reserved 1081344K
  class space    used 4532K, committed 4672K, reserved 1048576K
}
Event: 10.405 GC heap after
{Heap after GC invocations=23 (full 0):
 garbage-first heap   total 147456K, used 46019K [0x00000000c9e00000, 0x0000000100000000)
  region size 1024K, 3 young (3072K), 3 survivors (3072K)
 Metaspace       used 34820K, committed 35136K, reserved 1081344K
  class space    used 4532K, committed 4672K, reserved 1048576K
}
Event: 11.695 GC heap before
{Heap before GC invocations=24 (full 0):
 garbage-first heap   total 147456K, used 100291K [0x00000000c9e00000, 0x0000000100000000)
  region size 1024K, 55 young (56320K), 3 survivors (3072K)
 Metaspace       used 34911K, committed 35200K, reserved 1081344K
  class space    used 4543K, committed 4672K, reserved 1048576K
}
Event: 11.734 GC heap after
{Heap after GC invocations=25 (full 0):
 garbage-first heap   total 147456K, used 62647K [0x00000000c9e00000, 0x0000000100000000)
  region size 1024K, 7 young (7168K), 7 survivors (7168K)
 Metaspace       used 34911K, committed 35200K, reserved 1081344K
  class space    used 4543K, committed 4672K, reserved 1048576K
}
Event: 11.750 GC heap before
{Heap before GC invocations=25 (full 0):
 garbage-first heap   total 147456K, used 63671K [0x00000000c9e00000, 0x0000000100000000)
  region size 1024K, 8 young (8192K), 7 survivors (7168K)
 Metaspace       used 34934K, committed 35200K, reserved 1081344K
  class space    used 4548K, committed 4672K, reserved 1048576K
}
Event: 11.760 GC heap after
{Heap after GC invocations=26 (full 0):
 garbage-first heap   total 147456K, used 64000K [0x00000000c9e00000, 0x0000000100000000)
  region size 1024K, 1 young (1024K), 1 survivors (1024K)
 Metaspace       used 34934K, committed 35200K, reserved 1081344K
  class space    used 4548K, committed 4672K, reserved 1048576K
}
Event: 11.867 GC heap before
{Heap before GC invocations=26 (full 0):
 garbage-first heap   total 147456K, used 96768K [0x00000000c9e00000, 0x0000000100000000)
  region size 1024K, 34 young (34816K), 1 survivors (1024K)
 Metaspace       used 35059K, committed 35392K, reserved 1081344K
  class space    used 4562K, committed 4736K, reserved 1048576K
}
Event: 11.869 GC heap after
{Heap after GC invocations=27 (full 0):
 garbage-first heap   total 147456K, used 64629K [0x00000000c9e00000, 0x0000000100000000)
  region size 1024K, 2 young (2048K), 2 survivors (2048K)
 Metaspace       used 35059K, committed 35392K, reserved 1081344K
  class space    used 4562K, committed 4736K, reserved 1048576K
}
Event: 11.940 GC heap before
{Heap before GC invocations=27 (full 0):
 garbage-first heap   total 147456K, used 98421K [0x00000000c9e00000, 0x0000000100000000)
  region size 1024K, 36 young (36864K), 2 survivors (2048K)
 Metaspace       used 35076K, committed 35392K, reserved 1081344K
  class space    used 4567K, committed 4736K, reserved 1048576K
}
Event: 11.943 GC heap after
{Heap after GC invocations=28 (full 0):
 garbage-first heap   total 147456K, used 65790K [0x00000000c9e00000, 0x0000000100000000)
  region size 1024K, 3 young (3072K), 3 survivors (3072K)
 Metaspace       used 35076K, committed 35392K, reserved 1081344K
  class space    used 4567K, committed 4736K, reserved 1048576K
}
Event: 12.014 GC heap before
{Heap before GC invocations=28 (full 0):
 garbage-first heap   total 147456K, used 104702K [0x00000000c9e00000, 0x0000000100000000)
  region size 1024K, 42 young (43008K), 3 survivors (3072K)
 Metaspace       used 35081K, committed 35392K, reserved 1081344K
  class space    used 4568K, committed 4736K, reserved 1048576K
}
Event: 12.017 GC heap after
{Heap after GC invocations=29 (full 0):
 garbage-first heap   total 147456K, used 67556K [0x00000000c9e00000, 0x0000000100000000)
  region size 1024K, 5 young (5120K), 5 survivors (5120K)
 Metaspace       used 35081K, committed 35392K, reserved 1081344K
  class space    used 4568K, committed 4736K, reserved 1048576K
}
Event: 12.101 GC heap before
{Heap before GC invocations=29 (full 0):
 garbage-first heap   total 147456K, used 108516K [0x00000000c9e00000, 0x0000000100000000)
  region size 1024K, 46 young (47104K), 5 survivors (5120K)
 Metaspace       used 35081K, committed 35392K, reserved 1081344K
  class space    used 4568K, committed 4736K, reserved 1048576K
}

