# JRE version: OpenJDK Runtime Environment Temurin-17.0.3+7 (17.0.3+7) (build 17.0.3+7)
# Java VM: OpenJDK 64-Bit Server VM Temurin-17.0.3+7 (17.0.3+7, mixed mode, emulated-client, tiered, compressed oops, compressed class ptrs, g1 gc, windows-amd64)
GC Precious Log:
 CPUs: 2 total, 2 available
 Memory: 3463M
 Large Page Support: Disabled
 NUMA Support: Disabled
 Compressed Oops: Enabled (32-bit)
 Heap Region Size: 1M
 Heap Min Capacity: 8M
 Heap Initial Capacity: 56M
 Heap Max Capacity: 866M
 Pre-touch: Disabled
 Parallel Workers: 2
 Concurrent Workers: 1
 Concurrent Refinement Workers: 2
 Periodic GC: Disabled
Heap:
 garbage-first heap   total 165888K, used 72398K [0x00000000c9e00000, 0x0000000100000000)
  region size 1024K, 3 young (3072K), 3 survivors (3072K)
 Metaspace       used 35060K, committed 35328K, reserved 1081344K
  class space    used 4563K, committed 4672K, reserved 1048576K
GC Heap History (20 events):
Event: 51.970 GC heap after
{Heap after GC invocations=24 (full 0):
 garbage-first heap   total 153600K, used 31246K [0x00000000c9e00000, 0x0000000100000000)
  region size 1024K, 1 young (1024K), 1 survivors (1024K)
 Metaspace       used 34408K, committed 34688K, reserved 1081344K
  class space    used 4446K, committed 4608K, reserved 1048576K
}
Event: 62.987 GC heap before
{Heap before GC invocations=24 (full 0):
 garbage-first heap   total 153600K, used 104974K [0x00000000c9e00000, 0x0000000100000000)
  region size 1024K, 72 young (73728K), 1 survivors (1024K)
 Metaspace       used 34854K, committed 35136K, reserved 1081344K
  class space    used 4539K, committed 4672K, reserved 1048576K
}
Event: 63.131 GC heap after
{Heap after GC invocations=25 (full 0):
 garbage-first heap   total 153600K, used 52156K [0x00000000c9e00000, 0x0000000100000000)
  region size 1024K, 9 young (9216K), 9 survivors (9216K)
 Metaspace       used 34854K, committed 35136K, reserved 1081344K
  class space    used 4539K, committed 4672K, reserved 1048576K
}
Event: 64.534 GC heap before
{Heap before GC invocations=25 (full 0):
 garbage-first heap   total 153600K, used 95164K [0x00000000c9e00000, 0x0000000100000000)
  region size 1024K, 51 young (52224K), 9 survivors (9216K)
 Metaspace       used 34965K, committed 35264K, reserved 1081344K
  class space    used 4554K, committed 4672K, reserved 1048576K
}
Event: 64.585 GC heap after
{Heap after GC invocations=26 (full 0):
 garbage-first heap   total 153600K, used 61440K [0x00000000c9e00000, 0x0000000100000000)
  region size 1024K, 7 young (7168K), 7 survivors (7168K)
 Metaspace       used 34965K, committed 35264K, reserved 1081344K
  class space    used 4554K, committed 4672K, reserved 1048576K
}
Event: 64.899 GC heap before
{Heap before GC invocations=26 (full 0):
 garbage-first heap   total 153600K, used 102400K [0x00000000c9e00000, 0x0000000100000000)
  region size 1024K, 47 young (48128K), 7 survivors (7168K)
 Metaspace       used 35055K, committed 35328K, reserved 1081344K
  class space    used 4562K, committed 4672K, reserved 1048576K
}
Event: 64.916 GC heap after
{Heap after GC invocations=27 (full 0):
 garbage-first heap   total 153600K, used 64000K [0x00000000c9e00000, 0x0000000100000000)
  region size 1024K, 2 young (2048K), 2 survivors (2048K)
 Metaspace       used 35055K, committed 35328K, reserved 1081344K
  class space    used 4562K, committed 4672K, reserved 1048576K
}
Event: 65.235 GC heap before
{Heap before GC invocations=27 (full 0):
 garbage-first heap   total 153600K, used 107008K [0x00000000c9e00000, 0x0000000100000000)
  region size 1024K, 45 young (46080K), 2 survivors (2048K)
 Metaspace       used 35055K, committed 35328K, reserved 1081344K
  class space    used 4562K, committed 4672K, reserved 1048576K
}
Event: 65.238 GC heap after
{Heap after GC invocations=28 (full 0):
 garbage-first heap   total 153600K, used 65631K [0x00000000c9e00000, 0x0000000100000000)
  region size 1024K, 4 young (4096K), 4 survivors (4096K)
 Metaspace       used 35055K, committed 35328K, reserved 1081344K
  class space    used 4562K, committed 4672K, reserved 1048576K
}
Event: 66.211 GC heap before
{Heap before GC invocations=28 (full 0):
 garbage-first heap   total 153600K, used 111711K [0x00000000c9e00000, 0x0000000100000000)
  region size 1024K, 50 young (51200K), 4 survivors (4096K)
 Metaspace       used 35055K, committed 35328K, reserved 1081344K
  class space    used 4562K, committed 4672K, reserved 1048576K
}
Event: 66.218 GC heap after
{Heap after GC invocations=29 (full 0):
 garbage-first heap   total 153600K, used 67403K [0x00000000c9e00000, 0x0000000100000000)
  region size 1024K, 6 young (6144K), 6 survivors (6144K)
 Metaspace       used 35055K, committed 35328K, reserved 1081344K
  class space    used 4562K, committed 4672K, reserved 1048576K
}
Event: 67.201 GC heap before
{Heap before GC invocations=29 (full 0):
 garbage-first heap   total 153600K, used 114507K [0x00000000c9e00000, 0x0000000100000000)
  region size 1024K, 53 young (54272K), 6 survivors (6144K)
 Metaspace       used 35055K, committed 35328K, reserved 1081344K
  class space    used 4562K, committed 4672K, reserved 1048576K
}
Event: 67.208 GC heap after
{Heap after GC invocations=30 (full 0):
 garbage-first heap   total 153600K, used 69690K [0x00000000c9e00000, 0x0000000100000000)
  region size 1024K, 6 young (6144K), 6 survivors (6144K)
 Metaspace       used 35055K, committed 35328K, reserved 1081344K
  class space    used 4562K, committed 4672K, reserved 1048576K
}
Event: 67.715 GC heap before
{Heap before GC invocations=30 (full 0):
 garbage-first heap   total 153600K, used 117818K [0x00000000c9e00000, 0x0000000100000000)
  region size 1024K, 54 young (55296K), 6 survivors (6144K)
 Metaspace       used 35055K, committed 35328K, reserved 1081344K
  class space    used 4562K, committed 4672K, reserved 1048576K
}
Event: 67.726 GC heap after
{Heap after GC invocations=31 (full 0):
 garbage-first heap   total 153600K, used 70943K [0x00000000c9e00000, 0x0000000100000000)
  region size 1024K, 4 young (4096K), 4 survivors (4096K)
 Metaspace       used 35055K, committed 35328K, reserved 1081344K
  class space    used 4562K, committed 4672K, reserved 1048576K
}
Event: 68.915 GC heap before
{Heap before GC invocations=32 (full 0):
 garbage-first heap   total 165888K, used 119071K [0x00000000c9e00000, 0x0000000100000000)
  region size 1024K, 54 young (55296K), 4 survivors (4096K)
 Metaspace       used 35055K, committed 35328K, reserved 1081344K
  class space    used 4562K, committed 4672K, reserved 1048576K
}
Event: 68.922 GC heap after
{Heap after GC invocations=33 (full 0):
 garbage-first heap   total 165888K, used 70809K [0x00000000c9e00000, 0x0000000100000000)
  region size 1024K, 6 young (6144K), 6 survivors (6144K)
 Metaspace       used 35055K, committed 35328K, reserved 1081344K
  class space    used 4562K, committed 4672K, reserved 1048576K
}
Event: 69.028 GC heap before
{Heap before GC invocations=33 (full 0):
 garbage-first heap   total 165888K, used 71833K [0x00000000c9e00000, 0x0000000100000000)
  region size 1024K, 8 young (8192K), 6 survivors (6144K)
 Metaspace       used 35055K, committed 35328K, reserved 1081344K
  class space    used 4562K, committed 4672K, reserved 1048576K
}
Event: 69.043 GC heap after
{Heap after GC invocations=34 (full 0):
 garbage-first heap   total 165888K, used 70410K [0x00000000c9e00000, 0x0000000100000000)
  region size 1024K, 1 young (1024K), 1 survivors (1024K)
 Metaspace       used 35055K, committed 35328K, reserved 1081344K
  class space    used 4562K, committed 4672K, reserved 1048576K
}
Event: 70.280 GC heap before
{Heap before GC invocations=34 (full 0):
 garbage-first heap   total 165888K, used 130826K [0x00000000c9e00000, 0x0000000100000000)
  region size 1024K, 61 young (62464K), 1 survivors (1024K)
 Metaspace       used 35060K, committed 35328K, reserved 1081344K
  class space    used 4563K, committed 4672K, reserved 1048576K
}

