# JRE version: OpenJDK Runtime Environment Temurin-17.0.3+7 (17.0.3+7) (build 17.0.3+7)
# Java VM: OpenJDK 64-Bit Server VM Temurin-17.0.3+7 (17.0.3+7, mixed mode, emulated-client, tiered, compressed oops, compressed class ptrs, g1 gc, windows-amd64)
GC Precious Log:
 CPUs: 2 total, 2 available
 Memory: 3463M
 Large Page Support: Disabled
 NUMA Support: Disabled
 Compressed Oops: Enabled (32-bit)
 Heap Region Size: 1M
 Heap Min Capacity: 8M
 Heap Initial Capacity: 56M
 Heap Max Capacity: 866M
 Pre-touch: Disabled
 Parallel Workers: 2
 Concurrent Workers: 1
 Concurrent Refinement Workers: 2
 Periodic GC: Disabled
Heap:
 garbage-first heap   total 99328K, used 28825K [0x00000000c9e00000, 0x0000000100000000)
  region size 1024K, 1 young (1024K), 0 survivors (0K)
 Metaspace       used 44309K, committed 44800K, reserved 1089536K
  class space    used 6020K, committed 6208K, reserved 1048576K
GC Heap History (20 events):
Event: 24440.663 GC heap before
{Heap before GC invocations=2437 (full 2395):
 garbage-first heap   total 99328K, used 28825K [0x00000000c9e00000, 0x0000000100000000)
  region size 1024K, 1 young (1024K), 0 survivors (0K)
 Metaspace       used 44309K, committed 44800K, reserved 1089536K
  class space    used 6020K, committed 6208K, reserved 1048576K
}
Event: 24440.692 GC heap after
{Heap after GC invocations=2438 (full 2396):
 garbage-first heap   total 99328K, used 28825K [0x00000000c9e00000, 0x0000000100000000)
  region size 1024K, 0 young (0K), 0 survivors (0K)
 Metaspace       used 44309K, committed 44800K, reserved 1089536K
  class space    used 6020K, committed 6208K, reserved 1048576K
}
Event: 24450.832 GC heap before
{Heap before GC invocations=2438 (full 2396):
 garbage-first heap   total 99328K, used 28825K [0x00000000c9e00000, 0x0000000100000000)
  region size 1024K, 1 young (1024K), 0 survivors (0K)
 Metaspace       used 44309K, committed 44800K, reserved 1089536K
  class space    used 6020K, committed 6208K, reserved 1048576K
}
Event: 24450.861 GC heap after
{Heap after GC invocations=2439 (full 2397):
 garbage-first heap   total 99328K, used 28825K [0x00000000c9e00000, 0x0000000100000000)
  region size 1024K, 0 young (0K), 0 survivors (0K)
 Metaspace       used 44309K, committed 44800K, reserved 1089536K
  class space    used 6020K, committed 6208K, reserved 1048576K
}
Event: 24461.005 GC heap before
{Heap before GC invocations=2439 (full 2397):
 garbage-first heap   total 99328K, used 28825K [0x00000000c9e00000, 0x0000000100000000)
  region size 1024K, 1 young (1024K), 0 survivors (0K)
 Metaspace       used 44309K, committed 44800K, reserved 1089536K
  class space    used 6020K, committed 6208K, reserved 1048576K
}
Event: 24461.061 GC heap after
{Heap after GC invocations=2440 (full 2398):
 garbage-first heap   total 99328K, used 28825K [0x00000000c9e00000, 0x0000000100000000)
  region size 1024K, 0 young (0K), 0 survivors (0K)
 Metaspace       used 44309K, committed 44800K, reserved 1089536K
  class space    used 6020K, committed 6208K, reserved 1048576K
}
Event: 24471.207 GC heap before
{Heap before GC invocations=2440 (full 2398):
 garbage-first heap   total 99328K, used 28825K [0x00000000c9e00000, 0x0000000100000000)
  region size 1024K, 1 young (1024K), 0 survivors (0K)
 Metaspace       used 44309K, committed 44800K, reserved 1089536K
  class space    used 6020K, committed 6208K, reserved 1048576K
}
Event: 24471.236 GC heap after
{Heap after GC invocations=2441 (full 2399):
 garbage-first heap   total 99328K, used 28825K [0x00000000c9e00000, 0x0000000100000000)
  region size 1024K, 0 young (0K), 0 survivors (0K)
 Metaspace       used 44309K, committed 44800K, reserved 1089536K
  class space    used 6020K, committed 6208K, reserved 1048576K
}
Event: 24481.380 GC heap before
{Heap before GC invocations=2441 (full 2399):
 garbage-first heap   total 99328K, used 28825K [0x00000000c9e00000, 0x0000000100000000)
  region size 1024K, 1 young (1024K), 0 survivors (0K)
 Metaspace       used 44309K, committed 44800K, reserved 1089536K
  class space    used 6020K, committed 6208K, reserved 1048576K
}
Event: 24481.412 GC heap after
{Heap after GC invocations=2442 (full 2400):
 garbage-first heap   total 99328K, used 28825K [0x00000000c9e00000, 0x0000000100000000)
  region size 1024K, 0 young (0K), 0 survivors (0K)
 Metaspace       used 44309K, committed 44800K, reserved 1089536K
  class space    used 6020K, committed 6208K, reserved 1048576K
}
Event: 24491.543 GC heap before
{Heap before GC invocations=2442 (full 2400):
 garbage-first heap   total 99328K, used 28825K [0x00000000c9e00000, 0x0000000100000000)
  region size 1024K, 1 young (1024K), 0 survivors (0K)
 Metaspace       used 44309K, committed 44800K, reserved 1089536K
  class space    used 6020K, committed 6208K, reserved 1048576K
}
Event: 24491.574 GC heap after
{Heap after GC invocations=2443 (full 2401):
 garbage-first heap   total 99328K, used 28825K [0x00000000c9e00000, 0x0000000100000000)
  region size 1024K, 0 young (0K), 0 survivors (0K)
 Metaspace       used 44309K, committed 44800K, reserved 1089536K
  class space    used 6020K, committed 6208K, reserved 1048576K
}
Event: 24501.705 GC heap before
{Heap before GC invocations=2443 (full 2401):
 garbage-first heap   total 99328K, used 28825K [0x00000000c9e00000, 0x0000000100000000)
  region size 1024K, 1 young (1024K), 0 survivors (0K)
 Metaspace       used 44309K, committed 44800K, reserved 1089536K
  class space    used 6020K, committed 6208K, reserved 1048576K
}
Event: 24501.736 GC heap after
{Heap after GC invocations=2444 (full 2402):
 garbage-first heap   total 99328K, used 28825K [0x00000000c9e00000, 0x0000000100000000)
  region size 1024K, 0 young (0K), 0 survivors (0K)
 Metaspace       used 44309K, committed 44800K, reserved 1089536K
  class space    used 6020K, committed 6208K, reserved 1048576K
}
Event: 24512.466 GC heap before
{Heap before GC invocations=2444 (full 2402):
 garbage-first heap   total 99328K, used 28825K [0x00000000c9e00000, 0x0000000100000000)
  region size 1024K, 1 young (1024K), 0 survivors (0K)
 Metaspace       used 44309K, committed 44800K, reserved 1089536K
  class space    used 6020K, committed 6208K, reserved 1048576K
}
Event: 24512.533 GC heap after
{Heap after GC invocations=2445 (full 2403):
 garbage-first heap   total 99328K, used 28825K [0x00000000c9e00000, 0x0000000100000000)
  region size 1024K, 0 young (0K), 0 survivors (0K)
 Metaspace       used 44309K, committed 44800K, reserved 1089536K
  class space    used 6020K, committed 6208K, reserved 1048576K
}
Event: 24529.630 GC heap before
{Heap before GC invocations=2445 (full 2403):
 garbage-first heap   total 99328K, used 28825K [0x00000000c9e00000, 0x0000000100000000)
  region size 1024K, 1 young (1024K), 0 survivors (0K)
 Metaspace       used 44309K, committed 44800K, reserved 1089536K
  class space    used 6020K, committed 6208K, reserved 1048576K
}
Event: 24529.768 GC heap after
{Heap after GC invocations=2446 (full 2404):
 garbage-first heap   total 99328K, used 28825K [0x00000000c9e00000, 0x0000000100000000)
  region size 1024K, 0 young (0K), 0 survivors (0K)
 Metaspace       used 44309K, committed 44800K, reserved 1089536K
  class space    used 6020K, committed 6208K, reserved 1048576K
}
Event: 24541.193 GC heap before
{Heap before GC invocations=2446 (full 2404):
 garbage-first heap   total 99328K, used 28825K [0x00000000c9e00000, 0x0000000100000000)
  region size 1024K, 1 young (1024K), 0 survivors (0K)
 Metaspace       used 44309K, committed 44800K, reserved 1089536K
  class space    used 6020K, committed 6208K, reserved 1048576K
}
Event: 24541.225 GC heap after
{Heap after GC invocations=2447 (full 2405):
 garbage-first heap   total 99328K, used 28825K [0x00000000c9e00000, 0x0000000100000000)
  region size 1024K, 0 young (0K), 0 survivors (0K)
 Metaspace       used 44309K, committed 44800K, reserved 1089536K
  class space    used 6020K, committed 6208K, reserved 1048576K
}

