# JRE version: OpenJDK Runtime Environment Temurin-17.0.3+7 (17.0.3+7) (build 17.0.3+7)
# Java VM: OpenJDK 64-Bit Server VM Temurin-17.0.3+7 (17.0.3+7, mixed mode, emulated-client, tiered, compressed oops, compressed class ptrs, g1 gc, windows-amd64)
GC Precious Log:
 CPUs: 2 total, 2 available
 Memory: 3463M
 Large Page Support: Disabled
 NUMA Support: Disabled
 Compressed Oops: Enabled (32-bit)
 Heap Region Size: 1M
 Heap Min Capacity: 8M
 Heap Initial Capacity: 56M
 Heap Max Capacity: 866M
 Pre-touch: Disabled
 Parallel Workers: 2
 Concurrent Workers: 1
 Concurrent Refinement Workers: 2
 Periodic GC: Disabled
Heap:
 garbage-first heap   total 145408K, used 61219K [0x00000000c9e00000, 0x0000000100000000)
  region size 1024K, 2 young (2048K), 2 survivors (2048K)
 Metaspace       used 35028K, committed 35392K, reserved 1081344K
  class space    used 4557K, committed 4736K, reserved 1048576K
GC Heap History (20 events):
Event: 15.448 GC heap after
{Heap after GC invocations=16 (full 0):
 garbage-first heap   total 48128K, used 27634K [0x00000000c9e00000, 0x0000000100000000)
  region size 1024K, 2 young (2048K), 2 survivors (2048K)
 Metaspace       used 34821K, committed 35136K, reserved 1081344K
  class space    used 4527K, committed 4672K, reserved 1048576K
}
Event: 15.498 GC heap before
{Heap before GC invocations=16 (full 0):
 garbage-first heap   total 48128K, used 36850K [0x00000000c9e00000, 0x0000000100000000)
  region size 1024K, 11 young (11264K), 2 survivors (2048K)
 Metaspace       used 34826K, committed 35136K, reserved 1081344K
  class space    used 4528K, committed 4672K, reserved 1048576K
}
Event: 15.503 GC heap after
{Heap after GC invocations=17 (full 0):
 garbage-first heap   total 48128K, used 29148K [0x00000000c9e00000, 0x0000000100000000)
  region size 1024K, 2 young (2048K), 2 survivors (2048K)
 Metaspace       used 34826K, committed 35136K, reserved 1081344K
  class space    used 4528K, committed 4672K, reserved 1048576K
}
Event: 15.556 GC heap before
{Heap before GC invocations=18 (full 0):
 garbage-first heap   total 56320K, used 37340K [0x00000000c9e00000, 0x0000000100000000)
  region size 1024K, 10 young (10240K), 2 survivors (2048K)
 Metaspace       used 34835K, committed 35136K, reserved 1081344K
  class space    used 4531K, committed 4672K, reserved 1048576K
}
Event: 15.560 GC heap after
{Heap after GC invocations=19 (full 0):
 garbage-first heap   total 56320K, used 30783K [0x00000000c9e00000, 0x0000000100000000)
  region size 1024K, 2 young (2048K), 2 survivors (2048K)
 Metaspace       used 34835K, committed 35136K, reserved 1081344K
  class space    used 4531K, committed 4672K, reserved 1048576K
}
Event: 15.563 GC heap before
{Heap before GC invocations=19 (full 0):
 garbage-first heap   total 56320K, used 31807K [0x00000000c9e00000, 0x0000000100000000)
  region size 1024K, 3 young (3072K), 2 survivors (2048K)
 Metaspace       used 34835K, committed 35136K, reserved 1081344K
  class space    used 4531K, committed 4672K, reserved 1048576K
}
Event: 15.565 GC heap after
{Heap after GC invocations=20 (full 0):
 garbage-first heap   total 56320K, used 30824K [0x00000000c9e00000, 0x0000000100000000)
  region size 1024K, 1 young (1024K), 1 survivors (1024K)
 Metaspace       used 34835K, committed 35136K, reserved 1081344K
  class space    used 4531K, committed 4672K, reserved 1048576K
}
Event: 15.680 GC heap before
{Heap before GC invocations=20 (full 0):
 garbage-first heap   total 56320K, used 42088K [0x00000000c9e00000, 0x0000000100000000)
  region size 1024K, 13 young (13312K), 1 survivors (1024K)
 Metaspace       used 34841K, committed 35136K, reserved 1081344K
  class space    used 4533K, committed 4672K, reserved 1048576K
}
Event: 15.691 GC heap after
{Heap after GC invocations=21 (full 0):
 garbage-first heap   total 145408K, used 33468K [0x00000000c9e00000, 0x0000000100000000)
  region size 1024K, 2 young (2048K), 2 survivors (2048K)
 Metaspace       used 34841K, committed 35136K, reserved 1081344K
  class space    used 4533K, committed 4672K, reserved 1048576K
}
Event: 17.649 GC heap before
{Heap before GC invocations=22 (full 0):
 garbage-first heap   total 116736K, used 95932K [0x00000000c9e00000, 0x0000000100000000)
  region size 1024K, 63 young (64512K), 2 survivors (2048K)
 Metaspace       used 34843K, committed 35136K, reserved 1081344K
  class space    used 4533K, committed 4672K, reserved 1048576K
}
Event: 17.694 GC heap after
{Heap after GC invocations=23 (full 0):
 garbage-first heap   total 116736K, used 51252K [0x00000000c9e00000, 0x0000000100000000)
  region size 1024K, 8 young (8192K), 8 survivors (8192K)
 Metaspace       used 34843K, committed 35136K, reserved 1081344K
  class space    used 4533K, committed 4672K, reserved 1048576K
}
Event: 17.706 GC heap before
{Heap before GC invocations=23 (full 0):
 garbage-first heap   total 116736K, used 52276K [0x00000000c9e00000, 0x0000000100000000)
  region size 1024K, 9 young (9216K), 8 survivors (8192K)
 Metaspace       used 34843K, committed 35136K, reserved 1081344K
  class space    used 4533K, committed 4672K, reserved 1048576K
}
Event: 17.733 GC heap after
{Heap after GC invocations=24 (full 0):
 garbage-first heap   total 116736K, used 52412K [0x00000000c9e00000, 0x0000000100000000)
  region size 1024K, 1 young (1024K), 1 survivors (1024K)
 Metaspace       used 34843K, committed 35136K, reserved 1081344K
  class space    used 4533K, committed 4672K, reserved 1048576K
}
Event: 17.833 GC heap before
{Heap before GC invocations=24 (full 0):
 garbage-first heap   total 116736K, used 61628K [0x00000000c9e00000, 0x0000000100000000)
  region size 1024K, 11 young (11264K), 1 survivors (1024K)
 Metaspace       used 34843K, committed 35136K, reserved 1081344K
  class space    used 4533K, committed 4672K, reserved 1048576K
}
Event: 17.850 GC heap after
{Heap after GC invocations=25 (full 0):
 garbage-first heap   total 116736K, used 57020K [0x00000000c9e00000, 0x0000000100000000)
  region size 1024K, 4 young (4096K), 4 survivors (4096K)
 Metaspace       used 34843K, committed 35136K, reserved 1081344K
  class space    used 4533K, committed 4672K, reserved 1048576K
}
Event: 18.030 GC heap before
{Heap before GC invocations=26 (full 0):
 garbage-first heap   total 116736K, used 79548K [0x00000000c9e00000, 0x0000000100000000)
  region size 1024K, 28 young (28672K), 4 survivors (4096K)
 Metaspace       used 34919K, committed 35200K, reserved 1081344K
  class space    used 4544K, committed 4672K, reserved 1048576K
}
Event: 18.049 GC heap after
{Heap after GC invocations=27 (full 0):
 garbage-first heap   total 116736K, used 60680K [0x00000000c9e00000, 0x0000000100000000)
  region size 1024K, 4 young (4096K), 4 survivors (4096K)
 Metaspace       used 34919K, committed 35200K, reserved 1081344K
  class space    used 4544K, committed 4672K, reserved 1048576K
}
Event: 18.054 GC heap before
{Heap before GC invocations=27 (full 0):
 garbage-first heap   total 116736K, used 61704K [0x00000000c9e00000, 0x0000000100000000)
  region size 1024K, 5 young (5120K), 4 survivors (4096K)
 Metaspace       used 34919K, committed 35200K, reserved 1081344K
  class space    used 4544K, committed 4672K, reserved 1048576K
}
Event: 18.064 GC heap after
{Heap after GC invocations=28 (full 0):
 garbage-first heap   total 116736K, used 60866K [0x00000000c9e00000, 0x0000000100000000)
  region size 1024K, 1 young (1024K), 1 survivors (1024K)
 Metaspace       used 34919K, committed 35200K, reserved 1081344K
  class space    used 4544K, committed 4672K, reserved 1048576K
}
Event: 18.113 GC heap before
{Heap before GC invocations=28 (full 0):
 garbage-first heap   total 116736K, used 83394K [0x00000000c9e00000, 0x0000000100000000)
  region size 1024K, 24 young (24576K), 1 survivors (1024K)
 Metaspace       used 35028K, committed 35392K, reserved 1081344K
  class space    used 4557K, committed 4736K, reserved 1048576K
}

