# JRE version: OpenJDK Runtime Environment Temurin-17.0.3+7 (17.0.3+7) (build 17.0.3+7)
# Java VM: OpenJDK 64-Bit Server VM Temurin-17.0.3+7 (17.0.3+7, mixed mode, emulated-client, tiered, compressed oops, compressed class ptrs, g1 gc, windows-amd64)
GC Precious Log:
 CPUs: 2 total, 2 available
 Memory: 3463M
 Large Page Support: Disabled
 NUMA Support: Disabled
 Compressed Oops: Enabled (32-bit)
 Heap Region Size: 1M
 Heap Min Capacity: 8M
 Heap Initial Capacity: 56M
 Heap Max Capacity: 866M
 Pre-touch: Disabled
 Parallel Workers: 2
 Concurrent Workers: 1
 Concurrent Refinement Workers: 2
 Periodic GC: Disabled
Heap:
 garbage-first heap   total 89088K, used 57622K [0x00000000c9e00000, 0x0000000100000000)
  region size 1024K, 2 young (2048K), 2 survivors (2048K)
 Metaspace       used 34941K, committed 35264K, reserved 1081344K
  class space    used 4545K, committed 4736K, reserved 1048576K
GC Heap History (20 events):
Event: 8.572 GC heap after
{Heap after GC invocations=13 (full 0):
 garbage-first heap   total 54272K, used 24341K [0x00000000c9e00000, 0x0000000100000000)
  region size 1024K, 3 young (3072K), 3 survivors (3072K)
 Metaspace       used 34794K, committed 35136K, reserved 1081344K
  class space    used 4520K, committed 4672K, reserved 1048576K
}
Event: 8.767 GC heap before
{Heap before GC invocations=13 (full 0):
 garbage-first heap   total 54272K, used 38677K [0x00000000c9e00000, 0x0000000100000000)
  region size 1024K, 18 young (18432K), 3 survivors (3072K)
 Metaspace       used 34919K, committed 35200K, reserved 1081344K
  class space    used 4540K, committed 4672K, reserved 1048576K
}
Event: 8.773 GC heap after
{Heap after GC invocations=14 (full 0):
 garbage-first heap   total 54272K, used 27156K [0x00000000c9e00000, 0x0000000100000000)
  region size 1024K, 3 young (3072K), 3 survivors (3072K)
 Metaspace       used 34919K, committed 35200K, reserved 1081344K
  class space    used 4540K, committed 4672K, reserved 1048576K
}
Event: 8.817 GC heap before
{Heap before GC invocations=14 (full 0):
 garbage-first heap   total 54272K, used 40468K [0x00000000c9e00000, 0x0000000100000000)
  region size 1024K, 16 young (16384K), 3 survivors (3072K)
 Metaspace       used 34933K, committed 35200K, reserved 1081344K
  class space    used 4542K, committed 4672K, reserved 1048576K
}
Event: 8.823 GC heap after
{Heap after GC invocations=15 (full 0):
 garbage-first heap   total 54272K, used 29417K [0x00000000c9e00000, 0x0000000100000000)
  region size 1024K, 2 young (2048K), 2 survivors (2048K)
 Metaspace       used 34933K, committed 35200K, reserved 1081344K
  class space    used 4542K, committed 4672K, reserved 1048576K
}
Event: 8.972 GC heap before
{Heap before GC invocations=16 (full 0):
 garbage-first heap   total 54272K, used 41705K [0x00000000c9e00000, 0x0000000100000000)
  region size 1024K, 14 young (14336K), 2 survivors (2048K)
 Metaspace       used 34939K, committed 35264K, reserved 1081344K
  class space    used 4544K, committed 4736K, reserved 1048576K
}
Event: 8.984 GC heap after
{Heap after GC invocations=17 (full 0):
 garbage-first heap   total 54272K, used 31465K [0x00000000c9e00000, 0x0000000100000000)
  region size 1024K, 2 young (2048K), 2 survivors (2048K)
 Metaspace       used 34939K, committed 35264K, reserved 1081344K
  class space    used 4544K, committed 4736K, reserved 1048576K
}
Event: 9.023 GC heap before
{Heap before GC invocations=17 (full 0):
 garbage-first heap   total 54272K, used 41705K [0x00000000c9e00000, 0x0000000100000000)
  region size 1024K, 12 young (12288K), 2 survivors (2048K)
 Metaspace       used 34940K, committed 35264K, reserved 1081344K
  class space    used 4545K, committed 4736K, reserved 1048576K
}
Event: 9.029 GC heap after
{Heap after GC invocations=18 (full 0):
 garbage-first heap   total 79872K, used 33540K [0x00000000c9e00000, 0x0000000100000000)
  region size 1024K, 2 young (2048K), 2 survivors (2048K)
 Metaspace       used 34940K, committed 35264K, reserved 1081344K
  class space    used 4545K, committed 4736K, reserved 1048576K
}
Event: 9.162 GC heap before
{Heap before GC invocations=19 (full 0):
 garbage-first heap   total 79872K, used 59140K [0x00000000c9e00000, 0x0000000100000000)
  region size 1024K, 27 young (27648K), 2 survivors (2048K)
 Metaspace       used 34940K, committed 35264K, reserved 1081344K
  class space    used 4545K, committed 4736K, reserved 1048576K
}
Event: 9.173 GC heap after
{Heap after GC invocations=20 (full 0):
 garbage-first heap   total 79872K, used 38830K [0x00000000c9e00000, 0x0000000100000000)
  region size 1024K, 4 young (4096K), 4 survivors (4096K)
 Metaspace       used 34940K, committed 35264K, reserved 1081344K
  class space    used 4545K, committed 4736K, reserved 1048576K
}
Event: 9.659 GC heap before
{Heap before GC invocations=20 (full 0):
 garbage-first heap   total 79872K, used 60334K [0x00000000c9e00000, 0x0000000100000000)
  region size 1024K, 25 young (25600K), 4 survivors (4096K)
 Metaspace       used 34940K, committed 35264K, reserved 1081344K
  class space    used 4545K, committed 4736K, reserved 1048576K
}
Event: 9.675 GC heap after
{Heap after GC invocations=21 (full 0):
 garbage-first heap   total 79872K, used 45801K [0x00000000c9e00000, 0x0000000100000000)
  region size 1024K, 4 young (4096K), 4 survivors (4096K)
 Metaspace       used 34940K, committed 35264K, reserved 1081344K
  class space    used 4545K, committed 4736K, reserved 1048576K
}
Event: 9.736 GC heap before
{Heap before GC invocations=21 (full 0):
 garbage-first heap   total 79872K, used 47849K [0x00000000c9e00000, 0x0000000100000000)
  region size 1024K, 8 young (8192K), 4 survivors (4096K)
 Metaspace       used 34940K, committed 35264K, reserved 1081344K
  class space    used 4545K, committed 4736K, reserved 1048576K
}
Event: 9.744 GC heap after
{Heap after GC invocations=22 (full 0):
 garbage-first heap   total 79872K, used 48361K [0x00000000c9e00000, 0x0000000100000000)
  region size 1024K, 2 young (2048K), 2 survivors (2048K)
 Metaspace       used 34940K, committed 35264K, reserved 1081344K
  class space    used 4545K, committed 4736K, reserved 1048576K
}
Event: 9.875 GC heap before
{Heap before GC invocations=23 (full 0):
 garbage-first heap   total 89088K, used 59625K [0x00000000c9e00000, 0x0000000100000000)
  region size 1024K, 13 young (13312K), 2 survivors (2048K)
 Metaspace       used 34941K, committed 35264K, reserved 1081344K
  class space    used 4545K, committed 4736K, reserved 1048576K
}
Event: 9.896 GC heap after
{Heap after GC invocations=24 (full 0):
 garbage-first heap   total 89088K, used 54439K [0x00000000c9e00000, 0x0000000100000000)
  region size 1024K, 2 young (2048K), 2 survivors (2048K)
 Metaspace       used 34941K, committed 35264K, reserved 1081344K
  class space    used 4545K, committed 4736K, reserved 1048576K
}
Event: 9.907 GC heap before
{Heap before GC invocations=24 (full 0):
 garbage-first heap   total 89088K, used 56487K [0x00000000c9e00000, 0x0000000100000000)
  region size 1024K, 4 young (4096K), 2 survivors (2048K)
 Metaspace       used 34941K, committed 35264K, reserved 1081344K
  class space    used 4545K, committed 4736K, reserved 1048576K
}
Event: 9.935 GC heap after
{Heap after GC invocations=25 (full 0):
 garbage-first heap   total 89088K, used 55765K [0x00000000c9e00000, 0x0000000100000000)
  region size 1024K, 1 young (1024K), 1 survivors (1024K)
 Metaspace       used 34941K, committed 35264K, reserved 1081344K
  class space    used 4545K, committed 4736K, reserved 1048576K
}
Event: 10.001 GC heap before
{Heap before GC invocations=25 (full 0):
 garbage-first heap   total 89088K, used 57813K [0x00000000c9e00000, 0x0000000100000000)
  region size 1024K, 4 young (4096K), 1 survivors (1024K)
 Metaspace       used 34941K, committed 35264K, reserved 1081344K
  class space    used 4545K, committed 4736K, reserved 1048576K
}

