# JRE version: OpenJDK Runtime Environment Temurin-17.0.3+7 (17.0.3+7) (build 17.0.3+7)
# Java VM: OpenJDK 64-Bit Server VM Temurin-17.0.3+7 (17.0.3+7, mixed mode, emulated-client, tiered, compressed oops, compressed class ptrs, g1 gc, windows-amd64)
GC Precious Log:
 CPUs: 2 total, 2 available
 Memory: 3463M
 Large Page Support: Disabled
 NUMA Support: Disabled
 Compressed Oops: Enabled (32-bit)
 Heap Region Size: 1M
 Heap Min Capacity: 8M
 Heap Initial Capacity: 56M
 Heap Max Capacity: 866M
 Pre-touch: Disabled
 Parallel Workers: 2
 Concurrent Workers: 1
 Concurrent Refinement Workers: 2
 Periodic GC: Disabled
Heap:
 garbage-first heap   total 78848K, used 52519K [0x00000000c9e00000, 0x0000000100000000)
  region size 1024K, 1 young (1024K), 1 survivors (1024K)
 Metaspace       used 34831K, committed 35136K, reserved 1081344K
  class space    used 4530K, committed 4672K, reserved 1048576K
GC Heap History (20 events):
Event: 14.900 GC heap after
{Heap after GC invocations=16 (full 0):
 garbage-first heap   total 45056K, used 26726K [0x00000000c9e00000, 0x0000000100000000)
  region size 1024K, 2 young (2048K), 2 survivors (2048K)
 Metaspace       used 34820K, committed 35136K, reserved 1081344K
  class space    used 4528K, committed 4672K, reserved 1048576K
}
Event: 15.022 GC heap before
{Heap before GC invocations=16 (full 0):
 garbage-first heap   total 45056K, used 33894K [0x00000000c9e00000, 0x0000000100000000)
  region size 1024K, 9 young (9216K), 2 survivors (2048K)
 Metaspace       used 34820K, committed 35136K, reserved 1081344K
  class space    used 4528K, committed 4672K, reserved 1048576K
}
Event: 15.033 GC heap after
{Heap after GC invocations=17 (full 0):
 garbage-first heap   total 45056K, used 28188K [0x00000000c9e00000, 0x0000000100000000)
  region size 1024K, 2 young (2048K), 2 survivors (2048K)
 Metaspace       used 34820K, committed 35136K, reserved 1081344K
  class space    used 4528K, committed 4672K, reserved 1048576K
}
Event: 15.243 GC heap before
{Heap before GC invocations=18 (full 0):
 garbage-first heap   total 51200K, used 34332K [0x00000000c9e00000, 0x0000000100000000)
  region size 1024K, 8 young (8192K), 2 survivors (2048K)
 Metaspace       used 34820K, committed 35136K, reserved 1081344K
  class space    used 4528K, committed 4672K, reserved 1048576K
}
Event: 15.248 GC heap after
{Heap after GC invocations=19 (full 0):
 garbage-first heap   total 51200K, used 29065K [0x00000000c9e00000, 0x0000000100000000)
  region size 1024K, 1 young (1024K), 1 survivors (1024K)
 Metaspace       used 34820K, committed 35136K, reserved 1081344K
  class space    used 4528K, committed 4672K, reserved 1048576K
}
Event: 15.481 GC heap before
{Heap before GC invocations=19 (full 0):
 garbage-first heap   total 51200K, used 40329K [0x00000000c9e00000, 0x0000000100000000)
  region size 1024K, 12 young (12288K), 1 survivors (1024K)
 Metaspace       used 34820K, committed 35136K, reserved 1081344K
  class space    used 4528K, committed 4672K, reserved 1048576K
}
Event: 15.488 GC heap after
{Heap after GC invocations=20 (full 0):
 garbage-first heap   total 61440K, used 30960K [0x00000000c9e00000, 0x0000000100000000)
  region size 1024K, 2 young (2048K), 2 survivors (2048K)
 Metaspace       used 34820K, committed 35136K, reserved 1081344K
  class space    used 4528K, committed 4672K, reserved 1048576K
}
Event: 15.665 GC heap before
{Heap before GC invocations=21 (full 0):
 garbage-first heap   total 61440K, used 47344K [0x00000000c9e00000, 0x0000000100000000)
  region size 1024K, 18 young (18432K), 2 survivors (2048K)
 Metaspace       used 34825K, committed 35136K, reserved 1081344K
  class space    used 4530K, committed 4672K, reserved 1048576K
}
Event: 15.677 GC heap after
{Heap after GC invocations=22 (full 0):
 garbage-first heap   total 61440K, used 34790K [0x00000000c9e00000, 0x0000000100000000)
  region size 1024K, 3 young (3072K), 3 survivors (3072K)
 Metaspace       used 34825K, committed 35136K, reserved 1081344K
  class space    used 4530K, committed 4672K, reserved 1048576K
}
Event: 15.723 GC heap before
{Heap before GC invocations=22 (full 0):
 garbage-first heap   total 61440K, used 47078K [0x00000000c9e00000, 0x0000000100000000)
  region size 1024K, 15 young (15360K), 3 survivors (3072K)
 Metaspace       used 34825K, committed 35136K, reserved 1081344K
  class space    used 4530K, committed 4672K, reserved 1048576K
}
Event: 15.734 GC heap after
{Heap after GC invocations=23 (full 0):
 garbage-first heap   total 61440K, used 37426K [0x00000000c9e00000, 0x0000000100000000)
  region size 1024K, 2 young (2048K), 2 survivors (2048K)
 Metaspace       used 34825K, committed 35136K, reserved 1081344K
  class space    used 4530K, committed 4672K, reserved 1048576K
}
Event: 15.856 GC heap before
{Heap before GC invocations=24 (full 0):
 garbage-first heap   total 73728K, used 48690K [0x00000000c9e00000, 0x0000000100000000)
  region size 1024K, 13 young (13312K), 2 survivors (2048K)
 Metaspace       used 34825K, committed 35136K, reserved 1081344K
  class space    used 4530K, committed 4672K, reserved 1048576K
}
Event: 15.864 GC heap after
{Heap after GC invocations=25 (full 0):
 garbage-first heap   total 73728K, used 39873K [0x00000000c9e00000, 0x0000000100000000)
  region size 1024K, 2 young (2048K), 2 survivors (2048K)
 Metaspace       used 34825K, committed 35136K, reserved 1081344K
  class space    used 4530K, committed 4672K, reserved 1048576K
}
Event: 15.868 GC heap before
{Heap before GC invocations=25 (full 0):
 garbage-first heap   total 73728K, used 40897K [0x00000000c9e00000, 0x0000000100000000)
  region size 1024K, 3 young (3072K), 2 survivors (2048K)
 Metaspace       used 34825K, committed 35136K, reserved 1081344K
  class space    used 4530K, committed 4672K, reserved 1048576K
}
Event: 15.873 GC heap after
{Heap after GC invocations=26 (full 0):
 garbage-first heap   total 73728K, used 40107K [0x00000000c9e00000, 0x0000000100000000)
  region size 1024K, 1 young (1024K), 1 survivors (1024K)
 Metaspace       used 34825K, committed 35136K, reserved 1081344K
  class space    used 4530K, committed 4672K, reserved 1048576K
}
Event: 19.107 GC heap before
{Heap before GC invocations=26 (full 0):
 garbage-first heap   total 73728K, used 56491K [0x00000000c9e00000, 0x0000000100000000)
  region size 1024K, 17 young (17408K), 1 survivors (1024K)
 Metaspace       used 34829K, committed 35136K, reserved 1081344K
  class space    used 4530K, committed 4672K, reserved 1048576K
}
Event: 19.121 GC heap after
{Heap after GC invocations=27 (full 0):
 garbage-first heap   total 73728K, used 45774K [0x00000000c9e00000, 0x0000000100000000)
  region size 1024K, 3 young (3072K), 3 survivors (3072K)
 Metaspace       used 34829K, committed 35136K, reserved 1081344K
  class space    used 4530K, committed 4672K, reserved 1048576K
}
Event: 19.982 GC heap before
{Heap before GC invocations=28 (full 0):
 garbage-first heap   total 78848K, used 57038K [0x00000000c9e00000, 0x0000000100000000)
  region size 1024K, 14 young (14336K), 3 survivors (3072K)
 Metaspace       used 34831K, committed 35136K, reserved 1081344K
  class space    used 4530K, committed 4672K, reserved 1048576K
}
Event: 19.997 GC heap after
{Heap after GC invocations=29 (full 0):
 garbage-first heap   total 78848K, used 51466K [0x00000000c9e00000, 0x0000000100000000)
  region size 1024K, 2 young (2048K), 2 survivors (2048K)
 Metaspace       used 34831K, committed 35136K, reserved 1081344K
  class space    used 4530K, committed 4672K, reserved 1048576K
}
Event: 20.008 GC heap before
{Heap before GC invocations=29 (full 0):
 garbage-first heap   total 78848K, used 52490K [0x00000000c9e00000, 0x0000000100000000)
  region size 1024K, 3 young (3072K), 2 survivors (2048K)
 Metaspace       used 34831K, committed 35136K, reserved 1081344K
  class space    used 4530K, committed 4672K, reserved 1048576K
}

