# JRE version: OpenJDK Runtime Environment Temurin-17.0.3+7 (17.0.3+7) (build 17.0.3+7)
# Java VM: OpenJDK 64-Bit Server VM Temurin-17.0.3+7 (17.0.3+7, mixed mode, emulated-client, tiered, compressed oops, compressed class ptrs, g1 gc, windows-amd64)
GC Precious Log:
 CPUs: 2 total, 2 available
 Memory: 3463M
 Large Page Support: Disabled
 NUMA Support: Disabled
 Compressed Oops: Enabled (32-bit)
 Heap Region Size: 1M
 Heap Min Capacity: 8M
 Heap Initial Capacity: 56M
 Heap Max Capacity: 866M
 Pre-touch: Disabled
 Parallel Workers: 2
 Concurrent Workers: 1
 Concurrent Refinement Workers: 2
 Periodic GC: Disabled
Heap:
 garbage-first heap   total 291840K, used 128080K [0x00000000c9e00000, 0x0000000100000000)
  region size 1024K, 5 young (5120K), 5 survivors (5120K)
 Metaspace       used 35162K, committed 35456K, reserved 1081344K
  class space    used 4563K, committed 4672K, reserved 1048576K
GC Heap History (20 events):
Event: 93.642 GC heap after
{Heap after GC invocations=39 (full 0):
 garbage-first heap   total 234496K, used 91645K [0x00000000c9e00000, 0x0000000100000000)
  region size 1024K, 9 young (9216K), 9 survivors (9216K)
 Metaspace       used 35020K, committed 35328K, reserved 1081344K
  class space    used 4551K, committed 4672K, reserved 1048576K
}
Event: 95.448 GC heap before
{Heap before GC invocations=39 (full 0):
 garbage-first heap   total 234496K, used 194045K [0x00000000c9e00000, 0x0000000100000000)
  region size 1024K, 110 young (112640K), 9 survivors (9216K)
 Metaspace       used 35039K, committed 35328K, reserved 1081344K
  class space    used 4556K, committed 4672K, reserved 1048576K
}
Event: 95.674 GC heap after
{Heap after GC invocations=40 (full 0):
 garbage-first heap   total 234496K, used 95232K [0x00000000c9e00000, 0x0000000100000000)
  region size 1024K, 8 young (8192K), 8 survivors (8192K)
 Metaspace       used 35039K, committed 35328K, reserved 1081344K
  class space    used 4556K, committed 4672K, reserved 1048576K
}
Event: 99.291 GC heap before
{Heap before GC invocations=41 (full 0):
 garbage-first heap   total 234496K, used 196608K [0x00000000c9e00000, 0x0000000100000000)
  region size 1024K, 108 young (110592K), 8 survivors (8192K)
 Metaspace       used 35039K, committed 35328K, reserved 1081344K
  class space    used 4556K, committed 4672K, reserved 1048576K
}
Event: 99.500 GC heap after
{Heap after GC invocations=42 (full 0):
 garbage-first heap   total 234496K, used 100111K [0x00000000c9e00000, 0x0000000100000000)
  region size 1024K, 8 young (8192K), 8 survivors (8192K)
 Metaspace       used 35039K, committed 35328K, reserved 1081344K
  class space    used 4556K, committed 4672K, reserved 1048576K
}
Event: 99.611 GC heap before
{Heap before GC invocations=42 (full 0):
 garbage-first heap   total 234496K, used 102159K [0x00000000c9e00000, 0x0000000100000000)
  region size 1024K, 11 young (11264K), 8 survivors (8192K)
 Metaspace       used 35039K, committed 35328K, reserved 1081344K
  class space    used 4556K, committed 4672K, reserved 1048576K
}
Event: 99.659 GC heap after
{Heap after GC invocations=43 (full 0):
 garbage-first heap   total 234496K, used 99328K [0x00000000c9e00000, 0x0000000100000000)
  region size 1024K, 1 young (1024K), 1 survivors (1024K)
 Metaspace       used 35039K, committed 35328K, reserved 1081344K
  class space    used 4556K, committed 4672K, reserved 1048576K
}
Event: 102.142 GC heap before
{Heap before GC invocations=43 (full 0):
 garbage-first heap   total 234496K, used 197632K [0x00000000c9e00000, 0x0000000100000000)
  region size 1024K, 98 young (100352K), 1 survivors (1024K)
 Metaspace       used 35039K, committed 35328K, reserved 1081344K
  class space    used 4556K, committed 4672K, reserved 1048576K
}
Event: 102.160 GC heap after
{Heap after GC invocations=44 (full 0):
 garbage-first heap   total 234496K, used 102823K [0x00000000c9e00000, 0x0000000100000000)
  region size 1024K, 5 young (5120K), 5 survivors (5120K)
 Metaspace       used 35039K, committed 35328K, reserved 1081344K
  class space    used 4556K, committed 4672K, reserved 1048576K
}
Event: 105.021 GC heap before
{Heap before GC invocations=44 (full 0):
 garbage-first heap   total 234496K, used 197031K [0x00000000c9e00000, 0x0000000100000000)
  region size 1024K, 98 young (100352K), 5 survivors (5120K)
 Metaspace       used 35039K, committed 35328K, reserved 1081344K
  class space    used 4556K, committed 4672K, reserved 1048576K
}
Event: 105.034 GC heap after
{Heap after GC invocations=45 (full 0):
 garbage-first heap   total 234496K, used 106872K [0x00000000c9e00000, 0x0000000100000000)
  region size 1024K, 9 young (9216K), 9 survivors (9216K)
 Metaspace       used 35039K, committed 35328K, reserved 1081344K
  class space    used 4556K, committed 4672K, reserved 1048576K
}
Event: 106.419 GC heap before
{Heap before GC invocations=45 (full 0):
 garbage-first heap   total 234496K, used 198008K [0x00000000c9e00000, 0x0000000100000000)
  region size 1024K, 99 young (101376K), 9 survivors (9216K)
 Metaspace       used 35039K, committed 35328K, reserved 1081344K
  class space    used 4556K, committed 4672K, reserved 1048576K
}
Event: 106.457 GC heap after
{Heap after GC invocations=46 (full 0):
 garbage-first heap   total 234496K, used 112435K [0x00000000c9e00000, 0x0000000100000000)
  region size 1024K, 10 young (10240K), 10 survivors (10240K)
 Metaspace       used 35039K, committed 35328K, reserved 1081344K
  class space    used 4556K, committed 4672K, reserved 1048576K
}
Event: 107.545 GC heap before
{Heap before GC invocations=46 (full 0):
 garbage-first heap   total 234496K, used 196403K [0x00000000c9e00000, 0x0000000100000000)
  region size 1024K, 93 young (95232K), 10 survivors (10240K)
 Metaspace       used 35039K, committed 35328K, reserved 1081344K
  class space    used 4556K, committed 4672K, reserved 1048576K
}
Event: 107.594 GC heap after
{Heap after GC invocations=47 (full 0):
 garbage-first heap   total 234496K, used 119411K [0x00000000c9e00000, 0x0000000100000000)
  region size 1024K, 12 young (12288K), 12 survivors (12288K)
 Metaspace       used 35039K, committed 35328K, reserved 1081344K
  class space    used 4556K, committed 4672K, reserved 1048576K
}
Event: 110.447 GC heap before
{Heap before GC invocations=48 (full 0):
 garbage-first heap   total 291840K, used 191091K [0x00000000c9e00000, 0x0000000100000000)
  region size 1024K, 83 young (84992K), 12 survivors (12288K)
 Metaspace       used 35039K, committed 35328K, reserved 1081344K
  class space    used 4556K, committed 4672K, reserved 1048576K
}
Event: 110.998 GC heap after
{Heap after GC invocations=49 (full 0):
 garbage-first heap   total 291840K, used 124162K [0x00000000c9e00000, 0x0000000100000000)
  region size 1024K, 5 young (5120K), 5 survivors (5120K)
 Metaspace       used 35039K, committed 35328K, reserved 1081344K
  class space    used 4556K, committed 4672K, reserved 1048576K
}
Event: 111.257 GC heap before
{Heap before GC invocations=49 (full 0):
 garbage-first heap   total 291840K, used 132354K [0x00000000c9e00000, 0x0000000100000000)
  region size 1024K, 14 young (14336K), 5 survivors (5120K)
 Metaspace       used 35039K, committed 35328K, reserved 1081344K
  class space    used 4556K, committed 4672K, reserved 1048576K
}
Event: 111.538 GC heap after
{Heap after GC invocations=50 (full 0):
 garbage-first heap   total 291840K, used 124416K [0x00000000c9e00000, 0x0000000100000000)
  region size 1024K, 1 young (1024K), 1 survivors (1024K)
 Metaspace       used 35039K, committed 35328K, reserved 1081344K
  class space    used 4556K, committed 4672K, reserved 1048576K
}
Event: 127.223 GC heap before
{Heap before GC invocations=50 (full 0):
 garbage-first heap   total 291840K, used 197120K [0x00000000c9e00000, 0x0000000100000000)
  region size 1024K, 73 young (74752K), 1 survivors (1024K)
 Metaspace       used 35162K, committed 35456K, reserved 1081344K
  class space    used 4563K, committed 4672K, reserved 1048576K
}

