# JRE version: OpenJDK Runtime Environment Temurin-17.0.3+7 (17.0.3+7) (build 17.0.3+7)
# Java VM: OpenJDK 64-Bit Server VM Temurin-17.0.3+7 (17.0.3+7, mixed mode, tiered, compressed oops, compressed class ptrs, parallel gc, windows-amd64)
GC Precious Log:
 CPUs: 2 total, 2 available
 Memory: 3463M
 Large Page Support: Disabled
 NUMA Support: Disabled
 Compressed Oops: Enabled (32-bit)
 Alignments: Space 512K, Generation 512K, Heap 2M
 Heap Min Capacity: 100M
 Heap Initial Capacity: 100M
 Heap Max Capacity: 1G
 Pre-touch: Disabled
 Parallel Workers: 2
Heap:
 PSYoungGen      total 9216K, used 3535K [0x00000000eab00000, 0x00000000ebc80000, 0x0000000100000000)
  eden space 8192K, 30% used [0x00000000eab00000,0x00000000ead74d80,0x00000000eb300000)
  from space 1024K, 99% used [0x00000000eba80000,0x00000000ebb7ee80,0x00000000ebb80000)
  to   space 1024K, 0% used [0x00000000ebb80000,0x00000000ebb80000,0x00000000ebc80000)
 ParOldGen       total 91136K, used 86454K [0x00000000c0000000, 0x00000000c5900000, 0x00000000eab00000)
  object space 91136K, 94% used [0x00000000c0000000,0x00000000c546daf8,0x00000000c5900000)
 Metaspace       used 66708K, committed 67648K, reserved 1114112K
  class space    used 6968K, committed 7360K, reserved 1048576K
GC Heap History (20 events):
Event: 95.388 GC heap before
{Heap before GC invocations=43 (full 4):
 PSYoungGen      total 12800K, used 12800K [0x00000000eab00000, 0x00000000ec980000, 0x0000000100000000)
  eden space 8192K, 100% used [0x00000000eab00000,0x00000000eb300000,0x00000000eb300000)
  from space 4608K, 100% used [0x00000000eb300000,0x00000000eb780000,0x00000000eb780000)
  to   space 10752K, 0% used [0x00000000ebf00000,0x00000000ebf00000,0x00000000ec980000)
 ParOldGen       total 91136K, used 75644K [0x00000000c0000000, 0x00000000c5900000, 0x00000000eab00000)
  object space 91136K, 83% used [0x00000000c0000000,0x00000000c49df328,0x00000000c5900000)
 Metaspace       used 64106K, committed 65024K, reserved 1114112K
  class space    used 6781K, committed 7168K, reserved 1048576K
}
Event: 95.398 GC heap after
{Heap after GC invocations=43 (full 4):
 PSYoungGen      total 9728K, used 1339K [0x00000000eab00000, 0x00000000ec080000, 0x0000000100000000)
  eden space 8192K, 0% used [0x00000000eab00000,0x00000000eab00000,0x00000000eb300000)
  from space 1536K, 87% used [0x00000000ebf00000,0x00000000ec04ee80,0x00000000ec080000)
  to   space 4608K, 0% used [0x00000000eb780000,0x00000000eb780000,0x00000000ebc00000)
 ParOldGen       total 91136K, used 80276K [0x00000000c0000000, 0x00000000c5900000, 0x00000000eab00000)
  object space 91136K, 88% used [0x00000000c0000000,0x00000000c4e65328,0x00000000c5900000)
 Metaspace       used 64106K, committed 65024K, reserved 1114112K
  class space    used 6781K, committed 7168K, reserved 1048576K
}
Event: 99.882 GC heap before
{Heap before GC invocations=44 (full 4):
 PSYoungGen      total 9728K, used 9514K [0x00000000eab00000, 0x00000000ec080000, 0x0000000100000000)
  eden space 8192K, 99% used [0x00000000eab00000,0x00000000eb2fba30,0x00000000eb300000)
  from space 1536K, 87% used [0x00000000ebf00000,0x00000000ec04ee80,0x00000000ec080000)
  to   space 4608K, 0% used [0x00000000eb780000,0x00000000eb780000,0x00000000ebc00000)
 ParOldGen       total 91136K, used 80276K [0x00000000c0000000, 0x00000000c5900000, 0x00000000eab00000)
  object space 91136K, 88% used [0x00000000c0000000,0x00000000c4e65328,0x00000000c5900000)
 Metaspace       used 64475K, committed 65344K, reserved 1114112K
  class space    used 6802K, committed 7168K, reserved 1048576K
}
Event: 99.908 GC heap after
{Heap after GC invocations=44 (full 4):
 PSYoungGen      total 12800K, used 512K [0x00000000eab00000, 0x00000000ebf80000, 0x0000000100000000)
  eden space 8192K, 0% used [0x00000000eab00000,0x00000000eab00000,0x00000000eb300000)
  from space 4608K, 11% used [0x00000000eb780000,0x00000000eb800000,0x00000000ebc00000)
  to   space 1536K, 0% used [0x00000000ebe00000,0x00000000ebe00000,0x00000000ebf80000)
 ParOldGen       total 91136K, used 80524K [0x00000000c0000000, 0x00000000c5900000, 0x00000000eab00000)
  object space 91136K, 88% used [0x00000000c0000000,0x00000000c4ea3328,0x00000000c5900000)
 Metaspace       used 64475K, committed 65344K, reserved 1114112K
  class space    used 6802K, committed 7168K, reserved 1048576K
}
Event: 164.918 GC heap before
{Heap before GC invocations=45 (full 4):
 PSYoungGen      total 12800K, used 8704K [0x00000000eab00000, 0x00000000ebf80000, 0x0000000100000000)
  eden space 8192K, 100% used [0x00000000eab00000,0x00000000eb300000,0x00000000eb300000)
  from space 4608K, 11% used [0x00000000eb780000,0x00000000eb800000,0x00000000ebc00000)
  to   space 1536K, 0% used [0x00000000ebe00000,0x00000000ebe00000,0x00000000ebf80000)
 ParOldGen       total 91136K, used 80524K [0x00000000c0000000, 0x00000000c5900000, 0x00000000eab00000)
  object space 91136K, 88% used [0x00000000c0000000,0x00000000c4ea3328,0x00000000c5900000)
 Metaspace       used 65575K, committed 66560K, reserved 1114112K
  class space    used 6905K, committed 7296K, reserved 1048576K
}
Event: 165.192 GC heap after
{Heap after GC invocations=45 (full 4):
 PSYoungGen      total 9216K, used 928K [0x00000000eab00000, 0x00000000ebf00000, 0x0000000100000000)
  eden space 8192K, 0% used [0x00000000eab00000,0x00000000eab00000,0x00000000eb300000)
  from space 1024K, 90% used [0x00000000ebe00000,0x00000000ebee82b8,0x00000000ebf00000)
  to   space 1536K, 0% used [0x00000000ebc00000,0x00000000ebc00000,0x00000000ebd80000)
 ParOldGen       total 91136K, used 80993K [0x00000000c0000000, 0x00000000c5900000, 0x00000000eab00000)
  object space 91136K, 88% used [0x00000000c0000000,0x00000000c4f18568,0x00000000c5900000)
 Metaspace       used 65575K, committed 66560K, reserved 1114112K
  class space    used 6905K, committed 7296K, reserved 1048576K
}
Event: 219.347 GC heap before
{Heap before GC invocations=46 (full 4):
 PSYoungGen      total 9216K, used 9120K [0x00000000eab00000, 0x00000000ebf00000, 0x0000000100000000)
  eden space 8192K, 100% used [0x00000000eab00000,0x00000000eb300000,0x00000000eb300000)
  from space 1024K, 90% used [0x00000000ebe00000,0x00000000ebee82b8,0x00000000ebf00000)
  to   space 1536K, 0% used [0x00000000ebc00000,0x00000000ebc00000,0x00000000ebd80000)
 ParOldGen       total 91136K, used 80993K [0x00000000c0000000, 0x00000000c5900000, 0x00000000eab00000)
  object space 91136K, 88% used [0x00000000c0000000,0x00000000c4f18568,0x00000000c5900000)
 Metaspace       used 65809K, committed 66752K, reserved 1114112K
  class space    used 6926K, committed 7296K, reserved 1048576K
}
Event: 219.584 GC heap after
{Heap after GC invocations=46 (full 4):
 PSYoungGen      total 9728K, used 1533K [0x00000000eab00000, 0x00000000ebe80000, 0x0000000100000000)
  eden space 8192K, 0% used [0x00000000eab00000,0x00000000eab00000,0x00000000eb300000)
  from space 1536K, 99% used [0x00000000ebc00000,0x00000000ebd7f760,0x00000000ebd80000)
  to   space 1024K, 0% used [0x00000000ebd80000,0x00000000ebd80000,0x00000000ebe80000)
 ParOldGen       total 91136K, used 83802K [0x00000000c0000000, 0x00000000c5900000, 0x00000000eab00000)
  object space 91136K, 91% used [0x00000000c0000000,0x00000000c51d6b20,0x00000000c5900000)
 Metaspace       used 65809K, committed 66752K, reserved 1114112K
  class space    used 6926K, committed 7296K, reserved 1048576K
}
Event: 355.503 GC heap before
{Heap before GC invocations=47 (full 4):
 PSYoungGen      total 9728K, used 9725K [0x00000000eab00000, 0x00000000ebe80000, 0x0000000100000000)
  eden space 8192K, 99% used [0x00000000eab00000,0x00000000eb2ffff0,0x00000000eb300000)
  from space 1536K, 99% used [0x00000000ebc00000,0x00000000ebd7f760,0x00000000ebd80000)
  to   space 1024K, 0% used [0x00000000ebd80000,0x00000000ebd80000,0x00000000ebe80000)
 ParOldGen       total 91136K, used 83802K [0x00000000c0000000, 0x00000000c5900000, 0x00000000eab00000)
  object space 91136K, 91% used [0x00000000c0000000,0x00000000c51d6b20,0x00000000c5900000)
 Metaspace       used 66078K, committed 67008K, reserved 1114112K
  class space    used 6947K, committed 7296K, reserved 1048576K
}
Event: 355.804 GC heap after
{Heap after GC invocations=47 (full 4):
 PSYoungGen      total 8704K, used 96K [0x00000000eab00000, 0x00000000ebe00000, 0x0000000100000000)
  eden space 8192K, 0% used [0x00000000eab00000,0x00000000eab00000,0x00000000eb300000)
  from space 512K, 18% used [0x00000000ebd80000,0x00000000ebd98000,0x00000000ebe00000)
  to   space 2048K, 0% used [0x00000000eba00000,0x00000000eba00000,0x00000000ebc00000)
 ParOldGen       total 91136K, used 85286K [0x00000000c0000000, 0x00000000c5900000, 0x00000000eab00000)
  object space 91136K, 93% used [0x00000000c0000000,0x00000000c5349af8,0x00000000c5900000)
 Metaspace       used 66078K, committed 67008K, reserved 1114112K
  class space    used 6947K, committed 7296K, reserved 1048576K
}
Event: 397.540 GC heap before
{Heap before GC invocations=48 (full 4):
 PSYoungGen      total 8704K, used 8288K [0x00000000eab00000, 0x00000000ebe00000, 0x0000000100000000)
  eden space 8192K, 100% used [0x00000000eab00000,0x00000000eb300000,0x00000000eb300000)
  from space 512K, 18% used [0x00000000ebd80000,0x00000000ebd98000,0x00000000ebe00000)
  to   space 2048K, 0% used [0x00000000eba00000,0x00000000eba00000,0x00000000ebc00000)
 ParOldGen       total 91136K, used 85286K [0x00000000c0000000, 0x00000000c5900000, 0x00000000eab00000)
  object space 91136K, 93% used [0x00000000c0000000,0x00000000c5349af8,0x00000000c5900000)
 Metaspace       used 66160K, committed 67072K, reserved 1114112K
  class space    used 6950K, committed 7296K, reserved 1048576K
}
Event: 397.620 GC heap after
{Heap after GC invocations=48 (full 4):
 PSYoungGen      total 10240K, used 1787K [0x00000000eab00000, 0x00000000ebe00000, 0x0000000100000000)
  eden space 8192K, 0% used [0x00000000eab00000,0x00000000eab00000,0x00000000eb300000)
  from space 2048K, 87% used [0x00000000eba00000,0x00000000ebbbee80,0x00000000ebc00000)
  to   space 2048K, 0% used [0x00000000ebc00000,0x00000000ebc00000,0x00000000ebe00000)
 ParOldGen       total 91136K, used 85318K [0x00000000c0000000, 0x00000000c5900000, 0x00000000eab00000)
  object space 91136K, 93% used [0x00000000c0000000,0x00000000c5351af8,0x00000000c5900000)
 Metaspace       used 66160K, committed 67072K, reserved 1114112K
  class space    used 6950K, committed 7296K, reserved 1048576K
}
Event: 503.399 GC heap before
{Heap before GC invocations=49 (full 4):
 PSYoungGen      total 10240K, used 9979K [0x00000000eab00000, 0x00000000ebe00000, 0x0000000100000000)
  eden space 8192K, 100% used [0x00000000eab00000,0x00000000eb300000,0x00000000eb300000)
  from space 2048K, 87% used [0x00000000eba00000,0x00000000ebbbee80,0x00000000ebc00000)
  to   space 2048K, 0% used [0x00000000ebc00000,0x00000000ebc00000,0x00000000ebe00000)
 ParOldGen       total 91136K, used 85318K [0x00000000c0000000, 0x00000000c5900000, 0x00000000eab00000)
  object space 91136K, 93% used [0x00000000c0000000,0x00000000c5351af8,0x00000000c5900000)
 Metaspace       used 66240K, committed 67200K, reserved 1114112K
  class space    used 6950K, committed 7296K, reserved 1048576K
}
Event: 503.546 GC heap after
{Heap after GC invocations=49 (full 4):
 PSYoungGen      total 8704K, used 128K [0x00000000eab00000, 0x00000000ebc80000, 0x0000000100000000)
  eden space 8192K, 0% used [0x00000000eab00000,0x00000000eab00000,0x00000000eb300000)
  from space 512K, 25% used [0x00000000ebc00000,0x00000000ebc20000,0x00000000ebc80000)
  to   space 1024K, 0% used [0x00000000eba80000,0x00000000eba80000,0x00000000ebb80000)
 ParOldGen       total 91136K, used 85334K [0x00000000c0000000, 0x00000000c5900000, 0x00000000eab00000)
  object space 91136K, 93% used [0x00000000c0000000,0x00000000c5355af8,0x00000000c5900000)
 Metaspace       used 66240K, committed 67200K, reserved 1114112K
  class space    used 6950K, committed 7296K, reserved 1048576K
}
Event: 553.590 GC heap before
{Heap before GC invocations=50 (full 4):
 PSYoungGen      total 8704K, used 8320K [0x00000000eab00000, 0x00000000ebc80000, 0x0000000100000000)
  eden space 8192K, 100% used [0x00000000eab00000,0x00000000eb300000,0x00000000eb300000)
  from space 512K, 25% used [0x00000000ebc00000,0x00000000ebc20000,0x00000000ebc80000)
  to   space 1024K, 0% used [0x00000000eba80000,0x00000000eba80000,0x00000000ebb80000)
 ParOldGen       total 91136K, used 85334K [0x00000000c0000000, 0x00000000c5900000, 0x00000000eab00000)
  object space 91136K, 93% used [0x00000000c0000000,0x00000000c5355af8,0x00000000c5900000)
 Metaspace       used 66515K, committed 67456K, reserved 1114112K
  class space    used 6968K, committed 7360K, reserved 1048576K
}
Event: 553.651 GC heap after
{Heap after GC invocations=50 (full 4):
 PSYoungGen      total 9216K, used 256K [0x00000000eab00000, 0x00000000ebc80000, 0x0000000100000000)
  eden space 8192K, 0% used [0x00000000eab00000,0x00000000eab00000,0x00000000eb300000)
  from space 1024K, 25% used [0x00000000eba80000,0x00000000ebac0000,0x00000000ebb80000)
  to   space 512K, 0% used [0x00000000ebc00000,0x00000000ebc00000,0x00000000ebc80000)
 ParOldGen       total 91136K, used 85334K [0x00000000c0000000, 0x00000000c5900000, 0x00000000eab00000)
  object space 91136K, 93% used [0x00000000c0000000,0x00000000c5355af8,0x00000000c5900000)
 Metaspace       used 66515K, committed 67456K, reserved 1114112K
  class space    used 6968K, committed 7360K, reserved 1048576K
}
Event: 613.637 GC heap before
{Heap before GC invocations=51 (full 4):
 PSYoungGen      total 9216K, used 8448K [0x00000000eab00000, 0x00000000ebc80000, 0x0000000100000000)
  eden space 8192K, 100% used [0x00000000eab00000,0x00000000eb300000,0x00000000eb300000)
  from space 1024K, 25% used [0x00000000eba80000,0x00000000ebac0000,0x00000000ebb80000)
  to   space 512K, 0% used [0x00000000ebc00000,0x00000000ebc00000,0x00000000ebc80000)
 ParOldGen       total 91136K, used 85334K [0x00000000c0000000, 0x00000000c5900000, 0x00000000eab00000)
  object space 91136K, 93% used [0x00000000c0000000,0x00000000c5355af8,0x00000000c5900000)
 Metaspace       used 66645K, committed 67584K, reserved 1114112K
  class space    used 6968K, committed 7360K, reserved 1048576K
}
Event: 613.738 GC heap after
{Heap after GC invocations=51 (full 4):
 PSYoungGen      total 8704K, used 507K [0x00000000eab00000, 0x00000000ebc80000, 0x0000000100000000)
  eden space 8192K, 0% used [0x00000000eab00000,0x00000000eab00000,0x00000000eb300000)
  from space 512K, 99% used [0x00000000ebc00000,0x00000000ebc7ee80,0x00000000ebc80000)
  to   space 1024K, 0% used [0x00000000eba80000,0x00000000eba80000,0x00000000ebb80000)
 ParOldGen       total 91136K, used 85606K [0x00000000c0000000, 0x00000000c5900000, 0x00000000eab00000)
  object space 91136K, 93% used [0x00000000c0000000,0x00000000c5399af8,0x00000000c5900000)
 Metaspace       used 66645K, committed 67584K, reserved 1114112K
  class space    used 6968K, committed 7360K, reserved 1048576K
}
Event: 716.184 GC heap before
{Heap before GC invocations=52 (full 4):
 PSYoungGen      total 8704K, used 8699K [0x00000000eab00000, 0x00000000ebc80000, 0x0000000100000000)
  eden space 8192K, 100% used [0x00000000eab00000,0x00000000eb300000,0x00000000eb300000)
  from space 512K, 99% used [0x00000000ebc00000,0x00000000ebc7ee80,0x00000000ebc80000)
  to   space 1024K, 0% used [0x00000000eba80000,0x00000000eba80000,0x00000000ebb80000)
 ParOldGen       total 91136K, used 85606K [0x00000000c0000000, 0x00000000c5900000, 0x00000000eab00000)
  object space 91136K, 93% used [0x00000000c0000000,0x00000000c5399af8,0x00000000c5900000)
 Metaspace       used 66697K, committed 67648K, reserved 1114112K
  class space    used 6968K, committed 7360K, reserved 1048576K
}
Event: 716.331 GC heap after
{Heap after GC invocations=52 (full 4):
 PSYoungGen      total 9216K, used 1019K [0x00000000eab00000, 0x00000000ebc80000, 0x0000000100000000)
  eden space 8192K, 0% used [0x00000000eab00000,0x00000000eab00000,0x00000000eb300000)
  from space 1024K, 99% used [0x00000000eba80000,0x00000000ebb7ee80,0x00000000ebb80000)
  to   space 1024K, 0% used [0x00000000ebb80000,0x00000000ebb80000,0x00000000ebc80000)
 ParOldGen       total 91136K, used 86454K [0x00000000c0000000, 0x00000000c5900000, 0x00000000eab00000)
  object space 91136K, 94% used [0x00000000c0000000,0x00000000c546daf8,0x00000000c5900000)
 Metaspace       used 66697K, committed 67648K, reserved 1114112K
  class space    used 6968K, committed 7360K, reserved 1048576K
}

