# JRE version: OpenJDK Runtime Environment Temurin-17.0.3+7 (17.0.3+7) (build 17.0.3+7)
# Java VM: OpenJDK 64-Bit Server VM Temurin-17.0.3+7 (17.0.3+7, mixed mode, emulated-client, tiered, compressed oops, compressed class ptrs, g1 gc, windows-amd64)
GC Precious Log:
 CPUs: 2 total, 2 available
 Memory: 3463M
 Large Page Support: Disabled
 NUMA Support: Disabled
 Compressed Oops: Enabled (32-bit)
 Heap Region Size: 1M
 Heap Min Capacity: 8M
 Heap Initial Capacity: 56M
 Heap Max Capacity: 866M
 Pre-touch: Disabled
 Parallel Workers: 2
 Concurrent Workers: 1
 Concurrent Refinement Workers: 2
 Periodic GC: Disabled
Heap:
 garbage-first heap   total 337920K, used 246784K [0x00000000c9e00000, 0x0000000100000000)
  region size 1024K, 2 young (2048K), 1 survivors (1024K)
 Metaspace       used 39766K, committed 40128K, reserved 1089536K
  class space    used 5546K, committed 5696K, reserved 1048576K
GC Heap History (20 events):
Event: 107.681 GC heap before
{Heap before GC invocations=66 (full 0):
 garbage-first heap   total 337920K, used 286679K [0x00000000c9e00000, 0x0000000100000000)
  region size 1024K, 115 young (117760K), 8 survivors (8192K)
 Metaspace       used 35210K, committed 35520K, reserved 1081344K
  class space    used 4578K, committed 4736K, reserved 1048576K
}
Event: 107.700 GC heap after
{Heap after GC invocations=67 (full 0):
 garbage-first heap   total 337920K, used 183649K [0x00000000c9e00000, 0x0000000100000000)
  region size 1024K, 12 young (12288K), 12 survivors (12288K)
 Metaspace       used 35210K, committed 35520K, reserved 1081344K
  class space    used 4578K, committed 4736K, reserved 1048576K
}
Event: 109.670 GC heap before
{Heap before GC invocations=67 (full 0):
 garbage-first heap   total 337920K, used 287073K [0x00000000c9e00000, 0x0000000100000000)
  region size 1024K, 114 young (116736K), 12 survivors (12288K)
 Metaspace       used 35210K, committed 35520K, reserved 1081344K
  class space    used 4578K, committed 4736K, reserved 1048576K
}
Event: 109.701 GC heap after
{Heap after GC invocations=68 (full 0):
 garbage-first heap   total 337920K, used 189440K [0x00000000c9e00000, 0x0000000100000000)
  region size 1024K, 11 young (11264K), 11 survivors (11264K)
 Metaspace       used 35210K, committed 35520K, reserved 1081344K
  class space    used 4578K, committed 4736K, reserved 1048576K
}
Event: 110.354 GC heap before
{Heap before GC invocations=68 (full 0):
 garbage-first heap   total 337920K, used 288768K [0x00000000c9e00000, 0x0000000100000000)
  region size 1024K, 109 young (111616K), 11 survivors (11264K)
 Metaspace       used 35210K, committed 35520K, reserved 1081344K
  class space    used 4578K, committed 4736K, reserved 1048576K
}
Event: 110.409 GC heap after
{Heap after GC invocations=69 (full 0):
 garbage-first heap   total 337920K, used 195072K [0x00000000c9e00000, 0x0000000100000000)
  region size 1024K, 11 young (11264K), 11 survivors (11264K)
 Metaspace       used 35210K, committed 35520K, reserved 1081344K
  class space    used 4578K, committed 4736K, reserved 1048576K
}
Event: 111.592 GC heap before
{Heap before GC invocations=69 (full 0):
 garbage-first heap   total 337920K, used 289280K [0x00000000c9e00000, 0x0000000100000000)
  region size 1024K, 104 young (106496K), 11 survivors (11264K)
 Metaspace       used 35210K, committed 35520K, reserved 1081344K
  class space    used 4578K, committed 4736K, reserved 1048576K
}
Event: 111.622 GC heap after
{Heap after GC invocations=70 (full 0):
 garbage-first heap   total 337920K, used 200192K [0x00000000c9e00000, 0x0000000100000000)
  region size 1024K, 10 young (10240K), 10 survivors (10240K)
 Metaspace       used 35210K, committed 35520K, reserved 1081344K
  class space    used 4578K, committed 4736K, reserved 1048576K
}
Event: 112.236 GC heap before
{Heap before GC invocations=70 (full 0):
 garbage-first heap   total 337920K, used 290304K [0x00000000c9e00000, 0x0000000100000000)
  region size 1024K, 99 young (101376K), 10 survivors (10240K)
 Metaspace       used 35210K, committed 35520K, reserved 1081344K
  class space    used 4578K, committed 4736K, reserved 1048576K
}
Event: 112.289 GC heap after
{Heap after GC invocations=71 (full 0):
 garbage-first heap   total 337920K, used 204798K [0x00000000c9e00000, 0x0000000100000000)
  region size 1024K, 9 young (9216K), 9 survivors (9216K)
 Metaspace       used 35210K, committed 35520K, reserved 1081344K
  class space    used 4578K, committed 4736K, reserved 1048576K
}
Event: 113.058 GC heap before
{Heap before GC invocations=71 (full 0):
 garbage-first heap   total 337920K, used 291838K [0x00000000c9e00000, 0x0000000100000000)
  region size 1024K, 95 young (97280K), 9 survivors (9216K)
 Metaspace       used 35210K, committed 35520K, reserved 1081344K
  class space    used 4578K, committed 4736K, reserved 1048576K
}
Event: 113.081 GC heap after
{Heap after GC invocations=72 (full 0):
 garbage-first heap   total 337920K, used 209920K [0x00000000c9e00000, 0x0000000100000000)
  region size 1024K, 9 young (9216K), 9 survivors (9216K)
 Metaspace       used 35210K, committed 35520K, reserved 1081344K
  class space    used 4578K, committed 4736K, reserved 1048576K
}
Event: 113.802 GC heap before
{Heap before GC invocations=72 (full 0):
 garbage-first heap   total 337920K, used 293888K [0x00000000c9e00000, 0x0000000100000000)
  region size 1024K, 90 young (92160K), 9 survivors (9216K)
 Metaspace       used 35210K, committed 35520K, reserved 1081344K
  class space    used 4578K, committed 4736K, reserved 1048576K
}
Event: 113.826 GC heap after
{Heap after GC invocations=73 (full 0):
 garbage-first heap   total 337920K, used 217030K [0x00000000c9e00000, 0x0000000100000000)
  region size 1024K, 9 young (9216K), 9 survivors (9216K)
 Metaspace       used 35210K, committed 35520K, reserved 1081344K
  class space    used 4578K, committed 4736K, reserved 1048576K
}
Event: 114.438 GC heap before
{Heap before GC invocations=73 (full 0):
 garbage-first heap   total 337920K, used 292806K [0x00000000c9e00000, 0x0000000100000000)
  region size 1024K, 84 young (86016K), 9 survivors (9216K)
 Metaspace       used 35210K, committed 35520K, reserved 1081344K
  class space    used 4578K, committed 4736K, reserved 1048576K
}
Event: 114.471 GC heap after
{Heap after GC invocations=74 (full 0):
 garbage-first heap   total 337920K, used 220672K [0x00000000c9e00000, 0x0000000100000000)
  region size 1024K, 9 young (9216K), 9 survivors (9216K)
 Metaspace       used 35210K, committed 35520K, reserved 1081344K
  class space    used 4578K, committed 4736K, reserved 1048576K
}
Event: 127.899 GC heap before
{Heap before GC invocations=74 (full 0):
 garbage-first heap   total 337920K, used 295424K [0x00000000c9e00000, 0x0000000100000000)
  region size 1024K, 81 young (82944K), 9 survivors (9216K)
 Metaspace       used 39022K, committed 39296K, reserved 1089536K
  class space    used 5435K, committed 5568K, reserved 1048576K
}
Event: 128.808 GC heap after
{Heap after GC invocations=75 (full 0):
 garbage-first heap   total 337920K, used 254761K [0x00000000c9e00000, 0x0000000100000000)
  region size 1024K, 11 young (11264K), 11 survivors (11264K)
 Metaspace       used 39022K, committed 39296K, reserved 1089536K
  class space    used 5435K, committed 5568K, reserved 1048576K
}
Event: 131.673 GC heap before
{Heap before GC invocations=75 (full 0):
 garbage-first heap   total 337920K, used 259881K [0x00000000c9e00000, 0x0000000100000000)
  region size 1024K, 16 young (16384K), 11 survivors (11264K)
 Metaspace       used 39779K, committed 40128K, reserved 1089536K
  class space    used 5549K, committed 5696K, reserved 1048576K
}
Event: 131.759 GC heap after
{Heap after GC invocations=76 (full 0):
 garbage-first heap   total 337920K, used 256000K [0x00000000c9e00000, 0x0000000100000000)
  region size 1024K, 1 young (1024K), 1 survivors (1024K)
 Metaspace       used 39779K, committed 40128K, reserved 1089536K
  class space    used 5549K, committed 5696K, reserved 1048576K
}

