# JRE version: OpenJDK Runtime Environment Temurin-17.0.3+7 (17.0.3+7) (build 17.0.3+7)
# Java VM: OpenJDK 64-Bit Server VM Temurin-17.0.3+7 (17.0.3+7, mixed mode, emulated-client, tiered, compressed oops, compressed class ptrs, g1 gc, windows-amd64)
GC Precious Log:
 CPUs: 2 total, 2 available
 Memory: 3463M
 Large Page Support: Disabled
 NUMA Support: Disabled
 Compressed Oops: Enabled (32-bit)
 Heap Region Size: 1M
 Heap Min Capacity: 8M
 Heap Initial Capacity: 56M
 Heap Max Capacity: 866M
 Pre-touch: Disabled
 Parallel Workers: 2
 Concurrent Workers: 1
 Concurrent Refinement Workers: 2
 Periodic GC: Disabled
Heap:
 garbage-first heap   total 104448K, used 61221K [0x00000000c9e00000, 0x0000000100000000)
  region size 1024K, 1 young (1024K), 1 survivors (1024K)
 Metaspace       used 34992K, committed 35264K, reserved 1081344K
  class space    used 4555K, committed 4672K, reserved 1048576K
GC Heap History (20 events):
Event: 13.293 GC heap after
{Heap after GC invocations=16 (full 0):
 garbage-first heap   total 45056K, used 27124K [0x00000000c9e00000, 0x0000000100000000)
  region size 1024K, 2 young (2048K), 2 survivors (2048K)
 Metaspace       used 34831K, committed 35136K, reserved 1081344K
  class space    used 4538K, committed 4672K, reserved 1048576K
}
Event: 13.499 GC heap before
{Heap before GC invocations=17 (full 0):
 garbage-first heap   total 48128K, used 34292K [0x00000000c9e00000, 0x0000000100000000)
  region size 1024K, 9 young (9216K), 2 survivors (2048K)
 Metaspace       used 34876K, committed 35200K, reserved 1081344K
  class space    used 4542K, committed 4672K, reserved 1048576K
}
Event: 13.504 GC heap after
{Heap after GC invocations=18 (full 0):
 garbage-first heap   total 48128K, used 28449K [0x00000000c9e00000, 0x0000000100000000)
  region size 1024K, 2 young (2048K), 2 survivors (2048K)
 Metaspace       used 34876K, committed 35200K, reserved 1081344K
  class space    used 4542K, committed 4672K, reserved 1048576K
}
Event: 13.508 GC heap before
{Heap before GC invocations=18 (full 0):
 garbage-first heap   total 48128K, used 29473K [0x00000000c9e00000, 0x0000000100000000)
  region size 1024K, 3 young (3072K), 2 survivors (2048K)
 Metaspace       used 34876K, committed 35200K, reserved 1081344K
  class space    used 4542K, committed 4672K, reserved 1048576K
}
Event: 13.511 GC heap after
{Heap after GC invocations=19 (full 0):
 garbage-first heap   total 48128K, used 28578K [0x00000000c9e00000, 0x0000000100000000)
  region size 1024K, 1 young (1024K), 1 survivors (1024K)
 Metaspace       used 34876K, committed 35200K, reserved 1081344K
  class space    used 4542K, committed 4672K, reserved 1048576K
}
Event: 13.559 GC heap before
{Heap before GC invocations=19 (full 0):
 garbage-first heap   total 48128K, used 36770K [0x00000000c9e00000, 0x0000000100000000)
  region size 1024K, 9 young (9216K), 1 survivors (1024K)
 Metaspace       used 34880K, committed 35200K, reserved 1081344K
  class space    used 4543K, committed 4672K, reserved 1048576K
}
Event: 13.562 GC heap after
{Heap after GC invocations=20 (full 0):
 garbage-first heap   total 48128K, used 29857K [0x00000000c9e00000, 0x0000000100000000)
  region size 1024K, 2 young (2048K), 2 survivors (2048K)
 Metaspace       used 34880K, committed 35200K, reserved 1081344K
  class space    used 4543K, committed 4672K, reserved 1048576K
}
Event: 13.590 GC heap before
{Heap before GC invocations=20 (full 0):
 garbage-first heap   total 48128K, used 37025K [0x00000000c9e00000, 0x0000000100000000)
  region size 1024K, 9 young (9216K), 2 survivors (2048K)
 Metaspace       used 34880K, committed 35200K, reserved 1081344K
  class space    used 4543K, committed 4672K, reserved 1048576K
}
Event: 13.594 GC heap after
{Heap after GC invocations=21 (full 0):
 garbage-first heap   total 99328K, used 31164K [0x00000000c9e00000, 0x0000000100000000)
  region size 1024K, 2 young (2048K), 2 survivors (2048K)
 Metaspace       used 34880K, committed 35200K, reserved 1081344K
  class space    used 4543K, committed 4672K, reserved 1048576K
}
Event: 13.957 GC heap before
{Heap before GC invocations=22 (full 0):
 garbage-first heap   total 99328K, used 69052K [0x00000000c9e00000, 0x0000000100000000)
  region size 1024K, 39 young (39936K), 2 survivors (2048K)
 Metaspace       used 34880K, committed 35200K, reserved 1081344K
  class space    used 4543K, committed 4672K, reserved 1048576K
}
Event: 13.986 GC heap after
{Heap after GC invocations=23 (full 0):
 garbage-first heap   total 99328K, used 37810K [0x00000000c9e00000, 0x0000000100000000)
  region size 1024K, 5 young (5120K), 5 survivors (5120K)
 Metaspace       used 34880K, committed 35200K, reserved 1081344K
  class space    used 4543K, committed 4672K, reserved 1048576K
}
Event: 14.742 GC heap before
{Heap before GC invocations=23 (full 0):
 garbage-first heap   total 99328K, used 72626K [0x00000000c9e00000, 0x0000000100000000)
  region size 1024K, 38 young (38912K), 5 survivors (5120K)
 Metaspace       used 34886K, committed 35200K, reserved 1081344K
  class space    used 4544K, committed 4672K, reserved 1048576K
}
Event: 14.767 GC heap after
{Heap after GC invocations=24 (full 0):
 garbage-first heap   total 99328K, used 50630K [0x00000000c9e00000, 0x0000000100000000)
  region size 1024K, 5 young (5120K), 5 survivors (5120K)
 Metaspace       used 34886K, committed 35200K, reserved 1081344K
  class space    used 4544K, committed 4672K, reserved 1048576K
}
Event: 14.842 GC heap before
{Heap before GC invocations=24 (full 0):
 garbage-first heap   total 99328K, used 60870K [0x00000000c9e00000, 0x0000000100000000)
  region size 1024K, 17 young (17408K), 5 survivors (5120K)
 Metaspace       used 34886K, committed 35200K, reserved 1081344K
  class space    used 4544K, committed 4672K, reserved 1048576K
}
Event: 14.858 GC heap after
{Heap after GC invocations=25 (full 0):
 garbage-first heap   total 99328K, used 56832K [0x00000000c9e00000, 0x0000000100000000)
  region size 1024K, 4 young (4096K), 4 survivors (4096K)
 Metaspace       used 34886K, committed 35200K, reserved 1081344K
  class space    used 4544K, committed 4672K, reserved 1048576K
}
Event: 15.039 GC heap before
{Heap before GC invocations=26 (full 0):
 garbage-first heap   total 104448K, used 73216K [0x00000000c9e00000, 0x0000000100000000)
  region size 1024K, 20 young (20480K), 4 survivors (4096K)
 Metaspace       used 34976K, committed 35264K, reserved 1081344K
  class space    used 4554K, committed 4672K, reserved 1048576K
}
Event: 15.063 GC heap after
{Heap after GC invocations=27 (full 0):
 garbage-first heap   total 104448K, used 60928K [0x00000000c9e00000, 0x0000000100000000)
  region size 1024K, 3 young (3072K), 3 survivors (3072K)
 Metaspace       used 34976K, committed 35264K, reserved 1081344K
  class space    used 4554K, committed 4672K, reserved 1048576K
}
Event: 15.096 GC heap before
{Heap before GC invocations=27 (full 0):
 garbage-first heap   total 104448K, used 61952K [0x00000000c9e00000, 0x0000000100000000)
  region size 1024K, 5 young (5120K), 3 survivors (3072K)
 Metaspace       used 34976K, committed 35264K, reserved 1081344K
  class space    used 4554K, committed 4672K, reserved 1048576K
}
Event: 15.115 GC heap after
{Heap after GC invocations=28 (full 0):
 garbage-first heap   total 104448K, used 60743K [0x00000000c9e00000, 0x0000000100000000)
  region size 1024K, 1 young (1024K), 1 survivors (1024K)
 Metaspace       used 34976K, committed 35264K, reserved 1081344K
  class space    used 4554K, committed 4672K, reserved 1048576K
}
Event: 15.154 GC heap before
{Heap before GC invocations=28 (full 0):
 garbage-first heap   total 104448K, used 76103K [0x00000000c9e00000, 0x0000000100000000)
  region size 1024K, 17 young (17408K), 1 survivors (1024K)
 Metaspace       used 34992K, committed 35264K, reserved 1081344K
  class space    used 4555K, committed 4672K, reserved 1048576K
}

