# JRE version: OpenJDK Runtime Environment Temurin-17.0.3+7 (17.0.3+7) (build 17.0.3+7)
# Java VM: OpenJDK 64-Bit Server VM Temurin-17.0.3+7 (17.0.3+7, mixed mode, tiered, compressed oops, compressed class ptrs, parallel gc, windows-amd64)
GC Precious Log:
 CPUs: 2 total, 2 available
 Memory: 3463M
 Large Page Support: Disabled
 NUMA Support: Disabled
 Compressed Oops: Enabled (32-bit)
 Alignments: Space 512K, Generation 512K, Heap 2M
 Heap Min Capacity: 100M
 Heap Initial Capacity: 100M
 Heap Max Capacity: 1G
 Pre-touch: Disabled
 Parallel Workers: 2
Heap:
 PSYoungGen      total 22528K, used 2286K [0x00000000eab00000, 0x00000000ec380000, 0x0000000100000000)
  eden space 21504K, 6% used [0x00000000eab00000,0x00000000eac74338,0x00000000ec000000)
  from space 1024K, 77% used [0x00000000ec100000,0x00000000ec1c74c8,0x00000000ec200000)
  to   space 1024K, 0% used [0x00000000ec280000,0x00000000ec280000,0x00000000ec380000)
 ParOldGen       total 68608K, used 15357K [0x00000000c0000000, 0x00000000c4300000, 0x00000000eab00000)
  object space 68608K, 22% used [0x00000000c0000000,0x00000000c0eff670,0x00000000c4300000)
 Metaspace       used 38355K, committed 38912K, reserved 1089536K
  class space    used 3901K, committed 4160K, reserved 1048576K
GC Heap History (20 events):
Event: 15.734 GC heap before
{Heap before GC invocations=6 (full 1):
 PSYoungGen      total 29696K, used 25600K [0x00000000eab00000, 0x00000000ecc00000, 0x0000000100000000)
  eden space 25600K, 100% used [0x00000000eab00000,0x00000000ec400000,0x00000000ec400000)
  from space 4096K, 0% used [0x00000000ec800000,0x00000000ec800000,0x00000000ecc00000)
  to   space 4096K, 0% used [0x00000000ec400000,0x00000000ec400000,0x00000000ec800000)
 ParOldGen       total 68608K, used 7235K [0x00000000c0000000, 0x00000000c4300000, 0x00000000eab00000)
  object space 68608K, 10% used [0x00000000c0000000,0x00000000c0710fa8,0x00000000c4300000)
 Metaspace       used 24709K, committed 25216K, reserved 1073152K
  class space    used 2397K, committed 2624K, reserved 1048576K
}
Event: 15.735 GC heap after
{Heap after GC invocations=6 (full 1):
 PSYoungGen      total 25600K, used 243K [0x00000000eab00000, 0x00000000ec880000, 0x0000000100000000)
  eden space 25088K, 0% used [0x00000000eab00000,0x00000000eab00000,0x00000000ec380000)
  from space 512K, 47% used [0x00000000ec400000,0x00000000ec43cd08,0x00000000ec480000)
  to   space 2048K, 0% used [0x00000000ec680000,0x00000000ec680000,0x00000000ec880000)
 ParOldGen       total 68608K, used 7243K [0x00000000c0000000, 0x00000000c4300000, 0x00000000eab00000)
  object space 68608K, 10% used [0x00000000c0000000,0x00000000c0712fa8,0x00000000c4300000)
 Metaspace       used 24709K, committed 25216K, reserved 1073152K
  class space    used 2397K, committed 2624K, reserved 1048576K
}
Event: 18.711 GC heap before
{Heap before GC invocations=7 (full 1):
 PSYoungGen      total 25600K, used 25331K [0x00000000eab00000, 0x00000000ec880000, 0x0000000100000000)
  eden space 25088K, 100% used [0x00000000eab00000,0x00000000ec380000,0x00000000ec380000)
  from space 512K, 47% used [0x00000000ec400000,0x00000000ec43cd08,0x00000000ec480000)
  to   space 2048K, 0% used [0x00000000ec680000,0x00000000ec680000,0x00000000ec880000)
 ParOldGen       total 68608K, used 7243K [0x00000000c0000000, 0x00000000c4300000, 0x00000000eab00000)
  object space 68608K, 10% used [0x00000000c0000000,0x00000000c0712fa8,0x00000000c4300000)
 Metaspace       used 27703K, committed 28096K, reserved 1081344K
  class space    used 2671K, committed 2816K, reserved 1048576K
}
Event: 18.713 GC heap after
{Heap after GC invocations=7 (full 1):
 PSYoungGen      total 26112K, used 1031K [0x00000000eab00000, 0x00000000ec800000, 0x0000000100000000)
  eden space 24576K, 0% used [0x00000000eab00000,0x00000000eab00000,0x00000000ec300000)
  from space 1536K, 67% used [0x00000000ec680000,0x00000000ec781da8,0x00000000ec800000)
  to   space 1536K, 0% used [0x00000000ec500000,0x00000000ec500000,0x00000000ec680000)
 ParOldGen       total 68608K, used 7243K [0x00000000c0000000, 0x00000000c4300000, 0x00000000eab00000)
  object space 68608K, 10% used [0x00000000c0000000,0x00000000c0712fa8,0x00000000c4300000)
 Metaspace       used 27703K, committed 28096K, reserved 1081344K
  class space    used 2671K, committed 2816K, reserved 1048576K
}
Event: 24.692 GC heap before
{Heap before GC invocations=8 (full 1):
 PSYoungGen      total 26112K, used 25607K [0x00000000eab00000, 0x00000000ec800000, 0x0000000100000000)
  eden space 24576K, 100% used [0x00000000eab00000,0x00000000ec300000,0x00000000ec300000)
  from space 1536K, 67% used [0x00000000ec680000,0x00000000ec781da8,0x00000000ec800000)
  to   space 1536K, 0% used [0x00000000ec500000,0x00000000ec500000,0x00000000ec680000)
 ParOldGen       total 68608K, used 7243K [0x00000000c0000000, 0x00000000c4300000, 0x00000000eab00000)
  object space 68608K, 10% used [0x00000000c0000000,0x00000000c0712fa8,0x00000000c4300000)
 Metaspace       used 31997K, committed 32512K, reserved 1081344K
  class space    used 3218K, committed 3456K, reserved 1048576K
}
Event: 24.698 GC heap after
{Heap after GC invocations=8 (full 1):
 PSYoungGen      total 25600K, used 1504K [0x00000000eab00000, 0x00000000ec780000, 0x0000000100000000)
  eden space 24064K, 0% used [0x00000000eab00000,0x00000000eab00000,0x00000000ec280000)
  from space 1536K, 97% used [0x00000000ec500000,0x00000000ec678268,0x00000000ec680000)
  to   space 1024K, 0% used [0x00000000ec680000,0x00000000ec680000,0x00000000ec780000)
 ParOldGen       total 68608K, used 8045K [0x00000000c0000000, 0x00000000c4300000, 0x00000000eab00000)
  object space 68608K, 11% used [0x00000000c0000000,0x00000000c07db798,0x00000000c4300000)
 Metaspace       used 31997K, committed 32512K, reserved 1081344K
  class space    used 3218K, committed 3456K, reserved 1048576K
}
Event: 28.553 GC heap before
{Heap before GC invocations=9 (full 1):
 PSYoungGen      total 25600K, used 25568K [0x00000000eab00000, 0x00000000ec780000, 0x0000000100000000)
  eden space 24064K, 100% used [0x00000000eab00000,0x00000000ec280000,0x00000000ec280000)
  from space 1536K, 97% used [0x00000000ec500000,0x00000000ec678268,0x00000000ec680000)
  to   space 1024K, 0% used [0x00000000ec680000,0x00000000ec680000,0x00000000ec780000)
 ParOldGen       total 68608K, used 8045K [0x00000000c0000000, 0x00000000c4300000, 0x00000000eab00000)
  object space 68608K, 11% used [0x00000000c0000000,0x00000000c07db798,0x00000000c4300000)
 Metaspace       used 33840K, committed 34432K, reserved 1081344K
  class space    used 3414K, committed 3712K, reserved 1048576K
}
Event: 28.561 GC heap after
{Heap after GC invocations=9 (full 1):
 PSYoungGen      total 22528K, used 1023K [0x00000000eab00000, 0x00000000ecf00000, 0x0000000100000000)
  eden space 21504K, 0% used [0x00000000eab00000,0x00000000eab00000,0x00000000ec000000)
  from space 1024K, 99% used [0x00000000ec680000,0x00000000ec77fdc8,0x00000000ec780000)
  to   space 6656K, 0% used [0x00000000ec000000,0x00000000ec000000,0x00000000ec680000)
 ParOldGen       total 68608K, used 12722K [0x00000000c0000000, 0x00000000c4300000, 0x00000000eab00000)
  object space 68608K, 18% used [0x00000000c0000000,0x00000000c0c6c9a8,0x00000000c4300000)
 Metaspace       used 33840K, committed 34432K, reserved 1081344K
  class space    used 3414K, committed 3712K, reserved 1048576K
}
Event: 30.791 GC heap before
{Heap before GC invocations=10 (full 1):
 PSYoungGen      total 22528K, used 22521K [0x00000000eab00000, 0x00000000ecf00000, 0x0000000100000000)
  eden space 21504K, 99% used [0x00000000eab00000,0x00000000ebffe640,0x00000000ec000000)
  from space 1024K, 99% used [0x00000000ec680000,0x00000000ec77fdc8,0x00000000ec780000)
  to   space 6656K, 0% used [0x00000000ec000000,0x00000000ec000000,0x00000000ec680000)
 ParOldGen       total 68608K, used 12722K [0x00000000c0000000, 0x00000000c4300000, 0x00000000eab00000)
  object space 68608K, 18% used [0x00000000c0000000,0x00000000c0c6c9a8,0x00000000c4300000)
 Metaspace       used 35131K, committed 35712K, reserved 1081344K
  class space    used 3554K, committed 3840K, reserved 1048576K
}
Event: 30.798 GC heap after
{Heap after GC invocations=10 (full 1):
 PSYoungGen      total 25600K, used 3778K [0x00000000eab00000, 0x00000000ec900000, 0x0000000100000000)
  eden space 21504K, 0% used [0x00000000eab00000,0x00000000eab00000,0x00000000ec000000)
  from space 4096K, 92% used [0x00000000ec000000,0x00000000ec3b0858,0x00000000ec400000)
  to   space 4608K, 0% used [0x00000000ec480000,0x00000000ec480000,0x00000000ec900000)
 ParOldGen       total 68608K, used 13158K [0x00000000c0000000, 0x00000000c4300000, 0x00000000eab00000)
  object space 68608K, 19% used [0x00000000c0000000,0x00000000c0cd99b0,0x00000000c4300000)
 Metaspace       used 35131K, committed 35712K, reserved 1081344K
  class space    used 3554K, committed 3840K, reserved 1048576K
}
Event: 30.825 GC heap before
{Heap before GC invocations=11 (full 1):
 PSYoungGen      total 25600K, used 5115K [0x00000000eab00000, 0x00000000ec900000, 0x0000000100000000)
  eden space 21504K, 6% used [0x00000000eab00000,0x00000000eac4e730,0x00000000ec000000)
  from space 4096K, 92% used [0x00000000ec000000,0x00000000ec3b0858,0x00000000ec400000)
  to   space 4608K, 0% used [0x00000000ec480000,0x00000000ec480000,0x00000000ec900000)
 ParOldGen       total 68608K, used 13158K [0x00000000c0000000, 0x00000000c4300000, 0x00000000eab00000)
  object space 68608K, 19% used [0x00000000c0000000,0x00000000c0cd99b0,0x00000000c4300000)
 Metaspace       used 35277K, committed 35840K, reserved 1081344K
  class space    used 3569K, committed 3840K, reserved 1048576K
}
Event: 30.830 GC heap after
{Heap after GC invocations=11 (full 1):
 PSYoungGen      total 25088K, used 3212K [0x00000000eab00000, 0x00000000ec800000, 0x0000000100000000)
  eden space 21504K, 0% used [0x00000000eab00000,0x00000000eab00000,0x00000000ec000000)
  from space 3584K, 89% used [0x00000000ec480000,0x00000000ec7a32b8,0x00000000ec800000)
  to   space 3584K, 0% used [0x00000000ec100000,0x00000000ec100000,0x00000000ec480000)
 ParOldGen       total 68608K, used 13714K [0x00000000c0000000, 0x00000000c4300000, 0x00000000eab00000)
  object space 68608K, 19% used [0x00000000c0000000,0x00000000c0d64bc8,0x00000000c4300000)
 Metaspace       used 35277K, committed 35840K, reserved 1081344K
  class space    used 3569K, committed 3840K, reserved 1048576K
}
Event: 30.830 GC heap before
{Heap before GC invocations=12 (full 2):
 PSYoungGen      total 25088K, used 3212K [0x00000000eab00000, 0x00000000ec800000, 0x0000000100000000)
  eden space 21504K, 0% used [0x00000000eab00000,0x00000000eab00000,0x00000000ec000000)
  from space 3584K, 89% used [0x00000000ec480000,0x00000000ec7a32b8,0x00000000ec800000)
  to   space 3584K, 0% used [0x00000000ec100000,0x00000000ec100000,0x00000000ec480000)
 ParOldGen       total 68608K, used 13714K [0x00000000c0000000, 0x00000000c4300000, 0x00000000eab00000)
  object space 68608K, 19% used [0x00000000c0000000,0x00000000c0d64bc8,0x00000000c4300000)
 Metaspace       used 35277K, committed 35840K, reserved 1081344K
  class space    used 3569K, committed 3840K, reserved 1048576K
}
Event: 30.880 GC heap after
{Heap after GC invocations=12 (full 2):
 PSYoungGen      total 25088K, used 0K [0x00000000eab00000, 0x00000000ec800000, 0x0000000100000000)
  eden space 21504K, 0% used [0x00000000eab00000,0x00000000eab00000,0x00000000ec000000)
  from space 3584K, 0% used [0x00000000ec480000,0x00000000ec480000,0x00000000ec800000)
  to   space 3584K, 0% used [0x00000000ec100000,0x00000000ec100000,0x00000000ec480000)
 ParOldGen       total 68608K, used 14393K [0x00000000c0000000, 0x00000000c4300000, 0x00000000eab00000)
  object space 68608K, 20% used [0x00000000c0000000,0x00000000c0e0e410,0x00000000c4300000)
 Metaspace       used 35277K, committed 35840K, reserved 1081344K
  class space    used 3569K, committed 3840K, reserved 1048576K
}
Event: 32.560 GC heap before
{Heap before GC invocations=13 (full 2):
 PSYoungGen      total 25088K, used 21504K [0x00000000eab00000, 0x00000000ec800000, 0x0000000100000000)
  eden space 21504K, 100% used [0x00000000eab00000,0x00000000ec000000,0x00000000ec000000)
  from space 3584K, 0% used [0x00000000ec480000,0x00000000ec480000,0x00000000ec800000)
  to   space 3584K, 0% used [0x00000000ec100000,0x00000000ec100000,0x00000000ec480000)
 ParOldGen       total 68608K, used 14393K [0x00000000c0000000, 0x00000000c4300000, 0x00000000eab00000)
  object space 68608K, 20% used [0x00000000c0000000,0x00000000c0e0e410,0x00000000c4300000)
 Metaspace       used 37081K, committed 37696K, reserved 1089536K
  class space    used 3804K, committed 4096K, reserved 1048576K
}
Event: 32.562 GC heap after
{Heap after GC invocations=13 (full 2):
 PSYoungGen      total 22528K, used 534K [0x00000000eab00000, 0x00000000ec500000, 0x0000000100000000)
  eden space 21504K, 0% used [0x00000000eab00000,0x00000000eab00000,0x00000000ec000000)
  from space 1024K, 52% used [0x00000000ec100000,0x00000000ec185bb8,0x00000000ec200000)
  to   space 2048K, 0% used [0x00000000ec300000,0x00000000ec300000,0x00000000ec500000)
 ParOldGen       total 68608K, used 14401K [0x00000000c0000000, 0x00000000c4300000, 0x00000000eab00000)
  object space 68608K, 20% used [0x00000000c0000000,0x00000000c0e10410,0x00000000c4300000)
 Metaspace       used 37081K, committed 37696K, reserved 1089536K
  class space    used 3804K, committed 4096K, reserved 1048576K
}
Event: 34.471 GC heap before
{Heap before GC invocations=14 (full 2):
 PSYoungGen      total 22528K, used 22001K [0x00000000eab00000, 0x00000000ec500000, 0x0000000100000000)
  eden space 21504K, 99% used [0x00000000eab00000,0x00000000ebff6a00,0x00000000ec000000)
  from space 1024K, 52% used [0x00000000ec100000,0x00000000ec185bb8,0x00000000ec200000)
  to   space 2048K, 0% used [0x00000000ec300000,0x00000000ec300000,0x00000000ec500000)
 ParOldGen       total 68608K, used 14401K [0x00000000c0000000, 0x00000000c4300000, 0x00000000eab00000)
  object space 68608K, 20% used [0x00000000c0000000,0x00000000c0e10410,0x00000000c4300000)
 Metaspace       used 38181K, committed 38784K, reserved 1089536K
  class space    used 3900K, committed 4160K, reserved 1048576K
}
Event: 34.474 GC heap after
{Heap after GC invocations=14 (full 2):
 PSYoungGen      total 22528K, used 743K [0x00000000eab00000, 0x00000000ec400000, 0x0000000100000000)
  eden space 21504K, 0% used [0x00000000eab00000,0x00000000eab00000,0x00000000ec000000)
  from space 1024K, 72% used [0x00000000ec300000,0x00000000ec3b9eb8,0x00000000ec400000)
  to   space 1024K, 0% used [0x00000000ec100000,0x00000000ec100000,0x00000000ec200000)
 ParOldGen       total 68608K, used 14831K [0x00000000c0000000, 0x00000000c4300000, 0x00000000eab00000)
  object space 68608K, 21% used [0x00000000c0000000,0x00000000c0e7bd80,0x00000000c4300000)
 Metaspace       used 38181K, committed 38784K, reserved 1089536K
  class space    used 3900K, committed 4160K, reserved 1048576K
}
Event: 35.030 GC heap before
{Heap before GC invocations=15 (full 2):
 PSYoungGen      total 22528K, used 22247K [0x00000000eab00000, 0x00000000ec400000, 0x0000000100000000)
  eden space 21504K, 100% used [0x00000000eab00000,0x00000000ec000000,0x00000000ec000000)
  from space 1024K, 72% used [0x00000000ec300000,0x00000000ec3b9eb8,0x00000000ec400000)
  to   space 1024K, 0% used [0x00000000ec100000,0x00000000ec100000,0x00000000ec200000)
 ParOldGen       total 68608K, used 14831K [0x00000000c0000000, 0x00000000c4300000, 0x00000000eab00000)
  object space 68608K, 21% used [0x00000000c0000000,0x00000000c0e7bd80,0x00000000c4300000)
 Metaspace       used 38198K, committed 38784K, reserved 1089536K
  class space    used 3900K, committed 4160K, reserved 1048576K
}
Event: 35.031 GC heap after
{Heap after GC invocations=15 (full 2):
 PSYoungGen      total 22528K, used 797K [0x00000000eab00000, 0x00000000ec380000, 0x0000000100000000)
  eden space 21504K, 0% used [0x00000000eab00000,0x00000000eab00000,0x00000000ec000000)
  from space 1024K, 77% used [0x00000000ec100000,0x00000000ec1c74c8,0x00000000ec200000)
  to   space 1024K, 0% used [0x00000000ec280000,0x00000000ec280000,0x00000000ec380000)
 ParOldGen       total 68608K, used 15357K [0x00000000c0000000, 0x00000000c4300000, 0x00000000eab00000)
  object space 68608K, 22% used [0x00000000c0000000,0x00000000c0eff670,0x00000000c4300000)
 Metaspace       used 38198K, committed 38784K, reserved 1089536K
  class space    used 3900K, committed 4160K, reserved 1048576K
}

