# JRE version: OpenJDK Runtime Environment Temurin-17.0.3+7 (17.0.3+7) (build 17.0.3+7)
# Java VM: OpenJDK 64-Bit Server VM Temurin-17.0.3+7 (17.0.3+7, mixed mode, emulated-client, tiered, compressed oops, compressed class ptrs, g1 gc, windows-amd64)
GC Precious Log:
 CPUs: 2 total, 2 available
 Memory: 3463M
 Large Page Support: Disabled
 NUMA Support: Disabled
 Compressed Oops: Enabled (32-bit)
 Heap Region Size: 1M
 Heap Min Capacity: 8M
 Heap Initial Capacity: 56M
 Heap Max Capacity: 866M
 Pre-touch: Disabled
 Parallel Workers: 2
 Concurrent Workers: 1
 Concurrent Refinement Workers: 2
 Periodic GC: Disabled
Heap:
 garbage-first heap   total 227328K, used 98056K [0x00000000c9e00000, 0x0000000100000000)
  region size 1024K, 8 young (8192K), 8 survivors (8192K)
 Metaspace       used 35086K, committed 35392K, reserved 1081344K
  class space    used 4570K, committed 4736K, reserved 1048576K
GC Heap History (20 events):
Event: 8.693 GC heap after
{Heap after GC invocations=23 (full 0):
 garbage-first heap   total 227328K, used 38949K [0x00000000c9e00000, 0x0000000100000000)
  region size 1024K, 1 young (1024K), 1 survivors (1024K)
 Metaspace       used 34250K, committed 34496K, reserved 1081344K
  class space    used 4408K, committed 4544K, reserved 1048576K
}
Event: 11.024 GC heap before
{Heap before GC invocations=23 (full 0):
 garbage-first heap   total 227328K, used 143397K [0x00000000c9e00000, 0x0000000100000000)
  region size 1024K, 102 young (104448K), 1 survivors (1024K)
 Metaspace       used 35067K, committed 35392K, reserved 1081344K
  class space    used 4564K, committed 4736K, reserved 1048576K
}
Event: 11.246 GC heap after
{Heap after GC invocations=24 (full 0):
 garbage-first heap   total 227328K, used 63414K [0x00000000c9e00000, 0x0000000100000000)
  region size 1024K, 13 young (13312K), 13 survivors (13312K)
 Metaspace       used 35067K, committed 35392K, reserved 1081344K
  class space    used 4564K, committed 4736K, reserved 1048576K
}
Event: 12.723 GC heap before
{Heap before GC invocations=24 (full 0):
 garbage-first heap   total 227328K, used 140214K [0x00000000c9e00000, 0x0000000100000000)
  region size 1024K, 89 young (91136K), 13 survivors (13312K)
 Metaspace       used 35085K, committed 35392K, reserved 1081344K
  class space    used 4570K, committed 4736K, reserved 1048576K
}
Event: 12.752 GC heap after
{Heap after GC invocations=25 (full 0):
 garbage-first heap   total 227328K, used 67072K [0x00000000c9e00000, 0x0000000100000000)
  region size 1024K, 4 young (4096K), 4 survivors (4096K)
 Metaspace       used 35085K, committed 35392K, reserved 1081344K
  class space    used 4570K, committed 4736K, reserved 1048576K
}
Event: 13.273 GC heap before
{Heap before GC invocations=25 (full 0):
 garbage-first heap   total 227328K, used 151040K [0x00000000c9e00000, 0x0000000100000000)
  region size 1024K, 87 young (89088K), 4 survivors (4096K)
 Metaspace       used 35085K, committed 35392K, reserved 1081344K
  class space    used 4570K, committed 4736K, reserved 1048576K
}
Event: 13.282 GC heap after
{Heap after GC invocations=26 (full 0):
 garbage-first heap   total 227328K, used 70584K [0x00000000c9e00000, 0x0000000100000000)
  region size 1024K, 7 young (7168K), 7 survivors (7168K)
 Metaspace       used 35085K, committed 35392K, reserved 1081344K
  class space    used 4570K, committed 4736K, reserved 1048576K
}
Event: 14.009 GC heap before
{Heap before GC invocations=26 (full 0):
 garbage-first heap   total 227328K, used 160696K [0x00000000c9e00000, 0x0000000100000000)
  region size 1024K, 96 young (98304K), 7 survivors (7168K)
 Metaspace       used 35085K, committed 35392K, reserved 1081344K
  class space    used 4570K, committed 4736K, reserved 1048576K
}
Event: 14.023 GC heap after
{Heap after GC invocations=27 (full 0):
 garbage-first heap   total 227328K, used 74022K [0x00000000c9e00000, 0x0000000100000000)
  region size 1024K, 7 young (7168K), 7 survivors (7168K)
 Metaspace       used 35085K, committed 35392K, reserved 1081344K
  class space    used 4570K, committed 4736K, reserved 1048576K
}
Event: 15.125 GC heap before
{Heap before GC invocations=27 (full 0):
 garbage-first heap   total 227328K, used 167206K [0x00000000c9e00000, 0x0000000100000000)
  region size 1024K, 99 young (101376K), 7 survivors (7168K)
 Metaspace       used 35085K, committed 35392K, reserved 1081344K
  class space    used 4570K, committed 4736K, reserved 1048576K
}
Event: 15.145 GC heap after
{Heap after GC invocations=28 (full 0):
 garbage-first heap   total 227328K, used 78118K [0x00000000c9e00000, 0x0000000100000000)
  region size 1024K, 11 young (11264K), 11 survivors (11264K)
 Metaspace       used 35085K, committed 35392K, reserved 1081344K
  class space    used 4570K, committed 4736K, reserved 1048576K
}
Event: 15.904 GC heap before
{Heap before GC invocations=28 (full 0):
 garbage-first heap   total 227328K, used 172326K [0x00000000c9e00000, 0x0000000100000000)
  region size 1024K, 104 young (106496K), 11 survivors (11264K)
 Metaspace       used 35086K, committed 35392K, reserved 1081344K
  class space    used 4570K, committed 4736K, reserved 1048576K
}
Event: 15.942 GC heap after
{Heap after GC invocations=29 (full 0):
 garbage-first heap   total 227328K, used 81420K [0x00000000c9e00000, 0x0000000100000000)
  region size 1024K, 8 young (8192K), 8 survivors (8192K)
 Metaspace       used 35086K, committed 35392K, reserved 1081344K
  class space    used 4570K, committed 4736K, reserved 1048576K
}
Event: 17.373 GC heap before
{Heap before GC invocations=29 (full 0):
 garbage-first heap   total 227328K, used 176652K [0x00000000c9e00000, 0x0000000100000000)
  region size 1024K, 102 young (104448K), 8 survivors (8192K)
 Metaspace       used 35086K, committed 35392K, reserved 1081344K
  class space    used 4570K, committed 4736K, reserved 1048576K
}
Event: 17.386 GC heap after
{Heap after GC invocations=30 (full 0):
 garbage-first heap   total 227328K, used 85458K [0x00000000c9e00000, 0x0000000100000000)
  region size 1024K, 8 young (8192K), 8 survivors (8192K)
 Metaspace       used 35086K, committed 35392K, reserved 1081344K
  class space    used 4570K, committed 4736K, reserved 1048576K
}
Event: 17.642 GC heap before
{Heap before GC invocations=30 (full 0):
 garbage-first heap   total 227328K, used 180690K [0x00000000c9e00000, 0x0000000100000000)
  region size 1024K, 102 young (104448K), 8 survivors (8192K)
 Metaspace       used 35086K, committed 35392K, reserved 1081344K
  class space    used 4570K, committed 4736K, reserved 1048576K
}
Event: 17.653 GC heap after
{Heap after GC invocations=31 (full 0):
 garbage-first heap   total 227328K, used 89931K [0x00000000c9e00000, 0x0000000100000000)
  region size 1024K, 8 young (8192K), 8 survivors (8192K)
 Metaspace       used 35086K, committed 35392K, reserved 1081344K
  class space    used 4570K, committed 4736K, reserved 1048576K
}
Event: 17.907 GC heap before
{Heap before GC invocations=31 (full 0):
 garbage-first heap   total 227328K, used 184139K [0x00000000c9e00000, 0x0000000100000000)
  region size 1024K, 100 young (102400K), 8 survivors (8192K)
 Metaspace       used 35086K, committed 35392K, reserved 1081344K
  class space    used 4570K, committed 4736K, reserved 1048576K
}
Event: 17.927 GC heap after
{Heap after GC invocations=32 (full 0):
 garbage-first heap   total 227328K, used 93914K [0x00000000c9e00000, 0x0000000100000000)
  region size 1024K, 8 young (8192K), 8 survivors (8192K)
 Metaspace       used 35086K, committed 35392K, reserved 1081344K
  class space    used 4570K, committed 4736K, reserved 1048576K
}
Event: 18.336 GC heap before
{Heap before GC invocations=32 (full 0):
 garbage-first heap   total 227328K, used 185050K [0x00000000c9e00000, 0x0000000100000000)
  region size 1024K, 98 young (100352K), 8 survivors (8192K)
 Metaspace       used 35086K, committed 35392K, reserved 1081344K
  class space    used 4570K, committed 4736K, reserved 1048576K
}

