# JRE version: OpenJDK Runtime Environment Temurin-17.0.3+7 (17.0.3+7) (build 17.0.3+7)
# Java VM: OpenJDK 64-Bit Server VM Temurin-17.0.3+7 (17.0.3+7, mixed mode, emulated-client, tiered, compressed oops, compressed class ptrs, g1 gc, windows-amd64)
GC Precious Log:
 CPUs: 2 total, 2 available
 Memory: 3463M
 Large Page Support: Disabled
 NUMA Support: Disabled
 Compressed Oops: Enabled (32-bit)
 Heap Region Size: 1M
 Heap Min Capacity: 8M
 Heap Initial Capacity: 56M
 Heap Max Capacity: 866M
 Pre-touch: Disabled
 Parallel Workers: 2
 Concurrent Workers: 1
 Concurrent Refinement Workers: 2
 Periodic GC: Disabled
Heap:
 garbage-first heap   total 46080K, used 23675K [0x00000000c9e00000, 0x0000000100000000)
  region size 1024K, 2 young (2048K), 2 survivors (2048K)
 Metaspace       used 34568K, committed 34880K, reserved 1081344K
  class space    used 4480K, committed 4672K, reserved 1048576K
GC Heap History (20 events):
Event: 1.616 GC heap after
{Heap after GC invocations=2 (full 0):
 garbage-first heap   total 57344K, used 5808K [0x00000000c9e00000, 0x0000000100000000)
  region size 1024K, 1 young (1024K), 1 survivors (1024K)
 Metaspace       used 4445K, committed 4544K, reserved 1056768K
  class space    used 441K, committed 512K, reserved 1048576K
}
Event: 2.352 GC heap before
{Heap before GC invocations=2 (full 0):
 garbage-first heap   total 57344K, used 11952K [0x00000000c9e00000, 0x0000000100000000)
  region size 1024K, 8 young (8192K), 1 survivors (1024K)
 Metaspace       used 7855K, committed 8000K, reserved 1056768K
  class space    used 842K, committed 896K, reserved 1048576K
}
Event: 2.357 GC heap after
{Heap after GC invocations=3 (full 0):
 garbage-first heap   total 57344K, used 7306K [0x00000000c9e00000, 0x0000000100000000)
  region size 1024K, 1 young (1024K), 1 survivors (1024K)
 Metaspace       used 7855K, committed 8000K, reserved 1056768K
  class space    used 842K, committed 896K, reserved 1048576K
}
Event: 3.801 GC heap before
{Heap before GC invocations=3 (full 0):
 garbage-first heap   total 57344K, used 17546K [0x00000000c9e00000, 0x0000000100000000)
  region size 1024K, 11 young (11264K), 1 survivors (1024K)
 Metaspace       used 11726K, committed 11904K, reserved 1064960K
  class space    used 1386K, committed 1472K, reserved 1048576K
}
Event: 3.806 GC heap after
{Heap after GC invocations=4 (full 0):
 garbage-first heap   total 57344K, used 8751K [0x00000000c9e00000, 0x0000000100000000)
  region size 1024K, 2 young (2048K), 2 survivors (2048K)
 Metaspace       used 11726K, committed 11904K, reserved 1064960K
  class space    used 1386K, committed 1472K, reserved 1048576K
}
Event: 8.804 GC heap before
{Heap before GC invocations=4 (full 0):
 garbage-first heap   total 57344K, used 31279K [0x00000000c9e00000, 0x0000000100000000)
  region size 1024K, 25 young (25600K), 2 survivors (2048K)
 Metaspace       used 18544K, committed 18816K, reserved 1073152K
  class space    used 2241K, committed 2368K, reserved 1048576K
}
Event: 8.813 GC heap after
{Heap after GC invocations=5 (full 0):
 garbage-first heap   total 57344K, used 11012K [0x00000000c9e00000, 0x0000000100000000)
  region size 1024K, 4 young (4096K), 4 survivors (4096K)
 Metaspace       used 18544K, committed 18816K, reserved 1073152K
  class space    used 2241K, committed 2368K, reserved 1048576K
}
Event: 9.421 GC heap before
{Heap before GC invocations=5 (full 0):
 garbage-first heap   total 57344K, used 21252K [0x00000000c9e00000, 0x0000000100000000)
  region size 1024K, 16 young (16384K), 4 survivors (4096K)
 Metaspace       used 21366K, committed 21504K, reserved 1073152K
  class space    used 2596K, committed 2688K, reserved 1048576K
}
Event: 9.440 GC heap after
{Heap after GC invocations=6 (full 0):
 garbage-first heap   total 57344K, used 11617K [0x00000000c9e00000, 0x0000000100000000)
  region size 1024K, 1 young (1024K), 1 survivors (1024K)
 Metaspace       used 21366K, committed 21504K, reserved 1073152K
  class space    used 2596K, committed 2688K, reserved 1048576K
}
Event: 16.850 GC heap before
{Heap before GC invocations=7 (full 0):
 garbage-first heap   total 45056K, used 35169K [0x00000000c9e00000, 0x0000000100000000)
  region size 1024K, 26 young (26624K), 1 survivors (1024K)
 Metaspace       used 25651K, committed 25856K, reserved 1073152K
  class space    used 3150K, committed 3264K, reserved 1048576K
}
Event: 16.858 GC heap after
{Heap after GC invocations=8 (full 0):
 garbage-first heap   total 45056K, used 13168K [0x00000000c9e00000, 0x0000000100000000)
  region size 1024K, 3 young (3072K), 3 survivors (3072K)
 Metaspace       used 25651K, committed 25856K, reserved 1073152K
  class space    used 3150K, committed 3264K, reserved 1048576K
}
Event: 18.221 GC heap before
{Heap before GC invocations=8 (full 0):
 garbage-first heap   total 45056K, used 28528K [0x00000000c9e00000, 0x0000000100000000)
  region size 1024K, 19 young (19456K), 3 survivors (3072K)
 Metaspace       used 27881K, committed 28160K, reserved 1081344K
  class space    used 3487K, committed 3648K, reserved 1048576K
}
Event: 18.245 GC heap after
{Heap after GC invocations=9 (full 0):
 garbage-first heap   total 45056K, used 15008K [0x00000000c9e00000, 0x0000000100000000)
  region size 1024K, 2 young (2048K), 2 survivors (2048K)
 Metaspace       used 27881K, committed 28160K, reserved 1081344K
  class space    used 3487K, committed 3648K, reserved 1048576K
}
Event: 22.896 GC heap before
{Heap before GC invocations=9 (full 0):
 garbage-first heap   total 45056K, used 31392K [0x00000000c9e00000, 0x0000000100000000)
  region size 1024K, 18 young (18432K), 2 survivors (2048K)
 Metaspace       used 31704K, committed 32000K, reserved 1081344K
  class space    used 4004K, committed 4160K, reserved 1048576K
}
Event: 22.905 GC heap after
{Heap after GC invocations=10 (full 0):
 garbage-first heap   total 45056K, used 16494K [0x00000000c9e00000, 0x0000000100000000)
  region size 1024K, 2 young (2048K), 2 survivors (2048K)
 Metaspace       used 31704K, committed 32000K, reserved 1081344K
  class space    used 4004K, committed 4160K, reserved 1048576K
}
Event: 27.189 GC heap before
{Heap before GC invocations=10 (full 0):
 garbage-first heap   total 45056K, used 30830K [0x00000000c9e00000, 0x0000000100000000)
  region size 1024K, 17 young (17408K), 2 survivors (2048K)
 Metaspace       used 33671K, committed 33920K, reserved 1081344K
  class space    used 4293K, committed 4416K, reserved 1048576K
}
Event: 27.198 GC heap after
{Heap after GC invocations=11 (full 0):
 garbage-first heap   total 45056K, used 19023K [0x00000000c9e00000, 0x0000000100000000)
  region size 1024K, 3 young (3072K), 3 survivors (3072K)
 Metaspace       used 33671K, committed 33920K, reserved 1081344K
  class space    used 4293K, committed 4416K, reserved 1048576K
}
Event: 28.134 GC heap before
{Heap before GC invocations=11 (full 0):
 garbage-first heap   total 45056K, used 32335K [0x00000000c9e00000, 0x0000000100000000)
  region size 1024K, 17 young (17408K), 3 survivors (3072K)
 Metaspace       used 34166K, committed 34432K, reserved 1081344K
  class space    used 4393K, committed 4544K, reserved 1048576K
}
Event: 28.144 GC heap after
{Heap after GC invocations=12 (full 0):
 garbage-first heap   total 45056K, used 21388K [0x00000000c9e00000, 0x0000000100000000)
  region size 1024K, 3 young (3072K), 3 survivors (3072K)
 Metaspace       used 34166K, committed 34432K, reserved 1081344K
  class space    used 4393K, committed 4544K, reserved 1048576K
}
Event: 29.141 GC heap before
{Heap before GC invocations=12 (full 0):
 garbage-first heap   total 45056K, used 31628K [0x00000000c9e00000, 0x0000000100000000)
  region size 1024K, 14 young (14336K), 3 survivors (3072K)
 Metaspace       used 34568K, committed 34880K, reserved 1081344K
  class space    used 4480K, committed 4672K, reserved 1048576K
}

