# JRE version: OpenJDK Runtime Environment Temurin-17.0.3+7 (17.0.3+7) (build 17.0.3+7)
# Java VM: OpenJDK 64-Bit Server VM Temurin-17.0.3+7 (17.0.3+7, mixed mode, emulated-client, tiered, compressed oops, compressed class ptrs, g1 gc, windows-amd64)
GC Precious Log:
 CPUs: 2 total, 2 available
 Memory: 3463M
 Large Page Support: Disabled
 NUMA Support: Disabled
 Compressed Oops: Enabled (32-bit)
 Heap Region Size: 1M
 Heap Min Capacity: 8M
 Heap Initial Capacity: 56M
 Heap Max Capacity: 866M
 Pre-touch: Disabled
 Parallel Workers: 2
 Concurrent Workers: 1
 Concurrent Refinement Workers: 2
 Periodic GC: Disabled
Heap:
 garbage-first heap   total 57344K, used 32450K [0x00000000c9e00000, 0x0000000100000000)
  region size 1024K, 2 young (2048K), 2 survivors (2048K)
 Metaspace       used 34925K, committed 35200K, reserved 1081344K
  class space    used 4548K, committed 4672K, reserved 1048576K
GC Heap History (20 events):
Event: 8.448 GC heap after
{Heap after GC invocations=9 (full 0):
 garbage-first heap   total 45056K, used 15117K [0x00000000c9e00000, 0x0000000100000000)
  region size 1024K, 2 young (2048K), 2 survivors (2048K)
 Metaspace       used 27978K, committed 28224K, reserved 1081344K
  class space    used 3503K, committed 3648K, reserved 1048576K
}
Event: 9.340 GC heap before
{Heap before GC invocations=9 (full 0):
 garbage-first heap   total 45056K, used 29453K [0x00000000c9e00000, 0x0000000100000000)
  region size 1024K, 17 young (17408K), 2 survivors (2048K)
 Metaspace       used 31547K, committed 31808K, reserved 1081344K
  class space    used 3983K, committed 4096K, reserved 1048576K
}
Event: 9.347 GC heap after
{Heap after GC invocations=10 (full 0):
 garbage-first heap   total 45056K, used 16381K [0x00000000c9e00000, 0x0000000100000000)
  region size 1024K, 2 young (2048K), 2 survivors (2048K)
 Metaspace       used 31547K, committed 31808K, reserved 1081344K
  class space    used 3983K, committed 4096K, reserved 1048576K
}
Event: 10.448 GC heap before
{Heap before GC invocations=10 (full 0):
 garbage-first heap   total 45056K, used 30717K [0x00000000c9e00000, 0x0000000100000000)
  region size 1024K, 16 young (16384K), 2 survivors (2048K)
 Metaspace       used 33559K, committed 33792K, reserved 1081344K
  class space    used 4273K, committed 4352K, reserved 1048576K
}
Event: 10.456 GC heap after
{Heap after GC invocations=11 (full 0):
 garbage-first heap   total 45056K, used 18411K [0x00000000c9e00000, 0x0000000100000000)
  region size 1024K, 2 young (2048K), 2 survivors (2048K)
 Metaspace       used 33559K, committed 33792K, reserved 1081344K
  class space    used 4273K, committed 4352K, reserved 1048576K
}
Event: 11.152 GC heap before
{Heap before GC invocations=11 (full 0):
 garbage-first heap   total 45056K, used 31723K [0x00000000c9e00000, 0x0000000100000000)
  region size 1024K, 16 young (16384K), 2 survivors (2048K)
 Metaspace       used 34789K, committed 35136K, reserved 1081344K
  class space    used 4519K, committed 4672K, reserved 1048576K
}
Event: 11.160 GC heap after
{Heap after GC invocations=12 (full 0):
 garbage-first heap   total 45056K, used 20840K [0x00000000c9e00000, 0x0000000100000000)
  region size 1024K, 2 young (2048K), 2 survivors (2048K)
 Metaspace       used 34789K, committed 35136K, reserved 1081344K
  class space    used 4519K, committed 4672K, reserved 1048576K
}
Event: 11.422 GC heap before
{Heap before GC invocations=12 (full 0):
 garbage-first heap   total 45056K, used 33128K [0x00000000c9e00000, 0x0000000100000000)
  region size 1024K, 14 young (14336K), 2 survivors (2048K)
 Metaspace       used 34827K, committed 35136K, reserved 1081344K
  class space    used 4529K, committed 4672K, reserved 1048576K
}
Event: 11.430 GC heap after
{Heap after GC invocations=13 (full 0):
 garbage-first heap   total 45056K, used 23727K [0x00000000c9e00000, 0x0000000100000000)
  region size 1024K, 2 young (2048K), 2 survivors (2048K)
 Metaspace       used 34827K, committed 35136K, reserved 1081344K
  class space    used 4529K, committed 4672K, reserved 1048576K
}
Event: 11.584 GC heap before
{Heap before GC invocations=13 (full 0):
 garbage-first heap   total 45056K, used 31919K [0x00000000c9e00000, 0x0000000100000000)
  region size 1024K, 11 young (11264K), 2 survivors (2048K)
 Metaspace       used 34827K, committed 35136K, reserved 1081344K
  class space    used 4529K, committed 4672K, reserved 1048576K
}
Event: 11.588 GC heap after
{Heap after GC invocations=14 (full 0):
 garbage-first heap   total 45056K, used 26130K [0x00000000c9e00000, 0x0000000100000000)
  region size 1024K, 2 young (2048K), 2 survivors (2048K)
 Metaspace       used 34827K, committed 35136K, reserved 1081344K
  class space    used 4529K, committed 4672K, reserved 1048576K
}
Event: 11.716 GC heap before
{Heap before GC invocations=15 (full 0):
 garbage-first heap   total 50176K, used 34322K [0x00000000c9e00000, 0x0000000100000000)
  region size 1024K, 10 young (10240K), 2 survivors (2048K)
 Metaspace       used 34916K, committed 35200K, reserved 1081344K
  class space    used 4545K, committed 4672K, reserved 1048576K
}
Event: 11.721 GC heap after
{Heap after GC invocations=16 (full 0):
 garbage-first heap   total 50176K, used 28023K [0x00000000c9e00000, 0x0000000100000000)
  region size 1024K, 2 young (2048K), 2 survivors (2048K)
 Metaspace       used 34916K, committed 35200K, reserved 1081344K
  class space    used 4545K, committed 4672K, reserved 1048576K
}
Event: 11.772 GC heap before
{Heap before GC invocations=16 (full 0):
 garbage-first heap   total 50176K, used 38263K [0x00000000c9e00000, 0x0000000100000000)
  region size 1024K, 12 young (12288K), 2 survivors (2048K)
 Metaspace       used 34916K, committed 35200K, reserved 1081344K
  class space    used 4545K, committed 4672K, reserved 1048576K
}
Event: 11.777 GC heap after
{Heap after GC invocations=17 (full 0):
 garbage-first heap   total 50176K, used 29753K [0x00000000c9e00000, 0x0000000100000000)
  region size 1024K, 2 young (2048K), 2 survivors (2048K)
 Metaspace       used 34916K, committed 35200K, reserved 1081344K
  class space    used 4545K, committed 4672K, reserved 1048576K
}
Event: 12.005 GC heap before
{Heap before GC invocations=18 (full 0):
 garbage-first heap   total 53248K, used 38969K [0x00000000c9e00000, 0x0000000100000000)
  region size 1024K, 11 young (11264K), 2 survivors (2048K)
 Metaspace       used 34925K, committed 35200K, reserved 1081344K
  class space    used 4548K, committed 4672K, reserved 1048576K
}
Event: 12.015 GC heap after
{Heap after GC invocations=19 (full 0):
 garbage-first heap   total 53248K, used 31224K [0x00000000c9e00000, 0x0000000100000000)
  region size 1024K, 2 young (2048K), 2 survivors (2048K)
 Metaspace       used 34925K, committed 35200K, reserved 1081344K
  class space    used 4548K, committed 4672K, reserved 1048576K
}
Event: 12.019 GC heap before
{Heap before GC invocations=19 (full 0):
 garbage-first heap   total 53248K, used 32248K [0x00000000c9e00000, 0x0000000100000000)
  region size 1024K, 3 young (3072K), 2 survivors (2048K)
 Metaspace       used 34925K, committed 35200K, reserved 1081344K
  class space    used 4548K, committed 4672K, reserved 1048576K
}
Event: 12.029 GC heap after
{Heap after GC invocations=20 (full 0):
 garbage-first heap   total 53248K, used 30840K [0x00000000c9e00000, 0x0000000100000000)
  region size 1024K, 1 young (1024K), 1 survivors (1024K)
 Metaspace       used 34925K, committed 35200K, reserved 1081344K
  class space    used 4548K, committed 4672K, reserved 1048576K
}
Event: 12.157 GC heap before
{Heap before GC invocations=20 (full 0):
 garbage-first heap   total 53248K, used 40056K [0x00000000c9e00000, 0x0000000100000000)
  region size 1024K, 10 young (10240K), 1 survivors (1024K)
 Metaspace       used 34925K, committed 35200K, reserved 1081344K
  class space    used 4548K, committed 4672K, reserved 1048576K
}

