# JRE version: OpenJDK Runtime Environment Temurin-17.0.3+7 (17.0.3+7) (build 17.0.3+7)
# Java VM: OpenJDK 64-Bit Server VM Temurin-17.0.3+7 (17.0.3+7, mixed mode, emulated-client, tiered, compressed oops, compressed class ptrs, g1 gc, windows-amd64)
GC Precious Log:
 CPUs: 2 total, 2 available
 Memory: 3463M
 Large Page Support: Disabled
 NUMA Support: Disabled
 Compressed Oops: Enabled (32-bit)
 Heap Region Size: 1M
 Heap Min Capacity: 8M
 Heap Initial Capacity: 56M
 Heap Max Capacity: 866M
 Pre-touch: Disabled
 Parallel Workers: 2
 Concurrent Workers: 1
 Concurrent Refinement Workers: 2
 Periodic GC: Disabled
Heap:
 garbage-first heap   total 334848K, used 100586K [0x00000000c9e00000, 0x0000000100000000)
  region size 1024K, 13 young (13312K), 13 survivors (13312K)
 Metaspace       used 35107K, committed 35392K, reserved 1081344K
  class space    used 4574K, committed 4736K, reserved 1048576K
GC Heap History (20 events):
Event: 4.580 GC heap after
{Heap after GC invocations=20 (full 0):
 garbage-first heap   total 94208K, used 57066K [0x00000000c9e00000, 0x0000000100000000)
  region size 1024K, 4 young (4096K), 4 survivors (4096K)
 Metaspace       used 34948K, committed 35200K, reserved 1081344K
  class space    used 4549K, committed 4672K, reserved 1048576K
}
Event: 4.704 GC heap before
{Heap before GC invocations=21 (full 0):
 garbage-first heap   total 111616K, used 69354K [0x00000000c9e00000, 0x0000000100000000)
  region size 1024K, 17 young (17408K), 4 survivors (4096K)
 Metaspace       used 35000K, committed 35328K, reserved 1081344K
  class space    used 4557K, committed 4736K, reserved 1048576K
}
Event: 4.720 GC heap after
{Heap after GC invocations=22 (full 0):
 garbage-first heap   total 111616K, used 61674K [0x00000000c9e00000, 0x0000000100000000)
  region size 1024K, 3 young (3072K), 3 survivors (3072K)
 Metaspace       used 35000K, committed 35328K, reserved 1081344K
  class space    used 4557K, committed 4736K, reserved 1048576K
}
Event: 4.728 GC heap before
{Heap before GC invocations=22 (full 0):
 garbage-first heap   total 111616K, used 62698K [0x00000000c9e00000, 0x0000000100000000)
  region size 1024K, 5 young (5120K), 3 survivors (3072K)
 Metaspace       used 35002K, committed 35328K, reserved 1081344K
  class space    used 4559K, committed 4736K, reserved 1048576K
}
Event: 4.738 GC heap after
{Heap after GC invocations=23 (full 0):
 garbage-first heap   total 111616K, used 62338K [0x00000000c9e00000, 0x0000000100000000)
  region size 1024K, 1 young (1024K), 1 survivors (1024K)
 Metaspace       used 35002K, committed 35328K, reserved 1081344K
  class space    used 4559K, committed 4736K, reserved 1048576K
}
Event: 4.777 GC heap before
{Heap before GC invocations=23 (full 0):
 garbage-first heap   total 111616K, used 78722K [0x00000000c9e00000, 0x0000000100000000)
  region size 1024K, 18 young (18432K), 1 survivors (1024K)
 Metaspace       used 35045K, committed 35392K, reserved 1081344K
  class space    used 4566K, committed 4736K, reserved 1048576K
}
Event: 4.781 GC heap after
{Heap after GC invocations=24 (full 0):
 garbage-first heap   total 334848K, used 62523K [0x00000000c9e00000, 0x0000000100000000)
  region size 1024K, 1 young (1024K), 1 survivors (1024K)
 Metaspace       used 35045K, committed 35392K, reserved 1081344K
  class space    used 4566K, committed 4736K, reserved 1048576K
}
Event: 5.606 GC heap before
{Heap before GC invocations=25 (full 0):
 garbage-first heap   total 317440K, used 181307K [0x00000000c9e00000, 0x0000000100000000)
  region size 1024K, 118 young (120832K), 1 survivors (1024K)
 Metaspace       used 35106K, committed 35392K, reserved 1081344K
  class space    used 4573K, committed 4736K, reserved 1048576K
}
Event: 5.621 GC heap after
{Heap after GC invocations=26 (full 0):
 garbage-first heap   total 317440K, used 67275K [0x00000000c9e00000, 0x0000000100000000)
  region size 1024K, 6 young (6144K), 6 survivors (6144K)
 Metaspace       used 35106K, committed 35392K, reserved 1081344K
  class space    used 4573K, committed 4736K, reserved 1048576K
}
Event: 5.654 GC heap before
{Heap before GC invocations=26 (full 0):
 garbage-first heap   total 317440K, used 75467K [0x00000000c9e00000, 0x0000000100000000)
  region size 1024K, 15 young (15360K), 6 survivors (6144K)
 Metaspace       used 35106K, committed 35392K, reserved 1081344K
  class space    used 4573K, committed 4736K, reserved 1048576K
}
Event: 5.660 GC heap after
{Heap after GC invocations=27 (full 0):
 garbage-first heap   total 317440K, used 67017K [0x00000000c9e00000, 0x0000000100000000)
  region size 1024K, 1 young (1024K), 1 survivors (1024K)
 Metaspace       used 35106K, committed 35392K, reserved 1081344K
  class space    used 4573K, committed 4736K, reserved 1048576K
}
Event: 6.289 GC heap before
{Heap before GC invocations=27 (full 0):
 garbage-first heap   total 317440K, used 237001K [0x00000000c9e00000, 0x0000000100000000)
  region size 1024K, 168 young (172032K), 1 survivors (1024K)
 Metaspace       used 35106K, committed 35392K, reserved 1081344K
  class space    used 4573K, committed 4736K, reserved 1048576K
}
Event: 6.298 GC heap after
{Heap after GC invocations=28 (full 0):
 garbage-first heap   total 317440K, used 73096K [0x00000000c9e00000, 0x0000000100000000)
  region size 1024K, 7 young (7168K), 7 survivors (7168K)
 Metaspace       used 35106K, committed 35392K, reserved 1081344K
  class space    used 4573K, committed 4736K, reserved 1048576K
}
Event: 6.420 GC heap before
{Heap before GC invocations=28 (full 0):
 garbage-first heap   total 317440K, used 243080K [0x00000000c9e00000, 0x0000000100000000)
  region size 1024K, 174 young (178176K), 7 survivors (7168K)
 Metaspace       used 35107K, committed 35392K, reserved 1081344K
  class space    used 4574K, committed 4736K, reserved 1048576K
}
Event: 6.452 GC heap after
{Heap after GC invocations=29 (full 0):
 garbage-first heap   total 317440K, used 79981K [0x00000000c9e00000, 0x0000000100000000)
  region size 1024K, 14 young (14336K), 14 survivors (14336K)
 Metaspace       used 35107K, committed 35392K, reserved 1081344K
  class space    used 4574K, committed 4736K, reserved 1048576K
}
Event: 6.679 GC heap before
{Heap before GC invocations=29 (full 0):
 garbage-first heap   total 317440K, used 248941K [0x00000000c9e00000, 0x0000000100000000)
  region size 1024K, 180 young (184320K), 14 survivors (14336K)
 Metaspace       used 35107K, committed 35392K, reserved 1081344K
  class space    used 4574K, committed 4736K, reserved 1048576K
}
Event: 6.756 GC heap after
{Heap after GC invocations=30 (full 0):
 garbage-first heap   total 317440K, used 86698K [0x00000000c9e00000, 0x0000000100000000)
  region size 1024K, 14 young (14336K), 14 survivors (14336K)
 Metaspace       used 35107K, committed 35392K, reserved 1081344K
  class space    used 4574K, committed 4736K, reserved 1048576K
}
Event: 6.965 GC heap before
{Heap before GC invocations=30 (full 0):
 garbage-first heap   total 317440K, used 254634K [0x00000000c9e00000, 0x0000000100000000)
  region size 1024K, 178 young (182272K), 14 survivors (14336K)
 Metaspace       used 35107K, committed 35392K, reserved 1081344K
  class space    used 4574K, committed 4736K, reserved 1048576K
}
Event: 7.008 GC heap after
{Heap after GC invocations=31 (full 0):
 garbage-first heap   total 317440K, used 94867K [0x00000000c9e00000, 0x0000000100000000)
  region size 1024K, 14 young (14336K), 14 survivors (14336K)
 Metaspace       used 35107K, committed 35392K, reserved 1081344K
  class space    used 4574K, committed 4736K, reserved 1048576K
}
Event: 7.946 GC heap before
{Heap before GC invocations=31 (full 0):
 garbage-first heap   total 317440K, used 259731K [0x00000000c9e00000, 0x0000000100000000)
  region size 1024K, 176 young (180224K), 14 survivors (14336K)
 Metaspace       used 35107K, committed 35392K, reserved 1081344K
  class space    used 4574K, committed 4736K, reserved 1048576K
}

