# JRE version: OpenJDK Runtime Environment Temurin-17.0.3+7 (17.0.3+7) (build 17.0.3+7)
# Java VM: OpenJDK 64-Bit Server VM Temurin-17.0.3+7 (17.0.3+7, mixed mode, emulated-client, tiered, compressed oops, compressed class ptrs, g1 gc, windows-amd64)
GC Precious Log:
 CPUs: 2 total, 2 available
 Memory: 3463M
 Large Page Support: Disabled
 NUMA Support: Disabled
 Compressed Oops: Enabled (32-bit)
 Heap Region Size: 1M
 Heap Min Capacity: 8M
 Heap Initial Capacity: 56M
 Heap Max Capacity: 866M
 Pre-touch: Disabled
 Parallel Workers: 2
 Concurrent Workers: 1
 Concurrent Refinement Workers: 2
 Periodic GC: Disabled
Heap:
 garbage-first heap   total 142336K, used 73958K [0x00000000c9e00000, 0x0000000100000000)
  region size 1024K, 2 young (2048K), 2 survivors (2048K)
 Metaspace       used 41246K, committed 41600K, reserved 1089536K
  class space    used 5090K, committed 5248K, reserved 1048576K
GC Heap History (20 events):
Event: 9.602 GC heap after
{Heap after GC invocations=15 (full 0):
 garbage-first heap   total 54272K, used 28638K [0x00000000c9e00000, 0x0000000100000000)
  region size 1024K, 2 young (2048K), 2 survivors (2048K)
 Metaspace       used 35501K, committed 35840K, reserved 1081344K
  class space    used 4576K, committed 4736K, reserved 1048576K
}
Event: 9.718 GC heap before
{Heap before GC invocations=16 (full 0):
 garbage-first heap   total 54272K, used 39902K [0x00000000c9e00000, 0x0000000100000000)
  region size 1024K, 13 young (13312K), 2 survivors (2048K)
 Metaspace       used 35504K, committed 35840K, reserved 1081344K
  class space    used 4576K, committed 4736K, reserved 1048576K
}
Event: 9.730 GC heap after
{Heap after GC invocations=17 (full 0):
 garbage-first heap   total 54272K, used 30784K [0x00000000c9e00000, 0x0000000100000000)
  region size 1024K, 2 young (2048K), 2 survivors (2048K)
 Metaspace       used 35504K, committed 35840K, reserved 1081344K
  class space    used 4576K, committed 4736K, reserved 1048576K
}
Event: 9.792 GC heap before
{Heap before GC invocations=17 (full 0):
 garbage-first heap   total 54272K, used 40000K [0x00000000c9e00000, 0x0000000100000000)
  region size 1024K, 12 young (12288K), 2 survivors (2048K)
 Metaspace       used 35713K, committed 36032K, reserved 1081344K
  class space    used 4600K, committed 4736K, reserved 1048576K
}
Event: 9.797 GC heap after
{Heap after GC invocations=18 (full 0):
 garbage-first heap   total 54272K, used 32783K [0x00000000c9e00000, 0x0000000100000000)
  region size 1024K, 2 young (2048K), 2 survivors (2048K)
 Metaspace       used 35713K, committed 36032K, reserved 1081344K
  class space    used 4600K, committed 4736K, reserved 1048576K
}
Event: 9.837 GC heap before
{Heap before GC invocations=18 (full 0):
 garbage-first heap   total 71680K, used 41999K [0x00000000c9e00000, 0x0000000100000000)
  region size 1024K, 11 young (11264K), 2 survivors (2048K)
 Metaspace       used 35772K, committed 36096K, reserved 1081344K
  class space    used 4611K, committed 4736K, reserved 1048576K
}
Event: 9.844 GC heap after
{Heap after GC invocations=19 (full 0):
 garbage-first heap   total 139264K, used 35137K [0x00000000c9e00000, 0x0000000100000000)
  region size 1024K, 2 young (2048K), 2 survivors (2048K)
 Metaspace       used 35772K, committed 36096K, reserved 1081344K
  class space    used 4611K, committed 4736K, reserved 1048576K
}
Event: 10.278 GC heap before
{Heap before GC invocations=20 (full 0):
 garbage-first heap   total 139264K, used 87361K [0x00000000c9e00000, 0x0000000100000000)
  region size 1024K, 54 young (55296K), 2 survivors (2048K)
 Metaspace       used 37137K, committed 37440K, reserved 1089536K
  class space    used 4704K, committed 4864K, reserved 1048576K
}
Event: 10.326 GC heap after
{Heap after GC invocations=21 (full 0):
 garbage-first heap   total 139264K, used 48574K [0x00000000c9e00000, 0x0000000100000000)
  region size 1024K, 7 young (7168K), 7 survivors (7168K)
 Metaspace       used 37137K, committed 37440K, reserved 1089536K
  class space    used 4704K, committed 4864K, reserved 1048576K
}
Event: 11.401 GC heap before
{Heap before GC invocations=21 (full 0):
 garbage-first heap   total 139264K, used 94654K [0x00000000c9e00000, 0x0000000100000000)
  region size 1024K, 49 young (50176K), 7 survivors (7168K)
 Metaspace       used 40286K, committed 40640K, reserved 1089536K
  class space    used 4978K, committed 5184K, reserved 1048576K
}
Event: 11.425 GC heap after
{Heap after GC invocations=22 (full 0):
 garbage-first heap   total 139264K, used 64525K [0x00000000c9e00000, 0x0000000100000000)
  region size 1024K, 7 young (7168K), 7 survivors (7168K)
 Metaspace       used 40286K, committed 40640K, reserved 1089536K
  class space    used 4978K, committed 5184K, reserved 1048576K
}
Event: 11.515 GC heap before
{Heap before GC invocations=22 (full 0):
 garbage-first heap   total 139264K, used 98317K [0x00000000c9e00000, 0x0000000100000000)
  region size 1024K, 40 young (40960K), 7 survivors (7168K)
 Metaspace       used 40630K, committed 40960K, reserved 1089536K
  class space    used 5014K, committed 5184K, reserved 1048576K
}
Event: 11.539 GC heap after
{Heap after GC invocations=23 (full 0):
 garbage-first heap   total 139264K, used 72717K [0x00000000c9e00000, 0x0000000100000000)
  region size 1024K, 5 young (5120K), 5 survivors (5120K)
 Metaspace       used 40630K, committed 40960K, reserved 1089536K
  class space    used 5014K, committed 5184K, reserved 1048576K
}
Event: 11.585 GC heap before
{Heap before GC invocations=23 (full 0):
 garbage-first heap   total 139264K, used 100365K [0x00000000c9e00000, 0x0000000100000000)
  region size 1024K, 33 young (33792K), 5 survivors (5120K)
 Metaspace       used 40931K, committed 41280K, reserved 1089536K
  class space    used 5055K, committed 5248K, reserved 1048576K
}
Event: 11.595 GC heap after
{Heap after GC invocations=24 (full 0):
 garbage-first heap   total 139264K, used 75277K [0x00000000c9e00000, 0x0000000100000000)
  region size 1024K, 2 young (2048K), 2 survivors (2048K)
 Metaspace       used 40931K, committed 41280K, reserved 1089536K
  class space    used 5055K, committed 5248K, reserved 1048576K
}
Event: 11.777 GC heap before
{Heap before GC invocations=25 (full 0):
 garbage-first heap   total 142336K, used 101901K [0x00000000c9e00000, 0x0000000100000000)
  region size 1024K, 31 young (31744K), 2 survivors (2048K)
 Metaspace       used 41072K, committed 41408K, reserved 1089536K
  class space    used 5069K, committed 5248K, reserved 1048576K
}
Event: 11.780 GC heap after
{Heap after GC invocations=26 (full 0):
 garbage-first heap   total 142336K, used 73679K [0x00000000c9e00000, 0x0000000100000000)
  region size 1024K, 3 young (3072K), 3 survivors (3072K)
 Metaspace       used 41072K, committed 41408K, reserved 1089536K
  class space    used 5069K, committed 5248K, reserved 1048576K
}
Event: 11.784 GC heap before
{Heap before GC invocations=26 (full 0):
 garbage-first heap   total 142336K, used 76751K [0x00000000c9e00000, 0x0000000100000000)
  region size 1024K, 6 young (6144K), 3 survivors (3072K)
 Metaspace       used 41072K, committed 41408K, reserved 1089536K
  class space    used 5069K, committed 5248K, reserved 1048576K
}
Event: 11.788 GC heap after
{Heap after GC invocations=27 (full 0):
 garbage-first heap   total 142336K, used 72649K [0x00000000c9e00000, 0x0000000100000000)
  region size 1024K, 1 young (1024K), 1 survivors (1024K)
 Metaspace       used 41072K, committed 41408K, reserved 1089536K
  class space    used 5069K, committed 5248K, reserved 1048576K
}
Event: 11.820 GC heap before
{Heap before GC invocations=27 (full 0):
 garbage-first heap   total 142336K, used 107465K [0x00000000c9e00000, 0x0000000100000000)
  region size 1024K, 36 young (36864K), 1 survivors (1024K)
 Metaspace       used 41246K, committed 41600K, reserved 1089536K
  class space    used 5090K, committed 5248K, reserved 1048576K
}

