# JRE version: OpenJDK Runtime Environment Temurin-17.0.3+7 (17.0.3+7) (build 17.0.3+7)
# Java VM: OpenJDK 64-Bit Server VM Temurin-17.0.3+7 (17.0.3+7, mixed mode, emulated-client, tiered, compressed oops, compressed class ptrs, g1 gc, windows-amd64)
GC Precious Log:
 CPUs: 2 total, 2 available
 Memory: 3463M
 Large Page Support: Disabled
 NUMA Support: Disabled
 Compressed Oops: Enabled (32-bit)
 Heap Region Size: 1M
 Heap Min Capacity: 8M
 Heap Initial Capacity: 56M
 Heap Max Capacity: 866M
 Pre-touch: Disabled
 Parallel Workers: 2
 Concurrent Workers: 1
 Concurrent Refinement Workers: 2
 Periodic GC: Disabled
Heap:
 garbage-first heap   total 466944K, used 209076K [0x00000000c9e00000, 0x0000000100000000)
  region size 1024K, 20 young (20480K), 20 survivors (20480K)
 Metaspace       used 35220K, committed 35520K, reserved 1081344K
  class space    used 4580K, committed 4736K, reserved 1048576K
GC Heap History (20 events):
Event: 17.232 GC heap after
{Heap after GC invocations=36 (full 0):
 garbage-first heap   total 361472K, used 101802K [0x00000000c9e00000, 0x0000000100000000)
  region size 1024K, 15 young (15360K), 15 survivors (15360K)
 Metaspace       used 35088K, committed 35392K, reserved 1081344K
  class space    used 4571K, committed 4736K, reserved 1048576K
}
Event: 17.738 GC heap before
{Heap before GC invocations=36 (full 0):
 garbage-first heap   total 361472K, used 296362K [0x00000000c9e00000, 0x0000000100000000)
  region size 1024K, 206 young (210944K), 15 survivors (15360K)
 Metaspace       used 35088K, committed 35392K, reserved 1081344K
  class space    used 4571K, committed 4736K, reserved 1048576K
}
Event: 17.883 GC heap after
{Heap after GC invocations=37 (full 0):
 garbage-first heap   total 361472K, used 109935K [0x00000000c9e00000, 0x0000000100000000)
  region size 1024K, 19 young (19456K), 19 survivors (19456K)
 Metaspace       used 35088K, committed 35392K, reserved 1081344K
  class space    used 4571K, committed 4736K, reserved 1048576K
}
Event: 18.764 GC heap before
{Heap before GC invocations=37 (full 0):
 garbage-first heap   total 361472K, used 298351K [0x00000000c9e00000, 0x0000000100000000)
  region size 1024K, 204 young (208896K), 19 survivors (19456K)
 Metaspace       used 35088K, committed 35392K, reserved 1081344K
  class space    used 4571K, committed 4736K, reserved 1048576K
}
Event: 18.948 GC heap after
{Heap after GC invocations=38 (full 0):
 garbage-first heap   total 361472K, used 123178K [0x00000000c9e00000, 0x0000000100000000)
  region size 1024K, 21 young (21504K), 21 survivors (21504K)
 Metaspace       used 35088K, committed 35392K, reserved 1081344K
  class space    used 4571K, committed 4736K, reserved 1048576K
}
Event: 20.353 GC heap before
{Heap before GC invocations=38 (full 0):
 garbage-first heap   total 361472K, used 297258K [0x00000000c9e00000, 0x0000000100000000)
  region size 1024K, 192 young (196608K), 21 survivors (21504K)
 Metaspace       used 35220K, committed 35520K, reserved 1081344K
  class space    used 4580K, committed 4736K, reserved 1048576K
}
Event: 20.489 GC heap after
{Heap after GC invocations=39 (full 0):
 garbage-first heap   total 361472K, used 132391K [0x00000000c9e00000, 0x0000000100000000)
  region size 1024K, 10 young (10240K), 10 survivors (10240K)
 Metaspace       used 35220K, committed 35520K, reserved 1081344K
  class space    used 4580K, committed 4736K, reserved 1048576K
}
Event: 21.058 GC heap before
{Heap before GC invocations=39 (full 0):
 garbage-first heap   total 361472K, used 299303K [0x00000000c9e00000, 0x0000000100000000)
  region size 1024K, 173 young (177152K), 10 survivors (10240K)
 Metaspace       used 35220K, committed 35520K, reserved 1081344K
  class space    used 4580K, committed 4736K, reserved 1048576K
}
Event: 21.110 GC heap after
{Heap after GC invocations=40 (full 0):
 garbage-first heap   total 466944K, used 142004K [0x00000000c9e00000, 0x0000000100000000)
  region size 1024K, 18 young (18432K), 18 survivors (18432K)
 Metaspace       used 35220K, committed 35520K, reserved 1081344K
  class space    used 4580K, committed 4736K, reserved 1048576K
}
Event: 23.722 GC heap before
{Heap before GC invocations=40 (full 0):
 garbage-first heap   total 466944K, used 384692K [0x00000000c9e00000, 0x0000000100000000)
  region size 1024K, 256 young (262144K), 18 survivors (18432K)
 Metaspace       used 35220K, committed 35520K, reserved 1081344K
  class space    used 4580K, committed 4736K, reserved 1048576K
}
Event: 23.892 GC heap after
{Heap after GC invocations=41 (full 0):
 garbage-first heap   total 466944K, used 152688K [0x00000000c9e00000, 0x0000000100000000)
  region size 1024K, 19 young (19456K), 19 survivors (19456K)
 Metaspace       used 35220K, committed 35520K, reserved 1081344K
  class space    used 4580K, committed 4736K, reserved 1048576K
}
Event: 24.582 GC heap before
{Heap before GC invocations=41 (full 0):
 garbage-first heap   total 466944K, used 386160K [0x00000000c9e00000, 0x0000000100000000)
  region size 1024K, 248 young (253952K), 19 survivors (19456K)
 Metaspace       used 35220K, committed 35520K, reserved 1081344K
  class space    used 4580K, committed 4736K, reserved 1048576K
}
Event: 24.671 GC heap after
{Heap after GC invocations=42 (full 0):
 garbage-first heap   total 466944K, used 164532K [0x00000000c9e00000, 0x0000000100000000)
  region size 1024K, 22 young (22528K), 22 survivors (22528K)
 Metaspace       used 35220K, committed 35520K, reserved 1081344K
  class space    used 4580K, committed 4736K, reserved 1048576K
}
Event: 25.657 GC heap before
{Heap before GC invocations=42 (full 0):
 garbage-first heap   total 466944K, used 388787K [0x00000000c9e00000, 0x0000000100000000)
  region size 1024K, 242 young (247808K), 22 survivors (22528K)
 Metaspace       used 35220K, committed 35520K, reserved 1081344K
  class space    used 4580K, committed 4736K, reserved 1048576K
}
Event: 25.847 GC heap after
{Heap after GC invocations=43 (full 0):
 garbage-first heap   total 466944K, used 175284K [0x00000000c9e00000, 0x0000000100000000)
  region size 1024K, 22 young (22528K), 22 survivors (22528K)
 Metaspace       used 35220K, committed 35520K, reserved 1081344K
  class space    used 4580K, committed 4736K, reserved 1048576K
}
Event: 26.400 GC heap before
{Heap before GC invocations=43 (full 0):
 garbage-first heap   total 466944K, used 390324K [0x00000000c9e00000, 0x0000000100000000)
  region size 1024K, 233 young (238592K), 22 survivors (22528K)
 Metaspace       used 35220K, committed 35520K, reserved 1081344K
  class space    used 4580K, committed 4736K, reserved 1048576K
}
Event: 26.476 GC heap after
{Heap after GC invocations=44 (full 0):
 garbage-first heap   total 466944K, used 186548K [0x00000000c9e00000, 0x0000000100000000)
  region size 1024K, 21 young (21504K), 21 survivors (21504K)
 Metaspace       used 35220K, committed 35520K, reserved 1081344K
  class space    used 4580K, committed 4736K, reserved 1048576K
}
Event: 27.152 GC heap before
{Heap before GC invocations=44 (full 0):
 garbage-first heap   total 466944K, used 393396K [0x00000000c9e00000, 0x0000000100000000)
  region size 1024K, 223 young (228352K), 21 survivors (21504K)
 Metaspace       used 35220K, committed 35520K, reserved 1081344K
  class space    used 4580K, committed 4736K, reserved 1048576K
}
Event: 27.259 GC heap after
{Heap after GC invocations=45 (full 0):
 garbage-first heap   total 466944K, used 196788K [0x00000000c9e00000, 0x0000000100000000)
  region size 1024K, 21 young (21504K), 21 survivors (21504K)
 Metaspace       used 35220K, committed 35520K, reserved 1081344K
  class space    used 4580K, committed 4736K, reserved 1048576K
}
Event: 27.992 GC heap before
{Heap before GC invocations=45 (full 0):
 garbage-first heap   total 466944K, used 395444K [0x00000000c9e00000, 0x0000000100000000)
  region size 1024K, 214 young (219136K), 21 survivors (21504K)
 Metaspace       used 35220K, committed 35520K, reserved 1081344K
  class space    used 4580K, committed 4736K, reserved 1048576K
}

