# JRE version: OpenJDK Runtime Environment Temurin-17.0.3+7 (17.0.3+7) (build 17.0.3+7)
# Java VM: OpenJDK 64-Bit Server VM Temurin-17.0.3+7 (17.0.3+7, mixed mode, emulated-client, tiered, compressed oops, compressed class ptrs, g1 gc, windows-amd64)
GC Precious Log:
 CPUs: 2 total, 2 available
 Memory: 3463M
 Large Page Support: Disabled
 NUMA Support: Disabled
 Compressed Oops: Enabled (32-bit)
 Heap Region Size: 1M
 Heap Min Capacity: 8M
 Heap Initial Capacity: 56M
 Heap Max Capacity: 866M
 Pre-touch: Disabled
 Parallel Workers: 2
 Concurrent Workers: 1
 Concurrent Refinement Workers: 2
 Periodic GC: Disabled
Heap:
 garbage-first heap   total 453632K, used 163059K [0x00000000c9e00000, 0x0000000100000000)
  region size 1024K, 18 young (18432K), 18 survivors (18432K)
 Metaspace       used 35225K, committed 35520K, reserved 1081344K
  class space    used 4576K, committed 4736K, reserved 1048576K
GC Heap History (20 events):
Event: 6.909 GC heap after
{Heap after GC invocations=24 (full 0):
 garbage-first heap   total 345088K, used 70901K [0x00000000c9e00000, 0x0000000100000000)
  region size 1024K, 6 young (6144K), 6 survivors (6144K)
 Metaspace       used 35094K, committed 35392K, reserved 1081344K
  class space    used 4567K, committed 4736K, reserved 1048576K
}
Event: 7.241 GC heap before
{Heap before GC invocations=24 (full 0):
 garbage-first heap   total 345088K, used 225525K [0x00000000c9e00000, 0x0000000100000000)
  region size 1024K, 158 young (161792K), 6 survivors (6144K)
 Metaspace       used 35094K, committed 35392K, reserved 1081344K
  class space    used 4567K, committed 4736K, reserved 1048576K
}
Event: 7.272 GC heap after
{Heap after GC invocations=25 (full 0):
 garbage-first heap   total 345088K, used 77136K [0x00000000c9e00000, 0x0000000100000000)
  region size 1024K, 12 young (12288K), 12 survivors (12288K)
 Metaspace       used 35094K, committed 35392K, reserved 1081344K
  class space    used 4567K, committed 4736K, reserved 1048576K
}
Event: 8.211 GC heap before
{Heap before GC invocations=25 (full 0):
 garbage-first heap   total 345088K, used 268624K [0x00000000c9e00000, 0x0000000100000000)
  region size 1024K, 199 young (203776K), 12 survivors (12288K)
 Metaspace       used 35095K, committed 35392K, reserved 1081344K
  class space    used 4567K, committed 4736K, reserved 1048576K
}
Event: 8.246 GC heap after
{Heap after GC invocations=26 (full 0):
 garbage-first heap   total 345088K, used 84304K [0x00000000c9e00000, 0x0000000100000000)
  region size 1024K, 19 young (19456K), 19 survivors (19456K)
 Metaspace       used 35095K, committed 35392K, reserved 1081344K
  class space    used 4567K, committed 4736K, reserved 1048576K
}
Event: 9.340 GC heap before
{Heap before GC invocations=26 (full 0):
 garbage-first heap   total 345088K, used 271696K [0x00000000c9e00000, 0x0000000100000000)
  region size 1024K, 202 young (206848K), 19 survivors (19456K)
 Metaspace       used 35095K, committed 35392K, reserved 1081344K
  class space    used 4567K, committed 4736K, reserved 1048576K
}
Event: 9.398 GC heap after
{Heap after GC invocations=27 (full 0):
 garbage-first heap   total 345088K, used 91857K [0x00000000c9e00000, 0x0000000100000000)
  region size 1024K, 15 young (15360K), 15 survivors (15360K)
 Metaspace       used 35095K, committed 35392K, reserved 1081344K
  class space    used 4567K, committed 4736K, reserved 1048576K
}
Event: 9.859 GC heap before
{Heap before GC invocations=27 (full 0):
 garbage-first heap   total 345088K, used 277201K [0x00000000c9e00000, 0x0000000100000000)
  region size 1024K, 197 young (201728K), 15 survivors (15360K)
 Metaspace       used 35095K, committed 35392K, reserved 1081344K
  class space    used 4567K, committed 4736K, reserved 1048576K
}
Event: 9.919 GC heap after
{Heap after GC invocations=28 (full 0):
 garbage-first heap   total 345088K, used 99571K [0x00000000c9e00000, 0x0000000100000000)
  region size 1024K, 15 young (15360K), 15 survivors (15360K)
 Metaspace       used 35095K, committed 35392K, reserved 1081344K
  class space    used 4567K, committed 4736K, reserved 1048576K
}
Event: 10.256 GC heap before
{Heap before GC invocations=28 (full 0):
 garbage-first heap   total 345088K, used 281843K [0x00000000c9e00000, 0x0000000100000000)
  region size 1024K, 194 young (198656K), 15 survivors (15360K)
 Metaspace       used 35095K, committed 35392K, reserved 1081344K
  class space    used 4567K, committed 4736K, reserved 1048576K
}
Event: 10.421 GC heap after
{Heap after GC invocations=29 (full 0):
 garbage-first heap   total 345088K, used 107763K [0x00000000c9e00000, 0x0000000100000000)
  region size 1024K, 14 young (14336K), 14 survivors (14336K)
 Metaspace       used 35095K, committed 35392K, reserved 1081344K
  class space    used 4567K, committed 4736K, reserved 1048576K
}
Event: 10.994 GC heap before
{Heap before GC invocations=29 (full 0):
 garbage-first heap   total 345088K, used 285939K [0x00000000c9e00000, 0x0000000100000000)
  region size 1024K, 188 young (192512K), 14 survivors (14336K)
 Metaspace       used 35095K, committed 35392K, reserved 1081344K
  class space    used 4567K, committed 4736K, reserved 1048576K
}
Event: 11.068 GC heap after
{Heap after GC invocations=30 (full 0):
 garbage-first heap   total 453632K, used 116467K [0x00000000c9e00000, 0x0000000100000000)
  region size 1024K, 16 young (16384K), 16 survivors (16384K)
 Metaspace       used 35095K, committed 35392K, reserved 1081344K
  class space    used 4567K, committed 4736K, reserved 1048576K
}
Event: 12.777 GC heap before
{Heap before GC invocations=30 (full 0):
 garbage-first heap   total 453632K, used 370418K [0x00000000c9e00000, 0x0000000100000000)
  region size 1024K, 265 young (271360K), 16 survivors (16384K)
 Metaspace       used 35225K, committed 35520K, reserved 1081344K
  class space    used 4576K, committed 4736K, reserved 1048576K
}
Event: 12.958 GC heap after
{Heap after GC invocations=31 (full 0):
 garbage-first heap   total 453632K, used 132851K [0x00000000c9e00000, 0x0000000100000000)
  region size 1024K, 32 young (32768K), 32 survivors (32768K)
 Metaspace       used 35225K, committed 35520K, reserved 1081344K
  class space    used 4576K, committed 4736K, reserved 1048576K
}
Event: 14.655 GC heap before
{Heap before GC invocations=31 (full 0):
 garbage-first heap   total 453632K, used 364275K [0x00000000c9e00000, 0x0000000100000000)
  region size 1024K, 258 young (264192K), 32 survivors (32768K)
 Metaspace       used 35225K, committed 35520K, reserved 1081344K
  class space    used 4576K, committed 4736K, reserved 1048576K
}
Event: 14.971 GC heap after
{Heap after GC invocations=32 (full 0):
 garbage-first heap   total 453632K, used 144946K [0x00000000c9e00000, 0x0000000100000000)
  region size 1024K, 27 young (27648K), 27 survivors (27648K)
 Metaspace       used 35225K, committed 35520K, reserved 1081344K
  class space    used 4576K, committed 4736K, reserved 1048576K
}
Event: 15.592 GC heap before
{Heap before GC invocations=32 (full 0):
 garbage-first heap   total 453632K, used 285234K [0x00000000c9e00000, 0x0000000100000000)
  region size 1024K, 164 young (167936K), 27 survivors (27648K)
 Metaspace       used 35225K, committed 35520K, reserved 1081344K
  class space    used 4576K, committed 4736K, reserved 1048576K
}
Event: 15.739 GC heap after
{Heap after GC invocations=33 (full 0):
 garbage-first heap   total 453632K, used 151795K [0x00000000c9e00000, 0x0000000100000000)
  region size 1024K, 7 young (7168K), 7 survivors (7168K)
 Metaspace       used 35225K, committed 35520K, reserved 1081344K
  class space    used 4576K, committed 4736K, reserved 1048576K
}
Event: 16.702 GC heap before
{Heap before GC invocations=33 (full 0):
 garbage-first heap   total 453632K, used 376051K [0x00000000c9e00000, 0x0000000100000000)
  region size 1024K, 226 young (231424K), 7 survivors (7168K)
 Metaspace       used 35225K, committed 35520K, reserved 1081344K
  class space    used 4576K, committed 4736K, reserved 1048576K
}

