# JRE version: OpenJDK Runtime Environment Temurin-17.0.3+7 (17.0.3+7) (build 17.0.3+7)
# Java VM: OpenJDK 64-Bit Server VM Temurin-17.0.3+7 (17.0.3+7, mixed mode, emulated-client, tiered, compressed oops, compressed class ptrs, g1 gc, windows-amd64)
GC Precious Log:
 CPUs: 2 total, 2 available
 Memory: 3463M
 Large Page Support: Disabled
 NUMA Support: Disabled
 Compressed Oops: Enabled (32-bit)
 Heap Region Size: 1M
 Heap Min Capacity: 8M
 Heap Initial Capacity: 56M
 Heap Max Capacity: 866M
 Pre-touch: Disabled
 Parallel Workers: 2
 Concurrent Workers: 1
 Concurrent Refinement Workers: 2
 Periodic GC: Disabled
Heap:
 garbage-first heap   total 73728K, used 35829K [0x00000000c9e00000, 0x0000000100000000)
  region size 1024K, 2 young (2048K), 2 survivors (2048K)
 Metaspace       used 34951K, committed 35264K, reserved 1081344K
  class space    used 4549K, committed 4672K, reserved 1048576K
GC Heap History (20 events):
Event: 6.674 GC heap after
{Heap after GC invocations=9 (full 0):
 garbage-first heap   total 45056K, used 14939K [0x00000000c9e00000, 0x0000000100000000)
  region size 1024K, 2 young (2048K), 2 survivors (2048K)
 Metaspace       used 27806K, committed 28096K, reserved 1081344K
  class space    used 3477K, committed 3648K, reserved 1048576K
}
Event: 7.586 GC heap before
{Heap before GC invocations=9 (full 0):
 garbage-first heap   total 45056K, used 31323K [0x00000000c9e00000, 0x0000000100000000)
  region size 1024K, 18 young (18432K), 2 survivors (2048K)
 Metaspace       used 31654K, committed 31872K, reserved 1081344K
  class space    used 3995K, committed 4096K, reserved 1048576K
}
Event: 7.593 GC heap after
{Heap after GC invocations=10 (full 0):
 garbage-first heap   total 45056K, used 16424K [0x00000000c9e00000, 0x0000000100000000)
  region size 1024K, 2 young (2048K), 2 survivors (2048K)
 Metaspace       used 31654K, committed 31872K, reserved 1081344K
  class space    used 3995K, committed 4096K, reserved 1048576K
}
Event: 8.169 GC heap before
{Heap before GC invocations=10 (full 0):
 garbage-first heap   total 45056K, used 31784K [0x00000000c9e00000, 0x0000000100000000)
  region size 1024K, 17 young (17408K), 2 survivors (2048K)
 Metaspace       used 33373K, committed 33664K, reserved 1081344K
  class space    used 4242K, committed 4352K, reserved 1048576K
}
Event: 8.177 GC heap after
{Heap after GC invocations=11 (full 0):
 garbage-first heap   total 45056K, used 18781K [0x00000000c9e00000, 0x0000000100000000)
  region size 1024K, 3 young (3072K), 3 survivors (3072K)
 Metaspace       used 33373K, committed 33664K, reserved 1081344K
  class space    used 4242K, committed 4352K, reserved 1048576K
}
Event: 8.753 GC heap before
{Heap before GC invocations=11 (full 0):
 garbage-first heap   total 45056K, used 32093K [0x00000000c9e00000, 0x0000000100000000)
  region size 1024K, 17 young (17408K), 3 survivors (3072K)
 Metaspace       used 34551K, committed 34880K, reserved 1081344K
  class space    used 4475K, committed 4672K, reserved 1048576K
}
Event: 8.761 GC heap after
{Heap after GC invocations=12 (full 0):
 garbage-first heap   total 45056K, used 21907K [0x00000000c9e00000, 0x0000000100000000)
  region size 1024K, 3 young (3072K), 3 survivors (3072K)
 Metaspace       used 34551K, committed 34880K, reserved 1081344K
  class space    used 4475K, committed 4672K, reserved 1048576K
}
Event: 9.672 GC heap before
{Heap before GC invocations=12 (full 0):
 garbage-first heap   total 45056K, used 33171K [0x00000000c9e00000, 0x0000000100000000)
  region size 1024K, 14 young (14336K), 3 survivors (3072K)
 Metaspace       used 34831K, committed 35136K, reserved 1081344K
  class space    used 4531K, committed 4672K, reserved 1048576K
}
Event: 9.679 GC heap after
{Heap after GC invocations=13 (full 0):
 garbage-first heap   total 54272K, used 23244K [0x00000000c9e00000, 0x0000000100000000)
  region size 1024K, 2 young (2048K), 2 survivors (2048K)
 Metaspace       used 34831K, committed 35136K, reserved 1081344K
  class space    used 4531K, committed 4672K, reserved 1048576K
}
Event: 10.119 GC heap before
{Heap before GC invocations=13 (full 0):
 garbage-first heap   total 54272K, used 38604K [0x00000000c9e00000, 0x0000000100000000)
  region size 1024K, 18 young (18432K), 2 survivors (2048K)
 Metaspace       used 34945K, committed 35200K, reserved 1081344K
  class space    used 4548K, committed 4672K, reserved 1048576K
}
Event: 10.126 GC heap after
{Heap after GC invocations=14 (full 0):
 garbage-first heap   total 54272K, used 26760K [0x00000000c9e00000, 0x0000000100000000)
  region size 1024K, 3 young (3072K), 3 survivors (3072K)
 Metaspace       used 34945K, committed 35200K, reserved 1081344K
  class space    used 4548K, committed 4672K, reserved 1048576K
}
Event: 10.179 GC heap before
{Heap before GC invocations=14 (full 0):
 garbage-first heap   total 54272K, used 40072K [0x00000000c9e00000, 0x0000000100000000)
  region size 1024K, 16 young (16384K), 3 survivors (3072K)
 Metaspace       used 34945K, committed 35200K, reserved 1081344K
  class space    used 4548K, committed 4672K, reserved 1048576K
}
Event: 10.187 GC heap after
{Heap after GC invocations=15 (full 0):
 garbage-first heap   total 54272K, used 29049K [0x00000000c9e00000, 0x0000000100000000)
  region size 1024K, 2 young (2048K), 2 survivors (2048K)
 Metaspace       used 34945K, committed 35200K, reserved 1081344K
  class space    used 4548K, committed 4672K, reserved 1048576K
}
Event: 10.251 GC heap before
{Heap before GC invocations=16 (full 0):
 garbage-first heap   total 58368K, used 40313K [0x00000000c9e00000, 0x0000000100000000)
  region size 1024K, 13 young (13312K), 2 survivors (2048K)
 Metaspace       used 34945K, committed 35200K, reserved 1081344K
  class space    used 4548K, committed 4672K, reserved 1048576K
}
Event: 10.257 GC heap after
{Heap after GC invocations=17 (full 0):
 garbage-first heap   total 58368K, used 31161K [0x00000000c9e00000, 0x0000000100000000)
  region size 1024K, 2 young (2048K), 2 survivors (2048K)
 Metaspace       used 34945K, committed 35200K, reserved 1081344K
  class space    used 4548K, committed 4672K, reserved 1048576K
}
Event: 10.260 GC heap before
{Heap before GC invocations=17 (full 0):
 garbage-first heap   total 58368K, used 32185K [0x00000000c9e00000, 0x0000000100000000)
  region size 1024K, 3 young (3072K), 2 survivors (2048K)
 Metaspace       used 34945K, committed 35200K, reserved 1081344K
  class space    used 4548K, committed 4672K, reserved 1048576K
}
Event: 10.266 GC heap after
{Heap after GC invocations=18 (full 0):
 garbage-first heap   total 58368K, used 31218K [0x00000000c9e00000, 0x0000000100000000)
  region size 1024K, 1 young (1024K), 1 survivors (1024K)
 Metaspace       used 34945K, committed 35200K, reserved 1081344K
  class space    used 4548K, committed 4672K, reserved 1048576K
}
Event: 10.312 GC heap before
{Heap before GC invocations=18 (full 0):
 garbage-first heap   total 58368K, used 43506K [0x00000000c9e00000, 0x0000000100000000)
  region size 1024K, 13 young (13312K), 1 survivors (1024K)
 Metaspace       used 34951K, committed 35264K, reserved 1081344K
  class space    used 4549K, committed 4672K, reserved 1048576K
}
Event: 10.319 GC heap after
{Heap after GC invocations=19 (full 0):
 garbage-first heap   total 58368K, used 33986K [0x00000000c9e00000, 0x0000000100000000)
  region size 1024K, 2 young (2048K), 2 survivors (2048K)
 Metaspace       used 34951K, committed 35264K, reserved 1081344K
  class space    used 4549K, committed 4672K, reserved 1048576K
}
Event: 10.386 GC heap before
{Heap before GC invocations=19 (full 0):
 garbage-first heap   total 73728K, used 45250K [0x00000000c9e00000, 0x0000000100000000)
  region size 1024K, 13 young (13312K), 2 survivors (2048K)
 Metaspace       used 34951K, committed 35264K, reserved 1081344K
  class space    used 4549K, committed 4672K, reserved 1048576K
}

