# JRE version: OpenJDK Runtime Environment Temurin-17.0.3+7 (17.0.3+7) (build 17.0.3+7)
# Java VM: OpenJDK 64-Bit Server VM Temurin-17.0.3+7 (17.0.3+7, mixed mode, tiered, compressed oops, compressed class ptrs, parallel gc, windows-amd64)
GC Precious Log:
 CPUs: 2 total, 2 available
 Memory: 3463M
 Large Page Support: Disabled
 NUMA Support: Disabled
 Compressed Oops: Enabled (32-bit)
 Alignments: Space 512K, Generation 512K, Heap 2M
 Heap Min Capacity: 100M
 Heap Initial Capacity: 100M
 Heap Max Capacity: 1G
 Pre-touch: Disabled
 Parallel Workers: 2
Heap:
 PSYoungGen      total 20480K, used 12378K [0x00000000eab00000, 0x00000000ece80000, 0x0000000100000000)
  eden space 17920K, 54% used [0x00000000eab00000,0x00000000eb49c430,0x00000000ebc80000)
  from space 2560K, 99% used [0x00000000ec380000,0x00000000ec5fa7c0,0x00000000ec600000)
  to   space 7168K, 0% used [0x00000000ebc80000,0x00000000ebc80000,0x00000000ec380000)
 ParOldGen       total 68608K, used 20625K [0x00000000c0000000, 0x00000000c4300000, 0x00000000eab00000)
  object space 68608K, 30% used [0x00000000c0000000,0x00000000c14244d0,0x00000000c4300000)
 Metaspace       used 49401K, committed 50240K, reserved 1097728K
  class space    used 5377K, committed 5760K, reserved 1048576K
GC Heap History (20 events):
Event: 19.779 GC heap before
{Heap before GC invocations=7 (full 1):
 PSYoungGen      total 27648K, used 27086K [0x00000000eab00000, 0x00000000eca80000, 0x0000000100000000)
  eden space 25088K, 99% used [0x00000000eab00000,0x00000000ec346258,0x00000000ec380000)
  from space 2560K, 87% used [0x00000000ec400000,0x00000000ec62d630,0x00000000ec680000)
  to   space 3584K, 0% used [0x00000000ec700000,0x00000000ec700000,0x00000000eca80000)
 ParOldGen       total 68608K, used 10504K [0x00000000c0000000, 0x00000000c4300000, 0x00000000eab00000)
  object space 68608K, 15% used [0x00000000c0000000,0x00000000c0a422d8,0x00000000c4300000)
 Metaspace       used 27921K, committed 28416K, reserved 1081344K
  class space    used 2746K, committed 2944K, reserved 1048576K
}
Event: 19.782 GC heap after
{Heap after GC invocations=7 (full 1):
 PSYoungGen      total 27136K, used 2131K [0x00000000eab00000, 0x00000000ec980000, 0x0000000100000000)
  eden space 24576K, 0% used [0x00000000eab00000,0x00000000eab00000,0x00000000ec300000)
  from space 2560K, 83% used [0x00000000ec700000,0x00000000ec914cd0,0x00000000ec980000)
  to   space 2560K, 0% used [0x00000000ec480000,0x00000000ec480000,0x00000000ec700000)
 ParOldGen       total 68608K, used 10504K [0x00000000c0000000, 0x00000000c4300000, 0x00000000eab00000)
  object space 68608K, 15% used [0x00000000c0000000,0x00000000c0a422d8,0x00000000c4300000)
 Metaspace       used 27921K, committed 28416K, reserved 1081344K
  class space    used 2746K, committed 2944K, reserved 1048576K
}
Event: 20.682 GC heap before
{Heap before GC invocations=8 (full 1):
 PSYoungGen      total 27136K, used 26704K [0x00000000eab00000, 0x00000000ec980000, 0x0000000100000000)
  eden space 24576K, 99% used [0x00000000eab00000,0x00000000ec2ff330,0x00000000ec300000)
  from space 2560K, 83% used [0x00000000ec700000,0x00000000ec914cd0,0x00000000ec980000)
  to   space 2560K, 0% used [0x00000000ec480000,0x00000000ec480000,0x00000000ec700000)
 ParOldGen       total 68608K, used 10504K [0x00000000c0000000, 0x00000000c4300000, 0x00000000eab00000)
  object space 68608K, 15% used [0x00000000c0000000,0x00000000c0a422d8,0x00000000c4300000)
 Metaspace       used 30514K, committed 30976K, reserved 1081344K
  class space    used 2995K, committed 3200K, reserved 1048576K
}
Event: 20.686 GC heap after
{Heap after GC invocations=8 (full 1):
 PSYoungGen      total 26624K, used 2529K [0x00000000eab00000, 0x00000000ec880000, 0x0000000100000000)
  eden space 24064K, 0% used [0x00000000eab00000,0x00000000eab00000,0x00000000ec280000)
  from space 2560K, 98% used [0x00000000ec480000,0x00000000ec6f86a8,0x00000000ec700000)
  to   space 1536K, 0% used [0x00000000ec700000,0x00000000ec700000,0x00000000ec880000)
 ParOldGen       total 68608K, used 10545K [0x00000000c0000000, 0x00000000c4300000, 0x00000000eab00000)
  object space 68608K, 15% used [0x00000000c0000000,0x00000000c0a4c620,0x00000000c4300000)
 Metaspace       used 30514K, committed 30976K, reserved 1081344K
  class space    used 2995K, committed 3200K, reserved 1048576K
}
Event: 22.954 GC heap before
{Heap before GC invocations=9 (full 1):
 PSYoungGen      total 26624K, used 26593K [0x00000000eab00000, 0x00000000ec880000, 0x0000000100000000)
  eden space 24064K, 100% used [0x00000000eab00000,0x00000000ec280000,0x00000000ec280000)
  from space 2560K, 98% used [0x00000000ec480000,0x00000000ec6f86a8,0x00000000ec700000)
  to   space 1536K, 0% used [0x00000000ec700000,0x00000000ec700000,0x00000000ec880000)
 ParOldGen       total 68608K, used 10545K [0x00000000c0000000, 0x00000000c4300000, 0x00000000eab00000)
  object space 68608K, 15% used [0x00000000c0000000,0x00000000c0a4c620,0x00000000c4300000)
 Metaspace       used 33340K, committed 33920K, reserved 1081344K
  class space    used 3378K, committed 3648K, reserved 1048576K
}
Event: 22.959 GC heap after
{Heap after GC invocations=9 (full 1):
 PSYoungGen      total 25088K, used 1532K [0x00000000eab00000, 0x00000000ec900000, 0x0000000100000000)
  eden space 23552K, 0% used [0x00000000eab00000,0x00000000eab00000,0x00000000ec200000)
  from space 1536K, 99% used [0x00000000ec700000,0x00000000ec87f108,0x00000000ec880000)
  to   space 3584K, 0% used [0x00000000ec200000,0x00000000ec200000,0x00000000ec580000)
 ParOldGen       total 68608K, used 12305K [0x00000000c0000000, 0x00000000c4300000, 0x00000000eab00000)
  object space 68608K, 17% used [0x00000000c0000000,0x00000000c0c04518,0x00000000c4300000)
 Metaspace       used 33340K, committed 33920K, reserved 1081344K
  class space    used 3378K, committed 3648K, reserved 1048576K
}
Event: 24.172 GC heap before
{Heap before GC invocations=10 (full 1):
 PSYoungGen      total 25088K, used 16047K [0x00000000eab00000, 0x00000000ec900000, 0x0000000100000000)
  eden space 23552K, 61% used [0x00000000eab00000,0x00000000eb92cb68,0x00000000ec200000)
  from space 1536K, 99% used [0x00000000ec700000,0x00000000ec87f108,0x00000000ec880000)
  to   space 3584K, 0% used [0x00000000ec200000,0x00000000ec200000,0x00000000ec580000)
 ParOldGen       total 68608K, used 12305K [0x00000000c0000000, 0x00000000c4300000, 0x00000000eab00000)
  object space 68608K, 17% used [0x00000000c0000000,0x00000000c0c04518,0x00000000c4300000)
 Metaspace       used 35262K, committed 35840K, reserved 1089536K
  class space    used 3615K, committed 3840K, reserved 1048576K
}
Event: 24.184 GC heap after
{Heap after GC invocations=10 (full 1):
 PSYoungGen      total 27136K, used 1080K [0x00000000eab00000, 0x00000000ec780000, 0x0000000100000000)
  eden space 23552K, 0% used [0x00000000eab00000,0x00000000eab00000,0x00000000ec200000)
  from space 3584K, 30% used [0x00000000ec200000,0x00000000ec30e108,0x00000000ec580000)
  to   space 2048K, 0% used [0x00000000ec580000,0x00000000ec580000,0x00000000ec780000)
 ParOldGen       total 68608K, used 13396K [0x00000000c0000000, 0x00000000c4300000, 0x00000000eab00000)
  object space 68608K, 19% used [0x00000000c0000000,0x00000000c0d153d8,0x00000000c4300000)
 Metaspace       used 35262K, committed 35840K, reserved 1089536K
  class space    used 3615K, committed 3840K, reserved 1048576K
}
Event: 24.184 GC heap before
{Heap before GC invocations=11 (full 2):
 PSYoungGen      total 27136K, used 1080K [0x00000000eab00000, 0x00000000ec780000, 0x0000000100000000)
  eden space 23552K, 0% used [0x00000000eab00000,0x00000000eab00000,0x00000000ec200000)
  from space 3584K, 30% used [0x00000000ec200000,0x00000000ec30e108,0x00000000ec580000)
  to   space 2048K, 0% used [0x00000000ec580000,0x00000000ec580000,0x00000000ec780000)
 ParOldGen       total 68608K, used 13396K [0x00000000c0000000, 0x00000000c4300000, 0x00000000eab00000)
  object space 68608K, 19% used [0x00000000c0000000,0x00000000c0d153d8,0x00000000c4300000)
 Metaspace       used 35262K, committed 35840K, reserved 1089536K
  class space    used 3615K, committed 3840K, reserved 1048576K
}
Event: 24.270 GC heap after
{Heap after GC invocations=11 (full 2):
 PSYoungGen      total 27136K, used 0K [0x00000000eab00000, 0x00000000ec780000, 0x0000000100000000)
  eden space 23552K, 0% used [0x00000000eab00000,0x00000000eab00000,0x00000000ec200000)
  from space 3584K, 0% used [0x00000000ec200000,0x00000000ec200000,0x00000000ec580000)
  to   space 2048K, 0% used [0x00000000ec580000,0x00000000ec580000,0x00000000ec780000)
 ParOldGen       total 68608K, used 12831K [0x00000000c0000000, 0x00000000c4300000, 0x00000000eab00000)
  object space 68608K, 18% used [0x00000000c0000000,0x00000000c0c87d90,0x00000000c4300000)
 Metaspace       used 35262K, committed 35840K, reserved 1089536K
  class space    used 3615K, committed 3840K, reserved 1048576K
}
Event: 26.123 GC heap before
{Heap before GC invocations=12 (full 2):
 PSYoungGen      total 27136K, used 23552K [0x00000000eab00000, 0x00000000ec780000, 0x0000000100000000)
  eden space 23552K, 100% used [0x00000000eab00000,0x00000000ec200000,0x00000000ec200000)
  from space 3584K, 0% used [0x00000000ec200000,0x00000000ec200000,0x00000000ec580000)
  to   space 2048K, 0% used [0x00000000ec580000,0x00000000ec580000,0x00000000ec780000)
 ParOldGen       total 68608K, used 12831K [0x00000000c0000000, 0x00000000c4300000, 0x00000000eab00000)
  object space 68608K, 18% used [0x00000000c0000000,0x00000000c0c87d90,0x00000000c4300000)
 Metaspace       used 38328K, committed 38976K, reserved 1089536K
  class space    used 4022K, committed 4288K, reserved 1048576K
}
Event: 26.131 GC heap after
{Heap after GC invocations=12 (full 2):
 PSYoungGen      total 24576K, used 1312K [0x00000000eab00000, 0x00000000ec700000, 0x0000000100000000)
  eden space 23040K, 0% used [0x00000000eab00000,0x00000000eab00000,0x00000000ec180000)
  from space 1536K, 85% used [0x00000000ec580000,0x00000000ec6c8000,0x00000000ec700000)
  to   space 1536K, 0% used [0x00000000ec400000,0x00000000ec400000,0x00000000ec580000)
 ParOldGen       total 68608K, used 12839K [0x00000000c0000000, 0x00000000c4300000, 0x00000000eab00000)
  object space 68608K, 18% used [0x00000000c0000000,0x00000000c0c89d90,0x00000000c4300000)
 Metaspace       used 38328K, committed 38976K, reserved 1089536K
  class space    used 4022K, committed 4288K, reserved 1048576K
}
Event: 31.996 GC heap before
{Heap before GC invocations=13 (full 2):
 PSYoungGen      total 24576K, used 24352K [0x00000000eab00000, 0x00000000ec700000, 0x0000000100000000)
  eden space 23040K, 100% used [0x00000000eab00000,0x00000000ec180000,0x00000000ec180000)
  from space 1536K, 85% used [0x00000000ec580000,0x00000000ec6c8000,0x00000000ec700000)
  to   space 1536K, 0% used [0x00000000ec400000,0x00000000ec400000,0x00000000ec580000)
 ParOldGen       total 68608K, used 12839K [0x00000000c0000000, 0x00000000c4300000, 0x00000000eab00000)
  object space 68608K, 18% used [0x00000000c0000000,0x00000000c0c89d90,0x00000000c4300000)
 Metaspace       used 41743K, committed 42432K, reserved 1089536K
  class space    used 4434K, committed 4736K, reserved 1048576K
}
Event: 32.003 GC heap after
{Heap after GC invocations=13 (full 2):
 PSYoungGen      total 24064K, used 1193K [0x00000000eab00000, 0x00000000ec600000, 0x0000000100000000)
  eden space 22528K, 0% used [0x00000000eab00000,0x00000000eab00000,0x00000000ec100000)
  from space 1536K, 77% used [0x00000000ec400000,0x00000000ec52a5c8,0x00000000ec580000)
  to   space 512K, 0% used [0x00000000ec580000,0x00000000ec580000,0x00000000ec600000)
 ParOldGen       total 68608K, used 14105K [0x00000000c0000000, 0x00000000c4300000, 0x00000000eab00000)
  object space 68608K, 20% used [0x00000000c0000000,0x00000000c0dc6740,0x00000000c4300000)
 Metaspace       used 41743K, committed 42432K, reserved 1089536K
  class space    used 4434K, committed 4736K, reserved 1048576K
}
Event: 33.514 GC heap before
{Heap before GC invocations=14 (full 2):
 PSYoungGen      total 24064K, used 23721K [0x00000000eab00000, 0x00000000ec600000, 0x0000000100000000)
  eden space 22528K, 100% used [0x00000000eab00000,0x00000000ec100000,0x00000000ec100000)
  from space 1536K, 77% used [0x00000000ec400000,0x00000000ec52a5c8,0x00000000ec580000)
  to   space 512K, 0% used [0x00000000ec580000,0x00000000ec580000,0x00000000ec600000)
 ParOldGen       total 68608K, used 14105K [0x00000000c0000000, 0x00000000c4300000, 0x00000000eab00000)
  object space 68608K, 20% used [0x00000000c0000000,0x00000000c0dc6740,0x00000000c4300000)
 Metaspace       used 44595K, committed 45376K, reserved 1089536K
  class space    used 4775K, committed 5120K, reserved 1048576K
}
Event: 33.521 GC heap after
{Heap after GC invocations=14 (full 2):
 PSYoungGen      total 22528K, used 495K [0x00000000eab00000, 0x00000000ec780000, 0x0000000100000000)
  eden space 22016K, 0% used [0x00000000eab00000,0x00000000eab00000,0x00000000ec080000)
  from space 512K, 96% used [0x00000000ec580000,0x00000000ec5fbc58,0x00000000ec600000)
  to   space 3584K, 0% used [0x00000000ec080000,0x00000000ec080000,0x00000000ec400000)
 ParOldGen       total 68608K, used 16553K [0x00000000c0000000, 0x00000000c4300000, 0x00000000eab00000)
  object space 68608K, 24% used [0x00000000c0000000,0x00000000c102a5a0,0x00000000c4300000)
 Metaspace       used 44595K, committed 45376K, reserved 1089536K
  class space    used 4775K, committed 5120K, reserved 1048576K
}
Event: 35.761 GC heap before
{Heap before GC invocations=15 (full 2):
 PSYoungGen      total 22528K, used 22511K [0x00000000eab00000, 0x00000000ec780000, 0x0000000100000000)
  eden space 22016K, 100% used [0x00000000eab00000,0x00000000ec080000,0x00000000ec080000)
  from space 512K, 96% used [0x00000000ec580000,0x00000000ec5fbc58,0x00000000ec600000)
  to   space 3584K, 0% used [0x00000000ec080000,0x00000000ec080000,0x00000000ec400000)
 ParOldGen       total 68608K, used 16553K [0x00000000c0000000, 0x00000000c4300000, 0x00000000eab00000)
  object space 68608K, 24% used [0x00000000c0000000,0x00000000c102a5a0,0x00000000c4300000)
 Metaspace       used 48105K, committed 48896K, reserved 1097728K
  class space    used 5231K, committed 5568K, reserved 1048576K
}
Event: 35.766 GC heap after
{Heap after GC invocations=15 (full 2):
 PSYoungGen      total 24064K, used 1754K [0x00000000eab00000, 0x00000000ec600000, 0x0000000100000000)
  eden space 22016K, 0% used [0x00000000eab00000,0x00000000eab00000,0x00000000ec080000)
  from space 2048K, 85% used [0x00000000ec080000,0x00000000ec236a88,0x00000000ec280000)
  to   space 2560K, 0% used [0x00000000ec380000,0x00000000ec380000,0x00000000ec600000)
 ParOldGen       total 68608K, used 17056K [0x00000000c0000000, 0x00000000c4300000, 0x00000000eab00000)
  object space 68608K, 24% used [0x00000000c0000000,0x00000000c10a83f8,0x00000000c4300000)
 Metaspace       used 48105K, committed 48896K, reserved 1097728K
  class space    used 5231K, committed 5568K, reserved 1048576K
}
Event: 37.804 GC heap before
{Heap before GC invocations=16 (full 2):
 PSYoungGen      total 24064K, used 23770K [0x00000000eab00000, 0x00000000ec600000, 0x0000000100000000)
  eden space 22016K, 100% used [0x00000000eab00000,0x00000000ec080000,0x00000000ec080000)
  from space 2048K, 85% used [0x00000000ec080000,0x00000000ec236a88,0x00000000ec280000)
  to   space 2560K, 0% used [0x00000000ec380000,0x00000000ec380000,0x00000000ec600000)
 ParOldGen       total 68608K, used 17056K [0x00000000c0000000, 0x00000000c4300000, 0x00000000eab00000)
  object space 68608K, 24% used [0x00000000c0000000,0x00000000c10a83f8,0x00000000c4300000)
 Metaspace       used 49303K, committed 50112K, reserved 1097728K
  class space    used 5374K, committed 5760K, reserved 1048576K
}
Event: 37.853 GC heap after
{Heap after GC invocations=16 (full 2):
 PSYoungGen      total 20480K, used 2537K [0x00000000eab00000, 0x00000000ece80000, 0x0000000100000000)
  eden space 17920K, 0% used [0x00000000eab00000,0x00000000eab00000,0x00000000ebc80000)
  from space 2560K, 99% used [0x00000000ec380000,0x00000000ec5fa7c0,0x00000000ec600000)
  to   space 7168K, 0% used [0x00000000ebc80000,0x00000000ebc80000,0x00000000ec380000)
 ParOldGen       total 68608K, used 20625K [0x00000000c0000000, 0x00000000c4300000, 0x00000000eab00000)
  object space 68608K, 30% used [0x00000000c0000000,0x00000000c14244d0,0x00000000c4300000)
 Metaspace       used 49303K, committed 50112K, reserved 1097728K
  class space    used 5374K, committed 5760K, reserved 1048576K
}

