# JRE version: OpenJDK Runtime Environment Temurin-17.0.3+7 (17.0.3+7) (build 17.0.3+7)
# Java VM: OpenJDK 64-Bit Server VM Temurin-17.0.3+7 (17.0.3+7, mixed mode, emulated-client, tiered, compressed oops, compressed class ptrs, g1 gc, windows-amd64)
GC Precious Log:
 CPUs: 2 total, 2 available
 Memory: 3463M
 Large Page Support: Disabled
 NUMA Support: Disabled
 Compressed Oops: Enabled (32-bit)
 Heap Region Size: 1M
 Heap Min Capacity: 8M
 Heap Initial Capacity: 56M
 Heap Max Capacity: 866M
 Pre-touch: Disabled
 Parallel Workers: 2
 Concurrent Workers: 1
 Concurrent Refinement Workers: 2
 Periodic GC: Disabled
Heap:
 garbage-first heap   total 70656K, used 35474K [0x00000000c9e00000, 0x0000000100000000)
  region size 1024K, 2 young (2048K), 2 survivors (2048K)
 Metaspace       used 34951K, committed 35264K, reserved 1081344K
  class space    used 4551K, committed 4672K, reserved 1048576K
GC Heap History (20 events):
Event: 4.051 GC heap after
{Heap after GC invocations=6 (full 0):
 garbage-first heap   total 57344K, used 11782K [0x00000000c9e00000, 0x0000000100000000)
  region size 1024K, 1 young (1024K), 1 survivors (1024K)
 Metaspace       used 21363K, committed 21504K, reserved 1073152K
  class space    used 2596K, committed 2688K, reserved 1048576K
}
Event: 5.297 GC heap before
{Heap before GC invocations=7 (full 0):
 garbage-first heap   total 45056K, used 35334K [0x00000000c9e00000, 0x0000000100000000)
  region size 1024K, 25 young (25600K), 1 survivors (1024K)
 Metaspace       used 25226K, committed 25408K, reserved 1073152K
  class space    used 3101K, committed 3200K, reserved 1048576K
}
Event: 5.316 GC heap after
{Heap after GC invocations=8 (full 0):
 garbage-first heap   total 45056K, used 13089K [0x00000000c9e00000, 0x0000000100000000)
  region size 1024K, 3 young (3072K), 3 survivors (3072K)
 Metaspace       used 25226K, committed 25408K, reserved 1073152K
  class space    used 3101K, committed 3200K, reserved 1048576K
}
Event: 6.065 GC heap before
{Heap before GC invocations=8 (full 0):
 garbage-first heap   total 45056K, used 28449K [0x00000000c9e00000, 0x0000000100000000)
  region size 1024K, 19 young (19456K), 3 survivors (3072K)
 Metaspace       used 27585K, committed 27840K, reserved 1081344K
  class space    used 3453K, committed 3584K, reserved 1048576K
}
Event: 6.073 GC heap after
{Heap after GC invocations=9 (full 0):
 garbage-first heap   total 45056K, used 15085K [0x00000000c9e00000, 0x0000000100000000)
  region size 1024K, 2 young (2048K), 2 survivors (2048K)
 Metaspace       used 27585K, committed 27840K, reserved 1081344K
  class space    used 3453K, committed 3584K, reserved 1048576K
}
Event: 7.032 GC heap before
{Heap before GC invocations=9 (full 0):
 garbage-first heap   total 45056K, used 30445K [0x00000000c9e00000, 0x0000000100000000)
  region size 1024K, 17 young (17408K), 2 survivors (2048K)
 Metaspace       used 31287K, committed 31552K, reserved 1081344K
  class space    used 3948K, committed 4096K, reserved 1048576K
}
Event: 7.039 GC heap after
{Heap after GC invocations=10 (full 0):
 garbage-first heap   total 54272K, used 16402K [0x00000000c9e00000, 0x0000000100000000)
  region size 1024K, 2 young (2048K), 2 survivors (2048K)
 Metaspace       used 31287K, committed 31552K, reserved 1081344K
  class space    used 3948K, committed 4096K, reserved 1048576K
}
Event: 7.833 GC heap before
{Heap before GC invocations=10 (full 0):
 garbage-first heap   total 54272K, used 37906K [0x00000000c9e00000, 0x0000000100000000)
  region size 1024K, 24 young (24576K), 2 survivors (2048K)
 Metaspace       used 33460K, committed 33728K, reserved 1081344K
  class space    used 4259K, committed 4352K, reserved 1048576K
}
Event: 7.844 GC heap after
{Heap after GC invocations=11 (full 0):
 garbage-first heap   total 54272K, used 19849K [0x00000000c9e00000, 0x0000000100000000)
  region size 1024K, 3 young (3072K), 3 survivors (3072K)
 Metaspace       used 33460K, committed 33728K, reserved 1081344K
  class space    used 4259K, committed 4352K, reserved 1048576K
}
Event: 8.770 GC heap before
{Heap before GC invocations=11 (full 0):
 garbage-first heap   total 54272K, used 39305K [0x00000000c9e00000, 0x0000000100000000)
  region size 1024K, 22 young (22528K), 3 survivors (3072K)
 Metaspace       used 34498K, committed 34752K, reserved 1081344K
  class space    used 4468K, committed 4608K, reserved 1048576K
}
Event: 8.779 GC heap after
{Heap after GC invocations=12 (full 0):
 garbage-first heap   total 54272K, used 23122K [0x00000000c9e00000, 0x0000000100000000)
  region size 1024K, 3 young (3072K), 3 survivors (3072K)
 Metaspace       used 34498K, committed 34752K, reserved 1081344K
  class space    used 4468K, committed 4608K, reserved 1048576K
}
Event: 9.208 GC heap before
{Heap before GC invocations=12 (full 0):
 garbage-first heap   total 54272K, used 39506K [0x00000000c9e00000, 0x0000000100000000)
  region size 1024K, 19 young (19456K), 3 survivors (3072K)
 Metaspace       used 34834K, committed 35136K, reserved 1081344K
  class space    used 4533K, committed 4672K, reserved 1048576K
}
Event: 9.222 GC heap after
{Heap after GC invocations=13 (full 0):
 garbage-first heap   total 54272K, used 26555K [0x00000000c9e00000, 0x0000000100000000)
  region size 1024K, 3 young (3072K), 3 survivors (3072K)
 Metaspace       used 34834K, committed 35136K, reserved 1081344K
  class space    used 4533K, committed 4672K, reserved 1048576K
}
Event: 9.465 GC heap before
{Heap before GC invocations=13 (full 0):
 garbage-first heap   total 54272K, used 39867K [0x00000000c9e00000, 0x0000000100000000)
  region size 1024K, 16 young (16384K), 3 survivors (3072K)
 Metaspace       used 34951K, committed 35264K, reserved 1081344K
  class space    used 4551K, committed 4672K, reserved 1048576K
}
Event: 9.474 GC heap after
{Heap after GC invocations=14 (full 0):
 garbage-first heap   total 54272K, used 28943K [0x00000000c9e00000, 0x0000000100000000)
  region size 1024K, 2 young (2048K), 2 survivors (2048K)
 Metaspace       used 34951K, committed 35264K, reserved 1081344K
  class space    used 4551K, committed 4672K, reserved 1048576K
}
Event: 9.559 GC heap before
{Heap before GC invocations=15 (full 0):
 garbage-first heap   total 54272K, used 41231K [0x00000000c9e00000, 0x0000000100000000)
  region size 1024K, 14 young (14336K), 2 survivors (2048K)
 Metaspace       used 34951K, committed 35264K, reserved 1081344K
  class space    used 4551K, committed 4672K, reserved 1048576K
}
Event: 9.566 GC heap after
{Heap after GC invocations=16 (full 0):
 garbage-first heap   total 54272K, used 31332K [0x00000000c9e00000, 0x0000000100000000)
  region size 1024K, 2 young (2048K), 2 survivors (2048K)
 Metaspace       used 34951K, committed 35264K, reserved 1081344K
  class space    used 4551K, committed 4672K, reserved 1048576K
}
Event: 9.621 GC heap before
{Heap before GC invocations=16 (full 0):
 garbage-first heap   total 54272K, used 41572K [0x00000000c9e00000, 0x0000000100000000)
  region size 1024K, 12 young (12288K), 2 survivors (2048K)
 Metaspace       used 34951K, committed 35264K, reserved 1081344K
  class space    used 4551K, committed 4672K, reserved 1048576K
}
Event: 9.626 GC heap after
{Heap after GC invocations=17 (full 0):
 garbage-first heap   total 54272K, used 33351K [0x00000000c9e00000, 0x0000000100000000)
  region size 1024K, 2 young (2048K), 2 survivors (2048K)
 Metaspace       used 34951K, committed 35264K, reserved 1081344K
  class space    used 4551K, committed 4672K, reserved 1048576K
}
Event: 9.674 GC heap before
{Heap before GC invocations=17 (full 0):
 garbage-first heap   total 70656K, used 42567K [0x00000000c9e00000, 0x0000000100000000)
  region size 1024K, 11 young (11264K), 2 survivors (2048K)
 Metaspace       used 34951K, committed 35264K, reserved 1081344K
  class space    used 4551K, committed 4672K, reserved 1048576K
}

