# JRE version: OpenJDK Runtime Environment Temurin-17.0.3+7 (17.0.3+7) (build 17.0.3+7)
# Java VM: OpenJDK 64-Bit Server VM Temurin-17.0.3+7 (17.0.3+7, mixed mode, emulated-client, tiered, compressed oops, compressed class ptrs, g1 gc, windows-amd64)
GC Precious Log:
 CPUs: 2 total, 2 available
 Memory: 3463M
 Large Page Support: Disabled
 NUMA Support: Disabled
 Compressed Oops: Enabled (32-bit)
 Heap Region Size: 1M
 Heap Min Capacity: 8M
 Heap Initial Capacity: 56M
 Heap Max Capacity: 866M
 Pre-touch: Disabled
 Parallel Workers: 2
 Concurrent Workers: 1
 Concurrent Refinement Workers: 2
 Periodic GC: Disabled
Heap:
 garbage-first heap   total 199680K, used 69869K [0x00000000c9e00000, 0x0000000100000000)
  region size 1024K, 7 young (7168K), 7 survivors (7168K)
 Metaspace       used 35098K, committed 35392K, reserved 1081344K
  class space    used 4567K, committed 4736K, reserved 1048576K
GC Heap History (20 events):
Event: 7.189 GC heap after
{Heap after GC invocations=17 (full 0):
 garbage-first heap   total 66560K, used 34121K [0x00000000c9e00000, 0x0000000100000000)
  region size 1024K, 3 young (3072K), 3 survivors (3072K)
 Metaspace       used 34943K, committed 35200K, reserved 1081344K
  class space    used 4543K, committed 4672K, reserved 1048576K
}
Event: 7.192 GC heap before
{Heap before GC invocations=17 (full 0):
 garbage-first heap   total 66560K, used 35145K [0x00000000c9e00000, 0x0000000100000000)
  region size 1024K, 4 young (4096K), 3 survivors (3072K)
 Metaspace       used 34943K, committed 35200K, reserved 1081344K
  class space    used 4543K, committed 4672K, reserved 1048576K
}
Event: 7.198 GC heap after
{Heap after GC invocations=18 (full 0):
 garbage-first heap   total 66560K, used 34377K [0x00000000c9e00000, 0x0000000100000000)
  region size 1024K, 1 young (1024K), 1 survivors (1024K)
 Metaspace       used 34943K, committed 35200K, reserved 1081344K
  class space    used 4543K, committed 4672K, reserved 1048576K
}
Event: 7.232 GC heap before
{Heap before GC invocations=18 (full 0):
 garbage-first heap   total 66560K, used 49737K [0x00000000c9e00000, 0x0000000100000000)
  region size 1024K, 16 young (16384K), 1 survivors (1024K)
 Metaspace       used 34943K, committed 35200K, reserved 1081344K
  class space    used 4543K, committed 4672K, reserved 1048576K
}
Event: 7.239 GC heap after
{Heap after GC invocations=19 (full 0):
 garbage-first heap   total 66560K, used 37334K [0x00000000c9e00000, 0x0000000100000000)
  region size 1024K, 2 young (2048K), 2 survivors (2048K)
 Metaspace       used 34943K, committed 35200K, reserved 1081344K
  class space    used 4543K, committed 4672K, reserved 1048576K
}
Event: 7.342 GC heap before
{Heap before GC invocations=20 (full 0):
 garbage-first heap   total 66560K, used 50646K [0x00000000c9e00000, 0x0000000100000000)
  region size 1024K, 16 young (16384K), 2 survivors (2048K)
 Metaspace       used 34943K, committed 35200K, reserved 1081344K
  class space    used 4543K, committed 4672K, reserved 1048576K
}
Event: 7.355 GC heap after
{Heap after GC invocations=21 (full 0):
 garbage-first heap   total 66560K, used 40044K [0x00000000c9e00000, 0x0000000100000000)
  region size 1024K, 2 young (2048K), 2 survivors (2048K)
 Metaspace       used 34943K, committed 35200K, reserved 1081344K
  class space    used 4543K, committed 4672K, reserved 1048576K
}
Event: 7.380 GC heap before
{Heap before GC invocations=21 (full 0):
 garbage-first heap   total 66560K, used 41068K [0x00000000c9e00000, 0x0000000100000000)
  region size 1024K, 3 young (3072K), 2 survivors (2048K)
 Metaspace       used 34943K, committed 35200K, reserved 1081344K
  class space    used 4543K, committed 4672K, reserved 1048576K
}
Event: 7.386 GC heap after
{Heap after GC invocations=22 (full 0):
 garbage-first heap   total 66560K, used 40347K [0x00000000c9e00000, 0x0000000100000000)
  region size 1024K, 1 young (1024K), 1 survivors (1024K)
 Metaspace       used 34943K, committed 35200K, reserved 1081344K
  class space    used 4543K, committed 4672K, reserved 1048576K
}
Event: 7.451 GC heap before
{Heap before GC invocations=22 (full 0):
 garbage-first heap   total 66560K, used 51611K [0x00000000c9e00000, 0x0000000100000000)
  region size 1024K, 12 young (12288K), 1 survivors (1024K)
 Metaspace       used 34943K, committed 35200K, reserved 1081344K
  class space    used 4543K, committed 4672K, reserved 1048576K
}
Event: 7.463 GC heap after
{Heap after GC invocations=23 (full 0):
 garbage-first heap   total 199680K, used 45825K [0x00000000c9e00000, 0x0000000100000000)
  region size 1024K, 2 young (2048K), 2 survivors (2048K)
 Metaspace       used 34943K, committed 35200K, reserved 1081344K
  class space    used 4543K, committed 4672K, reserved 1048576K
}
Event: 8.056 GC heap before
{Heap before GC invocations=24 (full 0):
 garbage-first heap   total 160768K, used 127745K [0x00000000c9e00000, 0x0000000100000000)
  region size 1024K, 81 young (82944K), 2 survivors (2048K)
 Metaspace       used 35098K, committed 35392K, reserved 1081344K
  class space    used 4567K, committed 4736K, reserved 1048576K
}
Event: 8.093 GC heap after
{Heap after GC invocations=25 (full 0):
 garbage-first heap   total 160768K, used 63561K [0x00000000c9e00000, 0x0000000100000000)
  region size 1024K, 11 young (11264K), 11 survivors (11264K)
 Metaspace       used 35098K, committed 35392K, reserved 1081344K
  class space    used 4567K, committed 4736K, reserved 1048576K
}
Event: 8.096 GC heap before
{Heap before GC invocations=25 (full 0):
 garbage-first heap   total 160768K, used 63561K [0x00000000c9e00000, 0x0000000100000000)
  region size 1024K, 12 young (12288K), 11 survivors (11264K)
 Metaspace       used 35098K, committed 35392K, reserved 1081344K
  class space    used 4567K, committed 4736K, reserved 1048576K
}
Event: 8.115 GC heap after
{Heap after GC invocations=26 (full 0):
 garbage-first heap   total 160768K, used 64257K [0x00000000c9e00000, 0x0000000100000000)
  region size 1024K, 1 young (1024K), 1 survivors (1024K)
 Metaspace       used 35098K, committed 35392K, reserved 1081344K
  class space    used 4567K, committed 4736K, reserved 1048576K
}
Event: 8.158 GC heap before
{Heap before GC invocations=26 (full 0):
 garbage-first heap   total 160768K, used 115457K [0x00000000c9e00000, 0x0000000100000000)
  region size 1024K, 52 young (53248K), 1 survivors (1024K)
 Metaspace       used 35098K, committed 35392K, reserved 1081344K
  class space    used 4567K, committed 4736K, reserved 1048576K
}
Event: 8.161 GC heap after
{Heap after GC invocations=27 (full 0):
 garbage-first heap   total 160768K, used 65739K [0x00000000c9e00000, 0x0000000100000000)
  region size 1024K, 3 young (3072K), 3 survivors (3072K)
 Metaspace       used 35098K, committed 35392K, reserved 1081344K
  class space    used 4567K, committed 4736K, reserved 1048576K
}
Event: 8.199 GC heap before
{Heap before GC invocations=27 (full 0):
 garbage-first heap   total 160768K, used 116939K [0x00000000c9e00000, 0x0000000100000000)
  region size 1024K, 54 young (55296K), 3 survivors (3072K)
 Metaspace       used 35098K, committed 35392K, reserved 1081344K
  class space    used 4567K, committed 4736K, reserved 1048576K
}
Event: 8.202 GC heap after
{Heap after GC invocations=28 (full 0):
 garbage-first heap   total 160768K, used 67763K [0x00000000c9e00000, 0x0000000100000000)
  region size 1024K, 5 young (5120K), 5 survivors (5120K)
 Metaspace       used 35098K, committed 35392K, reserved 1081344K
  class space    used 4567K, committed 4736K, reserved 1048576K
}
Event: 8.238 GC heap before
{Heap before GC invocations=28 (full 0):
 garbage-first heap   total 160768K, used 121011K [0x00000000c9e00000, 0x0000000100000000)
  region size 1024K, 58 young (59392K), 5 survivors (5120K)
 Metaspace       used 35098K, committed 35392K, reserved 1081344K
  class space    used 4567K, committed 4736K, reserved 1048576K
}

