# JRE version: OpenJDK Runtime Environment Temurin-17.0.3+7 (17.0.3+7) (build 17.0.3+7)
# Java VM: OpenJDK 64-Bit Server VM Temurin-17.0.3+7 (17.0.3+7, mixed mode, emulated-client, tiered, compressed oops, compressed class ptrs, g1 gc, windows-amd64)
GC Precious Log:
 CPUs: 2 total, 2 available
 Memory: 3463M
 Large Page Support: Disabled
 NUMA Support: Disabled
 Compressed Oops: Enabled (32-bit)
 Heap Region Size: 1M
 Heap Min Capacity: 8M
 Heap Initial Capacity: 56M
 Heap Max Capacity: 866M
 Pre-touch: Disabled
 Parallel Workers: 2
 Concurrent Workers: 1
 Concurrent Refinement Workers: 2
 Periodic GC: Disabled
Heap:
 garbage-first heap   total 48128K, used 34271K [0x00000000c9e00000, 0x0000000100000000)
  region size 1024K, 7 young (7168K), 2 survivors (2048K)
 Metaspace       used 34680K, committed 35072K, reserved 1081344K
  class space    used 4505K, committed 4672K, reserved 1048576K
GC Heap History (20 events):
Event: 13.739 GC heap before
{Heap before GC invocations=7 (full 0):
 garbage-first heap   total 45056K, used 36197K [0x00000000c9e00000, 0x0000000100000000)
  region size 1024K, 26 young (26624K), 1 survivors (1024K)
 Metaspace       used 25751K, committed 25984K, reserved 1073152K
  class space    used 3164K, committed 3264K, reserved 1048576K
}
Event: 13.757 GC heap after
{Heap after GC invocations=8 (full 0):
 garbage-first heap   total 45056K, used 13289K [0x00000000c9e00000, 0x0000000100000000)
  region size 1024K, 3 young (3072K), 3 survivors (3072K)
 Metaspace       used 25751K, committed 25984K, reserved 1073152K
  class space    used 3164K, committed 3264K, reserved 1048576K
}
Event: 16.224 GC heap before
{Heap before GC invocations=8 (full 0):
 garbage-first heap   total 45056K, used 28649K [0x00000000c9e00000, 0x0000000100000000)
  region size 1024K, 19 young (19456K), 3 survivors (3072K)
 Metaspace       used 28021K, committed 28288K, reserved 1081344K
  class space    used 3509K, committed 3648K, reserved 1048576K
}
Event: 16.236 GC heap after
{Heap after GC invocations=9 (full 0):
 garbage-first heap   total 45056K, used 15174K [0x00000000c9e00000, 0x0000000100000000)
  region size 1024K, 2 young (2048K), 2 survivors (2048K)
 Metaspace       used 28021K, committed 28288K, reserved 1081344K
  class space    used 3509K, committed 3648K, reserved 1048576K
}
Event: 19.105 GC heap before
{Heap before GC invocations=9 (full 0):
 garbage-first heap   total 45056K, used 30534K [0x00000000c9e00000, 0x0000000100000000)
  region size 1024K, 17 young (17408K), 2 survivors (2048K)
 Metaspace       used 31645K, committed 31936K, reserved 1081344K
  class space    used 3999K, committed 4160K, reserved 1048576K
}
Event: 19.113 GC heap after
{Heap after GC invocations=10 (full 0):
 garbage-first heap   total 45056K, used 16700K [0x00000000c9e00000, 0x0000000100000000)
  region size 1024K, 2 young (2048K), 2 survivors (2048K)
 Metaspace       used 31645K, committed 31936K, reserved 1081344K
  class space    used 3999K, committed 4160K, reserved 1048576K
}
Event: 23.537 GC heap before
{Heap before GC invocations=10 (full 0):
 garbage-first heap   total 45056K, used 30012K [0x00000000c9e00000, 0x0000000100000000)
  region size 1024K, 16 young (16384K), 2 survivors (2048K)
 Metaspace       used 33958K, committed 34176K, reserved 1081344K
  class space    used 4342K, committed 4416K, reserved 1048576K
}
Event: 23.544 GC heap after
{Heap after GC invocations=11 (full 0):
 garbage-first heap   total 45056K, used 18130K [0x00000000c9e00000, 0x0000000100000000)
  region size 1024K, 2 young (2048K), 2 survivors (2048K)
 Metaspace       used 33958K, committed 34176K, reserved 1081344K
  class space    used 4342K, committed 4416K, reserved 1048576K
}
Event: 24.199 GC heap before
{Heap before GC invocations=11 (full 0):
 garbage-first heap   total 45056K, used 31442K [0x00000000c9e00000, 0x0000000100000000)
  region size 1024K, 16 young (16384K), 2 survivors (2048K)
 Metaspace       used 34145K, committed 34432K, reserved 1081344K
  class space    used 4389K, committed 4544K, reserved 1048576K
}
Event: 24.208 GC heap after
{Heap after GC invocations=12 (full 0):
 garbage-first heap   total 45056K, used 21395K [0x00000000c9e00000, 0x0000000100000000)
  region size 1024K, 2 young (2048K), 2 survivors (2048K)
 Metaspace       used 34145K, committed 34432K, reserved 1081344K
  class space    used 4389K, committed 4544K, reserved 1048576K
}
Event: 25.579 GC heap before
{Heap before GC invocations=12 (full 0):
 garbage-first heap   total 45056K, used 32659K [0x00000000c9e00000, 0x0000000100000000)
  region size 1024K, 13 young (13312K), 2 survivors (2048K)
 Metaspace       used 34612K, committed 34944K, reserved 1081344K
  class space    used 4493K, committed 4672K, reserved 1048576K
}
Event: 25.594 GC heap after
{Heap after GC invocations=13 (full 0):
 garbage-first heap   total 45056K, used 23531K [0x00000000c9e00000, 0x0000000100000000)
  region size 1024K, 2 young (2048K), 2 survivors (2048K)
 Metaspace       used 34612K, committed 34944K, reserved 1081344K
  class space    used 4493K, committed 4672K, reserved 1048576K
}
Event: 26.324 GC heap before
{Heap before GC invocations=14 (full 0):
 garbage-first heap   total 45056K, used 31723K [0x00000000c9e00000, 0x0000000100000000)
  region size 1024K, 11 young (11264K), 2 survivors (2048K)
 Metaspace       used 34612K, committed 34944K, reserved 1081344K
  class space    used 4493K, committed 4672K, reserved 1048576K
}
Event: 26.330 GC heap after
{Heap after GC invocations=15 (full 0):
 garbage-first heap   total 45056K, used 25321K [0x00000000c9e00000, 0x0000000100000000)
  region size 1024K, 2 young (2048K), 2 survivors (2048K)
 Metaspace       used 34612K, committed 34944K, reserved 1081344K
  class space    used 4493K, committed 4672K, reserved 1048576K
}
Event: 26.906 GC heap before
{Heap before GC invocations=15 (full 0):
 garbage-first heap   total 45056K, used 34537K [0x00000000c9e00000, 0x0000000100000000)
  region size 1024K, 11 young (11264K), 2 survivors (2048K)
 Metaspace       used 34704K, committed 35072K, reserved 1081344K
  class space    used 4511K, committed 4672K, reserved 1048576K
}
Event: 26.917 GC heap after
{Heap after GC invocations=16 (full 0):
 garbage-first heap   total 45056K, used 27262K [0x00000000c9e00000, 0x0000000100000000)
  region size 1024K, 2 young (2048K), 2 survivors (2048K)
 Metaspace       used 34704K, committed 35072K, reserved 1081344K
  class space    used 4511K, committed 4672K, reserved 1048576K
}
Event: 27.205 GC heap before
{Heap before GC invocations=17 (full 0):
 garbage-first heap   total 48128K, used 34430K [0x00000000c9e00000, 0x0000000100000000)
  region size 1024K, 9 young (9216K), 2 survivors (2048K)
 Metaspace       used 34680K, committed 35072K, reserved 1081344K
  class space    used 4505K, committed 4672K, reserved 1048576K
}
Event: 27.211 GC heap after
{Heap after GC invocations=18 (full 0):
 garbage-first heap   total 48128K, used 28674K [0x00000000c9e00000, 0x0000000100000000)
  region size 1024K, 2 young (2048K), 2 survivors (2048K)
 Metaspace       used 34680K, committed 35072K, reserved 1081344K
  class space    used 4505K, committed 4672K, reserved 1048576K
}
Event: 27.248 GC heap before
{Heap before GC invocations=18 (full 0):
 garbage-first heap   total 48128K, used 36866K [0x00000000c9e00000, 0x0000000100000000)
  region size 1024K, 10 young (10240K), 2 survivors (2048K)
 Metaspace       used 34680K, committed 35072K, reserved 1081344K
  class space    used 4505K, committed 4672K, reserved 1048576K
}
Event: 27.254 GC heap after
{Heap after GC invocations=19 (full 0):
 garbage-first heap   total 48128K, used 30175K [0x00000000c9e00000, 0x0000000100000000)
  region size 1024K, 2 young (2048K), 2 survivors (2048K)
 Metaspace       used 34680K, committed 35072K, reserved 1081344K
  class space    used 4505K, committed 4672K, reserved 1048576K
}

