# JRE version: OpenJDK Runtime Environment Temurin-17.0.3+7 (17.0.3+7) (build 17.0.3+7)
# Java VM: OpenJDK 64-Bit Server VM Temurin-17.0.3+7 (17.0.3+7, mixed mode, tiered, compressed oops, compressed class ptrs, parallel gc, windows-amd64)
GC Precious Log:
 CPUs: 2 total, 2 available
 Memory: 3463M
 Large Page Support: Disabled
 NUMA Support: Disabled
 Compressed Oops: Enabled (32-bit)
 Alignments: Space 512K, Generation 512K, Heap 2M
 Heap Min Capacity: 100M
 Heap Initial Capacity: 100M
 Heap Max Capacity: 1G
 Pre-touch: Disabled
 Parallel Workers: 2
Heap:
 PSYoungGen      total 19456K, used 6978K [0x00000000eab00000, 0x00000000ebf80000, 0x0000000100000000)
  eden space 17408K, 35% used [0x00000000eab00000,0x00000000eb0f5f90,0x00000000ebc00000)
  from space 2048K, 42% used [0x00000000ebc00000,0x00000000ebcdaa58,0x00000000ebe00000)
  to   space 1536K, 0% used [0x00000000ebe00000,0x00000000ebe00000,0x00000000ebf80000)
 ParOldGen       total 68608K, used 41325K [0x00000000c0000000, 0x00000000c4300000, 0x00000000eab00000)
  object space 68608K, 60% used [0x00000000c0000000,0x00000000c285b400,0x00000000c4300000)
 Metaspace       used 56675K, committed 57536K, reserved 1105920K
  class space    used 6018K, committed 6400K, reserved 1048576K
GC Heap History (20 events):
Event: 22.573 GC heap before
{Heap before GC invocations=18 (full 2):
 PSYoungGen      total 25088K, used 25017K [0x00000000eab00000, 0x00000000ec680000, 0x0000000100000000)
  eden space 22016K, 100% used [0x00000000eab00000,0x00000000ec080000,0x00000000ec080000)
  from space 3072K, 97% used [0x00000000ec080000,0x00000000ec36e480,0x00000000ec380000)
  to   space 3072K, 0% used [0x00000000ec380000,0x00000000ec380000,0x00000000ec680000)
 ParOldGen       total 68608K, used 21318K [0x00000000c0000000, 0x00000000c4300000, 0x00000000eab00000)
  object space 68608K, 31% used [0x00000000c0000000,0x00000000c14d18f8,0x00000000c4300000)
 Metaspace       used 49360K, committed 50176K, reserved 1097728K
  class space    used 5292K, committed 5632K, reserved 1048576K
}
Event: 22.587 GC heap after
{Heap after GC invocations=18 (full 2):
 PSYoungGen      total 24576K, used 2144K [0x00000000eab00000, 0x00000000ec600000, 0x0000000100000000)
  eden space 22016K, 0% used [0x00000000eab00000,0x00000000eab00000,0x00000000ec080000)
  from space 2560K, 83% used [0x00000000ec380000,0x00000000ec598010,0x00000000ec600000)
  to   space 2560K, 0% used [0x00000000ec100000,0x00000000ec100000,0x00000000ec380000)
 ParOldGen       total 68608K, used 24287K [0x00000000c0000000, 0x00000000c4300000, 0x00000000eab00000)
  object space 68608K, 35% used [0x00000000c0000000,0x00000000c17b7e88,0x00000000c4300000)
 Metaspace       used 49360K, committed 50176K, reserved 1097728K
  class space    used 5292K, committed 5632K, reserved 1048576K
}
Event: 23.308 GC heap before
{Heap before GC invocations=19 (full 2):
 PSYoungGen      total 24576K, used 24160K [0x00000000eab00000, 0x00000000ec600000, 0x0000000100000000)
  eden space 22016K, 100% used [0x00000000eab00000,0x00000000ec080000,0x00000000ec080000)
  from space 2560K, 83% used [0x00000000ec380000,0x00000000ec598010,0x00000000ec600000)
  to   space 2560K, 0% used [0x00000000ec100000,0x00000000ec100000,0x00000000ec380000)
 ParOldGen       total 68608K, used 24287K [0x00000000c0000000, 0x00000000c4300000, 0x00000000eab00000)
  object space 68608K, 35% used [0x00000000c0000000,0x00000000c17b7e88,0x00000000c4300000)
 Metaspace       used 49652K, committed 50432K, reserved 1097728K
  class space    used 5329K, committed 5696K, reserved 1048576K
}
Event: 23.323 GC heap after
{Heap after GC invocations=19 (full 2):
 PSYoungGen      total 24576K, used 2208K [0x00000000eab00000, 0x00000000ec580000, 0x0000000100000000)
  eden space 22016K, 0% used [0x00000000eab00000,0x00000000eab00000,0x00000000ec080000)
  from space 2560K, 86% used [0x00000000ec100000,0x00000000ec328020,0x00000000ec380000)
  to   space 2048K, 0% used [0x00000000ec380000,0x00000000ec380000,0x00000000ec580000)
 ParOldGen       total 68608K, used 28370K [0x00000000c0000000, 0x00000000c4300000, 0x00000000eab00000)
  object space 68608K, 41% used [0x00000000c0000000,0x00000000c1bb4a48,0x00000000c4300000)
 Metaspace       used 49652K, committed 50432K, reserved 1097728K
  class space    used 5329K, committed 5696K, reserved 1048576K
}
Event: 23.603 GC heap before
{Heap before GC invocations=20 (full 2):
 PSYoungGen      total 24576K, used 24224K [0x00000000eab00000, 0x00000000ec580000, 0x0000000100000000)
  eden space 22016K, 100% used [0x00000000eab00000,0x00000000ec080000,0x00000000ec080000)
  from space 2560K, 86% used [0x00000000ec100000,0x00000000ec328020,0x00000000ec380000)
  to   space 2048K, 0% used [0x00000000ec380000,0x00000000ec380000,0x00000000ec580000)
 ParOldGen       total 68608K, used 28370K [0x00000000c0000000, 0x00000000c4300000, 0x00000000eab00000)
  object space 68608K, 41% used [0x00000000c0000000,0x00000000c1bb4a48,0x00000000c4300000)
 Metaspace       used 49722K, committed 50496K, reserved 1097728K
  class space    used 5335K, committed 5696K, reserved 1048576K
}
Event: 23.619 GC heap after
{Heap after GC invocations=20 (full 2):
 PSYoungGen      total 19456K, used 2016K [0x00000000eab00000, 0x00000000ecf80000, 0x0000000100000000)
  eden space 17408K, 0% used [0x00000000eab00000,0x00000000eab00000,0x00000000ebc00000)
  from space 2048K, 98% used [0x00000000ec380000,0x00000000ec578010,0x00000000ec580000)
  to   space 7680K, 0% used [0x00000000ebc00000,0x00000000ebc00000,0x00000000ec380000)
 ParOldGen       total 68608K, used 32919K [0x00000000c0000000, 0x00000000c4300000, 0x00000000eab00000)
  object space 68608K, 47% used [0x00000000c0000000,0x00000000c2025da8,0x00000000c4300000)
 Metaspace       used 49722K, committed 50496K, reserved 1097728K
  class space    used 5335K, committed 5696K, reserved 1048576K
}
Event: 23.826 GC heap before
{Heap before GC invocations=21 (full 2):
 PSYoungGen      total 19456K, used 19424K [0x00000000eab00000, 0x00000000ecf80000, 0x0000000100000000)
  eden space 17408K, 100% used [0x00000000eab00000,0x00000000ebc00000,0x00000000ebc00000)
  from space 2048K, 98% used [0x00000000ec380000,0x00000000ec578010,0x00000000ec580000)
  to   space 7680K, 0% used [0x00000000ebc00000,0x00000000ebc00000,0x00000000ec380000)
 ParOldGen       total 68608K, used 32919K [0x00000000c0000000, 0x00000000c4300000, 0x00000000eab00000)
  object space 68608K, 47% used [0x00000000c0000000,0x00000000c2025da8,0x00000000c4300000)
 Metaspace       used 49724K, committed 50496K, reserved 1097728K
  class space    used 5335K, committed 5696K, reserved 1048576K
}
Event: 23.851 GC heap after
{Heap after GC invocations=21 (full 2):
 PSYoungGen      total 19456K, used 2016K [0x00000000eab00000, 0x00000000ec400000, 0x0000000100000000)
  eden space 17408K, 0% used [0x00000000eab00000,0x00000000eab00000,0x00000000ebc00000)
  from space 2048K, 98% used [0x00000000ebc00000,0x00000000ebdf8010,0x00000000ebe00000)
  to   space 4096K, 0% used [0x00000000ec000000,0x00000000ec000000,0x00000000ec400000)
 ParOldGen       total 68608K, used 34951K [0x00000000c0000000, 0x00000000c4300000, 0x00000000eab00000)
  object space 68608K, 50% used [0x00000000c0000000,0x00000000c2221db8,0x00000000c4300000)
 Metaspace       used 49724K, committed 50496K, reserved 1097728K
  class space    used 5335K, committed 5696K, reserved 1048576K
}
Event: 24.119 GC heap before
{Heap before GC invocations=22 (full 2):
 PSYoungGen      total 19456K, used 19424K [0x00000000eab00000, 0x00000000ec400000, 0x0000000100000000)
  eden space 17408K, 100% used [0x00000000eab00000,0x00000000ebc00000,0x00000000ebc00000)
  from space 2048K, 98% used [0x00000000ebc00000,0x00000000ebdf8010,0x00000000ebe00000)
  to   space 4096K, 0% used [0x00000000ec000000,0x00000000ec000000,0x00000000ec400000)
 ParOldGen       total 68608K, used 34951K [0x00000000c0000000, 0x00000000c4300000, 0x00000000eab00000)
  object space 68608K, 50% used [0x00000000c0000000,0x00000000c2221db8,0x00000000c4300000)
 Metaspace       used 49725K, committed 50496K, reserved 1097728K
  class space    used 5335K, committed 5696K, reserved 1048576K
}
Event: 24.126 GC heap after
{Heap after GC invocations=22 (full 2):
 PSYoungGen      total 18944K, used 1408K [0x00000000eab00000, 0x00000000ec180000, 0x0000000100000000)
  eden space 17408K, 0% used [0x00000000eab00000,0x00000000eab00000,0x00000000ebc00000)
  from space 1536K, 91% used [0x00000000ec000000,0x00000000ec160000,0x00000000ec180000)
  to   space 2048K, 0% used [0x00000000ebd80000,0x00000000ebd80000,0x00000000ebf80000)
 ParOldGen       total 68608K, used 36967K [0x00000000c0000000, 0x00000000c4300000, 0x00000000eab00000)
  object space 68608K, 53% used [0x00000000c0000000,0x00000000c2419dc8,0x00000000c4300000)
 Metaspace       used 49725K, committed 50496K, reserved 1097728K
  class space    used 5335K, committed 5696K, reserved 1048576K
}
Event: 24.860 GC heap before
{Heap before GC invocations=23 (full 2):
 PSYoungGen      total 18944K, used 18816K [0x00000000eab00000, 0x00000000ec180000, 0x0000000100000000)
  eden space 17408K, 100% used [0x00000000eab00000,0x00000000ebc00000,0x00000000ebc00000)
  from space 1536K, 91% used [0x00000000ec000000,0x00000000ec160000,0x00000000ec180000)
  to   space 2048K, 0% used [0x00000000ebd80000,0x00000000ebd80000,0x00000000ebf80000)
 ParOldGen       total 68608K, used 36967K [0x00000000c0000000, 0x00000000c4300000, 0x00000000eab00000)
  object space 68608K, 53% used [0x00000000c0000000,0x00000000c2419dc8,0x00000000c4300000)
 Metaspace       used 51921K, committed 52736K, reserved 1097728K
  class space    used 5560K, committed 5888K, reserved 1048576K
}
Event: 24.874 GC heap after
{Heap after GC invocations=23 (full 2):
 PSYoungGen      total 18432K, used 678K [0x00000000eab00000, 0x00000000ec080000, 0x0000000100000000)
  eden space 17408K, 0% used [0x00000000eab00000,0x00000000eab00000,0x00000000ebc00000)
  from space 1024K, 66% used [0x00000000ebd80000,0x00000000ebe29bb8,0x00000000ebe80000)
  to   space 1536K, 0% used [0x00000000ebf00000,0x00000000ebf00000,0x00000000ec080000)
 ParOldGen       total 68608K, used 38343K [0x00000000c0000000, 0x00000000c4300000, 0x00000000eab00000)
  object space 68608K, 55% used [0x00000000c0000000,0x00000000c2571dc8,0x00000000c4300000)
 Metaspace       used 51921K, committed 52736K, reserved 1097728K
  class space    used 5560K, committed 5888K, reserved 1048576K
}
Event: 26.459 GC heap before
{Heap before GC invocations=24 (full 2):
 PSYoungGen      total 18432K, used 18053K [0x00000000eab00000, 0x00000000ec080000, 0x0000000100000000)
  eden space 17408K, 99% used [0x00000000eab00000,0x00000000ebbf7c18,0x00000000ebc00000)
  from space 1024K, 66% used [0x00000000ebd80000,0x00000000ebe29bb8,0x00000000ebe80000)
  to   space 1536K, 0% used [0x00000000ebf00000,0x00000000ebf00000,0x00000000ec080000)
 ParOldGen       total 68608K, used 38343K [0x00000000c0000000, 0x00000000c4300000, 0x00000000eab00000)
  object space 68608K, 55% used [0x00000000c0000000,0x00000000c2571dc8,0x00000000c4300000)
 Metaspace       used 52842K, committed 53632K, reserved 1097728K
  class space    used 5680K, committed 6016K, reserved 1048576K
}
Event: 26.469 GC heap after
{Heap after GC invocations=24 (full 2):
 PSYoungGen      total 17920K, used 224K [0x00000000eab00000, 0x00000000ebf80000, 0x0000000100000000)
  eden space 17408K, 0% used [0x00000000eab00000,0x00000000eab00000,0x00000000ebc00000)
  from space 512K, 43% used [0x00000000ebf00000,0x00000000ebf38000,0x00000000ebf80000)
  to   space 512K, 0% used [0x00000000ebe80000,0x00000000ebe80000,0x00000000ebf00000)
 ParOldGen       total 68608K, used 38993K [0x00000000c0000000, 0x00000000c4300000, 0x00000000eab00000)
  object space 68608K, 56% used [0x00000000c0000000,0x00000000c2614458,0x00000000c4300000)
 Metaspace       used 52842K, committed 53632K, reserved 1097728K
  class space    used 5680K, committed 6016K, reserved 1048576K
}
Event: 29.621 GC heap before
{Heap before GC invocations=25 (full 2):
 PSYoungGen      total 17920K, used 17632K [0x00000000eab00000, 0x00000000ebf80000, 0x0000000100000000)
  eden space 17408K, 100% used [0x00000000eab00000,0x00000000ebc00000,0x00000000ebc00000)
  from space 512K, 43% used [0x00000000ebf00000,0x00000000ebf38000,0x00000000ebf80000)
  to   space 512K, 0% used [0x00000000ebe80000,0x00000000ebe80000,0x00000000ebf00000)
 ParOldGen       total 68608K, used 38993K [0x00000000c0000000, 0x00000000c4300000, 0x00000000eab00000)
  object space 68608K, 56% used [0x00000000c0000000,0x00000000c2614458,0x00000000c4300000)
 Metaspace       used 55280K, committed 56128K, reserved 1105920K
  class space    used 5888K, committed 6272K, reserved 1048576K
}
Event: 29.625 GC heap after
{Heap after GC invocations=25 (full 2):
 PSYoungGen      total 17920K, used 511K [0x00000000eab00000, 0x00000000ebf80000, 0x0000000100000000)
  eden space 17408K, 0% used [0x00000000eab00000,0x00000000eab00000,0x00000000ebc00000)
  from space 512K, 99% used [0x00000000ebe80000,0x00000000ebeffd90,0x00000000ebf00000)
  to   space 512K, 0% used [0x00000000ebf00000,0x00000000ebf00000,0x00000000ebf80000)
 ParOldGen       total 68608K, used 39529K [0x00000000c0000000, 0x00000000c4300000, 0x00000000eab00000)
  object space 68608K, 57% used [0x00000000c0000000,0x00000000c269a468,0x00000000c4300000)
 Metaspace       used 55280K, committed 56128K, reserved 1105920K
  class space    used 5888K, committed 6272K, reserved 1048576K
}
Event: 30.171 GC heap before
{Heap before GC invocations=26 (full 2):
 PSYoungGen      total 17920K, used 17756K [0x00000000eab00000, 0x00000000ebf80000, 0x0000000100000000)
  eden space 17408K, 99% used [0x00000000eab00000,0x00000000ebbd73f8,0x00000000ebc00000)
  from space 512K, 99% used [0x00000000ebe80000,0x00000000ebeffd90,0x00000000ebf00000)
  to   space 512K, 0% used [0x00000000ebf00000,0x00000000ebf00000,0x00000000ebf80000)
 ParOldGen       total 68608K, used 39529K [0x00000000c0000000, 0x00000000c4300000, 0x00000000eab00000)
  object space 68608K, 57% used [0x00000000c0000000,0x00000000c269a468,0x00000000c4300000)
 Metaspace       used 55814K, committed 56704K, reserved 1105920K
  class space    used 5934K, committed 6336K, reserved 1048576K
}
Event: 30.174 GC heap after
{Heap after GC invocations=26 (full 2):
 PSYoungGen      total 17920K, used 497K [0x00000000eab00000, 0x00000000ec000000, 0x0000000100000000)
  eden space 17408K, 0% used [0x00000000eab00000,0x00000000eab00000,0x00000000ebc00000)
  from space 512K, 97% used [0x00000000ebf00000,0x00000000ebf7c4c0,0x00000000ebf80000)
  to   space 2048K, 0% used [0x00000000ebc00000,0x00000000ebc00000,0x00000000ebe00000)
 ParOldGen       total 68608K, used 40819K [0x00000000c0000000, 0x00000000c4300000, 0x00000000eab00000)
  object space 68608K, 59% used [0x00000000c0000000,0x00000000c27dcf40,0x00000000c4300000)
 Metaspace       used 55814K, committed 56704K, reserved 1105920K
  class space    used 5934K, committed 6336K, reserved 1048576K
}
Event: 30.276 GC heap before
{Heap before GC invocations=27 (full 2):
 PSYoungGen      total 17920K, used 17905K [0x00000000eab00000, 0x00000000ec000000, 0x0000000100000000)
  eden space 17408K, 100% used [0x00000000eab00000,0x00000000ebc00000,0x00000000ebc00000)
  from space 512K, 97% used [0x00000000ebf00000,0x00000000ebf7c4c0,0x00000000ebf80000)
  to   space 2048K, 0% used [0x00000000ebc00000,0x00000000ebc00000,0x00000000ebe00000)
 ParOldGen       total 68608K, used 40819K [0x00000000c0000000, 0x00000000c4300000, 0x00000000eab00000)
  object space 68608K, 59% used [0x00000000c0000000,0x00000000c27dcf40,0x00000000c4300000)
 Metaspace       used 55827K, committed 56704K, reserved 1105920K
  class space    used 5934K, committed 6336K, reserved 1048576K
}
Event: 30.278 GC heap after
{Heap after GC invocations=27 (full 2):
 PSYoungGen      total 19456K, used 874K [0x00000000eab00000, 0x00000000ebf80000, 0x0000000100000000)
  eden space 17408K, 0% used [0x00000000eab00000,0x00000000eab00000,0x00000000ebc00000)
  from space 2048K, 42% used [0x00000000ebc00000,0x00000000ebcdaa58,0x00000000ebe00000)
  to   space 1536K, 0% used [0x00000000ebe00000,0x00000000ebe00000,0x00000000ebf80000)
 ParOldGen       total 68608K, used 41325K [0x00000000c0000000, 0x00000000c4300000, 0x00000000eab00000)
  object space 68608K, 60% used [0x00000000c0000000,0x00000000c285b400,0x00000000c4300000)
 Metaspace       used 55827K, committed 56704K, reserved 1105920K
  class space    used 5934K, committed 6336K, reserved 1048576K
}

