# JRE version: OpenJDK Runtime Environment Temurin-17.0.3+7 (17.0.3+7) (build 17.0.3+7)
# Java VM: OpenJDK 64-Bit Server VM Temurin-17.0.3+7 (17.0.3+7, mixed mode, emulated-client, tiered, compressed oops, compressed class ptrs, g1 gc, windows-amd64)
GC Precious Log:
 CPUs: 2 total, 2 available
 Memory: 3463M
 Large Page Support: Disabled
 NUMA Support: Disabled
 Compressed Oops: Enabled (32-bit)
 Heap Region Size: 1M
 Heap Min Capacity: 8M
 Heap Initial Capacity: 56M
 Heap Max Capacity: 866M
 Pre-touch: Disabled
 Parallel Workers: 2
 Concurrent Workers: 1
 Concurrent Refinement Workers: 2
 Periodic GC: Disabled
Heap:
 garbage-first heap   total 225280K, used 84589K [0x00000000c9e00000, 0x0000000100000000)
  region size 1024K, 9 young (9216K), 9 survivors (9216K)
 Metaspace       used 35106K, committed 35392K, reserved 1081344K
  class space    used 4572K, committed 4736K, reserved 1048576K
GC Heap History (20 events):
Event: 4.780 GC heap after
{Heap after GC invocations=21 (full 0):
 garbage-first heap   total 112640K, used 49414K [0x00000000c9e00000, 0x0000000100000000)
  region size 1024K, 6 young (6144K), 6 survivors (6144K)
 Metaspace       used 34947K, committed 35200K, reserved 1081344K
  class space    used 4548K, committed 4672K, reserved 1048576K
}
Event: 4.914 GC heap before
{Heap before GC invocations=21 (full 0):
 garbage-first heap   total 112640K, used 81158K [0x00000000c9e00000, 0x0000000100000000)
  region size 1024K, 36 young (36864K), 6 survivors (6144K)
 Metaspace       used 35000K, committed 35328K, reserved 1081344K
  class space    used 4558K, committed 4736K, reserved 1048576K
}
Event: 4.940 GC heap after
{Heap after GC invocations=22 (full 0):
 garbage-first heap   total 112640K, used 62304K [0x00000000c9e00000, 0x0000000100000000)
  region size 1024K, 5 young (5120K), 5 survivors (5120K)
 Metaspace       used 35000K, committed 35328K, reserved 1081344K
  class space    used 4558K, committed 4736K, reserved 1048576K
}
Event: 4.969 GC heap before
{Heap before GC invocations=22 (full 0):
 garbage-first heap   total 112640K, used 82784K [0x00000000c9e00000, 0x0000000100000000)
  region size 1024K, 26 young (26624K), 5 survivors (5120K)
 Metaspace       used 35023K, committed 35328K, reserved 1081344K
  class space    used 4559K, committed 4736K, reserved 1048576K
}
Event: 4.976 GC heap after
{Heap after GC invocations=23 (full 0):
 garbage-first heap   total 112640K, used 64348K [0x00000000c9e00000, 0x0000000100000000)
  region size 1024K, 2 young (2048K), 2 survivors (2048K)
 Metaspace       used 35023K, committed 35328K, reserved 1081344K
  class space    used 4559K, committed 4736K, reserved 1048576K
}
Event: 5.012 GC heap before
{Heap before GC invocations=23 (full 0):
 garbage-first heap   total 112640K, used 84828K [0x00000000c9e00000, 0x0000000100000000)
  region size 1024K, 23 young (23552K), 2 survivors (2048K)
 Metaspace       used 35101K, committed 35392K, reserved 1081344K
  class space    used 4570K, committed 4736K, reserved 1048576K
}
Event: 5.014 GC heap after
{Heap after GC invocations=24 (full 0):
 garbage-first heap   total 112640K, used 64621K [0x00000000c9e00000, 0x0000000100000000)
  region size 1024K, 2 young (2048K), 2 survivors (2048K)
 Metaspace       used 35101K, committed 35392K, reserved 1081344K
  class space    used 4570K, committed 4736K, reserved 1048576K
}
Event: 5.043 GC heap before
{Heap before GC invocations=24 (full 0):
 garbage-first heap   total 112640K, used 86125K [0x00000000c9e00000, 0x0000000100000000)
  region size 1024K, 24 young (24576K), 2 survivors (2048K)
 Metaspace       used 35101K, committed 35392K, reserved 1081344K
  class space    used 4570K, committed 4736K, reserved 1048576K
}
Event: 5.046 GC heap after
{Heap after GC invocations=25 (full 0):
 garbage-first heap   total 225280K, used 65737K [0x00000000c9e00000, 0x0000000100000000)
  region size 1024K, 2 young (2048K), 2 survivors (2048K)
 Metaspace       used 35101K, committed 35392K, reserved 1081344K
  class space    used 4570K, committed 4736K, reserved 1048576K
}
Event: 5.218 GC heap before
{Heap before GC invocations=26 (full 0):
 garbage-first heap   total 225280K, used 146633K [0x00000000c9e00000, 0x0000000100000000)
  region size 1024K, 83 young (84992K), 2 survivors (2048K)
 Metaspace       used 35101K, committed 35392K, reserved 1081344K
  class space    used 4570K, committed 4736K, reserved 1048576K
}
Event: 5.239 GC heap after
{Heap after GC invocations=27 (full 0):
 garbage-first heap   total 225280K, used 67778K [0x00000000c9e00000, 0x0000000100000000)
  region size 1024K, 5 young (5120K), 5 survivors (5120K)
 Metaspace       used 35101K, committed 35392K, reserved 1081344K
  class space    used 4570K, committed 4736K, reserved 1048576K
}
Event: 5.248 GC heap before
{Heap before GC invocations=27 (full 0):
 garbage-first heap   total 225280K, used 72898K [0x00000000c9e00000, 0x0000000100000000)
  region size 1024K, 11 young (11264K), 5 survivors (5120K)
 Metaspace       used 35101K, committed 35392K, reserved 1081344K
  class space    used 4570K, committed 4736K, reserved 1048576K
}
Event: 5.257 GC heap after
{Heap after GC invocations=28 (full 0):
 garbage-first heap   total 225280K, used 67522K [0x00000000c9e00000, 0x0000000100000000)
  region size 1024K, 1 young (1024K), 1 survivors (1024K)
 Metaspace       used 35101K, committed 35392K, reserved 1081344K
  class space    used 4570K, committed 4736K, reserved 1048576K
}
Event: 5.703 GC heap before
{Heap before GC invocations=28 (full 0):
 garbage-first heap   total 225280K, used 170946K [0x00000000c9e00000, 0x0000000100000000)
  region size 1024K, 103 young (105472K), 1 survivors (1024K)
 Metaspace       used 35101K, committed 35392K, reserved 1081344K
  class space    used 4570K, committed 4736K, reserved 1048576K
}
Event: 5.708 GC heap after
{Heap after GC invocations=29 (full 0):
 garbage-first heap   total 225280K, used 71330K [0x00000000c9e00000, 0x0000000100000000)
  region size 1024K, 5 young (5120K), 5 survivors (5120K)
 Metaspace       used 35101K, committed 35392K, reserved 1081344K
  class space    used 4570K, committed 4736K, reserved 1048576K
}
Event: 5.783 GC heap before
{Heap before GC invocations=29 (full 0):
 garbage-first heap   total 225280K, used 174754K [0x00000000c9e00000, 0x0000000100000000)
  region size 1024K, 107 young (109568K), 5 survivors (5120K)
 Metaspace       used 35105K, committed 35392K, reserved 1081344K
  class space    used 4572K, committed 4736K, reserved 1048576K
}
Event: 5.790 GC heap after
{Heap after GC invocations=30 (full 0):
 garbage-first heap   total 225280K, used 75945K [0x00000000c9e00000, 0x0000000100000000)
  region size 1024K, 9 young (9216K), 9 survivors (9216K)
 Metaspace       used 35105K, committed 35392K, reserved 1081344K
  class space    used 4572K, committed 4736K, reserved 1048576K
}
Event: 5.875 GC heap before
{Heap before GC invocations=30 (full 0):
 garbage-first heap   total 225280K, used 178345K [0x00000000c9e00000, 0x0000000100000000)
  region size 1024K, 110 young (112640K), 9 survivors (9216K)
 Metaspace       used 35106K, committed 35392K, reserved 1081344K
  class space    used 4572K, committed 4736K, reserved 1048576K
}
Event: 5.889 GC heap after
{Heap after GC invocations=31 (full 0):
 garbage-first heap   total 225280K, used 80153K [0x00000000c9e00000, 0x0000000100000000)
  region size 1024K, 9 young (9216K), 9 survivors (9216K)
 Metaspace       used 35106K, committed 35392K, reserved 1081344K
  class space    used 4572K, committed 4736K, reserved 1048576K
}
Event: 5.953 GC heap before
{Heap before GC invocations=31 (full 0):
 garbage-first heap   total 225280K, used 181529K [0x00000000c9e00000, 0x0000000100000000)
  region size 1024K, 109 young (111616K), 9 survivors (9216K)
 Metaspace       used 35106K, committed 35392K, reserved 1081344K
  class space    used 4572K, committed 4736K, reserved 1048576K
}

