# JRE version: OpenJDK Runtime Environment Temurin-17.0.3+7 (17.0.3+7) (build 17.0.3+7)
# Java VM: OpenJDK 64-Bit Server VM Temurin-17.0.3+7 (17.0.3+7, mixed mode, emulated-client, tiered, compressed oops, compressed class ptrs, g1 gc, windows-amd64)
GC Precious Log:
 CPUs: 2 total, 2 available
 Memory: 3463M
 Large Page Support: Disabled
 NUMA Support: Disabled
 Compressed Oops: Enabled (32-bit)
 Heap Region Size: 1M
 Heap Min Capacity: 8M
 Heap Initial Capacity: 56M
 Heap Max Capacity: 866M
 Pre-touch: Disabled
 Parallel Workers: 2
 Concurrent Workers: 1
 Concurrent Refinement Workers: 2
 Periodic GC: Disabled
Heap:
 garbage-first heap   total 45056K, used 20524K [0x00000000c9e00000, 0x0000000100000000)
  region size 1024K, 7 young (7168K), 2 survivors (2048K)
 Metaspace       used 32052K, committed 32320K, reserved 1081344K
  class space    used 4057K, committed 4160K, reserved 1048576K
GC Heap History (18 events):
Event: 0.957 GC heap before
{Heap before GC invocations=0 (full 0):
 garbage-first heap   total 57344K, used 5120K [0x00000000c9e00000, 0x0000000100000000)
  region size 1024K, 6 young (6144K), 0 survivors (0K)
 Metaspace       used 4121K, committed 4288K, reserved 1056768K
  class space    used 401K, committed 512K, reserved 1048576K
}
Event: 0.977 GC heap after
{Heap after GC invocations=1 (full 0):
 garbage-first heap   total 57344K, used 4336K [0x00000000c9e00000, 0x0000000100000000)
  region size 1024K, 1 young (1024K), 1 survivors (1024K)
 Metaspace       used 4121K, committed 4288K, reserved 1056768K
  class space    used 401K, committed 512K, reserved 1048576K
}
Event: 1.183 GC heap before
{Heap before GC invocations=1 (full 0):
 garbage-first heap   total 57344K, used 6384K [0x00000000c9e00000, 0x0000000100000000)
  region size 1024K, 4 young (4096K), 1 survivors (1024K)
 Metaspace       used 4444K, committed 4544K, reserved 1056768K
  class space    used 441K, committed 512K, reserved 1048576K
}
Event: 1.189 GC heap after
{Heap after GC invocations=2 (full 0):
 garbage-first heap   total 57344K, used 5785K [0x00000000c9e00000, 0x0000000100000000)
  region size 1024K, 1 young (1024K), 1 survivors (1024K)
 Metaspace       used 4444K, committed 4544K, reserved 1056768K
  class space    used 441K, committed 512K, reserved 1048576K
}
Event: 2.794 GC heap before
{Heap before GC invocations=2 (full 0):
 garbage-first heap   total 57344K, used 12953K [0x00000000c9e00000, 0x0000000100000000)
  region size 1024K, 8 young (8192K), 1 survivors (1024K)
 Metaspace       used 7851K, committed 8000K, reserved 1056768K
  class space    used 841K, committed 896K, reserved 1048576K
}
Event: 2.797 GC heap after
{Heap after GC invocations=3 (full 0):
 garbage-first heap   total 57344K, used 7242K [0x00000000c9e00000, 0x0000000100000000)
  region size 1024K, 1 young (1024K), 1 survivors (1024K)
 Metaspace       used 7851K, committed 8000K, reserved 1056768K
  class space    used 841K, committed 896K, reserved 1048576K
}
Event: 4.608 GC heap before
{Heap before GC invocations=3 (full 0):
 garbage-first heap   total 57344K, used 17482K [0x00000000c9e00000, 0x0000000100000000)
  region size 1024K, 11 young (11264K), 1 survivors (1024K)
 Metaspace       used 11714K, committed 11904K, reserved 1064960K
  class space    used 1383K, committed 1472K, reserved 1048576K
}
Event: 4.613 GC heap after
{Heap after GC invocations=4 (full 0):
 garbage-first heap   total 57344K, used 8668K [0x00000000c9e00000, 0x0000000100000000)
  region size 1024K, 2 young (2048K), 2 survivors (2048K)
 Metaspace       used 11714K, committed 11904K, reserved 1064960K
  class space    used 1383K, committed 1472K, reserved 1048576K
}
Event: 8.042 GC heap before
{Heap before GC invocations=4 (full 0):
 garbage-first heap   total 57344K, used 32220K [0x00000000c9e00000, 0x0000000100000000)
  region size 1024K, 26 young (26624K), 2 survivors (2048K)
 Metaspace       used 18908K, committed 19136K, reserved 1073152K
  class space    used 2259K, committed 2368K, reserved 1048576K
}
Event: 8.058 GC heap after
{Heap after GC invocations=5 (full 0):
 garbage-first heap   total 57344K, used 10960K [0x00000000c9e00000, 0x0000000100000000)
  region size 1024K, 4 young (4096K), 4 survivors (4096K)
 Metaspace       used 18908K, committed 19136K, reserved 1073152K
  class space    used 2259K, committed 2368K, reserved 1048576K
}
Event: 8.835 GC heap before
{Heap before GC invocations=5 (full 0):
 garbage-first heap   total 57344K, used 21200K [0x00000000c9e00000, 0x0000000100000000)
  region size 1024K, 15 young (15360K), 4 survivors (4096K)
 Metaspace       used 21296K, committed 21504K, reserved 1073152K
  class space    used 2600K, committed 2752K, reserved 1048576K
}
Event: 8.849 GC heap after
{Heap after GC invocations=6 (full 0):
 garbage-first heap   total 57344K, used 11564K [0x00000000c9e00000, 0x0000000100000000)
  region size 1024K, 3 young (3072K), 3 survivors (3072K)
 Metaspace       used 21296K, committed 21504K, reserved 1073152K
  class space    used 2600K, committed 2752K, reserved 1048576K
}
Event: 11.278 GC heap before
{Heap before GC invocations=7 (full 0):
 garbage-first heap   total 45056K, used 33068K [0x00000000c9e00000, 0x0000000100000000)
  region size 1024K, 26 young (26624K), 3 survivors (3072K)
 Metaspace       used 25080K, committed 25344K, reserved 1073152K
  class space    used 3078K, committed 3200K, reserved 1048576K
}
Event: 11.292 GC heap after
{Heap after GC invocations=8 (full 0):
 garbage-first heap   total 45056K, used 12905K [0x00000000c9e00000, 0x0000000100000000)
  region size 1024K, 2 young (2048K), 2 survivors (2048K)
 Metaspace       used 25080K, committed 25344K, reserved 1073152K
  class space    used 3078K, committed 3200K, reserved 1048576K
}
Event: 18.078 GC heap before
{Heap before GC invocations=8 (full 0):
 garbage-first heap   total 45056K, used 29289K [0x00000000c9e00000, 0x0000000100000000)
  region size 1024K, 19 young (19456K), 2 survivors (2048K)
 Metaspace       used 27688K, committed 27968K, reserved 1081344K
  class space    used 3465K, committed 3584K, reserved 1048576K
}
Event: 18.086 GC heap after
{Heap after GC invocations=9 (full 0):
 garbage-first heap   total 45056K, used 15279K [0x00000000c9e00000, 0x0000000100000000)
  region size 1024K, 3 young (3072K), 3 survivors (3072K)
 Metaspace       used 27688K, committed 27968K, reserved 1081344K
  class space    used 3465K, committed 3584K, reserved 1048576K
}
Event: 26.817 GC heap before
{Heap before GC invocations=9 (full 0):
 garbage-first heap   total 45056K, used 30639K [0x00000000c9e00000, 0x0000000100000000)
  region size 1024K, 18 young (18432K), 3 survivors (3072K)
 Metaspace       used 31328K, committed 31616K, reserved 1081344K
  class space    used 3952K, committed 4096K, reserved 1048576K
}
Event: 26.827 GC heap after
{Heap after GC invocations=10 (full 0):
 garbage-first heap   total 45056K, used 16428K [0x00000000c9e00000, 0x0000000100000000)
  region size 1024K, 2 young (2048K), 2 survivors (2048K)
 Metaspace       used 31328K, committed 31616K, reserved 1081344K
  class space    used 3952K, committed 4096K, reserved 1048576K
}

