# JRE version: OpenJDK Runtime Environment Temurin-17.0.3+7 (17.0.3+7) (build 17.0.3+7)
# Java VM: OpenJDK 64-Bit Server VM Temurin-17.0.3+7 (17.0.3+7, mixed mode, emulated-client, tiered, compressed oops, compressed class ptrs, g1 gc, windows-amd64)
GC Precious Log:
 CPUs: 2 total, 2 available
 Memory: 3463M
 Large Page Support: Disabled
 NUMA Support: Disabled
 Compressed Oops: Enabled (32-bit)
 Heap Region Size: 1M
 Heap Min Capacity: 8M
 Heap Initial Capacity: 56M
 Heap Max Capacity: 866M
 Pre-touch: Disabled
 Parallel Workers: 2
 Concurrent Workers: 1
 Concurrent Refinement Workers: 2
 Periodic GC: Disabled
Heap:
 garbage-first heap   total 507904K, used 233086K [0x00000000c9e00000, 0x0000000100000000)
  region size 1024K, 3 young (3072K), 3 survivors (3072K)
 Metaspace       used 41699K, committed 42048K, reserved 1089536K
  class space    used 5820K, committed 5952K, reserved 1048576K
GC Heap History (20 events):
Event: 56.566 GC heap after
{Heap after GC invocations=42 (full 0):
 garbage-first heap   total 507904K, used 138183K [0x00000000c9e00000, 0x0000000100000000)
  region size 1024K, 18 young (18432K), 18 survivors (18432K)
 Metaspace       used 35154K, committed 35520K, reserved 1081344K
  class space    used 4561K, committed 4736K, reserved 1048576K
}
Event: 57.739 GC heap before
{Heap before GC invocations=42 (full 0):
 garbage-first heap   total 507904K, used 257991K [0x00000000c9e00000, 0x0000000100000000)
  region size 1024K, 135 young (138240K), 18 survivors (18432K)
 Metaspace       used 35154K, committed 35520K, reserved 1081344K
  class space    used 4561K, committed 4736K, reserved 1048576K
}
Event: 57.827 GC heap after
{Heap after GC invocations=43 (full 0):
 garbage-first heap   total 507904K, used 144107K [0x00000000c9e00000, 0x0000000100000000)
  region size 1024K, 6 young (6144K), 6 survivors (6144K)
 Metaspace       used 35154K, committed 35520K, reserved 1081344K
  class space    used 4561K, committed 4736K, reserved 1048576K
}
Event: 63.795 GC heap before
{Heap before GC invocations=43 (full 0):
 garbage-first heap   total 507904K, used 415467K [0x00000000c9e00000, 0x0000000100000000)
  region size 1024K, 271 young (277504K), 6 survivors (6144K)
 Metaspace       used 35248K, committed 35584K, reserved 1081344K
  class space    used 4575K, committed 4736K, reserved 1048576K
}
Event: 63.875 GC heap after
{Heap after GC invocations=44 (full 0):
 garbage-first heap   total 507904K, used 156907K [0x00000000c9e00000, 0x0000000100000000)
  region size 1024K, 19 young (19456K), 19 survivors (19456K)
 Metaspace       used 35248K, committed 35584K, reserved 1081344K
  class space    used 4575K, committed 4736K, reserved 1048576K
}
Event: 66.154 GC heap before
{Heap before GC invocations=44 (full 0):
 garbage-first heap   total 507904K, used 363755K [0x00000000c9e00000, 0x0000000100000000)
  region size 1024K, 222 young (227328K), 19 survivors (19456K)
 Metaspace       used 35248K, committed 35584K, reserved 1081344K
  class space    used 4575K, committed 4736K, reserved 1048576K
}
Event: 66.305 GC heap after
{Heap after GC invocations=45 (full 0):
 garbage-first heap   total 507904K, used 165616K [0x00000000c9e00000, 0x0000000100000000)
  region size 1024K, 22 young (22528K), 22 survivors (22528K)
 Metaspace       used 35248K, committed 35584K, reserved 1081344K
  class space    used 4575K, committed 4736K, reserved 1048576K
}
Event: 68.332 GC heap before
{Heap before GC invocations=45 (full 0):
 garbage-first heap   total 507904K, used 408304K [0x00000000c9e00000, 0x0000000100000000)
  region size 1024K, 260 young (266240K), 22 survivors (22528K)
 Metaspace       used 35248K, committed 35584K, reserved 1081344K
  class space    used 4575K, committed 4736K, reserved 1048576K
}
Event: 68.514 GC heap after
{Heap after GC invocations=46 (full 0):
 garbage-first heap   total 507904K, used 178906K [0x00000000c9e00000, 0x0000000100000000)
  region size 1024K, 21 young (21504K), 21 survivors (21504K)
 Metaspace       used 35248K, committed 35584K, reserved 1081344K
  class space    used 4575K, committed 4736K, reserved 1048576K
}
Event: 68.856 GC heap before
{Heap before GC invocations=46 (full 0):
 garbage-first heap   total 507904K, used 206554K [0x00000000c9e00000, 0x0000000100000000)
  region size 1024K, 49 young (50176K), 21 survivors (21504K)
 Metaspace       used 35253K, committed 35584K, reserved 1081344K
  class space    used 4576K, committed 4736K, reserved 1048576K
}
Event: 69.744 GC heap after
{Heap after GC invocations=47 (full 1):
 garbage-first heap   total 507904K, used 169086K [0x00000000c9e00000, 0x0000000100000000)
  region size 1024K, 0 young (0K), 0 survivors (0K)
 Metaspace       used 35253K, committed 35584K, reserved 1081344K
  class space    used 4576K, committed 4736K, reserved 1048576K
}
Event: 75.755 GC heap before
{Heap before GC invocations=47 (full 1):
 garbage-first heap   total 507904K, used 423038K [0x00000000c9e00000, 0x0000000100000000)
  region size 1024K, 249 young (254976K), 0 survivors (0K)
 Metaspace       used 35253K, committed 35584K, reserved 1081344K
  class space    used 4576K, committed 4736K, reserved 1048576K
}
Event: 75.810 GC heap after
{Heap after GC invocations=48 (full 1):
 garbage-first heap   total 507904K, used 182910K [0x00000000c9e00000, 0x0000000100000000)
  region size 1024K, 14 young (14336K), 14 survivors (14336K)
 Metaspace       used 35253K, committed 35584K, reserved 1081344K
  class space    used 4576K, committed 4736K, reserved 1048576K
}
Event: 80.571 GC heap before
{Heap before GC invocations=48 (full 1):
 garbage-first heap   total 507904K, used 426622K [0x00000000c9e00000, 0x0000000100000000)
  region size 1024K, 250 young (256000K), 14 survivors (14336K)
 Metaspace       used 35253K, committed 35584K, reserved 1081344K
  class space    used 4576K, committed 4736K, reserved 1048576K
}
Event: 80.778 GC heap after
{Heap after GC invocations=49 (full 1):
 garbage-first heap   total 507904K, used 196222K [0x00000000c9e00000, 0x0000000100000000)
  region size 1024K, 25 young (25600K), 25 survivors (25600K)
 Metaspace       used 35253K, committed 35584K, reserved 1081344K
  class space    used 4576K, committed 4736K, reserved 1048576K
}
Event: 88.314 GC heap before
{Heap before GC invocations=49 (full 1):
 garbage-first heap   total 507904K, used 427646K [0x00000000c9e00000, 0x0000000100000000)
  region size 1024K, 250 young (256000K), 25 survivors (25600K)
 Metaspace       used 39823K, committed 40128K, reserved 1089536K
  class space    used 5555K, committed 5696K, reserved 1048576K
}
Event: 89.031 GC heap after
{Heap after GC invocations=50 (full 1):
 garbage-first heap   total 507904K, used 229915K [0x00000000c9e00000, 0x0000000100000000)
  region size 1024K, 32 young (32768K), 32 survivors (32768K)
 Metaspace       used 39823K, committed 40128K, reserved 1089536K
  class space    used 5555K, committed 5696K, reserved 1048576K
}
Event: 89.248 GC heap before
{Heap before GC invocations=50 (full 1):
 garbage-first heap   total 507904K, used 230939K [0x00000000c9e00000, 0x0000000100000000)
  region size 1024K, 33 young (33792K), 32 survivors (32768K)
 Metaspace       used 39823K, committed 40128K, reserved 1089536K
  class space    used 5555K, committed 5696K, reserved 1048576K
}
Event: 89.683 GC heap after
{Heap after GC invocations=51 (full 1):
 garbage-first heap   total 507904K, used 231550K [0x00000000c9e00000, 0x0000000100000000)
  region size 1024K, 1 young (1024K), 1 survivors (1024K)
 Metaspace       used 39823K, committed 40128K, reserved 1089536K
  class space    used 5555K, committed 5696K, reserved 1048576K
}
Event: 92.538 GC heap before
{Heap before GC invocations=51 (full 1):
 garbage-first heap   total 507904K, used 255102K [0x00000000c9e00000, 0x0000000100000000)
  region size 1024K, 24 young (24576K), 1 survivors (1024K)
 Metaspace       used 41699K, committed 42048K, reserved 1089536K
  class space    used 5820K, committed 5952K, reserved 1048576K
}

