# JRE version: OpenJDK Runtime Environment Temurin-17.0.3+7 (17.0.3+7) (build 17.0.3+7)
# Java VM: OpenJDK 64-Bit Server VM Temurin-17.0.3+7 (17.0.3+7, mixed mode, emulated-client, tiered, compressed oops, compressed class ptrs, g1 gc, windows-amd64)
GC Precious Log:
 CPUs: 2 total, 2 available
 Memory: 3463M
 Large Page Support: Disabled
 NUMA Support: Disabled
 Compressed Oops: Enabled (32-bit)
 Heap Region Size: 1M
 Heap Min Capacity: 8M
 Heap Initial Capacity: 56M
 Heap Max Capacity: 866M
 Pre-touch: Disabled
 Parallel Workers: 2
 Concurrent Workers: 1
 Concurrent Refinement Workers: 2
 Periodic GC: Disabled
Heap:
 garbage-first heap   total 71680K, used 40278K [0x00000000c9e00000, 0x0000000100000000)
  region size 1024K, 1 young (1024K), 1 survivors (1024K)
 Metaspace       used 34952K, committed 35264K, reserved 1081344K
  class space    used 4549K, committed 4672K, reserved 1048576K
GC Heap History (20 events):
Event: 7.054 GC heap after
{Heap after GC invocations=9 (full 0):
 garbage-first heap   total 45056K, used 15161K [0x00000000c9e00000, 0x0000000100000000)
  region size 1024K, 2 young (2048K), 2 survivors (2048K)
 Metaspace       used 27960K, committed 28224K, reserved 1081344K
  class space    used 3495K, committed 3648K, reserved 1048576K
}
Event: 7.942 GC heap before
{Heap before GC invocations=9 (full 0):
 garbage-first heap   total 45056K, used 30521K [0x00000000c9e00000, 0x0000000100000000)
  region size 1024K, 17 young (17408K), 2 survivors (2048K)
 Metaspace       used 31541K, committed 31808K, reserved 1081344K
  class space    used 3976K, committed 4096K, reserved 1048576K
}
Event: 7.948 GC heap after
{Heap after GC invocations=10 (full 0):
 garbage-first heap   total 54272K, used 16614K [0x00000000c9e00000, 0x0000000100000000)
  region size 1024K, 2 young (2048K), 2 survivors (2048K)
 Metaspace       used 31541K, committed 31808K, reserved 1081344K
  class space    used 3976K, committed 4096K, reserved 1048576K
}
Event: 8.767 GC heap before
{Heap before GC invocations=10 (full 0):
 garbage-first heap   total 54272K, used 37094K [0x00000000c9e00000, 0x0000000100000000)
  region size 1024K, 23 young (23552K), 2 survivors (2048K)
 Metaspace       used 33781K, committed 34048K, reserved 1081344K
  class space    used 4305K, committed 4416K, reserved 1048576K
}
Event: 8.775 GC heap after
{Heap after GC invocations=11 (full 0):
 garbage-first heap   total 54272K, used 20060K [0x00000000c9e00000, 0x0000000100000000)
  region size 1024K, 3 young (3072K), 3 survivors (3072K)
 Metaspace       used 33781K, committed 34048K, reserved 1081344K
  class space    used 4305K, committed 4416K, reserved 1048576K
}
Event: 9.804 GC heap before
{Heap before GC invocations=11 (full 0):
 garbage-first heap   total 54272K, used 38492K [0x00000000c9e00000, 0x0000000100000000)
  region size 1024K, 22 young (22528K), 3 survivors (3072K)
 Metaspace       used 34832K, committed 35136K, reserved 1081344K
  class space    used 4530K, committed 4672K, reserved 1048576K
}
Event: 9.815 GC heap after
{Heap after GC invocations=12 (full 0):
 garbage-first heap   total 54272K, used 23535K [0x00000000c9e00000, 0x0000000100000000)
  region size 1024K, 3 young (3072K), 3 survivors (3072K)
 Metaspace       used 34832K, committed 35136K, reserved 1081344K
  class space    used 4530K, committed 4672K, reserved 1048576K
}
Event: 10.050 GC heap before
{Heap before GC invocations=12 (full 0):
 garbage-first heap   total 54272K, used 37871K [0x00000000c9e00000, 0x0000000100000000)
  region size 1024K, 18 young (18432K), 3 survivors (3072K)
 Metaspace       used 34833K, committed 35136K, reserved 1081344K
  class space    used 4530K, committed 4672K, reserved 1048576K
}
Event: 10.057 GC heap after
{Heap after GC invocations=13 (full 0):
 garbage-first heap   total 54272K, used 26677K [0x00000000c9e00000, 0x0000000100000000)
  region size 1024K, 3 young (3072K), 3 survivors (3072K)
 Metaspace       used 34833K, committed 35136K, reserved 1081344K
  class space    used 4530K, committed 4672K, reserved 1048576K
}
Event: 10.172 GC heap before
{Heap before GC invocations=13 (full 0):
 garbage-first heap   total 54272K, used 39989K [0x00000000c9e00000, 0x0000000100000000)
  region size 1024K, 16 young (16384K), 3 survivors (3072K)
 Metaspace       used 34946K, committed 35200K, reserved 1081344K
  class space    used 4547K, committed 4672K, reserved 1048576K
}
Event: 10.180 GC heap after
{Heap after GC invocations=14 (full 0):
 garbage-first heap   total 54272K, used 29168K [0x00000000c9e00000, 0x0000000100000000)
  region size 1024K, 2 young (2048K), 2 survivors (2048K)
 Metaspace       used 34946K, committed 35200K, reserved 1081344K
  class space    used 4547K, committed 4672K, reserved 1048576K
}
Event: 10.258 GC heap before
{Heap before GC invocations=15 (full 0):
 garbage-first heap   total 55296K, used 41456K [0x00000000c9e00000, 0x0000000100000000)
  region size 1024K, 14 young (14336K), 2 survivors (2048K)
 Metaspace       used 34946K, committed 35200K, reserved 1081344K
  class space    used 4547K, committed 4672K, reserved 1048576K
}
Event: 10.265 GC heap after
{Heap after GC invocations=16 (full 0):
 garbage-first heap   total 55296K, used 31721K [0x00000000c9e00000, 0x0000000100000000)
  region size 1024K, 2 young (2048K), 2 survivors (2048K)
 Metaspace       used 34946K, committed 35200K, reserved 1081344K
  class space    used 4547K, committed 4672K, reserved 1048576K
}
Event: 10.298 GC heap before
{Heap before GC invocations=16 (full 0):
 garbage-first heap   total 55296K, used 41961K [0x00000000c9e00000, 0x0000000100000000)
  region size 1024K, 12 young (12288K), 2 survivors (2048K)
 Metaspace       used 34952K, committed 35264K, reserved 1081344K
  class space    used 4549K, committed 4672K, reserved 1048576K
}
Event: 10.305 GC heap after
{Heap after GC invocations=17 (full 0):
 garbage-first heap   total 55296K, used 33942K [0x00000000c9e00000, 0x0000000100000000)
  region size 1024K, 2 young (2048K), 2 survivors (2048K)
 Metaspace       used 34952K, committed 35264K, reserved 1081344K
  class space    used 4549K, committed 4672K, reserved 1048576K
}
Event: 10.366 GC heap before
{Heap before GC invocations=17 (full 0):
 garbage-first heap   total 71680K, used 43158K [0x00000000c9e00000, 0x0000000100000000)
  region size 1024K, 11 young (11264K), 2 survivors (2048K)
 Metaspace       used 34952K, committed 35264K, reserved 1081344K
  class space    used 4549K, committed 4672K, reserved 1048576K
}
Event: 10.375 GC heap after
{Heap after GC invocations=18 (full 0):
 garbage-first heap   total 71680K, used 36255K [0x00000000c9e00000, 0x0000000100000000)
  region size 1024K, 2 young (2048K), 2 survivors (2048K)
 Metaspace       used 34952K, committed 35264K, reserved 1081344K
  class space    used 4549K, committed 4672K, reserved 1048576K
}
Event: 10.440 GC heap before
{Heap before GC invocations=19 (full 0):
 garbage-first heap   total 71680K, used 53663K [0x00000000c9e00000, 0x0000000100000000)
  region size 1024K, 19 young (19456K), 2 survivors (2048K)
 Metaspace       used 34952K, committed 35264K, reserved 1081344K
  class space    used 4549K, committed 4672K, reserved 1048576K
}
Event: 10.450 GC heap after
{Heap after GC invocations=20 (full 0):
 garbage-first heap   total 71680K, used 39568K [0x00000000c9e00000, 0x0000000100000000)
  region size 1024K, 3 young (3072K), 3 survivors (3072K)
 Metaspace       used 34952K, committed 35264K, reserved 1081344K
  class space    used 4549K, committed 4672K, reserved 1048576K
}
Event: 10.453 GC heap before
{Heap before GC invocations=20 (full 0):
 garbage-first heap   total 71680K, used 40592K [0x00000000c9e00000, 0x0000000100000000)
  region size 1024K, 4 young (4096K), 3 survivors (3072K)
 Metaspace       used 34952K, committed 35264K, reserved 1081344K
  class space    used 4549K, committed 4672K, reserved 1048576K
}

