# JRE version: OpenJDK Runtime Environment Temurin-17.0.3+7 (17.0.3+7) (build 17.0.3+7)
# Java VM: OpenJDK 64-Bit Server VM Temurin-17.0.3+7 (17.0.3+7, mixed mode, emulated-client, tiered, compressed oops, compressed class ptrs, g1 gc, windows-amd64)
GC Precious Log:
 CPUs: 2 total, 2 available
 Memory: 3463M
 Large Page Support: Disabled
 NUMA Support: Disabled
 Compressed Oops: Enabled (32-bit)
 Heap Region Size: 1M
 Heap Min Capacity: 8M
 Heap Initial Capacity: 56M
 Heap Max Capacity: 866M
 Pre-touch: Disabled
 Parallel Workers: 2
 Concurrent Workers: 1
 Concurrent Refinement Workers: 2
 Periodic GC: Disabled
Heap:
 garbage-first heap   total 410624K, used 296448K [0x00000000c9e00000, 0x0000000100000000)
  region size 1024K, 96 young (98304K), 14 survivors (14336K)
 Metaspace       used 37859K, committed 38144K, reserved 1089536K
  class space    used 4788K, committed 4928K, reserved 1048576K
GC Heap History (20 events):
Event: 34.193 GC heap before
{Heap before GC invocations=35 (full 0):
 garbage-first heap   total 371712K, used 306176K [0x00000000c9e00000, 0x0000000100000000)
  region size 1024K, 194 young (198656K), 21 survivors (21504K)
 Metaspace       used 37851K, committed 38144K, reserved 1089536K
  class space    used 4788K, committed 4928K, reserved 1048576K
}
Event: 34.325 GC heap after
{Heap after GC invocations=36 (full 0):
 garbage-first heap   total 410624K, used 139776K [0x00000000c9e00000, 0x0000000100000000)
  region size 1024K, 22 young (22528K), 22 survivors (22528K)
 Metaspace       used 37851K, committed 38144K, reserved 1089536K
  class space    used 4788K, committed 4928K, reserved 1048576K
}
Event: 36.146 GC heap before
{Heap before GC invocations=36 (full 0):
 garbage-first heap   total 410624K, used 338432K [0x00000000c9e00000, 0x0000000100000000)
  region size 1024K, 216 young (221184K), 22 survivors (22528K)
 Metaspace       used 37859K, committed 38144K, reserved 1089536K
  class space    used 4788K, committed 4928K, reserved 1048576K
}
Event: 36.497 GC heap after
{Heap after GC invocations=37 (full 0):
 garbage-first heap   total 410624K, used 151040K [0x00000000c9e00000, 0x0000000100000000)
  region size 1024K, 19 young (19456K), 19 survivors (19456K)
 Metaspace       used 37859K, committed 38144K, reserved 1089536K
  class space    used 4788K, committed 4928K, reserved 1048576K
}
Event: 38.043 GC heap before
{Heap before GC invocations=37 (full 0):
 garbage-first heap   total 410624K, used 264704K [0x00000000c9e00000, 0x0000000100000000)
  region size 1024K, 131 young (134144K), 19 survivors (19456K)
 Metaspace       used 37859K, committed 38144K, reserved 1089536K
  class space    used 4788K, committed 4928K, reserved 1048576K
}
Event: 38.125 GC heap after
{Heap after GC invocations=38 (full 0):
 garbage-first heap   total 410624K, used 156672K [0x00000000c9e00000, 0x0000000100000000)
  region size 1024K, 6 young (6144K), 6 survivors (6144K)
 Metaspace       used 37859K, committed 38144K, reserved 1089536K
  class space    used 4788K, committed 4928K, reserved 1048576K
}
Event: 39.497 GC heap before
{Heap before GC invocations=38 (full 0):
 garbage-first heap   total 410624K, used 343040K [0x00000000c9e00000, 0x0000000100000000)
  region size 1024K, 188 young (192512K), 6 survivors (6144K)
 Metaspace       used 37859K, committed 38144K, reserved 1089536K
  class space    used 4788K, committed 4928K, reserved 1048576K
}
Event: 39.524 GC heap after
{Heap after GC invocations=39 (full 0):
 garbage-first heap   total 410624K, used 165376K [0x00000000c9e00000, 0x0000000100000000)
  region size 1024K, 14 young (14336K), 14 survivors (14336K)
 Metaspace       used 37859K, committed 38144K, reserved 1089536K
  class space    used 4788K, committed 4928K, reserved 1048576K
}
Event: 40.028 GC heap before
{Heap before GC invocations=39 (full 0):
 garbage-first heap   total 410624K, used 343552K [0x00000000c9e00000, 0x0000000100000000)
  region size 1024K, 189 young (193536K), 14 survivors (14336K)
 Metaspace       used 37859K, committed 38144K, reserved 1089536K
  class space    used 4788K, committed 4928K, reserved 1048576K
}
Event: 40.057 GC heap after
{Heap after GC invocations=40 (full 0):
 garbage-first heap   total 410624K, used 173904K [0x00000000c9e00000, 0x0000000100000000)
  region size 1024K, 17 young (17408K), 17 survivors (17408K)
 Metaspace       used 37859K, committed 38144K, reserved 1089536K
  class space    used 4788K, committed 4928K, reserved 1048576K
}
Event: 40.648 GC heap before
{Heap before GC invocations=40 (full 0):
 garbage-first heap   total 410624K, used 345936K [0x00000000c9e00000, 0x0000000100000000)
  region size 1024K, 186 young (190464K), 17 survivors (17408K)
 Metaspace       used 37859K, committed 38144K, reserved 1089536K
  class space    used 4788K, committed 4928K, reserved 1048576K
}
Event: 40.804 GC heap after
{Heap after GC invocations=41 (full 0):
 garbage-first heap   total 410624K, used 182741K [0x00000000c9e00000, 0x0000000100000000)
  region size 1024K, 17 young (17408K), 17 survivors (17408K)
 Metaspace       used 37859K, committed 38144K, reserved 1089536K
  class space    used 4788K, committed 4928K, reserved 1048576K
}
Event: 41.801 GC heap before
{Heap before GC invocations=41 (full 0):
 garbage-first heap   total 410624K, used 346581K [0x00000000c9e00000, 0x0000000100000000)
  region size 1024K, 178 young (182272K), 17 survivors (17408K)
 Metaspace       used 37859K, committed 38144K, reserved 1089536K
  class space    used 4788K, committed 4928K, reserved 1048576K
}
Event: 41.836 GC heap after
{Heap after GC invocations=42 (full 0):
 garbage-first heap   total 410624K, used 190464K [0x00000000c9e00000, 0x0000000100000000)
  region size 1024K, 16 young (16384K), 16 survivors (16384K)
 Metaspace       used 37859K, committed 38144K, reserved 1089536K
  class space    used 4788K, committed 4928K, reserved 1048576K
}
Event: 42.771 GC heap before
{Heap before GC invocations=42 (full 0):
 garbage-first heap   total 410624K, used 346112K [0x00000000c9e00000, 0x0000000100000000)
  region size 1024K, 169 young (173056K), 16 survivors (16384K)
 Metaspace       used 37859K, committed 38144K, reserved 1089536K
  class space    used 4788K, committed 4928K, reserved 1048576K
}
Event: 42.846 GC heap after
{Heap after GC invocations=43 (full 0):
 garbage-first heap   total 410624K, used 199680K [0x00000000c9e00000, 0x0000000100000000)
  region size 1024K, 17 young (17408K), 17 survivors (17408K)
 Metaspace       used 37859K, committed 38144K, reserved 1089536K
  class space    used 4788K, committed 4928K, reserved 1048576K
}
Event: 43.997 GC heap before
{Heap before GC invocations=43 (full 0):
 garbage-first heap   total 410624K, used 348160K [0x00000000c9e00000, 0x0000000100000000)
  region size 1024K, 162 young (165888K), 17 survivors (17408K)
 Metaspace       used 37859K, committed 38144K, reserved 1089536K
  class space    used 4788K, committed 4928K, reserved 1048576K
}
Event: 44.025 GC heap after
{Heap after GC invocations=44 (full 0):
 garbage-first heap   total 410624K, used 206848K [0x00000000c9e00000, 0x0000000100000000)
  region size 1024K, 16 young (16384K), 16 survivors (16384K)
 Metaspace       used 37859K, committed 38144K, reserved 1089536K
  class space    used 4788K, committed 4928K, reserved 1048576K
}
Event: 44.345 GC heap before
{Heap before GC invocations=44 (full 0):
 garbage-first heap   total 410624K, used 349184K [0x00000000c9e00000, 0x0000000100000000)
  region size 1024K, 155 young (158720K), 16 survivors (16384K)
 Metaspace       used 37859K, committed 38144K, reserved 1089536K
  class space    used 4788K, committed 4928K, reserved 1048576K
}
Event: 44.392 GC heap after
{Heap after GC invocations=45 (full 0):
 garbage-first heap   total 410624K, used 213504K [0x00000000c9e00000, 0x0000000100000000)
  region size 1024K, 14 young (14336K), 14 survivors (14336K)
 Metaspace       used 37859K, committed 38144K, reserved 1089536K
  class space    used 4788K, committed 4928K, reserved 1048576K
}

