# JRE version: OpenJDK Runtime Environment Temurin-17.0.3+7 (17.0.3+7) (build 17.0.3+7)
# Java VM: OpenJDK 64-Bit Server VM Temurin-17.0.3+7 (17.0.3+7, mixed mode, emulated-client, tiered, compressed oops, compressed class ptrs, g1 gc, windows-amd64)
GC Precious Log:
 CPUs: 2 total, 2 available
 Memory: 3463M
 Large Page Support: Disabled
 NUMA Support: Disabled
 Compressed Oops: Enabled (32-bit)
 Heap Region Size: 1M
 Heap Min Capacity: 8M
 Heap Initial Capacity: 56M
 Heap Max Capacity: 866M
 Pre-touch: Disabled
 Parallel Workers: 2
 Concurrent Workers: 1
 Concurrent Refinement Workers: 2
 Periodic GC: Disabled
Heap:
 garbage-first heap   total 230400K, used 86528K [0x00000000c9e00000, 0x0000000100000000)
  region size 1024K, 8 young (8192K), 8 survivors (8192K)
 Metaspace       used 35172K, committed 35456K, reserved 1081344K
  class space    used 4573K, committed 4736K, reserved 1048576K
GC Heap History (20 events):
Event: 23.643 GC heap after
{Heap after GC invocations=21 (full 0):
 garbage-first heap   total 60416K, used 33003K [0x00000000c9e00000, 0x0000000100000000)
  region size 1024K, 1 young (1024K), 1 survivors (1024K)
 Metaspace       used 34963K, committed 35264K, reserved 1081344K
  class space    used 4547K, committed 4672K, reserved 1048576K
}
Event: 23.708 GC heap before
{Heap before GC invocations=21 (full 0):
 garbage-first heap   total 60416K, used 46315K [0x00000000c9e00000, 0x0000000100000000)
  region size 1024K, 14 young (14336K), 1 survivors (1024K)
 Metaspace       used 34963K, committed 35264K, reserved 1081344K
  class space    used 4547K, committed 4672K, reserved 1048576K
}
Event: 23.713 GC heap after
{Heap after GC invocations=22 (full 0):
 garbage-first heap   total 60416K, used 35406K [0x00000000c9e00000, 0x0000000100000000)
  region size 1024K, 2 young (2048K), 2 survivors (2048K)
 Metaspace       used 34963K, committed 35264K, reserved 1081344K
  class space    used 4547K, committed 4672K, reserved 1048576K
}
Event: 23.804 GC heap before
{Heap before GC invocations=23 (full 0):
 garbage-first heap   total 76800K, used 46670K [0x00000000c9e00000, 0x0000000100000000)
  region size 1024K, 13 young (13312K), 2 survivors (2048K)
 Metaspace       used 34963K, committed 35264K, reserved 1081344K
  class space    used 4547K, committed 4672K, reserved 1048576K
}
Event: 23.811 GC heap after
{Heap after GC invocations=24 (full 0):
 garbage-first heap   total 76800K, used 37794K [0x00000000c9e00000, 0x0000000100000000)
  region size 1024K, 2 young (2048K), 2 survivors (2048K)
 Metaspace       used 34963K, committed 35264K, reserved 1081344K
  class space    used 4547K, committed 4672K, reserved 1048576K
}
Event: 23.814 GC heap before
{Heap before GC invocations=24 (full 0):
 garbage-first heap   total 76800K, used 38818K [0x00000000c9e00000, 0x0000000100000000)
  region size 1024K, 3 young (3072K), 2 survivors (2048K)
 Metaspace       used 34963K, committed 35264K, reserved 1081344K
  class space    used 4547K, committed 4672K, reserved 1048576K
}
Event: 23.825 GC heap after
{Heap after GC invocations=25 (full 0):
 garbage-first heap   total 230400K, used 37813K [0x00000000c9e00000, 0x0000000100000000)
  region size 1024K, 1 young (1024K), 1 survivors (1024K)
 Metaspace       used 34963K, committed 35264K, reserved 1081344K
  class space    used 4547K, committed 4672K, reserved 1048576K
}
Event: 27.687 GC heap before
{Heap before GC invocations=25 (full 0):
 garbage-first heap   total 230400K, used 151477K [0x00000000c9e00000, 0x0000000100000000)
  region size 1024K, 111 young (113664K), 1 survivors (1024K)
 Metaspace       used 35171K, committed 35456K, reserved 1081344K
  class space    used 4572K, committed 4736K, reserved 1048576K
}
Event: 27.764 GC heap after
{Heap after GC invocations=26 (full 0):
 garbage-first heap   total 230400K, used 63488K [0x00000000c9e00000, 0x0000000100000000)
  region size 1024K, 14 young (14336K), 14 survivors (14336K)
 Metaspace       used 35171K, committed 35456K, reserved 1081344K
  class space    used 4572K, committed 4736K, reserved 1048576K
}
Event: 28.562 GC heap before
{Heap before GC invocations=26 (full 0):
 garbage-first heap   total 230400K, used 145408K [0x00000000c9e00000, 0x0000000100000000)
  region size 1024K, 94 young (96256K), 14 survivors (14336K)
 Metaspace       used 35171K, committed 35456K, reserved 1081344K
  class space    used 4572K, committed 4736K, reserved 1048576K
}
Event: 28.614 GC heap after
{Heap after GC invocations=27 (full 0):
 garbage-first heap   total 230400K, used 67584K [0x00000000c9e00000, 0x0000000100000000)
  region size 1024K, 4 young (4096K), 4 survivors (4096K)
 Metaspace       used 35171K, committed 35456K, reserved 1081344K
  class space    used 4572K, committed 4736K, reserved 1048576K
}
Event: 29.006 GC heap before
{Heap before GC invocations=27 (full 0):
 garbage-first heap   total 230400K, used 154624K [0x00000000c9e00000, 0x0000000100000000)
  region size 1024K, 90 young (92160K), 4 survivors (4096K)
 Metaspace       used 35171K, committed 35456K, reserved 1081344K
  class space    used 4572K, committed 4736K, reserved 1048576K
}
Event: 29.019 GC heap after
{Heap after GC invocations=28 (full 0):
 garbage-first heap   total 230400K, used 70625K [0x00000000c9e00000, 0x0000000100000000)
  region size 1024K, 7 young (7168K), 7 survivors (7168K)
 Metaspace       used 35171K, committed 35456K, reserved 1081344K
  class space    used 4572K, committed 4736K, reserved 1048576K
}
Event: 29.341 GC heap before
{Heap before GC invocations=28 (full 0):
 garbage-first heap   total 230400K, used 163809K [0x00000000c9e00000, 0x0000000100000000)
  region size 1024K, 99 young (101376K), 7 survivors (7168K)
 Metaspace       used 35171K, committed 35456K, reserved 1081344K
  class space    used 4572K, committed 4736K, reserved 1048576K
}
Event: 29.360 GC heap after
{Heap after GC invocations=29 (full 0):
 garbage-first heap   total 230400K, used 73728K [0x00000000c9e00000, 0x0000000100000000)
  region size 1024K, 10 young (10240K), 10 survivors (10240K)
 Metaspace       used 35171K, committed 35456K, reserved 1081344K
  class space    used 4572K, committed 4736K, reserved 1048576K
}
Event: 30.386 GC heap before
{Heap before GC invocations=29 (full 0):
 garbage-first heap   total 230400K, used 171008K [0x00000000c9e00000, 0x0000000100000000)
  region size 1024K, 106 young (108544K), 10 survivors (10240K)
 Metaspace       used 35171K, committed 35456K, reserved 1081344K
  class space    used 4572K, committed 4736K, reserved 1048576K
}
Event: 30.447 GC heap after
{Heap after GC invocations=30 (full 0):
 garbage-first heap   total 230400K, used 77979K [0x00000000c9e00000, 0x0000000100000000)
  region size 1024K, 11 young (11264K), 11 survivors (11264K)
 Metaspace       used 35171K, committed 35456K, reserved 1081344K
  class space    used 4572K, committed 4736K, reserved 1048576K
}
Event: 30.858 GC heap before
{Heap before GC invocations=30 (full 0):
 garbage-first heap   total 230400K, used 175259K [0x00000000c9e00000, 0x0000000100000000)
  region size 1024K, 107 young (109568K), 11 survivors (11264K)
 Metaspace       used 35172K, committed 35456K, reserved 1081344K
  class space    used 4573K, committed 4736K, reserved 1048576K
}
Event: 30.881 GC heap after
{Heap after GC invocations=31 (full 0):
 garbage-first heap   total 230400K, used 81919K [0x00000000c9e00000, 0x0000000100000000)
  region size 1024K, 8 young (8192K), 8 survivors (8192K)
 Metaspace       used 35172K, committed 35456K, reserved 1081344K
  class space    used 4573K, committed 4736K, reserved 1048576K
}
Event: 31.446 GC heap before
{Heap before GC invocations=31 (full 0):
 garbage-first heap   total 230400K, used 180223K [0x00000000c9e00000, 0x0000000100000000)
  region size 1024K, 105 young (107520K), 8 survivors (8192K)
 Metaspace       used 35172K, committed 35456K, reserved 1081344K
  class space    used 4573K, committed 4736K, reserved 1048576K
}

