# JRE version: OpenJDK Runtime Environment Temurin-17.0.3+7 (17.0.3+7) (build 17.0.3+7)
# Java VM: OpenJDK 64-Bit Server VM Temurin-17.0.3+7 (17.0.3+7, mixed mode, emulated-client, tiered, compressed oops, compressed class ptrs, g1 gc, windows-amd64)
GC Precious Log:
 CPUs: 2 total, 2 available
 Memory: 3463M
 Large Page Support: Disabled
 NUMA Support: Disabled
 Compressed Oops: Enabled (32-bit)
 Heap Region Size: 1M
 Heap Min Capacity: 8M
 Heap Initial Capacity: 56M
 Heap Max Capacity: 866M
 Pre-touch: Disabled
 Parallel Workers: 2
 Concurrent Workers: 1
 Concurrent Refinement Workers: 2
 Periodic GC: Disabled
Heap:
 garbage-first heap   total 150528K, used 65308K [0x00000000c9e00000, 0x0000000100000000)
  region size 1024K, 1 young (1024K), 1 survivors (1024K)
 Metaspace       used 35128K, committed 35456K, reserved 1081344K
  class space    used 4564K, committed 4736K, reserved 1048576K
GC Heap History (20 events):
Event: 26.131 GC heap after
{Heap after GC invocations=17 (full 0):
 garbage-first heap   total 46080K, used 29180K [0x00000000c9e00000, 0x0000000100000000)
  region size 1024K, 2 young (2048K), 2 survivors (2048K)
 Metaspace       used 34948K, committed 35328K, reserved 1081344K
  class space    used 4539K, committed 4736K, reserved 1048576K
}
Event: 26.185 GC heap before
{Heap before GC invocations=18 (full 0):
 garbage-first heap   total 53248K, used 35324K [0x00000000c9e00000, 0x0000000100000000)
  region size 1024K, 8 young (8192K), 2 survivors (2048K)
 Metaspace       used 34948K, committed 35328K, reserved 1081344K
  class space    used 4539K, committed 4736K, reserved 1048576K
}
Event: 26.188 GC heap after
{Heap after GC invocations=19 (full 0):
 garbage-first heap   total 53248K, used 30189K [0x00000000c9e00000, 0x0000000100000000)
  region size 1024K, 1 young (1024K), 1 survivors (1024K)
 Metaspace       used 34948K, committed 35328K, reserved 1081344K
  class space    used 4539K, committed 4736K, reserved 1048576K
}
Event: 26.191 GC heap before
{Heap before GC invocations=19 (full 0):
 garbage-first heap   total 53248K, used 31213K [0x00000000c9e00000, 0x0000000100000000)
  region size 1024K, 2 young (2048K), 1 survivors (1024K)
 Metaspace       used 34948K, committed 35328K, reserved 1081344K
  class space    used 4539K, committed 4736K, reserved 1048576K
}
Event: 26.195 GC heap after
{Heap after GC invocations=20 (full 0):
 garbage-first heap   total 53248K, used 29991K [0x00000000c9e00000, 0x0000000100000000)
  region size 1024K, 1 young (1024K), 1 survivors (1024K)
 Metaspace       used 34948K, committed 35328K, reserved 1081344K
  class space    used 4539K, committed 4736K, reserved 1048576K
}
Event: 26.225 GC heap before
{Heap before GC invocations=20 (full 0):
 garbage-first heap   total 53248K, used 40231K [0x00000000c9e00000, 0x0000000100000000)
  region size 1024K, 11 young (11264K), 1 survivors (1024K)
 Metaspace       used 34954K, committed 35328K, reserved 1081344K
  class space    used 4541K, committed 4736K, reserved 1048576K
}
Event: 26.232 GC heap after
{Heap after GC invocations=21 (full 0):
 garbage-first heap   total 138240K, used 31612K [0x00000000c9e00000, 0x0000000100000000)
  region size 1024K, 2 young (2048K), 2 survivors (2048K)
 Metaspace       used 34954K, committed 35328K, reserved 1081344K
  class space    used 4541K, committed 4736K, reserved 1048576K
}
Event: 29.466 GC heap before
{Heap before GC invocations=22 (full 0):
 garbage-first heap   total 137216K, used 93052K [0x00000000c9e00000, 0x0000000100000000)
  region size 1024K, 63 young (64512K), 2 survivors (2048K)
 Metaspace       used 34955K, committed 35328K, reserved 1081344K
  class space    used 4541K, committed 4736K, reserved 1048576K
}
Event: 29.578 GC heap after
{Heap after GC invocations=23 (full 0):
 garbage-first heap   total 137216K, used 46348K [0x00000000c9e00000, 0x0000000100000000)
  region size 1024K, 8 young (8192K), 8 survivors (8192K)
 Metaspace       used 34955K, committed 35328K, reserved 1081344K
  class space    used 4541K, committed 4736K, reserved 1048576K
}
Event: 29.678 GC heap before
{Heap before GC invocations=23 (full 0):
 garbage-first heap   total 137216K, used 47372K [0x00000000c9e00000, 0x0000000100000000)
  region size 1024K, 9 young (9216K), 8 survivors (8192K)
 Metaspace       used 34955K, committed 35328K, reserved 1081344K
  class space    used 4541K, committed 4736K, reserved 1048576K
}
Event: 29.689 GC heap after
{Heap after GC invocations=24 (full 0):
 garbage-first heap   total 137216K, used 48073K [0x00000000c9e00000, 0x0000000100000000)
  region size 1024K, 2 young (2048K), 2 survivors (2048K)
 Metaspace       used 34955K, committed 35328K, reserved 1081344K
  class space    used 4541K, committed 4736K, reserved 1048576K
}
Event: 31.456 GC heap before
{Heap before GC invocations=24 (full 0):
 garbage-first heap   total 137216K, used 91081K [0x00000000c9e00000, 0x0000000100000000)
  region size 1024K, 43 young (44032K), 2 survivors (2048K)
 Metaspace       used 35019K, committed 35392K, reserved 1081344K
  class space    used 4551K, committed 4736K, reserved 1048576K
}
Event: 31.480 GC heap after
{Heap after GC invocations=25 (full 0):
 garbage-first heap   total 137216K, used 62409K [0x00000000c9e00000, 0x0000000100000000)
  region size 1024K, 6 young (6144K), 6 survivors (6144K)
 Metaspace       used 35019K, committed 35392K, reserved 1081344K
  class space    used 4551K, committed 4736K, reserved 1048576K
}
Event: 31.791 GC heap before
{Heap before GC invocations=25 (full 0):
 garbage-first heap   total 137216K, used 95177K [0x00000000c9e00000, 0x0000000100000000)
  region size 1024K, 39 young (39936K), 6 survivors (6144K)
 Metaspace       used 35128K, committed 35456K, reserved 1081344K
  class space    used 4564K, committed 4736K, reserved 1048576K
}
Event: 31.800 GC heap after
{Heap after GC invocations=26 (full 0):
 garbage-first heap   total 137216K, used 64969K [0x00000000c9e00000, 0x0000000100000000)
  region size 1024K, 2 young (2048K), 2 survivors (2048K)
 Metaspace       used 35128K, committed 35456K, reserved 1081344K
  class space    used 4564K, committed 4736K, reserved 1048576K
}
Event: 32.014 GC heap before
{Heap before GC invocations=26 (full 0):
 garbage-first heap   total 137216K, used 99785K [0x00000000c9e00000, 0x0000000100000000)
  region size 1024K, 37 young (37888K), 2 survivors (2048K)
 Metaspace       used 35128K, committed 35456K, reserved 1081344K
  class space    used 4564K, committed 4736K, reserved 1048576K
}
Event: 32.017 GC heap after
{Heap after GC invocations=27 (full 0):
 garbage-first heap   total 137216K, used 65901K [0x00000000c9e00000, 0x0000000100000000)
  region size 1024K, 3 young (3072K), 3 survivors (3072K)
 Metaspace       used 35128K, committed 35456K, reserved 1081344K
  class space    used 4564K, committed 4736K, reserved 1048576K
}
Event: 32.251 GC heap before
{Heap before GC invocations=28 (full 0):
 garbage-first heap   total 150528K, used 101741K [0x00000000c9e00000, 0x0000000100000000)
  region size 1024K, 40 young (40960K), 3 survivors (3072K)
 Metaspace       used 35128K, committed 35456K, reserved 1081344K
  class space    used 4564K, committed 4736K, reserved 1048576K
}
Event: 32.256 GC heap after
{Heap after GC invocations=29 (full 0):
 garbage-first heap   total 150528K, used 66686K [0x00000000c9e00000, 0x0000000100000000)
  region size 1024K, 4 young (4096K), 4 survivors (4096K)
 Metaspace       used 35128K, committed 35456K, reserved 1081344K
  class space    used 4564K, committed 4736K, reserved 1048576K
}
Event: 32.884 GC heap before
{Heap before GC invocations=29 (full 0):
 garbage-first heap   total 150528K, used 68734K [0x00000000c9e00000, 0x0000000100000000)
  region size 1024K, 7 young (7168K), 4 survivors (4096K)
 Metaspace       used 35128K, committed 35456K, reserved 1081344K
  class space    used 4564K, committed 4736K, reserved 1048576K
}

