# JRE version: OpenJDK Runtime Environment Temurin-17.0.3+7 (17.0.3+7) (build 17.0.3+7)
# Java VM: OpenJDK 64-Bit Server VM Temurin-17.0.3+7 (17.0.3+7, mixed mode, emulated-client, tiered, compressed oops, compressed class ptrs, g1 gc, windows-amd64)
GC Precious Log:
 CPUs: 2 total, 2 available
 Memory: 3463M
 Large Page Support: Disabled
 NUMA Support: Disabled
 Compressed Oops: Enabled (32-bit)
 Heap Region Size: 1M
 Heap Min Capacity: 8M
 Heap Initial Capacity: 56M
 Heap Max Capacity: 866M
 Pre-touch: Disabled
 Parallel Workers: 2
 Concurrent Workers: 1
 Concurrent Refinement Workers: 2
 Periodic GC: Disabled
Heap:
 garbage-first heap   total 80896K, used 57679K [0x00000000c9e00000, 0x0000000100000000)
  region size 1024K, 2 young (2048K), 2 survivors (2048K)
 Metaspace       used 35036K, committed 35392K, reserved 1081344K
  class space    used 4553K, committed 4736K, reserved 1048576K
GC Heap History (20 events):
Event: 16.296 GC heap after
{Heap after GC invocations=12 (full 0):
 garbage-first heap   total 61440K, used 23122K [0x00000000c9e00000, 0x0000000100000000)
  region size 1024K, 3 young (3072K), 3 survivors (3072K)
 Metaspace       used 33725K, committed 33984K, reserved 1081344K
  class space    used 4291K, committed 4416K, reserved 1048576K
}
Event: 16.988 GC heap before
{Heap before GC invocations=12 (full 0):
 garbage-first heap   total 61440K, used 42578K [0x00000000c9e00000, 0x0000000100000000)
  region size 1024K, 23 young (23552K), 3 survivors (3072K)
 Metaspace       used 34424K, committed 34752K, reserved 1081344K
  class space    used 4421K, committed 4544K, reserved 1048576K
}
Event: 16.996 GC heap after
{Heap after GC invocations=13 (full 0):
 garbage-first heap   total 61440K, used 26362K [0x00000000c9e00000, 0x0000000100000000)
  region size 1024K, 3 young (3072K), 3 survivors (3072K)
 Metaspace       used 34424K, committed 34752K, reserved 1081344K
  class space    used 4421K, committed 4544K, reserved 1048576K
}
Event: 17.392 GC heap before
{Heap before GC invocations=13 (full 0):
 garbage-first heap   total 61440K, used 43770K [0x00000000c9e00000, 0x0000000100000000)
  region size 1024K, 21 young (21504K), 3 survivors (3072K)
 Metaspace       used 34673K, committed 34944K, reserved 1081344K
  class space    used 4477K, committed 4608K, reserved 1048576K
}
Event: 17.403 GC heap after
{Heap after GC invocations=14 (full 0):
 garbage-first heap   total 61440K, used 29605K [0x00000000c9e00000, 0x0000000100000000)
  region size 1024K, 3 young (3072K), 3 survivors (3072K)
 Metaspace       used 34673K, committed 34944K, reserved 1081344K
  class space    used 4477K, committed 4608K, reserved 1048576K
}
Event: 17.509 GC heap before
{Heap before GC invocations=14 (full 0):
 garbage-first heap   total 61440K, used 44965K [0x00000000c9e00000, 0x0000000100000000)
  region size 1024K, 19 young (19456K), 3 survivors (3072K)
 Metaspace       used 34888K, committed 35136K, reserved 1081344K
  class space    used 4521K, committed 4608K, reserved 1048576K
}
Event: 17.517 GC heap after
{Heap after GC invocations=15 (full 0):
 garbage-first heap   total 61440K, used 32576K [0x00000000c9e00000, 0x0000000100000000)
  region size 1024K, 3 young (3072K), 3 survivors (3072K)
 Metaspace       used 34888K, committed 35136K, reserved 1081344K
  class space    used 4521K, committed 4608K, reserved 1048576K
}
Event: 17.571 GC heap before
{Heap before GC invocations=15 (full 0):
 garbage-first heap   total 61440K, used 46912K [0x00000000c9e00000, 0x0000000100000000)
  region size 1024K, 17 young (17408K), 3 survivors (3072K)
 Metaspace       used 35035K, committed 35392K, reserved 1081344K
  class space    used 4552K, committed 4736K, reserved 1048576K
}
Event: 17.579 GC heap after
{Heap after GC invocations=16 (full 0):
 garbage-first heap   total 77824K, used 35250K [0x00000000c9e00000, 0x0000000100000000)
  region size 1024K, 3 young (3072K), 3 survivors (3072K)
 Metaspace       used 35035K, committed 35392K, reserved 1081344K
  class space    used 4552K, committed 4736K, reserved 1048576K
}
Event: 17.733 GC heap before
{Heap before GC invocations=17 (full 0):
 garbage-first heap   total 77824K, used 56754K [0x00000000c9e00000, 0x0000000100000000)
  region size 1024K, 25 young (25600K), 3 survivors (3072K)
 Metaspace       used 35035K, committed 35392K, reserved 1081344K
  class space    used 4552K, committed 4736K, reserved 1048576K
}
Event: 17.753 GC heap after
{Heap after GC invocations=18 (full 0):
 garbage-first heap   total 77824K, used 40282K [0x00000000c9e00000, 0x0000000100000000)
  region size 1024K, 4 young (4096K), 4 survivors (4096K)
 Metaspace       used 35035K, committed 35392K, reserved 1081344K
  class space    used 4552K, committed 4736K, reserved 1048576K
}
Event: 17.762 GC heap before
{Heap before GC invocations=18 (full 0):
 garbage-first heap   total 77824K, used 41306K [0x00000000c9e00000, 0x0000000100000000)
  region size 1024K, 5 young (5120K), 4 survivors (4096K)
 Metaspace       used 35035K, committed 35392K, reserved 1081344K
  class space    used 4552K, committed 4736K, reserved 1048576K
}
Event: 17.774 GC heap after
{Heap after GC invocations=19 (full 0):
 garbage-first heap   total 77824K, used 41238K [0x00000000c9e00000, 0x0000000100000000)
  region size 1024K, 1 young (1024K), 1 survivors (1024K)
 Metaspace       used 35035K, committed 35392K, reserved 1081344K
  class space    used 4552K, committed 4736K, reserved 1048576K
}
Event: 18.406 GC heap before
{Heap before GC invocations=19 (full 0):
 garbage-first heap   total 77824K, used 58646K [0x00000000c9e00000, 0x0000000100000000)
  region size 1024K, 18 young (18432K), 1 survivors (1024K)
 Metaspace       used 35036K, committed 35392K, reserved 1081344K
  class space    used 4553K, committed 4736K, reserved 1048576K
}
Event: 18.419 GC heap after
{Heap after GC invocations=20 (full 0):
 garbage-first heap   total 77824K, used 46843K [0x00000000c9e00000, 0x0000000100000000)
  region size 1024K, 3 young (3072K), 3 survivors (3072K)
 Metaspace       used 35036K, committed 35392K, reserved 1081344K
  class space    used 4553K, committed 4736K, reserved 1048576K
}
Event: 18.643 GC heap before
{Heap before GC invocations=21 (full 0):
 garbage-first heap   total 80896K, used 60155K [0x00000000c9e00000, 0x0000000100000000)
  region size 1024K, 16 young (16384K), 3 survivors (3072K)
 Metaspace       used 35036K, committed 35392K, reserved 1081344K
  class space    used 4553K, committed 4736K, reserved 1048576K
}
Event: 18.656 GC heap after
{Heap after GC invocations=22 (full 0):
 garbage-first heap   total 80896K, used 53862K [0x00000000c9e00000, 0x0000000100000000)
  region size 1024K, 2 young (2048K), 2 survivors (2048K)
 Metaspace       used 35036K, committed 35392K, reserved 1081344K
  class space    used 4553K, committed 4736K, reserved 1048576K
}
Event: 18.661 GC heap before
{Heap before GC invocations=22 (full 0):
 garbage-first heap   total 80896K, used 54886K [0x00000000c9e00000, 0x0000000100000000)
  region size 1024K, 3 young (3072K), 2 survivors (2048K)
 Metaspace       used 35036K, committed 35392K, reserved 1081344K
  class space    used 4553K, committed 4736K, reserved 1048576K
}
Event: 18.671 GC heap after
{Heap after GC invocations=23 (full 0):
 garbage-first heap   total 80896K, used 54630K [0x00000000c9e00000, 0x0000000100000000)
  region size 1024K, 1 young (1024K), 1 survivors (1024K)
 Metaspace       used 35036K, committed 35392K, reserved 1081344K
  class space    used 4553K, committed 4736K, reserved 1048576K
}
Event: 18.692 GC heap before
{Heap before GC invocations=23 (full 0):
 garbage-first heap   total 80896K, used 59750K [0x00000000c9e00000, 0x0000000100000000)
  region size 1024K, 7 young (7168K), 1 survivors (1024K)
 Metaspace       used 35036K, committed 35392K, reserved 1081344K
  class space    used 4553K, committed 4736K, reserved 1048576K
}

