# JRE version: OpenJDK Runtime Environment Temurin-17.0.3+7 (17.0.3+7) (build 17.0.3+7)
# Java VM: OpenJDK 64-Bit Server VM Temurin-17.0.3+7 (17.0.3+7, mixed mode, tiered, compressed oops, compressed class ptrs, parallel gc, windows-amd64)
GC Precious Log:
 CPUs: 2 total, 2 available
 Memory: 3463M
 Large Page Support: Disabled
 NUMA Support: Disabled
 Compressed Oops: Enabled (32-bit)
 Alignments: Space 512K, Generation 512K, Heap 2M
 Heap Min Capacity: 100M
 Heap Initial Capacity: 100M
 Heap Max Capacity: 1G
 Pre-touch: Disabled
 Parallel Workers: 2
Heap:
 PSYoungGen      total 10240K, used 1378K [0x00000000eab00000, 0x00000000eb780000, 0x0000000100000000)
  eden space 9216K, 7% used [0x00000000eab00000,0x00000000eabb0a98,0x00000000eb400000)
  from space 1024K, 65% used [0x00000000eb580000,0x00000000eb628000,0x00000000eb680000)
  to   space 1024K, 0% used [0x00000000eb680000,0x00000000eb680000,0x00000000eb780000)
 ParOldGen       total 113664K, used 79984K [0x00000000c0000000, 0x00000000c6f00000, 0x00000000eab00000)
  object space 113664K, 70% used [0x00000000c0000000,0x00000000c4e1c278,0x00000000c6f00000)
 Metaspace       used 62153K, committed 63104K, reserved 1105920K
  class space    used 6476K, committed 6912K, reserved 1048576K
GC Heap History (20 events):
Event: 42.424 GC heap before
{Heap before GC invocations=34 (full 4):
 PSYoungGen      total 10752K, used 10752K [0x00000000eab00000, 0x00000000ec580000, 0x0000000100000000)
  eden space 3584K, 100% used [0x00000000eab00000,0x00000000eae80000,0x00000000eae80000)
  from space 7168K, 100% used [0x00000000eb880000,0x00000000ebf80000,0x00000000ebf80000)
  to   space 10240K, 0% used [0x00000000eae80000,0x00000000eae80000,0x00000000eb880000)
 ParOldGen       total 75264K, used 52851K [0x00000000c0000000, 0x00000000c4980000, 0x00000000eab00000)
  object space 75264K, 70% used [0x00000000c0000000,0x00000000c339cea8,0x00000000c4980000)
 Metaspace       used 60488K, committed 61504K, reserved 1105920K
  class space    used 6313K, committed 6784K, reserved 1048576K
}
Event: 42.436 GC heap after
{Heap after GC invocations=34 (full 4):
 PSYoungGen      total 6144K, used 2525K [0x00000000eab00000, 0x00000000eb980000, 0x0000000100000000)
  eden space 3584K, 0% used [0x00000000eab00000,0x00000000eab00000,0x00000000eae80000)
  from space 2560K, 98% used [0x00000000eae80000,0x00000000eb0f7518,0x00000000eb100000)
  to   space 5120K, 0% used [0x00000000eb480000,0x00000000eb480000,0x00000000eb980000)
 ParOldGen       total 75264K, used 60024K [0x00000000c0000000, 0x00000000c4980000, 0x00000000eab00000)
  object space 75264K, 79% used [0x00000000c0000000,0x00000000c3a9e0c0,0x00000000c4980000)
 Metaspace       used 60488K, committed 61504K, reserved 1105920K
  class space    used 6313K, committed 6784K, reserved 1048576K
}
Event: 42.597 GC heap before
{Heap before GC invocations=35 (full 4):
 PSYoungGen      total 6144K, used 6109K [0x00000000eab00000, 0x00000000eb980000, 0x0000000100000000)
  eden space 3584K, 100% used [0x00000000eab00000,0x00000000eae80000,0x00000000eae80000)
  from space 2560K, 98% used [0x00000000eae80000,0x00000000eb0f7518,0x00000000eb100000)
  to   space 5120K, 0% used [0x00000000eb480000,0x00000000eb480000,0x00000000eb980000)
 ParOldGen       total 75264K, used 60024K [0x00000000c0000000, 0x00000000c4980000, 0x00000000eab00000)
  object space 75264K, 79% used [0x00000000c0000000,0x00000000c3a9e0c0,0x00000000c4980000)
 Metaspace       used 60488K, committed 61504K, reserved 1105920K
  class space    used 6313K, committed 6784K, reserved 1048576K
}
Event: 42.603 GC heap after
{Heap after GC invocations=35 (full 4):
 PSYoungGen      total 7168K, used 2525K [0x00000000eab00000, 0x00000000eb700000, 0x0000000100000000)
  eden space 4608K, 0% used [0x00000000eab00000,0x00000000eab00000,0x00000000eaf80000)
  from space 2560K, 98% used [0x00000000eb480000,0x00000000eb6f7518,0x00000000eb700000)
  to   space 3072K, 0% used [0x00000000eb100000,0x00000000eb100000,0x00000000eb400000)
 ParOldGen       total 75264K, used 62541K [0x00000000c0000000, 0x00000000c4980000, 0x00000000eab00000)
  object space 75264K, 83% used [0x00000000c0000000,0x00000000c3d135d8,0x00000000c4980000)
 Metaspace       used 60488K, committed 61504K, reserved 1105920K
  class space    used 6313K, committed 6784K, reserved 1048576K
}
Event: 42.612 GC heap before
{Heap before GC invocations=36 (full 4):
 PSYoungGen      total 7168K, used 7133K [0x00000000eab00000, 0x00000000eb700000, 0x0000000100000000)
  eden space 4608K, 100% used [0x00000000eab00000,0x00000000eaf80000,0x00000000eaf80000)
  from space 2560K, 98% used [0x00000000eb480000,0x00000000eb6f7518,0x00000000eb700000)
  to   space 3072K, 0% used [0x00000000eb100000,0x00000000eb100000,0x00000000eb400000)
 ParOldGen       total 75264K, used 62541K [0x00000000c0000000, 0x00000000c4980000, 0x00000000eab00000)
  object space 75264K, 83% used [0x00000000c0000000,0x00000000c3d135d8,0x00000000c4980000)
 Metaspace       used 60488K, committed 61504K, reserved 1105920K
  class space    used 6313K, committed 6784K, reserved 1048576K
}
Event: 42.618 GC heap after
{Heap after GC invocations=36 (full 4):
 PSYoungGen      total 9216K, used 3072K [0x00000000eab00000, 0x00000000ebe00000, 0x0000000100000000)
  eden space 6144K, 0% used [0x00000000eab00000,0x00000000eab00000,0x00000000eb100000)
  from space 3072K, 100% used [0x00000000eb100000,0x00000000eb400000,0x00000000eb400000)
  to   space 6656K, 0% used [0x00000000eb780000,0x00000000eb780000,0x00000000ebe00000)
 ParOldGen       total 75264K, used 65186K [0x00000000c0000000, 0x00000000c4980000, 0x00000000eab00000)
  object space 75264K, 86% used [0x00000000c0000000,0x00000000c3fa8af0,0x00000000c4980000)
 Metaspace       used 60488K, committed 61504K, reserved 1105920K
  class space    used 6313K, committed 6784K, reserved 1048576K
}
Event: 42.630 GC heap before
{Heap before GC invocations=37 (full 4):
 PSYoungGen      total 9216K, used 9216K [0x00000000eab00000, 0x00000000ebe00000, 0x0000000100000000)
  eden space 6144K, 100% used [0x00000000eab00000,0x00000000eb100000,0x00000000eb100000)
  from space 3072K, 100% used [0x00000000eb100000,0x00000000eb400000,0x00000000eb400000)
  to   space 6656K, 0% used [0x00000000eb780000,0x00000000eb780000,0x00000000ebe00000)
 ParOldGen       total 75264K, used 65186K [0x00000000c0000000, 0x00000000c4980000, 0x00000000eab00000)
  object space 75264K, 86% used [0x00000000c0000000,0x00000000c3fa8af0,0x00000000c4980000)
 Metaspace       used 60488K, committed 61504K, reserved 1105920K
  class space    used 6313K, committed 6784K, reserved 1048576K
}
Event: 42.639 GC heap after
{Heap after GC invocations=37 (full 4):
 PSYoungGen      total 12800K, used 4320K [0x00000000eab00000, 0x00000000ebc80000, 0x0000000100000000)
  eden space 7680K, 0% used [0x00000000eab00000,0x00000000eab00000,0x00000000eb280000)
  from space 5120K, 84% used [0x00000000eb780000,0x00000000ebbb8000,0x00000000ebc80000)
  to   space 5120K, 0% used [0x00000000eb280000,0x00000000eb280000,0x00000000eb780000)
 ParOldGen       total 75264K, used 68274K [0x00000000c0000000, 0x00000000c4980000, 0x00000000eab00000)
  object space 75264K, 90% used [0x00000000c0000000,0x00000000c42acaf0,0x00000000c4980000)
 Metaspace       used 60488K, committed 61504K, reserved 1105920K
  class space    used 6313K, committed 6784K, reserved 1048576K
}
Event: 42.781 GC heap before
{Heap before GC invocations=38 (full 4):
 PSYoungGen      total 12800K, used 12000K [0x00000000eab00000, 0x00000000ebc80000, 0x0000000100000000)
  eden space 7680K, 100% used [0x00000000eab00000,0x00000000eb280000,0x00000000eb280000)
  from space 5120K, 84% used [0x00000000eb780000,0x00000000ebbb8000,0x00000000ebc80000)
  to   space 5120K, 0% used [0x00000000eb280000,0x00000000eb280000,0x00000000eb780000)
 ParOldGen       total 75264K, used 68274K [0x00000000c0000000, 0x00000000c4980000, 0x00000000eab00000)
  object space 75264K, 90% used [0x00000000c0000000,0x00000000c42acaf0,0x00000000c4980000)
 Metaspace       used 60663K, committed 61632K, reserved 1105920K
  class space    used 6326K, committed 6784K, reserved 1048576K
}
Event: 42.799 GC heap after
{Heap after GC invocations=38 (full 4):
 PSYoungGen      total 12800K, used 4544K [0x00000000eab00000, 0x00000000ebd00000, 0x0000000100000000)
  eden space 7680K, 0% used [0x00000000eab00000,0x00000000eab00000,0x00000000eb280000)
  from space 5120K, 88% used [0x00000000eb280000,0x00000000eb6f0000,0x00000000eb780000)
  to   space 4608K, 0% used [0x00000000eb880000,0x00000000eb880000,0x00000000ebd00000)
 ParOldGen       total 75264K, used 72578K [0x00000000c0000000, 0x00000000c4980000, 0x00000000eab00000)
  object space 75264K, 96% used [0x00000000c0000000,0x00000000c46e0af0,0x00000000c4980000)
 Metaspace       used 60663K, committed 61632K, reserved 1105920K
  class space    used 6326K, committed 6784K, reserved 1048576K
}
Event: 42.799 GC heap before
{Heap before GC invocations=39 (full 5):
 PSYoungGen      total 12800K, used 4544K [0x00000000eab00000, 0x00000000ebd00000, 0x0000000100000000)
  eden space 7680K, 0% used [0x00000000eab00000,0x00000000eab00000,0x00000000eb280000)
  from space 5120K, 88% used [0x00000000eb280000,0x00000000eb6f0000,0x00000000eb780000)
  to   space 4608K, 0% used [0x00000000eb880000,0x00000000eb880000,0x00000000ebd00000)
 ParOldGen       total 75264K, used 72578K [0x00000000c0000000, 0x00000000c4980000, 0x00000000eab00000)
  object space 75264K, 96% used [0x00000000c0000000,0x00000000c46e0af0,0x00000000c4980000)
 Metaspace       used 60663K, committed 61632K, reserved 1105920K
  class space    used 6326K, committed 6784K, reserved 1048576K
}
Event: 43.030 GC heap after
{Heap after GC invocations=39 (full 5):
 PSYoungGen      total 12800K, used 935K [0x00000000eab00000, 0x00000000ebd00000, 0x0000000100000000)
  eden space 7680K, 0% used [0x00000000eab00000,0x00000000eab00000,0x00000000eb280000)
  from space 5120K, 18% used [0x00000000eb280000,0x00000000eb369cb0,0x00000000eb780000)
  to   space 4608K, 0% used [0x00000000eb880000,0x00000000eb880000,0x00000000ebd00000)
 ParOldGen       total 113664K, used 75151K [0x00000000c0000000, 0x00000000c6f00000, 0x00000000eab00000)
  object space 113664K, 66% used [0x00000000c0000000,0x00000000c4963ec8,0x00000000c6f00000)
 Metaspace       used 60663K, committed 61632K, reserved 1105920K
  class space    used 6326K, committed 6784K, reserved 1048576K
}
Event: 50.651 GC heap before
{Heap before GC invocations=40 (full 5):
 PSYoungGen      total 12800K, used 8615K [0x00000000eab00000, 0x00000000ebd00000, 0x0000000100000000)
  eden space 7680K, 100% used [0x00000000eab00000,0x00000000eb280000,0x00000000eb280000)
  from space 5120K, 18% used [0x00000000eb280000,0x00000000eb369cb0,0x00000000eb780000)
  to   space 4608K, 0% used [0x00000000eb880000,0x00000000eb880000,0x00000000ebd00000)
 ParOldGen       total 113664K, used 75151K [0x00000000c0000000, 0x00000000c6f00000, 0x00000000eab00000)
  object space 113664K, 66% used [0x00000000c0000000,0x00000000c4963ec8,0x00000000c6f00000)
 Metaspace       used 61235K, committed 62272K, reserved 1105920K
  class space    used 6395K, committed 6848K, reserved 1048576K
}
Event: 50.671 GC heap after
{Heap after GC invocations=40 (full 5):
 PSYoungGen      total 12800K, used 3579K [0x00000000eab00000, 0x00000000ebc00000, 0x0000000100000000)
  eden space 9216K, 0% used [0x00000000eab00000,0x00000000eab00000,0x00000000eb400000)
  from space 3584K, 99% used [0x00000000eb880000,0x00000000ebbfee80,0x00000000ebc00000)
  to   space 4096K, 0% used [0x00000000eb400000,0x00000000eb400000,0x00000000eb800000)
 ParOldGen       total 113664K, used 76100K [0x00000000c0000000, 0x00000000c6f00000, 0x00000000eab00000)
  object space 113664K, 66% used [0x00000000c0000000,0x00000000c4a51168,0x00000000c6f00000)
 Metaspace       used 61235K, committed 62272K, reserved 1105920K
  class space    used 6395K, committed 6848K, reserved 1048576K
}
Event: 88.662 GC heap before
{Heap before GC invocations=41 (full 5):
 PSYoungGen      total 12800K, used 12795K [0x00000000eab00000, 0x00000000ebc00000, 0x0000000100000000)
  eden space 9216K, 100% used [0x00000000eab00000,0x00000000eb400000,0x00000000eb400000)
  from space 3584K, 99% used [0x00000000eb880000,0x00000000ebbfee80,0x00000000ebc00000)
  to   space 4096K, 0% used [0x00000000eb400000,0x00000000eb400000,0x00000000eb800000)
 ParOldGen       total 113664K, used 76100K [0x00000000c0000000, 0x00000000c6f00000, 0x00000000eab00000)
  object space 113664K, 66% used [0x00000000c0000000,0x00000000c4a51168,0x00000000c6f00000)
 Metaspace       used 61525K, committed 62528K, reserved 1105920K
  class space    used 6420K, committed 6848K, reserved 1048576K
}
Event: 88.796 GC heap after
{Heap after GC invocations=41 (full 5):
 PSYoungGen      total 9728K, used 448K [0x00000000eab00000, 0x00000000eb900000, 0x0000000100000000)
  eden space 9216K, 0% used [0x00000000eab00000,0x00000000eab00000,0x00000000eb400000)
  from space 512K, 87% used [0x00000000eb400000,0x00000000eb470000,0x00000000eb480000)
  to   space 2048K, 0% used [0x00000000eb700000,0x00000000eb700000,0x00000000eb900000)
 ParOldGen       total 113664K, used 79606K [0x00000000c0000000, 0x00000000c6f00000, 0x00000000eab00000)
  object space 113664K, 70% used [0x00000000c0000000,0x00000000c4dbd958,0x00000000c6f00000)
 Metaspace       used 61525K, committed 62528K, reserved 1105920K
  class space    used 6420K, committed 6848K, reserved 1048576K
}
Event: 110.261 GC heap before
{Heap before GC invocations=42 (full 5):
 PSYoungGen      total 9728K, used 9662K [0x00000000eab00000, 0x00000000eb900000, 0x0000000100000000)
  eden space 9216K, 99% used [0x00000000eab00000,0x00000000eb3ff9a8,0x00000000eb400000)
  from space 512K, 87% used [0x00000000eb400000,0x00000000eb470000,0x00000000eb480000)
  to   space 2048K, 0% used [0x00000000eb700000,0x00000000eb700000,0x00000000eb900000)
 ParOldGen       total 113664K, used 79606K [0x00000000c0000000, 0x00000000c6f00000, 0x00000000eab00000)
  object space 113664K, 70% used [0x00000000c0000000,0x00000000c4dbd958,0x00000000c6f00000)
 Metaspace       used 61955K, committed 62912K, reserved 1105920K
  class space    used 6473K, committed 6912K, reserved 1048576K
}
Event: 110.320 GC heap after
{Heap after GC invocations=42 (full 5):
 PSYoungGen      total 9728K, used 224K [0x00000000eab00000, 0x00000000eb780000, 0x0000000100000000)
  eden space 9216K, 0% used [0x00000000eab00000,0x00000000eab00000,0x00000000eb400000)
  from space 512K, 43% used [0x00000000eb700000,0x00000000eb738000,0x00000000eb780000)
  to   space 1024K, 0% used [0x00000000eb580000,0x00000000eb580000,0x00000000eb680000)
 ParOldGen       total 113664K, used 79976K [0x00000000c0000000, 0x00000000c6f00000, 0x00000000eab00000)
  object space 113664K, 70% used [0x00000000c0000000,0x00000000c4e1a278,0x00000000c6f00000)
 Metaspace       used 61955K, committed 62912K, reserved 1105920K
  class space    used 6473K, committed 6912K, reserved 1048576K
}
Event: 139.429 GC heap before
{Heap before GC invocations=43 (full 5):
 PSYoungGen      total 9728K, used 9440K [0x00000000eab00000, 0x00000000eb780000, 0x0000000100000000)
  eden space 9216K, 100% used [0x00000000eab00000,0x00000000eb400000,0x00000000eb400000)
  from space 512K, 43% used [0x00000000eb700000,0x00000000eb738000,0x00000000eb780000)
  to   space 1024K, 0% used [0x00000000eb580000,0x00000000eb580000,0x00000000eb680000)
 ParOldGen       total 113664K, used 79976K [0x00000000c0000000, 0x00000000c6f00000, 0x00000000eab00000)
  object space 113664K, 70% used [0x00000000c0000000,0x00000000c4e1a278,0x00000000c6f00000)
 Metaspace       used 62132K, committed 63104K, reserved 1105920K
  class space    used 6476K, committed 6912K, reserved 1048576K
}
Event: 139.538 GC heap after
{Heap after GC invocations=43 (full 5):
 PSYoungGen      total 10240K, used 672K [0x00000000eab00000, 0x00000000eb780000, 0x0000000100000000)
  eden space 9216K, 0% used [0x00000000eab00000,0x00000000eab00000,0x00000000eb400000)
  from space 1024K, 65% used [0x00000000eb580000,0x00000000eb628000,0x00000000eb680000)
  to   space 1024K, 0% used [0x00000000eb680000,0x00000000eb680000,0x00000000eb780000)
 ParOldGen       total 113664K, used 79984K [0x00000000c0000000, 0x00000000c6f00000, 0x00000000eab00000)
  object space 113664K, 70% used [0x00000000c0000000,0x00000000c4e1c278,0x00000000c6f00000)
 Metaspace       used 62132K, committed 63104K, reserved 1105920K
  class space    used 6476K, committed 6912K, reserved 1048576K
}

