# JRE version: OpenJDK Runtime Environment Temurin-17.0.3+7 (17.0.3+7) (build 17.0.3+7)
# Java VM: OpenJDK 64-Bit Server VM Temurin-17.0.3+7 (17.0.3+7, mixed mode, emulated-client, tiered, compressed oops, compressed class ptrs, g1 gc, windows-amd64)
GC Precious Log:
 CPUs: 2 total, 2 available
 Memory: 3463M
 Large Page Support: Disabled
 NUMA Support: Disabled
 Compressed Oops: Enabled (32-bit)
 Heap Region Size: 1M
 Heap Min Capacity: 8M
 Heap Initial Capacity: 56M
 Heap Max Capacity: 866M
 Pre-touch: Disabled
 Parallel Workers: 2
 Concurrent Workers: 1
 Concurrent Refinement Workers: 2
 Periodic GC: Disabled
Heap:
 garbage-first heap   total 45056K, used 27113K [0x00000000c9e00000, 0x0000000100000000)
  region size 1024K, 7 young (7168K), 2 survivors (2048K)
 Metaspace       used 34913K, committed 35200K, reserved 1081344K
  class space    used 4533K, committed 4672K, reserved 1048576K
GC Heap History (20 events):
Event: 8.628 GC heap before
{Heap before GC invocations=2 (full 0):
 garbage-first heap   total 57344K, used 11729K [0x00000000c9e00000, 0x0000000100000000)
  region size 1024K, 8 young (8192K), 1 survivors (1024K)
 Metaspace       used 8129K, committed 8256K, reserved 1056768K
  class space    used 870K, committed 960K, reserved 1048576K
}
Event: 8.631 GC heap after
{Heap after GC invocations=3 (full 0):
 garbage-first heap   total 57344K, used 7668K [0x00000000c9e00000, 0x0000000100000000)
  region size 1024K, 1 young (1024K), 1 survivors (1024K)
 Metaspace       used 8129K, committed 8256K, reserved 1056768K
  class space    used 870K, committed 960K, reserved 1048576K
}
Event: 9.762 GC heap before
{Heap before GC invocations=3 (full 0):
 garbage-first heap   total 57344K, used 17908K [0x00000000c9e00000, 0x0000000100000000)
  region size 1024K, 11 young (11264K), 1 survivors (1024K)
 Metaspace       used 11649K, committed 11776K, reserved 1064960K
  class space    used 1366K, committed 1408K, reserved 1048576K
}
Event: 9.765 GC heap after
{Heap after GC invocations=4 (full 0):
 garbage-first heap   total 57344K, used 9044K [0x00000000c9e00000, 0x0000000100000000)
  region size 1024K, 2 young (2048K), 2 survivors (2048K)
 Metaspace       used 11649K, committed 11776K, reserved 1064960K
  class space    used 1366K, committed 1408K, reserved 1048576K
}
Event: 13.936 GC heap before
{Heap before GC invocations=4 (full 0):
 garbage-first heap   total 57344K, used 31572K [0x00000000c9e00000, 0x0000000100000000)
  region size 1024K, 24 young (24576K), 2 survivors (2048K)
 Metaspace       used 18296K, committed 18496K, reserved 1073152K
  class space    used 2201K, committed 2304K, reserved 1048576K
}
Event: 13.943 GC heap after
{Heap after GC invocations=5 (full 0):
 garbage-first heap   total 57344K, used 11204K [0x00000000c9e00000, 0x0000000100000000)
  region size 1024K, 3 young (3072K), 3 survivors (3072K)
 Metaspace       used 18296K, committed 18496K, reserved 1073152K
  class space    used 2201K, committed 2304K, reserved 1048576K
}
Event: 14.849 GC heap before
{Heap before GC invocations=5 (full 0):
 garbage-first heap   total 57344K, used 22468K [0x00000000c9e00000, 0x0000000100000000)
  region size 1024K, 16 young (16384K), 3 survivors (3072K)
 Metaspace       used 21331K, committed 21568K, reserved 1073152K
  class space    used 2587K, committed 2688K, reserved 1048576K
}
Event: 14.860 GC heap after
{Heap after GC invocations=6 (full 0):
 garbage-first heap   total 57344K, used 11953K [0x00000000c9e00000, 0x0000000100000000)
  region size 1024K, 1 young (1024K), 1 survivors (1024K)
 Metaspace       used 21331K, committed 21568K, reserved 1073152K
  class space    used 2587K, committed 2688K, reserved 1048576K
}
Event: 21.468 GC heap before
{Heap before GC invocations=7 (full 0):
 garbage-first heap   total 45056K, used 36529K [0x00000000c9e00000, 0x0000000100000000)
  region size 1024K, 26 young (26624K), 1 survivors (1024K)
 Metaspace       used 25766K, committed 26048K, reserved 1073152K
  class space    used 3159K, committed 3264K, reserved 1048576K
}
Event: 21.475 GC heap after
{Heap after GC invocations=8 (full 0):
 garbage-first heap   total 45056K, used 13453K [0x00000000c9e00000, 0x0000000100000000)
  region size 1024K, 3 young (3072K), 3 survivors (3072K)
 Metaspace       used 25766K, committed 26048K, reserved 1073152K
  class space    used 3159K, committed 3264K, reserved 1048576K
}
Event: 22.944 GC heap before
{Heap before GC invocations=8 (full 0):
 garbage-first heap   total 45056K, used 29837K [0x00000000c9e00000, 0x0000000100000000)
  region size 1024K, 20 young (20480K), 3 survivors (3072K)
 Metaspace       used 28225K, committed 28480K, reserved 1081344K
  class space    used 3533K, committed 3648K, reserved 1048576K
}
Event: 22.950 GC heap after
{Heap after GC invocations=9 (full 0):
 garbage-first heap   total 45056K, used 15655K [0x00000000c9e00000, 0x0000000100000000)
  region size 1024K, 3 young (3072K), 3 survivors (3072K)
 Metaspace       used 28225K, committed 28480K, reserved 1081344K
  class space    used 3533K, committed 3648K, reserved 1048576K
}
Event: 26.203 GC heap before
{Heap before GC invocations=9 (full 0):
 garbage-first heap   total 45056K, used 31015K [0x00000000c9e00000, 0x0000000100000000)
  region size 1024K, 18 young (18432K), 3 survivors (3072K)
 Metaspace       used 31791K, committed 32128K, reserved 1081344K
  class space    used 4009K, committed 4160K, reserved 1048576K
}
Event: 26.210 GC heap after
{Heap after GC invocations=10 (full 0):
 garbage-first heap   total 45056K, used 16886K [0x00000000c9e00000, 0x0000000100000000)
  region size 1024K, 2 young (2048K), 2 survivors (2048K)
 Metaspace       used 31791K, committed 32128K, reserved 1081344K
  class space    used 4009K, committed 4160K, reserved 1048576K
}
Event: 27.735 GC heap before
{Heap before GC invocations=10 (full 0):
 garbage-first heap   total 45056K, used 31222K [0x00000000c9e00000, 0x0000000100000000)
  region size 1024K, 16 young (16384K), 2 survivors (2048K)
 Metaspace       used 34071K, committed 34304K, reserved 1081344K
  class space    used 4361K, committed 4480K, reserved 1048576K
}
Event: 27.741 GC heap after
{Heap after GC invocations=11 (full 0):
 garbage-first heap   total 45056K, used 18210K [0x00000000c9e00000, 0x0000000100000000)
  region size 1024K, 2 young (2048K), 2 survivors (2048K)
 Metaspace       used 34071K, committed 34304K, reserved 1081344K
  class space    used 4361K, committed 4480K, reserved 1048576K
}
Event: 28.315 GC heap before
{Heap before GC invocations=11 (full 0):
 garbage-first heap   total 45056K, used 31522K [0x00000000c9e00000, 0x0000000100000000)
  region size 1024K, 16 young (16384K), 2 survivors (2048K)
 Metaspace       used 34516K, committed 34880K, reserved 1081344K
  class space    used 4457K, committed 4608K, reserved 1048576K
}
Event: 28.321 GC heap after
{Heap after GC invocations=12 (full 0):
 garbage-first heap   total 45056K, used 21388K [0x00000000c9e00000, 0x0000000100000000)
  region size 1024K, 2 young (2048K), 2 survivors (2048K)
 Metaspace       used 34516K, committed 34880K, reserved 1081344K
  class space    used 4457K, committed 4608K, reserved 1048576K
}
Event: 29.774 GC heap before
{Heap before GC invocations=12 (full 0):
 garbage-first heap   total 45056K, used 33676K [0x00000000c9e00000, 0x0000000100000000)
  region size 1024K, 14 young (14336K), 2 survivors (2048K)
 Metaspace       used 34913K, committed 35200K, reserved 1081344K
  class space    used 4533K, committed 4672K, reserved 1048576K
}
Event: 29.783 GC heap after
{Heap after GC invocations=13 (full 0):
 garbage-first heap   total 45056K, used 24041K [0x00000000c9e00000, 0x0000000100000000)
  region size 1024K, 2 young (2048K), 2 survivors (2048K)
 Metaspace       used 34913K, committed 35200K, reserved 1081344K
  class space    used 4533K, committed 4672K, reserved 1048576K
}

